ARM GAS   			page 1


   1              	 .cpu cortex-m3
   2              	 .eabi_attribute 20,1
   3              	 .eabi_attribute 21,1
   4              	 .eabi_attribute 23,3
   5              	 .eabi_attribute 24,1
   6              	 .eabi_attribute 25,1
   7              	 .eabi_attribute 26,1
   8              	 .eabi_attribute 30,1
   9              	 .eabi_attribute 34,1
  10              	 .eabi_attribute 18,4
  11              	 .file "irqs.c"
  12              	 .file 1 "/usr/lib/gcc/arm-none-eabi/10.3.1/include/stdint.h"
  13              	 .file 2 "lib/CMSIS/CM3/DeviceSupport/MDR32F9Qx/inc/MDR32Fx.h"
  14              	 .file 3 "src/main.h"
  15              	 .file 4 "src/irqs.c"
  16              	 .section .gnu.debuglto_.debug_info,"e",%progbits
  17              	.Ldebug_info0:
  18              	 .hidden irqs.c.fed4a808
  19              	 .weak irqs.c.fed4a808
  20              	irqs.c.fed4a808:
  21 0000 9E030000 	 .4byte 0x39e
  22 0004 0200     	 .2byte 0x2
  23 0006 00000000 	 .4byte .Ldebug_abbrev0
  24 000a 04       	 .byte 0x4
  25 000b 01       	 .uleb128 0x1
  26 000c D2000000 	 .4byte .LASF53
  27 0010 0C       	 .byte 0xc
  28 0011 1D000000 	 .4byte .LASF54
  29 0015 8C000000 	 .4byte .LASF55
  30 0019 00000000 	 .4byte .Ldebug_line0
  31 001d 02       	 .uleb128 0x2
  32 001e 01       	 .byte 0x1
  33 001f 06       	 .byte 0x6
  34 0020 EC020000 	 .4byte .LASF0
  35 0024 02       	 .uleb128 0x2
  36 0025 02       	 .byte 0x2
  37 0026 05       	 .byte 0x5
  38 0027 9C020000 	 .4byte .LASF1
  39 002b 02       	 .uleb128 0x2
  40 002c 04       	 .byte 0x4
  41 002d 05       	 .byte 0x5
  42 002e D6020000 	 .4byte .LASF2
  43 0032 02       	 .uleb128 0x2
  44 0033 08       	 .byte 0x8
  45 0034 05       	 .byte 0x5
  46 0035 4E020000 	 .4byte .LASF3
  47 0039 03       	 .uleb128 0x3
  48 003a 1C020000 	 .4byte .LASF5
  49 003e 01       	 .byte 0x1
  50 003f 2E       	 .byte 0x2e
  51 0040 18       	 .byte 0x18
  52 0041 45000000 	 .4byte 0x45
  53 0045 02       	 .uleb128 0x2
  54 0046 01       	 .byte 0x1
  55 0047 08       	 .byte 0x8
  56 0048 6E010000 	 .4byte .LASF4
  57 004c 03       	 .uleb128 0x3
ARM GAS   			page 2


  58 004d A6020000 	 .4byte .LASF6
  59 0051 01       	 .byte 0x1
  60 0052 31       	 .byte 0x31
  61 0053 19       	 .byte 0x19
  62 0054 58000000 	 .4byte 0x58
  63 0058 02       	 .uleb128 0x2
  64 0059 02       	 .byte 0x2
  65 005a 07       	 .byte 0x7
  66 005b A8010000 	 .4byte .LASF7
  67 005f 03       	 .uleb128 0x3
  68 0060 CD020000 	 .4byte .LASF8
  69 0064 01       	 .byte 0x1
  70 0065 34       	 .byte 0x34
  71 0066 19       	 .byte 0x19
  72 0067 70000000 	 .4byte 0x70
  73 006b 04       	 .uleb128 0x4
  74 006c 5F000000 	 .4byte 0x5f
  75 0070 02       	 .uleb128 0x2
  76 0071 04       	 .byte 0x4
  77 0072 07       	 .byte 0x7
  78 0073 96010000 	 .4byte .LASF9
  79 0077 02       	 .uleb128 0x2
  80 0078 08       	 .byte 0x8
  81 0079 07       	 .byte 0x7
  82 007a 05020000 	 .4byte .LASF10
  83 007e 05       	 .uleb128 0x5
  84 007f 04       	 .byte 0x4
  85 0080 05       	 .byte 0x5
  86 0081 696E7400 	 .ascii "int\000"
  87 0085 02       	 .uleb128 0x2
  88 0086 04       	 .byte 0x4
  89 0087 07       	 .byte 0x7
  90 0088 50000000 	 .4byte .LASF11
  91 008c 06       	 .uleb128 0x6
  92 008d 80       	 .byte 0x80
  93 008e 02       	 .byte 0x2
  94 008f 6207     	 .2byte 0x762
  95 0091 09       	 .byte 0x9
  96 0092 96020000 	 .4byte 0x296
  97 0096 07       	 .uleb128 0x7
  98 0097 434E5400 	 .ascii "CNT\000"
  99 009b 02       	 .byte 0x2
 100 009c 6407     	 .2byte 0x764
 101 009e 11       	 .byte 0x11
 102 009f 6B000000 	 .4byte 0x6b
 103 00a3 02       	 .byte 0x2
 104 00a4 23       	 .byte 0x23
 105 00a5 00       	 .uleb128 0
 106 00a6 07       	 .uleb128 0x7
 107 00a7 50534700 	 .ascii "PSG\000"
 108 00ab 02       	 .byte 0x2
 109 00ac 6507     	 .2byte 0x765
 110 00ae 11       	 .byte 0x11
 111 00af 6B000000 	 .4byte 0x6b
 112 00b3 02       	 .byte 0x2
 113 00b4 23       	 .byte 0x23
 114 00b5 04       	 .uleb128 0x4
ARM GAS   			page 3


 115 00b6 07       	 .uleb128 0x7
 116 00b7 41525200 	 .ascii "ARR\000"
 117 00bb 02       	 .byte 0x2
 118 00bc 6607     	 .2byte 0x766
 119 00be 11       	 .byte 0x11
 120 00bf 6B000000 	 .4byte 0x6b
 121 00c3 02       	 .byte 0x2
 122 00c4 23       	 .byte 0x23
 123 00c5 08       	 .uleb128 0x8
 124 00c6 08       	 .uleb128 0x8
 125 00c7 7E020000 	 .4byte .LASF12
 126 00cb 02       	 .byte 0x2
 127 00cc 6707     	 .2byte 0x767
 128 00ce 11       	 .byte 0x11
 129 00cf 6B000000 	 .4byte 0x6b
 130 00d3 02       	 .byte 0x2
 131 00d4 23       	 .byte 0x23
 132 00d5 0C       	 .uleb128 0xc
 133 00d6 08       	 .uleb128 0x8
 134 00d7 F1010000 	 .4byte .LASF13
 135 00db 02       	 .byte 0x2
 136 00dc 6807     	 .2byte 0x768
 137 00de 11       	 .byte 0x11
 138 00df 6B000000 	 .4byte 0x6b
 139 00e3 02       	 .byte 0x2
 140 00e4 23       	 .byte 0x23
 141 00e5 10       	 .uleb128 0x10
 142 00e6 08       	 .uleb128 0x8
 143 00e7 F6010000 	 .4byte .LASF14
 144 00eb 02       	 .byte 0x2
 145 00ec 6907     	 .2byte 0x769
 146 00ee 11       	 .byte 0x11
 147 00ef 6B000000 	 .4byte 0x6b
 148 00f3 02       	 .byte 0x2
 149 00f4 23       	 .byte 0x23
 150 00f5 14       	 .uleb128 0x14
 151 00f6 08       	 .uleb128 0x8
 152 00f7 FB010000 	 .4byte .LASF15
 153 00fb 02       	 .byte 0x2
 154 00fc 6A07     	 .2byte 0x76a
 155 00fe 11       	 .byte 0x11
 156 00ff 6B000000 	 .4byte 0x6b
 157 0103 02       	 .byte 0x2
 158 0104 23       	 .byte 0x23
 159 0105 18       	 .uleb128 0x18
 160 0106 08       	 .uleb128 0x8
 161 0107 00020000 	 .4byte .LASF16
 162 010b 02       	 .byte 0x2
 163 010c 6B07     	 .2byte 0x76b
 164 010e 11       	 .byte 0x11
 165 010f 6B000000 	 .4byte 0x6b
 166 0113 02       	 .byte 0x2
 167 0114 23       	 .byte 0x23
 168 0115 1C       	 .uleb128 0x1c
 169 0116 08       	 .uleb128 0x8
 170 0117 E7010000 	 .4byte .LASF17
 171 011b 02       	 .byte 0x2
ARM GAS   			page 4


 172 011c 6C07     	 .2byte 0x76c
 173 011e 11       	 .byte 0x11
 174 011f 6B000000 	 .4byte 0x6b
 175 0123 02       	 .byte 0x2
 176 0124 23       	 .byte 0x23
 177 0125 20       	 .uleb128 0x20
 178 0126 08       	 .uleb128 0x8
 179 0127 F8020000 	 .4byte .LASF18
 180 012b 02       	 .byte 0x2
 181 012c 6D07     	 .2byte 0x76d
 182 012e 11       	 .byte 0x11
 183 012f 6B000000 	 .4byte 0x6b
 184 0133 02       	 .byte 0x2
 185 0134 23       	 .byte 0x23
 186 0135 24       	 .uleb128 0x24
 187 0136 08       	 .uleb128 0x8
 188 0137 2A020000 	 .4byte .LASF19
 189 013b 02       	 .byte 0x2
 190 013c 6E07     	 .2byte 0x76e
 191 013e 11       	 .byte 0x11
 192 013f 6B000000 	 .4byte 0x6b
 193 0143 02       	 .byte 0x2
 194 0144 23       	 .byte 0x23
 195 0145 28       	 .uleb128 0x28
 196 0146 08       	 .uleb128 0x8
 197 0147 74020000 	 .4byte .LASF20
 198 014b 02       	 .byte 0x2
 199 014c 6F07     	 .2byte 0x76f
 200 014e 11       	 .byte 0x11
 201 014f 6B000000 	 .4byte 0x6b
 202 0153 02       	 .byte 0x2
 203 0154 23       	 .byte 0x23
 204 0155 2C       	 .uleb128 0x2c
 205 0156 08       	 .uleb128 0x8
 206 0157 64000000 	 .4byte .LASF21
 207 015b 02       	 .byte 0x2
 208 015c 7007     	 .2byte 0x770
 209 015e 11       	 .byte 0x11
 210 015f 6B000000 	 .4byte 0x6b
 211 0163 02       	 .byte 0x2
 212 0164 23       	 .byte 0x23
 213 0165 30       	 .uleb128 0x30
 214 0166 08       	 .uleb128 0x8
 215 0167 07000000 	 .4byte .LASF22
 216 016b 02       	 .byte 0x2
 217 016c 7107     	 .2byte 0x771
 218 016e 11       	 .byte 0x11
 219 016f 6B000000 	 .4byte 0x6b
 220 0173 02       	 .byte 0x2
 221 0174 23       	 .byte 0x23
 222 0175 34       	 .uleb128 0x34
 223 0176 08       	 .uleb128 0x8
 224 0177 B7020000 	 .4byte .LASF23
 225 017b 02       	 .byte 0x2
 226 017c 7207     	 .2byte 0x772
 227 017e 11       	 .byte 0x11
 228 017f 6B000000 	 .4byte 0x6b
ARM GAS   			page 5


 229 0183 02       	 .byte 0x2
 230 0184 23       	 .byte 0x23
 231 0185 38       	 .uleb128 0x38
 232 0186 08       	 .uleb128 0x8
 233 0187 C9010000 	 .4byte .LASF24
 234 018b 02       	 .byte 0x2
 235 018c 7307     	 .2byte 0x773
 236 018e 11       	 .byte 0x11
 237 018f 6B000000 	 .4byte 0x6b
 238 0193 02       	 .byte 0x2
 239 0194 23       	 .byte 0x23
 240 0195 3C       	 .uleb128 0x3c
 241 0196 08       	 .uleb128 0x8
 242 0197 D4010000 	 .4byte .LASF25
 243 019b 02       	 .byte 0x2
 244 019c 7407     	 .2byte 0x774
 245 019e 11       	 .byte 0x11
 246 019f 6B000000 	 .4byte 0x6b
 247 01a3 02       	 .byte 0x2
 248 01a4 23       	 .byte 0x23
 249 01a5 40       	 .uleb128 0x40
 250 01a6 08       	 .uleb128 0x8
 251 01a7 AF020000 	 .4byte .LASF26
 252 01ab 02       	 .byte 0x2
 253 01ac 7507     	 .2byte 0x775
 254 01ae 11       	 .byte 0x11
 255 01af 6B000000 	 .4byte 0x6b
 256 01b3 02       	 .byte 0x2
 257 01b4 23       	 .byte 0x23
 258 01b5 44       	 .uleb128 0x44
 259 01b6 08       	 .uleb128 0x8
 260 01b7 3C000000 	 .4byte .LASF27
 261 01bb 02       	 .byte 0x2
 262 01bc 7607     	 .2byte 0x776
 263 01be 11       	 .byte 0x11
 264 01bf 6B000000 	 .4byte 0x6b
 265 01c3 02       	 .byte 0x2
 266 01c4 23       	 .byte 0x23
 267 01c5 48       	 .uleb128 0x48
 268 01c6 08       	 .uleb128 0x8
 269 01c7 7C010000 	 .4byte .LASF28
 270 01cb 02       	 .byte 0x2
 271 01cc 7707     	 .2byte 0x777
 272 01ce 11       	 .byte 0x11
 273 01cf 6B000000 	 .4byte 0x6b
 274 01d3 02       	 .byte 0x2
 275 01d4 23       	 .byte 0x23
 276 01d5 4C       	 .uleb128 0x4c
 277 01d6 08       	 .uleb128 0x8
 278 01d7 DF020000 	 .4byte .LASF29
 279 01db 02       	 .byte 0x2
 280 01dc 7807     	 .2byte 0x778
 281 01de 11       	 .byte 0x11
 282 01df 6B000000 	 .4byte 0x6b
 283 01e3 02       	 .byte 0x2
 284 01e4 23       	 .byte 0x23
 285 01e5 50       	 .uleb128 0x50
ARM GAS   			page 6


 286 01e6 08       	 .uleb128 0x8
 287 01e7 67010000 	 .4byte .LASF30
 288 01eb 02       	 .byte 0x2
 289 01ec 7907     	 .2byte 0x779
 290 01ee 11       	 .byte 0x11
 291 01ef 6B000000 	 .4byte 0x6b
 292 01f3 02       	 .byte 0x2
 293 01f4 23       	 .byte 0x23
 294 01f5 54       	 .uleb128 0x54
 295 01f6 07       	 .uleb128 0x7
 296 01f7 494500   	 .ascii "IE\000"
 297 01fa 02       	 .byte 0x2
 298 01fb 7A07     	 .2byte 0x77a
 299 01fd 11       	 .byte 0x11
 300 01fe 6B000000 	 .4byte 0x6b
 301 0202 02       	 .byte 0x2
 302 0203 23       	 .byte 0x23
 303 0204 58       	 .uleb128 0x58
 304 0205 08       	 .uleb128 0x8
 305 0206 00000000 	 .4byte .LASF31
 306 020a 02       	 .byte 0x2
 307 020b 7B07     	 .2byte 0x77b
 308 020d 11       	 .byte 0x11
 309 020e 6B000000 	 .4byte 0x6b
 310 0212 02       	 .byte 0x2
 311 0213 23       	 .byte 0x23
 312 0214 5C       	 .uleb128 0x5c
 313 0215 08       	 .uleb128 0x8
 314 0216 6F000000 	 .4byte .LASF32
 315 021a 02       	 .byte 0x2
 316 021b 7C07     	 .2byte 0x77c
 317 021d 11       	 .byte 0x11
 318 021e 6B000000 	 .4byte 0x6b
 319 0222 02       	 .byte 0x2
 320 0223 23       	 .byte 0x23
 321 0224 60       	 .uleb128 0x60
 322 0225 08       	 .uleb128 0x8
 323 0226 12000000 	 .4byte .LASF33
 324 022a 02       	 .byte 0x2
 325 022b 7D07     	 .2byte 0x77d
 326 022d 11       	 .byte 0x11
 327 022e 6B000000 	 .4byte 0x6b
 328 0232 02       	 .byte 0x2
 329 0233 23       	 .byte 0x23
 330 0234 64       	 .uleb128 0x64
 331 0235 08       	 .uleb128 0x8
 332 0236 C2020000 	 .4byte .LASF34
 333 023a 02       	 .byte 0x2
 334 023b 7E07     	 .2byte 0x77e
 335 023d 11       	 .byte 0x11
 336 023e 6B000000 	 .4byte 0x6b
 337 0242 02       	 .byte 0x2
 338 0243 23       	 .byte 0x23
 339 0244 68       	 .uleb128 0x68
 340 0245 08       	 .uleb128 0x8
 341 0246 DC010000 	 .4byte .LASF35
 342 024a 02       	 .byte 0x2
ARM GAS   			page 7


 343 024b 7F07     	 .2byte 0x77f
 344 024d 11       	 .byte 0x11
 345 024e 6B000000 	 .4byte 0x6b
 346 0252 02       	 .byte 0x2
 347 0253 23       	 .byte 0x23
 348 0254 6C       	 .uleb128 0x6c
 349 0255 08       	 .uleb128 0x8
 350 0256 44000000 	 .4byte .LASF36
 351 025a 02       	 .byte 0x2
 352 025b 8007     	 .2byte 0x780
 353 025d 11       	 .byte 0x11
 354 025e 6B000000 	 .4byte 0x6b
 355 0262 02       	 .byte 0x2
 356 0263 23       	 .byte 0x23
 357 0264 70       	 .uleb128 0x70
 358 0265 08       	 .uleb128 0x8
 359 0266 24020000 	 .4byte .LASF37
 360 026a 02       	 .byte 0x2
 361 026b 8107     	 .2byte 0x781
 362 026d 11       	 .byte 0x11
 363 026e 6B000000 	 .4byte 0x6b
 364 0272 02       	 .byte 0x2
 365 0273 23       	 .byte 0x23
 366 0274 74       	 .uleb128 0x74
 367 0275 08       	 .uleb128 0x8
 368 0276 4A000000 	 .4byte .LASF38
 369 027a 02       	 .byte 0x2
 370 027b 8207     	 .2byte 0x782
 371 027d 11       	 .byte 0x11
 372 027e 6B000000 	 .4byte 0x6b
 373 0282 02       	 .byte 0x2
 374 0283 23       	 .byte 0x23
 375 0284 78       	 .uleb128 0x78
 376 0285 08       	 .uleb128 0x8
 377 0286 48020000 	 .4byte .LASF39
 378 028a 02       	 .byte 0x2
 379 028b 8307     	 .2byte 0x783
 380 028d 11       	 .byte 0x11
 381 028e 6B000000 	 .4byte 0x6b
 382 0292 02       	 .byte 0x2
 383 0293 23       	 .byte 0x23
 384 0294 7C       	 .uleb128 0x7c
 385 0295 00       	 .byte 0
 386 0296 09       	 .uleb128 0x9
 387 0297 7A000000 	 .4byte .LASF40
 388 029b 02       	 .byte 0x2
 389 029c 8407     	 .2byte 0x784
 390 029e 02       	 .byte 0x2
 391 029f 8C000000 	 .4byte 0x8c
 392 02a3 0A       	 .uleb128 0xa
 393 02a4 6C020000 	 .4byte .LASF41
 394 02a8 03       	 .byte 0x3
 395 02a9 1B       	 .byte 0x1b
 396 02aa 11       	 .byte 0x11
 397 02ab 5F000000 	 .4byte 0x5f
 398 02af 01       	 .byte 0x1
 399 02b0 01       	 .byte 0x1
ARM GAS   			page 8


 400 02b1 0B       	 .uleb128 0xb
 401 02b2 39000000 	 .4byte 0x39
 402 02b6 C2020000 	 .4byte 0x2c2
 403 02ba 0C       	 .uleb128 0xc
 404 02bb 85000000 	 .4byte 0x85
 405 02bf 5702     	 .2byte 0x257
 406 02c1 00       	 .byte 0
 407 02c2 0A       	 .uleb128 0xa
 408 02c3 BB010000 	 .4byte .LASF42
 409 02c7 03       	 .byte 0x3
 410 02c8 26       	 .byte 0x26
 411 02c9 10       	 .byte 0x10
 412 02ca B1020000 	 .4byte 0x2b1
 413 02ce 01       	 .byte 0x1
 414 02cf 01       	 .byte 0x1
 415 02d0 0B       	 .uleb128 0xb
 416 02d1 39000000 	 .4byte 0x39
 417 02d5 E1020000 	 .4byte 0x2e1
 418 02d9 0C       	 .uleb128 0xc
 419 02da 85000000 	 .4byte 0x85
 420 02de BF12     	 .2byte 0x12bf
 421 02e0 00       	 .byte 0
 422 02e1 0A       	 .uleb128 0xa
 423 02e2 28000000 	 .4byte .LASF43
 424 02e6 03       	 .byte 0x3
 425 02e7 27       	 .byte 0x27
 426 02e8 10       	 .byte 0x10
 427 02e9 D0020000 	 .4byte 0x2d0
 428 02ed 01       	 .byte 0x1
 429 02ee 01       	 .byte 0x1
 430 02ef 0D       	 .uleb128 0xd
 431 02f0 54       	 .byte 0x54
 432 02f1 03       	 .byte 0x3
 433 02f2 28       	 .byte 0x28
 434 02f3 09       	 .byte 0x9
 435 02f4 35030000 	 .4byte 0x335
 436 02f8 0E       	 .uleb128 0xe
 437 02f9 84020000 	 .4byte .LASF44
 438 02fd 03       	 .byte 0x3
 439 02fe 2A       	 .byte 0x2a
 440 02ff 09       	 .byte 0x9
 441 0300 35030000 	 .4byte 0x335
 442 0304 02       	 .byte 0x2
 443 0305 23       	 .byte 0x23
 444 0306 00       	 .uleb128 0
 445 0307 0E       	 .uleb128 0xe
 446 0308 15030000 	 .4byte .LASF45
 447 030c 03       	 .byte 0x3
 448 030d 2B       	 .byte 0x2b
 449 030e 0A       	 .byte 0xa
 450 030f 39000000 	 .4byte 0x39
 451 0313 02       	 .byte 0x2
 452 0314 23       	 .byte 0x23
 453 0315 50       	 .uleb128 0x50
 454 0316 0E       	 .uleb128 0xe
 455 0317 02030000 	 .4byte .LASF46
 456 031b 03       	 .byte 0x3
ARM GAS   			page 9


 457 031c 2C       	 .byte 0x2c
 458 031d 0A       	 .byte 0xa
 459 031e 39000000 	 .4byte 0x39
 460 0322 02       	 .byte 0x2
 461 0323 23       	 .byte 0x23
 462 0324 51       	 .uleb128 0x51
 463 0325 0E       	 .uleb128 0xe
 464 0326 42020000 	 .4byte .LASF47
 465 032a 03       	 .byte 0x3
 466 032b 2D       	 .byte 0x2d
 467 032c 0B       	 .byte 0xb
 468 032d 4C000000 	 .4byte 0x4c
 469 0331 02       	 .byte 0x2
 470 0332 23       	 .byte 0x23
 471 0333 52       	 .uleb128 0x52
 472 0334 00       	 .byte 0
 473 0335 0B       	 .uleb128 0xb
 474 0336 45030000 	 .4byte 0x345
 475 033a 45030000 	 .4byte 0x345
 476 033e 0F       	 .uleb128 0xf
 477 033f 85000000 	 .4byte 0x85
 478 0343 13       	 .byte 0x13
 479 0344 00       	 .byte 0
 480 0345 10       	 .uleb128 0x10
 481 0346 04       	 .byte 0x4
 482 0347 4B030000 	 .4byte 0x34b
 483 034b 11       	 .uleb128 0x11
 484 034c 01       	 .byte 0x1
 485 034d 66030000 	 .4byte 0x366
 486 0351 12       	 .uleb128 0x12
 487 0352 66030000 	 .4byte 0x366
 488 0356 12       	 .uleb128 0x12
 489 0357 6D030000 	 .4byte 0x36d
 490 035b 12       	 .uleb128 0x12
 491 035c 4C000000 	 .4byte 0x4c
 492 0360 12       	 .uleb128 0x12
 493 0361 39000000 	 .4byte 0x39
 494 0365 00       	 .byte 0
 495 0366 02       	 .uleb128 0x2
 496 0367 08       	 .byte 0x8
 497 0368 04       	 .byte 0x4
 498 0369 5D000000 	 .4byte .LASF48
 499 036d 10       	 .uleb128 0x10
 500 036e 04       	 .byte 0x4
 501 036f 39000000 	 .4byte 0x39
 502 0373 03       	 .uleb128 0x3
 503 0374 5C020000 	 .4byte .LASF49
 504 0378 03       	 .byte 0x3
 505 0379 2E       	 .byte 0x2e
 506 037a 03       	 .byte 0x3
 507 037b EF020000 	 .4byte 0x2ef
 508 037f 0A       	 .uleb128 0xa
 509 0380 34020000 	 .4byte .LASF50
 510 0384 03       	 .byte 0x3
 511 0385 2F       	 .byte 0x2f
 512 0386 18       	 .byte 0x18
 513 0387 73030000 	 .4byte 0x373
ARM GAS   			page 10


 514 038b 01       	 .byte 0x1
 515 038c 01       	 .byte 0x1
 516 038d 13       	 .uleb128 0x13
 517 038e 01       	 .byte 0x1
 518 038f 84010000 	 .4byte .LASF51
 519 0393 04       	 .byte 0x4
 520 0394 0A       	 .byte 0xa
 521 0395 06       	 .byte 0x6
 522 0396 01       	 .byte 0x1
 523 0397 13       	 .uleb128 0x13
 524 0398 01       	 .byte 0x1
 525 0399 8A020000 	 .4byte .LASF52
 526 039d 04       	 .byte 0x4
 527 039e 03       	 .byte 0x3
 528 039f 06       	 .byte 0x6
 529 03a0 01       	 .byte 0x1
 530 03a1 00       	 .byte 0
 531              	 .section .gnu.debuglto_.debug_abbrev,"e",%progbits
 532              	.Ldebug_abbrev0:
 533 0000 01       	 .uleb128 0x1
 534 0001 11       	 .uleb128 0x11
 535 0002 01       	 .byte 0x1
 536 0003 25       	 .uleb128 0x25
 537 0004 0E       	 .uleb128 0xe
 538 0005 13       	 .uleb128 0x13
 539 0006 0B       	 .uleb128 0xb
 540 0007 03       	 .uleb128 0x3
 541 0008 0E       	 .uleb128 0xe
 542 0009 1B       	 .uleb128 0x1b
 543 000a 0E       	 .uleb128 0xe
 544 000b 10       	 .uleb128 0x10
 545 000c 06       	 .uleb128 0x6
 546 000d 00       	 .byte 0
 547 000e 00       	 .byte 0
 548 000f 02       	 .uleb128 0x2
 549 0010 24       	 .uleb128 0x24
 550 0011 00       	 .byte 0
 551 0012 0B       	 .uleb128 0xb
 552 0013 0B       	 .uleb128 0xb
 553 0014 3E       	 .uleb128 0x3e
 554 0015 0B       	 .uleb128 0xb
 555 0016 03       	 .uleb128 0x3
 556 0017 0E       	 .uleb128 0xe
 557 0018 00       	 .byte 0
 558 0019 00       	 .byte 0
 559 001a 03       	 .uleb128 0x3
 560 001b 16       	 .uleb128 0x16
 561 001c 00       	 .byte 0
 562 001d 03       	 .uleb128 0x3
 563 001e 0E       	 .uleb128 0xe
 564 001f 3A       	 .uleb128 0x3a
 565 0020 0B       	 .uleb128 0xb
 566 0021 3B       	 .uleb128 0x3b
 567 0022 0B       	 .uleb128 0xb
 568 0023 39       	 .uleb128 0x39
 569 0024 0B       	 .uleb128 0xb
 570 0025 49       	 .uleb128 0x49
ARM GAS   			page 11


 571 0026 13       	 .uleb128 0x13
 572 0027 00       	 .byte 0
 573 0028 00       	 .byte 0
 574 0029 04       	 .uleb128 0x4
 575 002a 35       	 .uleb128 0x35
 576 002b 00       	 .byte 0
 577 002c 49       	 .uleb128 0x49
 578 002d 13       	 .uleb128 0x13
 579 002e 00       	 .byte 0
 580 002f 00       	 .byte 0
 581 0030 05       	 .uleb128 0x5
 582 0031 24       	 .uleb128 0x24
 583 0032 00       	 .byte 0
 584 0033 0B       	 .uleb128 0xb
 585 0034 0B       	 .uleb128 0xb
 586 0035 3E       	 .uleb128 0x3e
 587 0036 0B       	 .uleb128 0xb
 588 0037 03       	 .uleb128 0x3
 589 0038 08       	 .uleb128 0x8
 590 0039 00       	 .byte 0
 591 003a 00       	 .byte 0
 592 003b 06       	 .uleb128 0x6
 593 003c 13       	 .uleb128 0x13
 594 003d 01       	 .byte 0x1
 595 003e 0B       	 .uleb128 0xb
 596 003f 0B       	 .uleb128 0xb
 597 0040 3A       	 .uleb128 0x3a
 598 0041 0B       	 .uleb128 0xb
 599 0042 3B       	 .uleb128 0x3b
 600 0043 05       	 .uleb128 0x5
 601 0044 39       	 .uleb128 0x39
 602 0045 0B       	 .uleb128 0xb
 603 0046 01       	 .uleb128 0x1
 604 0047 13       	 .uleb128 0x13
 605 0048 00       	 .byte 0
 606 0049 00       	 .byte 0
 607 004a 07       	 .uleb128 0x7
 608 004b 0D       	 .uleb128 0xd
 609 004c 00       	 .byte 0
 610 004d 03       	 .uleb128 0x3
 611 004e 08       	 .uleb128 0x8
 612 004f 3A       	 .uleb128 0x3a
 613 0050 0B       	 .uleb128 0xb
 614 0051 3B       	 .uleb128 0x3b
 615 0052 05       	 .uleb128 0x5
 616 0053 39       	 .uleb128 0x39
 617 0054 0B       	 .uleb128 0xb
 618 0055 49       	 .uleb128 0x49
 619 0056 13       	 .uleb128 0x13
 620 0057 38       	 .uleb128 0x38
 621 0058 0A       	 .uleb128 0xa
 622 0059 00       	 .byte 0
 623 005a 00       	 .byte 0
 624 005b 08       	 .uleb128 0x8
 625 005c 0D       	 .uleb128 0xd
 626 005d 00       	 .byte 0
 627 005e 03       	 .uleb128 0x3
ARM GAS   			page 12


 628 005f 0E       	 .uleb128 0xe
 629 0060 3A       	 .uleb128 0x3a
 630 0061 0B       	 .uleb128 0xb
 631 0062 3B       	 .uleb128 0x3b
 632 0063 05       	 .uleb128 0x5
 633 0064 39       	 .uleb128 0x39
 634 0065 0B       	 .uleb128 0xb
 635 0066 49       	 .uleb128 0x49
 636 0067 13       	 .uleb128 0x13
 637 0068 38       	 .uleb128 0x38
 638 0069 0A       	 .uleb128 0xa
 639 006a 00       	 .byte 0
 640 006b 00       	 .byte 0
 641 006c 09       	 .uleb128 0x9
 642 006d 16       	 .uleb128 0x16
 643 006e 00       	 .byte 0
 644 006f 03       	 .uleb128 0x3
 645 0070 0E       	 .uleb128 0xe
 646 0071 3A       	 .uleb128 0x3a
 647 0072 0B       	 .uleb128 0xb
 648 0073 3B       	 .uleb128 0x3b
 649 0074 05       	 .uleb128 0x5
 650 0075 39       	 .uleb128 0x39
 651 0076 0B       	 .uleb128 0xb
 652 0077 49       	 .uleb128 0x49
 653 0078 13       	 .uleb128 0x13
 654 0079 00       	 .byte 0
 655 007a 00       	 .byte 0
 656 007b 0A       	 .uleb128 0xa
 657 007c 34       	 .uleb128 0x34
 658 007d 00       	 .byte 0
 659 007e 03       	 .uleb128 0x3
 660 007f 0E       	 .uleb128 0xe
 661 0080 3A       	 .uleb128 0x3a
 662 0081 0B       	 .uleb128 0xb
 663 0082 3B       	 .uleb128 0x3b
 664 0083 0B       	 .uleb128 0xb
 665 0084 39       	 .uleb128 0x39
 666 0085 0B       	 .uleb128 0xb
 667 0086 49       	 .uleb128 0x49
 668 0087 13       	 .uleb128 0x13
 669 0088 3F       	 .uleb128 0x3f
 670 0089 0C       	 .uleb128 0xc
 671 008a 3C       	 .uleb128 0x3c
 672 008b 0C       	 .uleb128 0xc
 673 008c 00       	 .byte 0
 674 008d 00       	 .byte 0
 675 008e 0B       	 .uleb128 0xb
 676 008f 01       	 .uleb128 0x1
 677 0090 01       	 .byte 0x1
 678 0091 49       	 .uleb128 0x49
 679 0092 13       	 .uleb128 0x13
 680 0093 01       	 .uleb128 0x1
 681 0094 13       	 .uleb128 0x13
 682 0095 00       	 .byte 0
 683 0096 00       	 .byte 0
 684 0097 0C       	 .uleb128 0xc
ARM GAS   			page 13


 685 0098 21       	 .uleb128 0x21
 686 0099 00       	 .byte 0
 687 009a 49       	 .uleb128 0x49
 688 009b 13       	 .uleb128 0x13
 689 009c 2F       	 .uleb128 0x2f
 690 009d 05       	 .uleb128 0x5
 691 009e 00       	 .byte 0
 692 009f 00       	 .byte 0
 693 00a0 0D       	 .uleb128 0xd
 694 00a1 13       	 .uleb128 0x13
 695 00a2 01       	 .byte 0x1
 696 00a3 0B       	 .uleb128 0xb
 697 00a4 0B       	 .uleb128 0xb
 698 00a5 3A       	 .uleb128 0x3a
 699 00a6 0B       	 .uleb128 0xb
 700 00a7 3B       	 .uleb128 0x3b
 701 00a8 0B       	 .uleb128 0xb
 702 00a9 39       	 .uleb128 0x39
 703 00aa 0B       	 .uleb128 0xb
 704 00ab 01       	 .uleb128 0x1
 705 00ac 13       	 .uleb128 0x13
 706 00ad 00       	 .byte 0
 707 00ae 00       	 .byte 0
 708 00af 0E       	 .uleb128 0xe
 709 00b0 0D       	 .uleb128 0xd
 710 00b1 00       	 .byte 0
 711 00b2 03       	 .uleb128 0x3
 712 00b3 0E       	 .uleb128 0xe
 713 00b4 3A       	 .uleb128 0x3a
 714 00b5 0B       	 .uleb128 0xb
 715 00b6 3B       	 .uleb128 0x3b
 716 00b7 0B       	 .uleb128 0xb
 717 00b8 39       	 .uleb128 0x39
 718 00b9 0B       	 .uleb128 0xb
 719 00ba 49       	 .uleb128 0x49
 720 00bb 13       	 .uleb128 0x13
 721 00bc 38       	 .uleb128 0x38
 722 00bd 0A       	 .uleb128 0xa
 723 00be 00       	 .byte 0
 724 00bf 00       	 .byte 0
 725 00c0 0F       	 .uleb128 0xf
 726 00c1 21       	 .uleb128 0x21
 727 00c2 00       	 .byte 0
 728 00c3 49       	 .uleb128 0x49
 729 00c4 13       	 .uleb128 0x13
 730 00c5 2F       	 .uleb128 0x2f
 731 00c6 0B       	 .uleb128 0xb
 732 00c7 00       	 .byte 0
 733 00c8 00       	 .byte 0
 734 00c9 10       	 .uleb128 0x10
 735 00ca 0F       	 .uleb128 0xf
 736 00cb 00       	 .byte 0
 737 00cc 0B       	 .uleb128 0xb
 738 00cd 0B       	 .uleb128 0xb
 739 00ce 49       	 .uleb128 0x49
 740 00cf 13       	 .uleb128 0x13
 741 00d0 00       	 .byte 0
ARM GAS   			page 14


 742 00d1 00       	 .byte 0
 743 00d2 11       	 .uleb128 0x11
 744 00d3 15       	 .uleb128 0x15
 745 00d4 01       	 .byte 0x1
 746 00d5 27       	 .uleb128 0x27
 747 00d6 0C       	 .uleb128 0xc
 748 00d7 01       	 .uleb128 0x1
 749 00d8 13       	 .uleb128 0x13
 750 00d9 00       	 .byte 0
 751 00da 00       	 .byte 0
 752 00db 12       	 .uleb128 0x12
 753 00dc 05       	 .uleb128 0x5
 754 00dd 00       	 .byte 0
 755 00de 49       	 .uleb128 0x49
 756 00df 13       	 .uleb128 0x13
 757 00e0 00       	 .byte 0
 758 00e1 00       	 .byte 0
 759 00e2 13       	 .uleb128 0x13
 760 00e3 2E       	 .uleb128 0x2e
 761 00e4 00       	 .byte 0
 762 00e5 3F       	 .uleb128 0x3f
 763 00e6 0C       	 .uleb128 0xc
 764 00e7 03       	 .uleb128 0x3
 765 00e8 0E       	 .uleb128 0xe
 766 00e9 3A       	 .uleb128 0x3a
 767 00ea 0B       	 .uleb128 0xb
 768 00eb 3B       	 .uleb128 0x3b
 769 00ec 0B       	 .uleb128 0xb
 770 00ed 39       	 .uleb128 0x39
 771 00ee 0B       	 .uleb128 0xb
 772 00ef 27       	 .uleb128 0x27
 773 00f0 0C       	 .uleb128 0xc
 774 00f1 00       	 .byte 0
 775 00f2 00       	 .byte 0
 776 00f3 00       	 .byte 0
 777              	 .section .gnu.debuglto_.debug_line,"e",%progbits
 778              	.Ldebug_line0:
 779 0000 9E000000 	 .4byte .LELT0-.LSLT0
 780              	.LSLT0:
 781 0004 0200     	 .2byte 0x2
 782 0006 98000000 	 .4byte .LELTP0-.LASLTP0
 783              	.LASLTP0:
 784 000a 01       	 .byte 0x1
 785 000b 01       	 .byte 0x1
 786 000c F6       	 .byte 0xf6
 787 000d F2       	 .byte 0xf2
 788 000e 0D       	 .byte 0xd
 789 000f 00       	 .byte 0
 790 0010 01       	 .byte 0x1
 791 0011 01       	 .byte 0x1
 792 0012 01       	 .byte 0x1
 793 0013 01       	 .byte 0x1
 794 0014 00       	 .byte 0
 795 0015 00       	 .byte 0
 796 0016 00       	 .byte 0
 797 0017 01       	 .byte 0x1
 798 0018 00       	 .byte 0
ARM GAS   			page 15


 799 0019 00       	 .byte 0
 800 001a 01       	 .byte 0x1
 801 001b 6C69622F 	 .ascii "lib/CMSIS/CM3/DeviceSupport/MDR32F9Qx/inc"
 801      434D5349 
 801      532F434D 
 801      332F4465 
 801      76696365 
 802 0044 00       	 .byte 0
 803 0045 737263   	 .ascii "src"
 804 0048 00       	 .byte 0
 805 0049 2F757372 	 .ascii "/usr/lib/gcc/arm-none-eabi/10.3.1/include"
 805      2F6C6962 
 805      2F676363 
 805      2F61726D 
 805      2D6E6F6E 
 806 0072 00       	 .byte 0
 807 0073 00       	 .byte 0
 808 0074 73746469 	 .ascii "stdint.h\000"
 808      6E742E68 
 808      00
 809 007d 03       	 .uleb128 0x3
 810 007e 00       	 .uleb128 0
 811 007f 00       	 .uleb128 0
 812 0080 4D445233 	 .ascii "MDR32Fx.h\000"
 812      3246782E 
 812      6800
 813 008a 01       	 .uleb128 0x1
 814 008b 00       	 .uleb128 0
 815 008c 00       	 .uleb128 0
 816 008d 6D61696E 	 .ascii "main.h\000"
 816      2E6800
 817 0094 02       	 .uleb128 0x2
 818 0095 00       	 .uleb128 0
 819 0096 00       	 .uleb128 0
 820 0097 69727173 	 .ascii "irqs.c\000"
 820      2E6300
 821 009e 02       	 .uleb128 0x2
 822 009f 00       	 .uleb128 0
 823 00a0 00       	 .uleb128 0
 824 00a1 00       	 .byte 0
 825              	.LELTP0:
 826              	.LELT0:
 827              	 .section .gnu.debuglto_.debug_str,"eMS",%progbits,1
 828              	.LASF31:
 829 0000 444D415F 	 .ascii "DMA_RE\000"
 829      524500
 830              	.LASF22:
 831 0007 4348325F 	 .ascii "CH2_CNTRL1\000"
 831      434E5452 
 831      4C3100
 832              	.LASF33:
 833 0012 4348325F 	 .ascii "CH2_CNTRL2\000"
 833      434E5452 
 833      4C3200
 834              	.LASF54:
 835 001d 7372632F 	 .ascii "src/irqs.c\000"
 835      69727173 
ARM GAS   			page 16


 835      2E6300
 836              	.LASF43:
 837 0028 6C656473 	 .ascii "leds_data_corrected\000"
 837      5F646174 
 837      615F636F 
 837      72726563 
 837      74656400 
 838              	.LASF27:
 839 003c 4348335F 	 .ascii "CH3_DTG\000"
 839      44544700 
 840              	.LASF36:
 841 0044 43435231 	 .ascii "CCR11\000"
 841      3100
 842              	.LASF38:
 843 004a 43435233 	 .ascii "CCR31\000"
 843      3100
 844              	.LASF11:
 845 0050 756E7369 	 .ascii "unsigned int\000"
 845      676E6564 
 845      20696E74 
 845      00
 846              	.LASF48:
 847 005d 646F7562 	 .ascii "double\000"
 847      6C6500
 848              	.LASF21:
 849 0064 4348315F 	 .ascii "CH1_CNTRL1\000"
 849      434E5452 
 849      4C3100
 850              	.LASF32:
 851 006f 4348315F 	 .ascii "CH1_CNTRL2\000"
 851      434E5452 
 851      4C3200
 852              	.LASF40:
 853 007a 4D44525F 	 .ascii "MDR_TIMER_TypeDef\000"
 853      54494D45 
 853      525F5479 
 853      70654465 
 853      6600
 854              	.LASF55:
 855 008c 2F686F6D 	 .ascii "/home/v/Desktop/Link to projects/actual link to pro"
 855      652F762F 
 855      4465736B 
 855      746F702F 
 855      4C696E6B 
 856 00bf 6A656374 	 .ascii "jects/girlanda-vsc\000"
 856      732F6769 
 856      726C616E 
 856      64612D76 
 856      736300
 857              	.LASF53:
 858 00d2 474E5520 	 .ascii "GNU C17 10.3.1 20210621 (release) -mcpu=cortex-m3 -"
 858      43313720 
 858      31302E33 
 858      2E312032 
 858      30323130 
 859 0105 6D746875 	 .ascii "mthumb -mfloat-abi=soft -march=armv7-m -g -gdwarf-2"
 859      6D62202D 
ARM GAS   			page 17


 859      6D666C6F 
 859      61742D61 
 859      62693D73 
 860 0138 202D4F67 	 .ascii " -Og -fdata-sections -ffunction-sections -flto\000"
 860      202D6664 
 860      6174612D 
 860      73656374 
 860      696F6E73 
 861              	.LASF30:
 862 0167 53544154 	 .ascii "STATUS\000"
 862      555300
 863              	.LASF4:
 864 016e 756E7369 	 .ascii "unsigned char\000"
 864      676E6564 
 864      20636861 
 864      7200
 865              	.LASF28:
 866 017c 4348345F 	 .ascii "CH4_DTG\000"
 866      44544700 
 867              	.LASF51:
 868 0184 54696D65 	 .ascii "Timer2_IRQHandler\000"
 868      72325F49 
 868      52514861 
 868      6E646C65 
 868      7200
 869              	.LASF9:
 870 0196 6C6F6E67 	 .ascii "long unsigned int\000"
 870      20756E73 
 870      69676E65 
 870      6420696E 
 870      7400
 871              	.LASF7:
 872 01a8 73686F72 	 .ascii "short unsigned int\000"
 872      7420756E 
 872      7369676E 
 872      65642069 
 872      6E7400
 873              	.LASF42:
 874 01bb 6C656473 	 .ascii "leds_data_rgb\000"
 874      5F646174 
 874      615F7267 
 874      6200
 875              	.LASF24:
 876 01c9 4348345F 	 .ascii "CH4_CNTRL1\000"
 876      434E5452 
 876      4C3100
 877              	.LASF25:
 878 01d4 4348315F 	 .ascii "CH1_DTG\000"
 878      44544700 
 879              	.LASF35:
 880 01dc 4348345F 	 .ascii "CH4_CNTRL2\000"
 880      434E5452 
 880      4C3200
 881              	.LASF17:
 882 01e7 4348315F 	 .ascii "CH1_CNTRL\000"
 882      434E5452 
 882      4C00
ARM GAS   			page 18


 883              	.LASF13:
 884 01f1 43435231 	 .ascii "CCR1\000"
 884      00
 885              	.LASF14:
 886 01f6 43435232 	 .ascii "CCR2\000"
 886      00
 887              	.LASF15:
 888 01fb 43435233 	 .ascii "CCR3\000"
 888      00
 889              	.LASF16:
 890 0200 43435234 	 .ascii "CCR4\000"
 890      00
 891              	.LASF10:
 892 0205 6C6F6E67 	 .ascii "long long unsigned int\000"
 892      206C6F6E 
 892      6720756E 
 892      7369676E 
 892      65642069 
 893              	.LASF5:
 894 021c 75696E74 	 .ascii "uint8_t\000"
 894      385F7400 
 895              	.LASF37:
 896 0224 43435232 	 .ascii "CCR21\000"
 896      3100
 897              	.LASF19:
 898 022a 4348335F 	 .ascii "CH3_CNTRL\000"
 898      434E5452 
 898      4C00
 899              	.LASF50:
 900 0234 616C675F 	 .ascii "alg_functions\000"
 900      66756E63 
 900      74696F6E 
 900      7300
 901              	.LASF47:
 902 0242 73706565 	 .ascii "speed\000"
 902      6400
 903              	.LASF39:
 904 0248 43435234 	 .ascii "CCR41\000"
 904      3100
 905              	.LASF3:
 906 024e 6C6F6E67 	 .ascii "long long int\000"
 906      206C6F6E 
 906      6720696E 
 906      7400
 907              	.LASF49:
 908 025c 616C675F 	 .ascii "alg_functions_t\000"
 908      66756E63 
 908      74696F6E 
 908      735F7400 
 909              	.LASF41:
 910 026c 7365636F 	 .ascii "seconds\000"
 910      6E647300 
 911              	.LASF20:
 912 0274 4348345F 	 .ascii "CH4_CNTRL\000"
 912      434E5452 
 912      4C00
 913              	.LASF12:
ARM GAS   			page 19


 914 027e 434E5452 	 .ascii "CNTRL\000"
 914      4C00
 915              	.LASF44:
 916 0284 66756E63 	 .ascii "funcs\000"
 916      7300
 917              	.LASF52:
 918 028a 54696D65 	 .ascii "Timer1_IRQHandler\000"
 918      72315F49 
 918      52514861 
 918      6E646C65 
 918      7200
 919              	.LASF1:
 920 029c 73686F72 	 .ascii "short int\000"
 920      7420696E 
 920      7400
 921              	.LASF6:
 922 02a6 75696E74 	 .ascii "uint16_t\000"
 922      31365F74 
 922      00
 923              	.LASF26:
 924 02af 4348325F 	 .ascii "CH2_DTG\000"
 924      44544700 
 925              	.LASF23:
 926 02b7 4348335F 	 .ascii "CH3_CNTRL1\000"
 926      434E5452 
 926      4C3100
 927              	.LASF34:
 928 02c2 4348335F 	 .ascii "CH3_CNTRL2\000"
 928      434E5452 
 928      4C3200
 929              	.LASF8:
 930 02cd 75696E74 	 .ascii "uint32_t\000"
 930      33325F74 
 930      00
 931              	.LASF2:
 932 02d6 6C6F6E67 	 .ascii "long int\000"
 932      20696E74 
 932      00
 933              	.LASF29:
 934 02df 42524B45 	 .ascii "BRKETR_CNTRL\000"
 934      54525F43 
 934      4E54524C 
 934      00
 935              	.LASF0:
 936 02ec 7369676E 	 .ascii "signed char\000"
 936      65642063 
 936      68617200 
 937              	.LASF18:
 938 02f8 4348325F 	 .ascii "CH2_CNTRL\000"
 938      434E5452 
 938      4C00
 939              	.LASF46:
 940 0302 63757272 	 .ascii "currently_selected\000"
 940      656E746C 
 940      795F7365 
 940      6C656374 
 940      656400
ARM GAS   			page 20


 941              	.LASF45:
 942 0315 746F7461 	 .ascii "total_registered\000"
 942      6C5F7265 
 942      67697374 
 942      65726564 
 942      00
 943              	 .text
 944              	 .section .gnu.lto_.profile.74d599327299ce34,"e",%progbits
 945 0000 789C6361 	 .ascii "x\234ca\000\002F&\006\000\000/\000\010"
 945      00024626 
 945      0600002F 
 945      0008
 946              	 .text
 947              	 .section .gnu.lto_.inline.74d599327299ce34,"e",%progbits
 948 0000 789C4B63 	 .ascii "x\234Kc@\000&\006\006\316\006 `Jcd`\342\001\261\230"
 948      40002606 
 948      06CE0620 
 948      604A6364 
 948      60E201B1 
 949 0015 531918D8 	 .ascii "S\031\030\330\300B)L i \226\004\362~0g\26020\361\001"
 949      C042294C 
 949      20692096 
 949      04F27E30 
 949      67B03230 
 950 002b 59073054 	 .ascii "Y\0070T0r\201\214b\346\201\230\007\246\0318D\200\004"
 950      3072818C 
 950      62E68198 
 950      07A61938 
 950      448004
 951 003e CB043F06 	 .ascii "\313\004?\006 b\000\000g-\021\363"
 951      20620000 
 951      672D11F3 
 952              	 .text
 953              	 .section .gnu.lto_.jmpfuncs.74d599327299ce34,"e",%progbits
 954 0000 789CE363 	 .ascii "x\234\343c@\000&(\006\202z\005\006\000\003s\000\262"
 954      40002628 
 954      06827A05 
 954      06000373 
 954      00B2
 955              	 .text
 956              	 .section .gnu.lto_.pureconst.74d599327299ce34,"e",%progbits
 957 0000 789C6367 	 .ascii "x\234cg```b\230\305\3024\213\005\000\004\266\001H"
 957      60606062 
 957      98C5C234 
 957      8B050004 
 957      B60148
 958              	 .text
 959              	 .section .gnu.lto_.lto.74d599327299ce34,"e",%progbits
 960 0000 09000400 	 .ascii "\011\000\004\000\001\000\000\000"
 960      01000000 
 961              	 .text
 962              	 .section .gnu.lto_Timer1_IRQHandler.56.74d599327299ce34,"e",%progbits
 963 0000 789C7550 	 .ascii "x\234uP\273N\002A\024\275g\357\202\030I\354\014%\306"
 963      BB4E0241 
 963      14BD67EF 
 963      821849EC 
 963      0C25C6
ARM GAS   			page 21


 964 0013 CA42D74F 	 .ascii "\312B\327O\2600V\032\033\177`\263\022E\020\220]i\031"
 964      B030561A 
 964      1B7F60B3 
 964      12451090 
 964      5D6919
 965 0026 F095D020 	 .ascii "\360\225\320 \230P\241\005Y\321N-|$>\202~\202_`,L\260"
 965      9850A105 
 965      59D14E2D 
 965      7C243E82 
 965      7E825F60 
 966 003d 20C6CA42 	 .ascii " \306\312B\2033\273h\241q\222{s\316\344\236{\316\214"
 966      8333BB68 
 966      A171927B 
 966      73CEE49E 
 966      7BCE8C
 967 0050 03A27922 	 .ascii "\003\242y\"\032\221\005&T+%\215\204\020\223}\032\012"
 967      1A910526 
 967      542B258D 
 967      8410937D 
 967      1A0A
 968 0062 95523FCE 	 .ascii "\225R?\316\3401P^C\036\273<*\351\373\301\363Ix3\342"
 968      E031505E 
 968      431EBB3C 
 968      2AE9FBC1 
 968      F3497833 
 969 0077 32D1BEAC 	 .ascii "2\321\276\254\336\011~3\271\222\216\037\002-\361\321"
 969      DE097E33 
 969      B9928E1F 
 969      022DF1D1 
 970 0087 2D0B7168 	 .ascii "-\013qhFB \227\241\251\306\252\351\252\021\225Y9\011"
 970      46422097 
 970      A1A9C6AA 
 970      E9AA1195 
 970      593909
 971 009a 5DC21DD6 	 .ascii "]\302\035\326|Xh\021\275@<\315R\007\367\327\355\241"
 971      7C586811 
 971      BD403CCD 
 971      5207F7D7 
 971      EDA1
 972 00ac 06A3CEA8 	 .ascii "\006\243\316\250\262\313\032\350\007\011Q\027\272dM"
 972      B2CB1AE8 
 972      07095117 
 972      BA644D
 973 00bb 152EE432 	 .ascii "\025.\3442\343\0028\007M\014\273\254\343\022{^\216\016"
 973      E3023807 
 973      4D0CBBAC 
 973      E3127B5E 
 973      8E0E
 974 00cd D66BDB68 	 .ascii "\326k\333h\260\326\360u\300g\267\333\035T\233_K\370"
 974      B0D6F075 
 974      C067B7DB 
 974      1D549B5F 
 974      4BF8
 975 00df 577EE5CB 	 .ascii "W~\345\313\245\316K2'\347\213\265v\270\301\334\363\017"
 975      A5CE4B32 
 975      27E78BB5 
 975      76B8C1DC 
ARM GAS   			page 22


 975      F30F
 976 00f1 784936A0 	 .ascii "xI6\240Ix$G\233\352yA\334\0027\360\\\353[\322U\227\002"
 976      49782447 
 976      9BEA7941 
 976      DC0237F0 
 976      5CEB5BD2 
 977 0108 351D04D4 	 .ascii "5\035\004\324\006\337\361\217\350\316\023\311izC\361"
 977      06DFF18F 
 977      E8CE13C9 
 977      697A43F1 
 978 0118 F154F77E 	 .ascii "\361T\367~\262\314\360\177C\264\024\2356\226\322+1#"
 978      B2CCF07F 
 978      43B4149D 
 978      3696D22B 
 978      3123
 979 012a 674CC5EC 	 .ascii "gL\305\354\204\223\316\0303\361T\"\352\244\243\231l"
 979      8493CE18 
 979      33F15422 
 979      EAA4A399 
 979      6C
 980 013b 7A396639 	 .ascii "z9f9\266aZ\316\232\231\214&\177\337/\306\263I3\265`"
 980      B6615ACE 
 980      9A998C26 
 980      7FDF2FC6 
 980      B34933B5 
 981 0150 8EE56C8B 	 .ascii "\216\345l\213\006\354\254e\304\263\253\366\270E_O\257"
 981      06ECAC65 
 981      C4B3ABF6 
 981      B8455F4F 
 981      AF
 982 0161 8A72     	 .ascii "\212r"
 983              	 .text
 984              	 .section .gnu.lto_Timer2_IRQHandler.57.74d599327299ce34,"e",%progbits
 985 0000 789C7592 	 .ascii "x\234u\222Mk\023Q\024\206\357;'\223\017[\033\243m\324"
 985      4D6B1351 
 985      1486EF3B 
 985      27930F5B 
 985      1BA36DD4 
 986 0014 951171E1 	 .ascii "\225\021q\341BG\374\005.\304\225K\377@\030\203\306\306"
 986      4247FC05 
 986      2EC4954B 
 986      FF401883 
 986      C6C6
 987 0026 A66662B7 	 .ascii "\246fb\267\275M*\205lj+\270\322\241\014c\311\316\225"
 987      BD4D2A85 
 987      6C6A2BB8 
 987      D2A10C63 
 987      C9CE95
 988 0039 1FD06A63 	 .ascii "\037\320jc\013\212\212X[]+\"\322\272(\305U\027\225x"
 988      0B8A8A58 
 988      5B5D2B22 
 988      D2BA28C5 
 988      55179578 
 989 004d CECDF403 	 .ascii "\316\315\364\003!\003\347p\317\345\276\317y\317\235"
 989      2103E770 
 989      CFE5BECF 
 989      79CF9D
ARM GAS   			page 23


 990 005c BB652975 	 .ascii "\273e)uU)u\212\003\2440=\325\260\224\326\372b\302\302"
 990      5529758A 
 990      03A4303D 
 990      D5B094D6 
 990      FA62C2C2 
 991 0070 D8542385 	 .ascii "\330T#\205\2470\025\324\250\205Q\334\2473\\n=\3765\263"
 991      A73015D4 
 991      A88551DC 
 991      A7335C6E 
 991      3DFE35B3 
 992 0084 04DD6C21 	 .ascii "\004\335l!$\245|\216\350\213\357T\340x\262b\267\364"
 992      24A57C8E 
 992      E88BEF54 
 992      E078B262 
 992      B7F4
 993 0096 767B52EB 	 .ascii "v{R\353o\231Y\273\017*$X\222\210\223\025\343D6\247X"
 993      6F9959BB 
 993      0F2A2458 
 993      92889315 
 993      E34436A7 
 994 00ab 9C939DE0 	 .ascii "\234\223\235\340\304\352I\222\346:\306\372{du\226c-"
 994      C4EA4992 
 994      E63AC6FA 
 994      7B647596 
 994      632D
 995 00bd A57E43FF 	 .ascii "\245~C\377\230K\252\015,\316\257g\003\302C\3024\205"
 995      984BAA0D 
 995      2CCEAF67 
 995      03C243C2 
 995      3485
 996 00cf C4B67657 	 .ascii "\304\266vWZ\373:\306\325\254\030N\206\224\304s\340\031"
 996      5AFB3AC6 
 996      D5AC184E 
 996      8694C473 
 996      E019
 997 00e1 D4F99321 	 .ascii "\324\371\223!\245\360\002\217\214\261\015\324\037L "
 997      A5F0028F 
 997      8CB10DD4 
 997      1F4C20
 998 00f0 202BE8E8 	 .ascii " +\350\350\200\277\355v;-\344\315\006\272\312\347:r"
 998      80BFED76 
 998      3B2DE4CD 
 998      06BACAE7 
 998      3A72
 999 0102 D6192B0B 	 .ascii "\326\031+\013b\2456\277~: \212\014\0340V\306a\361\262"
 999      62A536BF 
 999      7E3A208A 
 999      0C1C3056 
 999      C661F1B2 
 1000 0116 C9670D8A 	 .ascii "\311g\015\212\207\352\301+\340%s:\330^,0\012\306Im["
 1000      87EAC12B 
 1000      E025733A 
 1000      D85E2C30 
 1000      0AC6496D 
 1001 012b 9CC49821 	 .ascii "\234\304\230!\305\262\014fwa\2746\014\256\005\263\226"
 1001      C5B20C66 
 1001      7761BC36 
ARM GAS   			page 24


 1001      0CAE05B3 
 1001      96
 1002 013c 0EE92016 	 .ascii "\016\351 \026\231\303?\357\202ld\371\032\261$0\231q"
 1002      99C33FEF 
 1002      826C64F9 
 1002      1AB12430 
 1002      9971
 1003 014e 13F5193B 	 .ascii "\023\365\031;\240\270\001\365\371\322-\244\264q\234"
 1003      A0B801F5 
 1003      F9D22DA4 
 1003      B4719C
 1004 015d 0A28D1A5 	 .ascii "\012(\321\245\305\233\3756\017\341-\343\311\300&r<\267"
 1004      C59BFD36 
 1004      0FE12DE3 
 1004      C9C02672 
 1004      3CB7
 1005 016f CD118F46 	 .ascii "\315\021\217F\315\354\215\232i\022v\031\207\361\036"
 1005      CDEC8D9A 
 1005      69127619 
 1005      87F11E
 1006 017e 7807358E 	 .ascii "x\0075\216\232\326\315\217\220\223\037\300/\210\233"
 1006      9AD6CD8F 
 1006      90931FC0 
 1006      2F889B
 1007 018d 8AAE173F 	 .ascii "\212\256\027?\371\324\021s\203\237\223L\276\233S\206"
 1007      F9D41173 
 1007      839F934C 
 1007      BE9B5386 
 1008 019d D2EFCB24 	 .ascii "\322\357\313$]\230\237\3661\373\005\271,\310\310\312"
 1008      5D989FF6 
 1008      31FB05B9 
 1008      2CC8C8CA 
 1009 01ad C09E9581 	 .ascii "\300\236\225\201&CvdY\254\002+\221l\355\204\034\374"
 1009      26437664 
 1009      59AC022B 
 1009      916CED84 
 1009      1CFC
 1010 01bf 22B2908E 	 .ascii "\"\262\220\216\232\366\253\322\276\036\265?\346\313"
 1010      9AF6ABD2 
 1010      BE1EB53F 
 1010      E6CB
 1011 01cd A4211D57 	 .ascii "\244!\035W\177P\373\376\325\334!\277Dt\236\237nIy\331"
 1011      7F50FBFE 
 1011      D5DC21BF 
 1011      44749E9F 
 1011      6E4979D9 
 1012 01e1 B951BE55 	 .ascii "\271Q\276UpF\234K\005o\260Z\036v\256\024\207\006s\325"
 1012      70469C4B 
 1012      056FB05A 
 1012      1E76AE14 
 1012      870673D5 
 1013 01f5 726EB852 	 .ascii "rn\270R\276Yp\253\236\223w\253w\362\245\\\351\377\375"
 1013      BE5970AB 
 1013      9E9377AB 
 1013      77F2A55C 
 1013      E9FFFD
 1014 0208 EBC54A29 	 .ascii "\353\305J)?t-\177v\304sU\217Wq\235b\345\266w\316U\377"
ARM GAS   			page 25


 1014      3F742D7F 
 1014      76C47355 
 1014      8F57719D 
 1014      62E5B677 
 1015 021f 00694DED 	 .ascii "\000iM\355\216"
 1015      8E
 1016              	 .text
 1017              	 .section .gnu.lto_.symbol_nodes.74d599327299ce34,"e",%progbits
 1018 0000 789CBBCC 	 .ascii "x\234\273\314\000\004L\026\365\014\015@\300\3028\341"
 1018      00044C16 
 1018      F50C0D40 
 1018      C0C238E1 
 1019 0010 1C03433D 	 .ascii "\034\003C=\003\303\256\206FF\006F\220\024\003\253\025"
 1019      03C3AE86 
 1019      46460646 
 1019      901403AB 
 1019      15
 1020 0021 83024889 	 .ascii "\203\002H\211e=#N%\326\214 %\254\266L`\312\236\031D"
 1020      653D234E 
 1020      25D68C20 
 1020      25ACB64C 
 1020      60CA9E19 
 1021 0036 311E60A8 	 .ascii "1\036`\250g\372\017\005\362`]\014 K@Z\030\355\352\231"
 1021      67FA0F05 
 1021      F2605D0C 
 1021      204B405A 
 1021      18EDEA99 
 1022 004a 7149D9D4 	 .ascii "qI\331\324\263\340\220bf\342\200\270`\011\0333\023;"
 1022      B3E09062 
 1022      66E280B8 
 1022      60091B33 
 1022      133B
 1023 005c 94C9CECC 	 .ascii "\224\311\316\314\304\006a>aga\202\260\276\2621\000\000"
 1023      C406613E 
 1023      61676182 
 1023      B0BEB231 
 1023      0000
 1024 006e F6C53E32 	 .ascii "\366\305>2"
 1025              	 .text
 1026              	 .section .gnu.lto_.refs.74d599327299ce34,"e",%progbits
 1027 0000 789C0DC3 	 .ascii "x\234\015\303\201\011\000 \014\003\301O\252\245(\035"
 1027      81090020 
 1027      0C03C14F 
 1027      AAA5281D 
 1028 0010 C3FD57B4 	 .ascii "\303\375W\264\007\367\000\203\022\251H\023\011Q\363"
 1028      07F70083 
 1028      12A94813 
 1028      0951F3
 1029 001f E07567E3 	 .ascii "\340ug\343\335\360\001\015D\000\232"
 1029      DDF0010D 
 1029      44009A
 1030              	 .text
 1031              	 .section .gnu.lto_.decls.74d599327299ce34,"e",%progbits
 1032 0000 789CBD96 	 .ascii "x\234\275\226iPTW\026\307\357\271\267\233n\236\010D"
 1032      69505457 
 1032      16C7EFB9 
 1032      B79B6E9E 
ARM GAS   			page 26


 1032      0844
 1033 0012 7062A552 	 .ascii "pb\245R\0265\245\221/\212\3358\211S\345\007\014\256"
 1033      1635A591 
 1033      2F8ADD38 
 1033      8953E507 
 1033      0CAE
 1034 0024 655C0238 	 .ascii "e\\\0028Kf\246z:\274V\2314\3134\215\245\037\246\352"
 1034      4B66A67A 
 1034      3ABC5699 
 1034      34CB348D 
 1034      A51FA6EA 
 1035 0038 C5187733 	 .ascii "\305\030w3\216q\"\023c\202\321D\\\203;\012\312\342\306"
 1035      8E712213 
 1035      6382D144 
 1035      5C833B0A 
 1035      CAE2C6
 1036 004b 2E2A2A22 	 .ascii ".**\"\004\227\250\215\242\022\006\027\334\230s\357{"
 1036      0497A88D 
 1036      A2120617 
 1036      DC9873EF 
 1036      7B
 1037 005c FD5EB74D 	 .ascii "\375^\267M\345\343<\352\274\373\316}\277\373\277\347"
 1037      E5E33CEA 
 1037      BCFBCE7D 
 1037      BFFBBFE7 
 1038 006c 9C7B6FF3 	 .ascii "\234{o\363\256D\021RB\011\231\000\204\364\341\305\010"
 1038      AE441152 
 1038      42099900 
 1038      84F4E1C5 
 1038      08
 1039 007d 21678971 	 .ascii "!g\211q\231\321J\321\216\241\225\243\325\241\235A3\241"
 1039      99D14AD1 
 1039      8EA195A3 
 1039      D5A19D41 
 1039      33A1
 1040 008f 5D40FB2F 	 .ascii "]@\373/\332S4\000\022t-D\337\202\355<\264\021h\277C"
 1040      DA533400 
 1040      12742D44 
 1040      DF82ED3C 
 1040      B41168BF 
 1041 00a4 7F369A09 	 .ascii "\1776\232\011\355\367hM|\014\332xP\333R\315\277\020"
 1041      EDF7684D 
 1041      7C0CDA78 
 1041      50DB52CD 
 1041      BF10
 1042 00b6 2C43FE81 	 .ascii ",C\376\201\235o\004\350\274\211\366\001Z\007\332L\264"
 1042      9D6F04E8 
 1042      BC89F601 
 1042      5A07DA4C 
 1042      B4
 1043 00c7 B75ED1FE 	 .ascii "\267^\321\376\003Z7\366\235F\273\203\366G\364\033\260"
 1043      035A37F6 
 1043      9D46BB83 
 1043      F647F41B 
 1043      B0
 1044 00d8 FD898FC3 	 .ascii "\375\211\217\303\347^l}h\177\302\347?\203:i-6\177\301"
 1044      E75E6C7D 
ARM GAS   			page 27


 1044      687FC2E7 
 1044      3F833A69 
 1044      2D367FC1 
 1045 00ec B644CB8B 	 .ascii "\266D\313\213\307\324\211\355}\264.\255\357\230\226"
 1045      C7D489ED 
 1045      7DB42EAD 
 1045      EF9896
 1046 00fb 779D5607 	 .ascii "w\235V\007\366\013\271o`4\277]\311\270\011\204\377\231"
 1046      F60BB96F 
 1046      6034BF5D 
 1046      C9B80984 
 1046      FF99
 1047 010d 6400687E 	 .ascii "d\000h~\033o\022\371\200\221X\205*4LfTb\022\223\245"
 1047      1B6F12F9 
 1047      80915885 
 1047      2A344C66 
 1047      54621293 
 1048 0122 2A181ADF 	 .ascii "*\030\032\337\303\222\2544>J\262\026\036\207h\311l\245"
 1048      C392AC34 
 1048      3E4AB216 
 1048      1E8768C9 
 1048      6CA5
 1049 0134 D46791A5 	 .ascii "\324g\221\245\370\247\260\223\026\204\305%)&y\325`\237"
 1049      F8A7B093 
 1049      1684C525 
 1049      292679D5 
 1049      609F
 1050 0146 45A16B66 	 .ascii "E\241kf\304&&\341\335g\251\002\031G\315\242\326h|\362"
 1050      C42626E1 
 1050      DD67A902 
 1050      1947CDA2 
 1050      D6687CF2 
 1051 015a 59A41E56 	 .ascii "Y\244\036V\260:L\256\247\313F@\025H\262=VQ\224$\253"
 1051      B03A4CAE 
 1051      A7CB4640 
 1051      1548B23D 
 1051      56519424 
 1052 016f 75685425 	 .ascii "uhT%\253d\223\010\261Z\213v\017\226|\226(\224\210\227"
 1052      AB649308 
 1052      B15A8B76 
 1052      0F967C96 
 1052      28948897 
 1053 0183 E3A2E5B8 	 .ascii "\343\242\345\270\250*0\313\262\024\033O0\010\331nO\242"
 1053      A82A30CB 
 1053      B2141B4F 
 1053      3008D96E 
 1053      4FA2
 1054 0195 122A9BAC 	 .ascii "\022*\233\254U`g\020aW\256\335}]2K\341C\343\342\011"
 1054      55606710 
 1054      6157AEDD 
 1054      7D5D324B 
 1054      E143E3E2 
 1055 01aa 91C9248A 	 .ascii "\221\311$\212\272\254\317\177\201\005\347\224\015\027"
 1055      BAACCF7F 
 1055      8105E794 
 1055      0D17
 1056 01b8 205EA276 	 .ascii " ^\242v\312\246\371p\311)\215#D1Y#\"@\301&\3341M\236"
ARM GAS   			page 28


 1056      CAA6F970 
 1056      C9298D23 
 1056      44315923 
 1056      2240C126 
 1057 01d0 659788CF 	 .ascii "e\227\210\317B\361U\254\011\024\012\306H)\214\350\305"
 1057      42F155AC 
 1057      09140AC6 
 1057      48298CE8 
 1057      C5
 1058 01e1 133B4178 	 .ascii "\023;Ax`\264\304`\211\361\236\2026@\033m,\200\2509\250"
 1058      60B4C460 
 1058      89F19E82 
 1058      36401B6D 
 1058      2C80A839 
 1059 01f6 5A948F47 	 .ascii "Z\224\217G\243\0013\004\302\020 \016\201\204\320\320"
 1059      A3013304 
 1059      C210200E 
 1059      8184D0D0 
 1060 0206 2E7F27E8 	 .ascii ".\177'\350/Tq-\026\252\205EE\227\177Lp\340B\0054  j"
 1060      2F54712D 
 1060      16AA8545 
 1060      45977F4C 
 1060      70E04205 
 1061 021e FFD661FE 	 .ascii "\377\326a\376]\323\273\252\247:\362\026\226M\251\032"
 1061      5DD3BBAA 
 1061      A73AF216 
 1061      964DA91A 
 1062 022e 0883D724 	 .ascii "\010\203\327$\021`\277\",\236$(\342\272\376\006\201"
 1062      1160BF22 
 1062      2C9E2428 
 1062      E2BAFE06 
 1062      81
 1063 023f 43EAD071 	 .ascii "C\352\320q\003\3262\030\004\024\357\261\020\215C\227"
 1063      03D63218 
 1063      0414EFB1 
 1063      108D4397 
 1064 024f 967C562B 	 .ascii "\226|V+\275\216P\247\242\304\302<8\002p\230OX\202\023"
 1064      BD8E50A7 
 1064      A2C4C23C 
 1064      38027098 
 1064      4F588213 
 1065 0263 660BF12D 	 .ascii "f\013\361-;7\027F\376:?_yR\262\344\342\365!_)\345\213"
 1065      3B371746 
 1065      FE3A3F5F 
 1065      7952B2E4 
 1065      E2F5215F 
 1066 027a 10372101 	 .ascii "\0207!\001\007\001\212\325$\017\"~\000`?\214[oa\005"
 1066      07018AD5 
 1066      240F227E 
 1066      00603F8C 
 1066      5B6F6105 
 1067 028e C0C71DED 	 .ascii "\300\307\035\355Z\264\317\312\307\025}Y\254(f\377\230"
 1067      5AB4CFCA 
 1067      C7157D59 
 1067      AC2866FF 
 1067      98
 1068 029f A3FA98A3 	 .ascii "\243\372\230\243\372\230\325\026\266W\214\251\251\250"
ARM GAS   			page 29


 1068      FA98D516 
 1068      B6578CA9 
 1068      A9A8
 1069 02ad D8837329 	 .ascii "\330\203s)J\361\363\225\325c+)\037P\246\017(\023\015"
 1069      4AF1F395 
 1069      D5632B29 
 1069      1F50A60F 
 1069      28130D
 1070 02c0 AB012292 	 .ascii "\253\001\"\2220\211$\342\360\376&\364\201h\010k\026"
 1070      308924E2 
 1070      F0FE26F4 
 1070      8168086B 
 1070      16
 1071 02d1 3A75A756 	 .ascii ":u\247V\343~.W\024\237R\3711#\220\010\243\011\234\002"
 1071      E37E2E57 
 1071      149F52F9 
 1071      31239008 
 1071      A3099C02 
 1072 02e5 248A014E 	 .ascii "$\212\001N\002\234\000\204zNl\3312 \002\241.\245\240"
 1072      029C0084 
 1072      7A4E6CD9 
 1072      322002A1 
 1072      2EA5A0
 1073 02f8 D204A701 	 .ascii "\322\004\247\001\216\003T\362\344\253@d\276t\327\306"
 1073      8E0354F2 
 1073      E4AB4064 
 1073      BE74D7C6 
 1074 0308 75167E88 	 .ascii "u\026~\210\261\003\262\261\243\276\251\2765\314\337"
 1074      B103B2B1 
 1074      A3BEA9BE 
 1074      35CCDF
 1075 0317 51CD35F6 	 .ascii "Q\3155\366\256\277Vm\351\247|\265\230[\215\252\262\256"
 1075      AEBF566D 
 1075      E9A77CB5 
 1075      985B8DAA 
 1075      B2AE
 1076 0329 65DB71CA 	 .ascii "e\333q\312s*\252-V\026\233\371;\250\320s\252Ps\272*"
 1076      732AAA2D 
 1076      56169BF9 
 1076      3BA8D073 
 1076      AA5073BA 
 1077 033e C25EBEEA 	 .ascii "\302^\276\352\341\311\201\272\332L]\255A_\214\037\312"
 1077      E1C981BA 
 1077      DA4C5DAD 
 1077      415F8C1F 
 1077      CA
 1078 034f 3B0E0117 	 .ascii ";\016\001\027\353*-\352R\254\361\370\012\352u\261zU"
 1078      EB2A2DEA 
 1078      52ACF1F8 
 1078      0AEA75B1 
 1078      7A55
 1079 0361 EC8128D0 	 .ascii "\354\201(\320\010q\\\242\304\023a\217\305\004\235';"
 1079      08715CA2 
 1079      C413618F 
 1079      C5049D27 
 1079      3B
 1080 0372 EA064A22 	 .ascii "\352\006J\"\345\362\305\341DK\030\316\0032X\231s\000"
ARM GAS   			page 30


 1080      E5F2C5E1 
 1080      444B18CE 
 1080      03325899 
 1080      7300
 1081 0384 677956F7 	 .ascii "gyV\367\016\257\375\330<\274\031\261\222s8\313\024h"
 1081      0EAFFDD8 
 1081      3CBC19B1 
 1081      927338CB 
 1081      1468
 1082 0396 0268E4B3 	 .ascii "\002h\344\263\350\025j\0042n\263\231)T]\212&\"\326\242"
 1082      E8156A04 
 1082      326EB399 
 1082      29545D8A 
 1082      2622D6A2 
 1083 03aa C02CBC46 	 .ascii "\300,\274F\302>\243\204m\242j\257bf{5.\006\305\253_"
 1083      C23EA384 
 1083      6DA26AAF 
 1083      62667B35 
 1083      2E06C5AB 
 1084 03bf BE786891 	 .ascii "\276xh\221\024-\006\354\364k\266c$\011\360#\017`C\367"
 1084      142D06EC 
 1084      F46BB663 
 1084      2409F023 
 1084      0F6043F7 
 1085 03d3 374511A2 	 .ascii "7E\021\242\320\270*\3318\364-L\206\211\226\260b\312"
 1085      D0B82AD9 
 1085      38F42D4C 
 1085      868996B0 
 1085      62CA
 1086 03e5 5379BCA4 	 .ascii "Sy\274\244\360\353\001<\225N\334\220XU\265Vp\003\220"
 1086      F0EB013C 
 1086      954EDC90 
 1086      5855B556 
 1086      700390
 1087 03f8 C140AF03 	 .ascii "\301@\257\003\\\343JO\277\373\376[I(\375\004p\225\367"
 1087      5CE34A4F 
 1087      BFFBFE5B 
 1087      4928FD04 
 1087      7095F7
 1088 040b B49EDFB3 	 .ascii "\264\236\337\263\313\352_\304\233\274\247n\313\201\336"
 1088      CBEA5FC4 
 1088      9BBCA76E 
 1088      CB81DE
 1089 041a 28D13313 	 .ascii "(\3213\023n\361\216\317W\354\316\207~V\325\207\023\334"
 1089      6EF18ECF 
 1089      57ECCE87 
 1089      7E56D587 
 1089      13DC
 1090 042c 5657B57D 	 .ascii "VW\265}\3539\257\261w|Fe:\324\367\017\227\336\375\315"
 1090      EB39AFB1 
 1090      777C4665 
 1090      3AD4F70F 
 1090      97DEFDCD 
 1091 0440 205458AC 	 .ascii " TX\254(\005\024;\241\025\3402\177\177\007D\246\204"
 1091      2805143B 
 1091      A115E032 
 1091      7F7F0744 
ARM GAS   			page 31


 1091      A684
 1092 0452 55F03424 	 .ascii "U\3604$e\315\211\212\310a\303\206\305\014\343b\255\373"
 1092      65CD898A 
 1092      C861C386 
 1092      C50CE362 
 1092      ADFB
 1093 0464 E7E59703 	 .ascii "\347\345\227\003O\272\005\340\001\210}K\324q\211\004"
 1093      4FBA05E0 
 1093      01887D4B 
 1093      D4718904 
 1094 0474 81A22BFB 	 .ascii "\201\242+\373\025\205Ep\340\312\253\200\215\360\232"
 1094      15854570 
 1094      E0CAAB80 
 1094      8DF09A
 1095 0483 B6EC3555 	 .ascii "\266\3545U\241\302\035\2006\001\370\247M\360\023\030"
 1095      A1C21D80 
 1095      3601F8A7 
 1095      4DF01318 
 1096 0493 50B98940 	 .ascii "P\271\211@3\300%\336\377@,\353}\200{\000\235\000]|\007"
 1096      33C025DE 
 1096      FF402CEB 
 1096      7D807B00 
 1096      9D005D7C 
 1097 04a8 F148DA0E 	 .ascii "\361H\332\016\272\013Q\007\213vW\350\370K \304\216\340"
 1097      BA0B5107 
 1097      8B7657E8 
 1097      F84B20C4 
 1097      8EE0
 1098 04ba 2A9C16AB 	 .ascii "*\234\026\253\260o\311\271\237\243b^\225\205\237\241"
 1098      B06FC9B9 
 1098      9FA3625E 
 1098      95859FA1 
 1099 04ca 5F611CD0 	 .ascii "_a\034\320]\272|\177\344p\276\201\333\273\026\363\255"
 1099      5DBA7C7F 
 1099      E470BE81 
 1099      DBBB16F3 
 1099      AD
 1100 04db D50D7051 	 .ascii "\325\015pQ\240\376\210.\342\326\352\013c\227\264-\323"
 1100      A0FE882E 
 1100      E2D6EA0B 
 1100      6397B42D 
 1100      D3
 1101 04ec AC1EF3F2 	 .ascii "\254\036\363\362\341\302\273dB\215\242\333{k\244\376"
 1101      E1C2BB64 
 1101      428DA2DB 
 1101      7B6BA4FE 
 1102 04fc 76D013B1 	 .ascii "v\320\023\261\203\036\363%\354.X\311\264\372\377\225"
 1102      831EF325 
 1102      EC2E58C9 
 1102      B4FAFF95 
 1103 050c 97EB11C0 	 .ascii "\227\353\021\300C\216\364\202\300\304\257\346\363\245"
 1103      438EF482 
 1103      C0C4AFE6 
 1103      F3A5
 1104 051a C7D5501A 	 .ascii "\307\325P\032\0321\224!\370\016zD(~\270\007C\2514\263"
 1104      1A319421 
 1104      F80E7A44 
ARM GAS   			page 32


 1104      287EB807 
 1104      43A934B3 
 1105 052e 9B5A2822 	 .ascii "\233Z(\"\006\334\317;\251p\313\206\243\310\365\003\333"
 1105      06DCCF3B 
 1105      A970CB86 
 1105      A3C8F503 
 1105      DB
 1106 053f D746F617 	 .ascii "\327F\366\027K\237\210\345\2458N\015\033w\207\005\006"
 1106      4B9F88E5 
 1106      A5384E0D 
 1106      1B778705 
 1106      06
 1107 0550 F302E039 	 .ascii "\363\002\3409g\360\370p\216\007S\270\265\264} \017\246"
 1107      67F0F870 
 1107      8E0753B8 
 1107      B5B47D20 
 1107      0FA6
 1108 0562 E8CC2265 	 .ascii "\350\314\"e1\343\357\340\231\010\306\017?\303`\256\251"
 1108      31E3EFE0 
 1108      9908C60F 
 1108      3FC360AE 
 1108      A9
 1109 0573 07EC0961 	 .ascii "\007\354\011a\275\242\374K\312o7Z\245\253\277x\236\305"
 1109      BDA2FC4B 
 1109      CA6F375A 
 1109      A5ABBF78 
 1109      9EC5
 1110 0585 882EC2FA 	 .ascii "\210.\302\372\360H~\312\324L|\204\255d\204}\241\271"
 1110      F0487ECA 
 1110      D44C7C84 
 1110      AD64847D 
 1110      A1B9
 1111 0597 57F1B0A2 	 .ascii "W\361\260\242\273Ss\233\011;\204\3561\264\012\264*\255"
 1111      BB53739B 
 1111      093B84EE 
 1111      31B40AB4 
 1111      2AAD
 1112 05a9 BB8AB00B 	 .ascii "\273\212\260\013\350\266in9a7\321\275\247\271c\331C"
 1112      E8B6696E 
 1112      396137D1 
 1112      BDA7B963 
 1112      D943
 1113 05bb F41493EA 	 .ascii "\364\024\223\352\215f+M\250\257y\361l\023z;4/\216\035"
 1113      8D662B4D 
 1113      A8AF79F1 
 1113      6C137A3B 
 1113      342F8E1D 
 1114 05cf 40AF4CF3 	 .ascii "@\257L\363\206\260j\364\0324/\232\235G\257Y\363\254"
 1114      86B06AF4 
 1114      1A342F9A 
 1114      9D47AF59 
 1114      F3AC
 1115 05e1 AC0DBD1B 	 .ascii "\254\015\275\033h\267\321\356j\275\012\250\313`e\017"
 1115      68B7D1EE 
 1115      6ABD0AA8 
 1115      CB60650F 
 1116 05f1 4C588477 	 .ascii "LX\204wo\325^\335\0216\254\277+&\340\371\232\242<i\271"
ARM GAS   			page 33


 1116      6FD55EDD 
 1116      1136ACBF 
 1116      2B26E0F9 
 1116      9AA23C69 
 1117 0606 5D5416B5 	 .ascii "]T\026\265\015\377\033-\037\002\213)\374\023\277N\250"
 1117      0DFF1B2D 
 1117      1F028B29 
 1117      FC13BF4E 
 1117      A8
 1118 0617 BE60F893 	 .ascii "\276`\370\223\305\013H\020,\252{\226\303O\0212?\004"
 1118      C50B4810 
 1118      2CAA7B96 
 1118      C34F1132 
 1118      3F04
 1119 0629 31EA29E2 	 .ascii "1\352)\342\304\035\235\330\020D\374\207\352\310s\035"
 1119      C41D9DD8 
 1119      1044FC87 
 1119      EAC8731D 
 1120 0639 591D84AC 	 .ascii "Y\035\204\2544\220\225/\374\310\336 dQ@,\367u\231\177"
 1120      3490952F 
 1120      FCC8DE20 
 1120      6451402C 
 1120      F775997F 
 1121 064d 07319F1B 	 .ascii "\0071\237\0332OudMhJ*\322\251#\371A\310\027\006\322"
 1121      324F7564 
 1121      4D684A2A 
 1121      D2A923F9 
 1121      41C81706 
 1122 0662 AC23DB83 	 .ascii "\254#\333\203\220B\003i\321\221\255A\310w\006\362DG"
 1122      90420369 
 1122      D191AD41 
 1122      C87706F2 
 1122      4447
 1123 0674 D60621DA 	 .ascii "\326\006!\332o\024G^\350\310\252\320\302hY7\350\314"
 1123      6F14475E 
 1123      E8C8AAD0 
 1123      C2685937 
 1123      E8CC
 1124 0686 AE206687 	 .ascii "\256 f\2071\323\217:\262)\010\371\306@zu\344_\241\301"
 1124      31D38F3A 
 1124      B22908F9 
 1124      C6407A75 
 1124      E45FA1C1 
 1125 069a 6833B5E9 	 .ascii "h3\265\351\314\346 \346\333\200h\352ufw\310~\320\220"
 1125      CCE620E6 
 1125      DB8068EA 
 1125      756677C8 
 1125      7ED090
 1126 06ad 65FA522E 	 .ascii "e\372R.\015B>5\242\351\323U\226\007!\313\002fj\327\231"
 1126      0D423E35 
 1126      A2E9D355 
 1126      960721CB 
 1126      02666AD7 
 1127 06c2 82D0A434 	 .ascii "\202\320\2444\346\212\316|\037\272\012\310\030?\307"
 1127      E68ACE7C 
 1127      1FBA0AC8 
 1127      183FC7
ARM GAS   			page 34


 1128 06d1 7B2814F1 	 .ascii "{(\024\361N\204\360\347`?\242\024\312(T\343\207\025"
 1128      4E84F0E7 
 1128      603FA214 
 1128      CA2854E3 
 1128      8715
 1129 06e3 85F3144A 	 .ascii "\205\363\024J)\234\246p\226\002~j\225S8E\341\014\205"
 1129      299CA670 
 1129      96027E6A 
 1129      95533845 
 1129      E10C85
 1130 06f6 060A0728 	 .ascii "\006\012\007(4R8B\241\026\007R\250\241p\224B\005\205"
 1130      34523842 
 1130      A1160752 
 1130      A8A17094 
 1130      420585
 1131 0709 C314F651 	 .ascii "\303\024\366Q8H\341\030\205z\012')\234\240p\216B\035"
 1131      3848E118 
 1131      857A0A27 
 1131      299CA070 
 1131      8E421D
 1132 071c 8543FC6B 	 .ascii "\205C\374k\231GwF\217ng\350\312i\031<\320\231u\241{"
 1132      99477746 
 1132      8F6E67E8 
 1132      CA69193C 
 1132      D09975A1 
 1133 0731 5A63EEE9 	 .ascii "Zc\356\351\314\372\320\035\2531+\364\242\177\022z~\324"
 1133      CCFAD01D 
 1133      AB312BF4 
 1133      A27F127A 
 1133      7ED4
 1134 0743 A2BFD465 	 .ascii "\242\277\324eV\204\026]E:tdc\020\362U\300L>\235\371"
 1134      5684165D 
 1134      453A7464 
 1134      6310F255 
 1134      C04C3E9D 
 1135 0758 3A945165 	 .ascii ":\224Qe\356\352\310\227\241?\011\232L\253\316l\011\335"
 1135      EEEAC897 
 1135      A13F099A 
 1135      4CABCE6C 
 1135      09DD
 1136 076a 6CAACC72 	 .ascii "l\252\314r=\247%\241\033I\223\271\254\313l\013=\252"
 1136      3DA725A1 
 1136      1B4993B9 
 1136      ACCB6C0B 
 1136      3DAA
 1137 077c C8B0ED66 	 .ascii "\310\260\355f\376\357\241\243v\355#\032\363\352v\200"
 1137      FEEFA1A3 
 1137      76ED231A 
 1137      F3EA7680 
 1138 078c 26FA7FDB 	 .ascii "&\372\177\333\020\3743\273\266{\217\331\370T\272`D{"
 1138      10FC33BB 
 1138      B67B8FD9 
 1138      F854BA60 
 1138      447B
 1139 079e 910AE0C8 	 .ascii "\221\012\340\310\3633\335a\006\320d|K]R\201{M/?\211"
 1139      F333DD61 
 1139      06D0647C 
ARM GAS   			page 35


 1139      4B5D5281 
 1139      7B4D2F3F 
 1140 07b3 30806E03 	 .ascii "0\200n\003hV\201\253;o<\267\032@\203\001\\V\201K=\217"
 1140      685681AB 
 1140      3B6F3CB7 
 1140      1A408301 
 1140      5C56814B 
 1141 07c9 EE07C4D0 	 .ascii "\356\007\304\320k\000-"
 1141      6B002D
 1142 07d0 2AF0F874 	 .ascii "*\360\370t\361\255(\003\2505\200+*\260c\375\276\233"
 1142      F1AD2803 
 1142      A835802B 
 1142      2AB063FD 
 1142      BE9B
 1143 07e2 9106A018 	 .ascii "\221\006\240\030Y\264\252@Mk\321\263\200\030J\014\205"
 1143      59B4AA40 
 1143      4D6BD1B3 
 1143      80184A0C 
 1143      85
 1144 07f3 365E08AB 	 .ascii "6^\010\253\323\2239\377\235\221\231DJ\317\366x]\013"
 1144      D39339FF 
 1144      9D919944 
 1144      4ACFF678 
 1144      5D0B
 1145 0805 46662692 	 .ascii "Ff&\222\327\32222]\036\233cj\312\373S\234Y\262\333\345"
 1145      D7D23232 
 1145      5D1E9B63 
 1145      6ACAFB53 
 1145      9C59B2DB 
 1146 081a 91723DE9 	 .ascii "\221r=\351\011\031\236\277\347\216J\267N\2361;.\331"
 1146      09199EBF 
 1146      E78E4AB7 
 1146      4E9E313B 
 1146      2ED9
 1147 082c F60E8956 	 .ascii "\366\016\211V\375Qs\\\362\030\347\330\321c\311\244\204"
 1147      FD51735C 
 1147      F218E7D8 
 1147      D163C9A4 
 1147      84
 1148 083d 79D999AE 	 .ascii "y\331\231\256\204\371\011\023\\\271\037y\263s\022\336"
 1148      84F90913 
 1148      5CB91F79 
 1148      B37312DE 
 1149 084d CBC8FA28 	 .ascii "\313\310\372(\316\233\035\227\343\311\376\233+\335\233"
 1149      CE9B1D97 
 1149      E3C9FE9B 
 1149      2BDD9B
 1150 085c 9BE04CF7 	 .ascii "\233\340L\367\3469\335q\356W\373\347fx\3348\221s\344"
 1150      E639DD71 
 1150      EE57FBE7 
 1150      6678DC38 
 1150      9173E4
 1151 086f FCDC7432 	 .ascii "\374\334t2\300\230K\213\304\036\020\311\200\274\034"
 1151      C0984B8B 
 1151      C41E10C9 
 1151      80BC1C
 1152 087e D9E97539 	 .ascii "\331\351u9\334.9W\220\231\316\214\254Q\363\310\300\364"
ARM GAS   			page 36


 1152      DC2E3957 
 1152      9099CE8C 
 1152      AC51F3C8 
 1152      C0F4
 1153 0890 ECACF92E 	 .ascii "\354\254\371.\217\327\341\364x\234\013-y\031Y\336\261"
 1153      8FD7E1F4 
 1153      789C0B2D 
 1153      791959DE 
 1153      B1
 1154 08a1 0E6FE45C 	 .ascii "\016o\344\\\227\327!\273\334^\247\303\213J\226\\\027"
 1154      97D721BB 
 1154      DC5EA7C3 
 1154      8B4A965C 
 1154      17
 1155 08b2 6272AE95 	 .ascii "br\256\225\277N\264;\274\003\235\356\271\2169yY\351"
 1155      BF4EB43B 
 1155      BC039DEE 
 1155      B98E3979 
 1155      59E9
 1156 08c4 DE8CECAC 	 .ascii "\336\214\354\254\334A\351y\036\217+\313\353^\350\310"
 1156      DC41E979 
 1156      1E8F2BCB 
 1156      EB5EE8C8 
 1157 08d4 75B93132 	 .ascii "u\27112\227\034\355\315\366:\335\016\217knF\256\327"
 1157      971CEDCD 
 1157      F63ADD0E 
 1157      8F6B6E46 
 1157      AED7
 1158 08e6 E571C966 	 .ascii "\345q\311fN\253\002\266\267\035^sn\216\313%G\005\311"
 1158      4EAB02B6 
 1158      B71D5E73 
 1158      6E8ECB25 
 1158      4705C9
 1159 08f9 A02C8FCE 	 .ascii "\240,\217\316\201q:\035\236\271\037\306\030\036\326"
 1159      81713A1D 
 1159      9EB91FC6 
 1159      181ED6
 1160 0908 D82374CD 	 .ascii "\330#t\315\311\311)\2116~\267\213\273\315&%O\031\343"
 1160      C9C92989 
 1160      367EB78B 
 1160      BBCD2625 
 1160      4F19E3
 1161 091b 489E9196 	 .ascii "H\236\221\226\362\236\035\037\023\215G\273\361h\323"
 1161      F29E1D1F 
 1161      138D47BB 
 1161      F168D3
 1162 092a 1EC3264C 	 .ascii "\036\303&L\037\357H\231H\247N\014KM\033\2376;5\342\335"
 1162      1FEF4899 
 1162      48A74E0C 
 1162      4B4D1B9F 
 1162      363B35E2 
 1163 093f 946913D3 	 .ascii "\224i\023\323R\324\327\026\2564!m\262\205\313\250\255"
 1163      52D4D716 
 1163      AE34216D 
 1163      B285CBA8 
 1163      AD
 1164 0950 5D6B6DBC 	 .ascii "]km\2745f\262\0313\331\214\231l\306L\266p\235\015\327"
ARM GAS   			page 37


 1164      3566B219 
 1164      33D98C99 
 1164      6CC64CB6 
 1164      709D0DD7 
 1165 0964 D1709D0C 	 .ascii "\321p\235\014\327A\023\3460\206\337\022\371\315\316"
 1165      D74113E6 
 1165      3086DF12 
 1165      F9CDCE
 1166 0973 6F98177F 	 .ascii "o\230\027\177\303\306\247\244\260Y\251\223\031z<\323"
 1166      C3C6A7A4 
 1166      B059A993 
 1166      197A3CD3 
 1167 0983 31B631EE 	 .ascii "1\2661\356\214\017\023\222\247\247NM\305{\"\356\226"
 1167      8C0F1392 
 1167      A7A74E4D 
 1167      C57B22EE 
 1167      96
 1168 0994 F919E9AE 	 .ascii "\371\031\351\256\324\274\234\034\334\200\011\323'\244"
 1168      D4BC9C1C 
 1168      DC8009D3 
 1168      27A4
 1169 09a2 24DA27FD 	 .ascii "$\332'\375\366\375\005\011\031Y\351\232\267\000\327"
 1169      F6FD0509 
 1169      1959E99A 
 1169      B700D7
 1170 09b1 F7357C74 	 .ascii "\3675|t\244M\235>\021\357\013s\\\023\\s\376\007k\306"
 1170      A44D9D3E 
 1170      11EF0B73 
 1170      5C135C73 
 1170      FE076BC6 
 1171 09c5 8676     	 .ascii "\206v"
 1172              	 .text
 1173              	 .section .gnu.lto_.symtab.74d599327299ce34,"e",%progbits
 1174 0000 54696D65 	 .ascii "Timer1_IRQHandler\000"
 1174      72315F49 
 1174      52514861 
 1174      6E646C65 
 1174      7200
 1175 0012 00       	 .ascii "\000"
 1176 0013 00       	 .ascii "\000"
 1177 0014 00       	 .ascii "\000"
 1178 0015 00000000 	 .ascii "\000\000\000\000\000\000\000\000"
 1178      00000000 
 1179 001d BC000000 	 .ascii "\274\000\000\000"
 1180 0021 54696D65 	 .ascii "Timer2_IRQHandler\000"
 1180      72325F49 
 1180      52514861 
 1180      6E646C65 
 1180      7200
 1181 0033 00       	 .ascii "\000"
 1182 0034 00       	 .ascii "\000"
 1183 0035 00       	 .ascii "\000"
 1184 0036 00000000 	 .ascii "\000\000\000\000\000\000\000\000"
 1184      00000000 
 1185 003e BE000000 	 .ascii "\276\000\000\000"
 1186 0042 7365636F 	 .ascii "seconds\000"
 1186      6E647300 
ARM GAS   			page 38


 1187 004a 00       	 .ascii "\000"
 1188 004b 02       	 .ascii "\002"
 1189 004c 00       	 .ascii "\000"
 1190 004d 00000000 	 .ascii "\000\000\000\000\000\000\000\000"
 1190      00000000 
 1191 0055 D5000000 	 .ascii "\325\000\000\000"
 1192 0059 616C675F 	 .ascii "alg_functions\000"
 1192      66756E63 
 1192      74696F6E 
 1192      7300
 1193 0067 00       	 .ascii "\000"
 1194 0068 02       	 .ascii "\002"
 1195 0069 00       	 .ascii "\000"
 1196 006a 00000000 	 .ascii "\000\000\000\000\000\000\000\000"
 1196      00000000 
 1197 0072 F3000000 	 .ascii "\363\000\000\000"
 1198 0076 6C656473 	 .ascii "leds_data_rgb\000"
 1198      5F646174 
 1198      615F7267 
 1198      6200
 1199 0084 00       	 .ascii "\000"
 1200 0085 02       	 .ascii "\002"
 1201 0086 00       	 .ascii "\000"
 1202 0087 00000000 	 .ascii "\000\000\000\000\000\000\000\000"
 1202      00000000 
 1203 008f FA000000 	 .ascii "\372\000\000\000"
 1204 0093 6C656473 	 .ascii "leds_data_corrected\000"
 1204      5F646174 
 1204      615F636F 
 1204      72726563 
 1204      74656400 
 1205 00a7 00       	 .ascii "\000"
 1206 00a8 02       	 .ascii "\002"
 1207 00a9 00       	 .ascii "\000"
 1208 00aa 00000000 	 .ascii "\000\000\000\000\000\000\000\000"
 1208      00000000 
 1209 00b2 01010000 	 .ascii "\001\001\000\000"
 1210 00b6 75706461 	 .ascii "update_leds\000"
 1210      74655F6C 
 1210      65647300 
 1211 00c2 00       	 .ascii "\000"
 1212 00c3 02       	 .ascii "\002"
 1213 00c4 00       	 .ascii "\000"
 1214 00c5 00000000 	 .ascii "\000\000\000\000\000\000\000\000"
 1214      00000000 
 1215 00cd C0000000 	 .ascii "\300\000\000\000"
 1216 00d1 636F6E76 	 .ascii "convert_array\000"
 1216      6572745F 
 1216      61727261 
 1216      7900
 1217 00df 00       	 .ascii "\000"
 1218 00e0 02       	 .ascii "\002"
 1219 00e1 00       	 .ascii "\000"
 1220 00e2 00000000 	 .ascii "\000\000\000\000\000\000\000\000"
 1220      00000000 
 1221 00ea CC000000 	 .ascii "\314\000\000\000"
 1222 00ee 6765745F 	 .ascii "get_delta_time\000"
ARM GAS   			page 39


 1222      64656C74 
 1222      615F7469 
 1222      6D6500
 1223 00fd 00       	 .ascii "\000"
 1224 00fe 02       	 .ascii "\002"
 1225 00ff 00       	 .ascii "\000"
 1226 0100 00000000 	 .ascii "\000\000\000\000\000\000\000\000"
 1226      00000000 
 1227 0108 CF000000 	 .ascii "\317\000\000\000"
 1228              	 .text
 1229              	 .section .gnu.lto_.ext_symtab.74d599327299ce34,"e",%progbits
 1230 0000 01       	 .ascii "\001"
 1231 0001 01       	 .ascii "\001"
 1232 0002 00       	 .ascii "\000"
 1233 0003 01       	 .ascii "\001"
 1234 0004 00       	 .ascii "\000"
 1235 0005 02       	 .ascii "\002"
 1236 0006 01       	 .ascii "\001"
 1237 0007 02       	 .ascii "\002"
 1238 0008 01       	 .ascii "\001"
 1239 0009 02       	 .ascii "\002"
 1240 000a 01       	 .ascii "\001"
 1241 000b 02       	 .ascii "\002"
 1242 000c 01       	 .ascii "\001"
 1243 000d 01       	 .ascii "\001"
 1244 000e 00       	 .ascii "\000"
 1245 000f 01       	 .ascii "\001"
 1246 0010 00       	 .ascii "\000"
 1247 0011 01       	 .ascii "\001"
 1248 0012 00       	 .ascii "\000"
 1249              	 .text
 1250              	 .section .gnu.lto_.opts,"e",%progbits
 1251 0000 272D666E 	 .ascii "'-fno-openmp' '-fno-openacc' '-fno-pie' '-fcf-prote"
 1251      6F2D6F70 
 1251      656E6D70 
 1251      2720272D 
 1251      666E6F2D 
 1252 0033 6374696F 	 .ascii "ction=none' '-g' '-mcpu=cortex-m3' '-mthumb' '-mflo"
 1252      6E3D6E6F 
 1252      6E652720 
 1252      272D6727 
 1252      20272D6D 
 1253 0066 61742D61 	 .ascii "at-abi=soft' '-mlibarch=armv7-m' '-march=armv7-m' '"
 1253      62693D73 
 1253      6F667427 
 1253      20272D6D 
 1253      6C696261 
 1254 0099 2D4F6727 	 .ascii "-Og' '-fdata-sections' '-ffunction-sections' '-flto"
 1254      20272D66 
 1254      64617461 
 1254      2D736563 
 1254      74696F6E 
 1255 00cc 2720272D 	 .ascii "' '-Xassembler' '-a' '-Xassembler' '-ad' '-Xassembl"
 1255      58617373 
 1255      656D626C 
 1255      65722720 
 1255      272D6127 
ARM GAS   			page 40


 1256 00ff 65722720 	 .ascii "er' '-alms=build/irqs.lst'\000"
 1256      272D616C 
 1256      6D733D62 
 1256      75696C64 
 1256      2F697271 
 1257              	 .text
 1258              	 .comm __gnu_lto_slim,1,1
 1259              	 .ident "GCC: (15:10.3-2021.07-4) 10.3.1 20210621 (release)"
ARM GAS   			page 41


DEFINED SYMBOLS
                            *ABS*:0000000000000000 irqs.c
    {standard input}:20     .gnu.debuglto_.debug_info:0000000000000000 irqs.c.fed4a808
                            *COM*:0000000000000001 __gnu_lto_slim

NO UNDEFINED SYMBOLS
