ARM GAS   			page 1


   1              	 .cpu cortex-m3
   2              	 .eabi_attribute 20,1
   3              	 .eabi_attribute 21,1
   4              	 .eabi_attribute 23,3
   5              	 .eabi_attribute 24,1
   6              	 .eabi_attribute 25,1
   7              	 .eabi_attribute 26,1
   8              	 .eabi_attribute 30,1
   9              	 .eabi_attribute 34,1
  10              	 .eabi_attribute 18,4
  11              	 .file "main.c"
  12              	 .file 1 "/usr/lib/gcc/arm-none-eabi/10.3.1/include/stdint.h"
  13              	 .file 2 "lib/CMSIS/CM3/DeviceSupport/MDR32F9Qx/inc/MDR32Fx.h"
  14              	 .file 3 "lib/CMSIS/CM3/CoreSupport/core_cm3.h"
  15              	 .file 4 "src/main.h"
  16              	 .file 5 "src/joystick.h"
  17              	 .file 6 "src/main.c"
  18              	 .section .gnu.debuglto_.debug_info,"e",%progbits
  19              	.Ldebug_info0:
  20              	 .hidden main.c.b03370d4
  21              	 .weak main.c.b03370d4
  22              	main.c.b03370d4:
  23 0000 E5030000 	 .4byte 0x3e5
  24 0004 0200     	 .2byte 0x2
  25 0006 00000000 	 .4byte .Ldebug_abbrev0
  26 000a 04       	 .byte 0x4
  27 000b 01       	 .uleb128 0x1
  28 000c 23010000 	 .4byte .LASF69
  29 0010 0C       	 .byte 0xc
  30 0011 EC030000 	 .4byte .LASF70
  31 0015 B8010000 	 .4byte .LASF71
  32 0019 00000000 	 .4byte .Ldebug_line0
  33 001d 02       	 .uleb128 0x2
  34 001e 01       	 .byte 0x1
  35 001f 06       	 .byte 0x6
  36 0020 69020000 	 .4byte .LASF0
  37 0024 02       	 .uleb128 0x2
  38 0025 02       	 .byte 0x2
  39 0026 05       	 .byte 0x5
  40 0027 4E000000 	 .4byte .LASF1
  41 002b 02       	 .uleb128 0x2
  42 002c 04       	 .byte 0x4
  43 002d 05       	 .byte 0x5
  44 002e 09010000 	 .4byte .LASF2
  45 0032 02       	 .uleb128 0x2
  46 0033 08       	 .byte 0x8
  47 0034 05       	 .byte 0x5
  48 0035 E3000000 	 .4byte .LASF3
  49 0039 03       	 .uleb128 0x3
  50 003a A7000000 	 .4byte .LASF5
  51 003e 01       	 .byte 0x1
  52 003f 2E       	 .byte 0x2e
  53 0040 18       	 .byte 0x18
  54 0041 4A000000 	 .4byte 0x4a
  55 0045 04       	 .uleb128 0x4
  56 0046 39000000 	 .4byte 0x39
  57 004a 02       	 .uleb128 0x2
ARM GAS   			page 2


  58 004b 01       	 .byte 0x1
  59 004c 08       	 .byte 0x8
  60 004d 2C020000 	 .4byte .LASF4
  61 0051 03       	 .uleb128 0x3
  62 0052 12030000 	 .4byte .LASF6
  63 0056 01       	 .byte 0x1
  64 0057 31       	 .byte 0x31
  65 0058 19       	 .byte 0x19
  66 0059 5D000000 	 .4byte 0x5d
  67 005d 02       	 .uleb128 0x2
  68 005e 02       	 .byte 0x2
  69 005f 07       	 .byte 0x7
  70 0060 DF020000 	 .4byte .LASF7
  71 0064 03       	 .uleb128 0x3
  72 0065 8C020000 	 .4byte .LASF8
  73 0069 01       	 .byte 0x1
  74 006a 34       	 .byte 0x34
  75 006b 19       	 .byte 0x19
  76 006c 75000000 	 .4byte 0x75
  77 0070 04       	 .uleb128 0x4
  78 0071 64000000 	 .4byte 0x64
  79 0075 02       	 .uleb128 0x2
  80 0076 04       	 .byte 0x4
  81 0077 07       	 .byte 0x7
  82 0078 6D030000 	 .4byte .LASF9
  83 007c 02       	 .uleb128 0x2
  84 007d 08       	 .byte 0x8
  85 007e 07       	 .byte 0x7
  86 007f 75020000 	 .4byte .LASF10
  87 0083 05       	 .uleb128 0x5
  88 0084 04       	 .byte 0x4
  89 0085 05       	 .byte 0x5
  90 0086 696E7400 	 .ascii "int\000"
  91 008a 02       	 .uleb128 0x2
  92 008b 04       	 .byte 0x4
  93 008c 07       	 .byte 0x7
  94 008d 95020000 	 .4byte .LASF11
  95 0091 06       	 .uleb128 0x6
  96 0092 94000000 	 .4byte .LASF68
  97 0096 05       	 .byte 0x5
  98 0097 01       	 .byte 0x1
  99 0098 1D000000 	 .4byte 0x1d
 100 009c 02       	 .byte 0x2
 101 009d 31       	 .byte 0x31
 102 009e 0E       	 .byte 0xe
 103 009f 52010000 	 .4byte 0x152
 104 00a3 07       	 .uleb128 0x7
 105 00a4 9E030000 	 .4byte .LASF12
 106 00a8 72       	 .sleb128 -14
 107 00a9 07       	 .uleb128 0x7
 108 00aa D0020000 	 .4byte .LASF13
 109 00ae 73       	 .sleb128 -13
 110 00af 07       	 .uleb128 0x7
 111 00b0 7F030000 	 .4byte .LASF14
 112 00b4 74       	 .sleb128 -12
 113 00b5 07       	 .uleb128 0x7
 114 00b6 AB020000 	 .4byte .LASF15
ARM GAS   			page 3


 115 00ba 75       	 .sleb128 -11
 116 00bb 07       	 .uleb128 0x7
 117 00bc B4000000 	 .4byte .LASF16
 118 00c0 76       	 .sleb128 -10
 119 00c1 07       	 .uleb128 0x7
 120 00c2 C4020000 	 .4byte .LASF17
 121 00c6 7B       	 .sleb128 -5
 122 00c7 07       	 .uleb128 0x7
 123 00c8 12010000 	 .4byte .LASF18
 124 00cc 7E       	 .sleb128 -2
 125 00cd 07       	 .uleb128 0x7
 126 00ce 0B000000 	 .4byte .LASF19
 127 00d2 7F       	 .sleb128 -1
 128 00d3 08       	 .uleb128 0x8
 129 00d4 85000000 	 .4byte .LASF20
 130 00d8 00       	 .byte 0
 131 00d9 08       	 .uleb128 0x8
 132 00da 31030000 	 .4byte .LASF21
 133 00de 01       	 .byte 0x1
 134 00df 08       	 .uleb128 0x8
 135 00e0 95030000 	 .4byte .LASF22
 136 00e4 02       	 .byte 0x2
 137 00e5 08       	 .uleb128 0x8
 138 00e6 99000000 	 .4byte .LASF23
 139 00ea 05       	 .byte 0x5
 140 00eb 08       	 .uleb128 0x8
 141 00ec FE010000 	 .4byte .LASF24
 142 00f0 06       	 .byte 0x6
 143 00f1 08       	 .uleb128 0x8
 144 00f2 18020000 	 .4byte .LASF25
 145 00f6 07       	 .byte 0x7
 146 00f7 08       	 .uleb128 0x8
 147 00f8 46020000 	 .4byte .LASF26
 148 00fc 08       	 .byte 0x8
 149 00fd 08       	 .uleb128 0x8
 150 00fe A2020000 	 .4byte .LASF27
 151 0102 0A       	 .byte 0xa
 152 0103 08       	 .uleb128 0x8
 153 0104 18000000 	 .4byte .LASF28
 154 0108 0B       	 .byte 0xb
 155 0109 08       	 .uleb128 0x8
 156 010a FF000000 	 .4byte .LASF29
 157 010e 0C       	 .byte 0xc
 158 010f 08       	 .uleb128 0x8
 159 0110 1B030000 	 .4byte .LASF30
 160 0114 0E       	 .byte 0xe
 161 0115 08       	 .uleb128 0x8
 162 0116 79000000 	 .4byte .LASF31
 163 011a 0F       	 .byte 0xf
 164 011b 08       	 .uleb128 0x8
 165 011c F7030000 	 .4byte .LASF32
 166 0120 10       	 .byte 0x10
 167 0121 08       	 .uleb128 0x8
 168 0122 23020000 	 .4byte .LASF33
 169 0126 11       	 .byte 0x11
 170 0127 08       	 .uleb128 0x8
 171 0128 F2020000 	 .4byte .LASF34
ARM GAS   			page 4


 172 012c 13       	 .byte 0x13
 173 012d 08       	 .uleb128 0x8
 174 012e 03040000 	 .4byte .LASF35
 175 0132 14       	 .byte 0x14
 176 0133 08       	 .uleb128 0x8
 177 0134 3A020000 	 .4byte .LASF36
 178 0138 1B       	 .byte 0x1b
 179 0139 08       	 .uleb128 0x8
 180 013a 6B000000 	 .4byte .LASF37
 181 013e 1C       	 .byte 0x1c
 182 013f 08       	 .uleb128 0x8
 183 0140 40000000 	 .4byte .LASF38
 184 0144 1D       	 .byte 0x1d
 185 0145 08       	 .uleb128 0x8
 186 0146 F1000000 	 .4byte .LASF39
 187 014a 1E       	 .byte 0x1e
 188 014b 08       	 .uleb128 0x8
 189 014c 29000000 	 .4byte .LASF40
 190 0150 1F       	 .byte 0x1f
 191 0151 00       	 .byte 0
 192 0152 03       	 .uleb128 0x3
 193 0153 50020000 	 .4byte .LASF41
 194 0157 02       	 .byte 0x2
 195 0158 53       	 .byte 0x53
 196 0159 02       	 .byte 0x2
 197 015a 91000000 	 .4byte 0x91
 198 015e 09       	 .uleb128 0x9
 199 015f 040E     	 .2byte 0xe04
 200 0161 03       	 .byte 0x3
 201 0162 2C01     	 .2byte 0x12c
 202 0164 09       	 .byte 0x9
 203 0165 44020000 	 .4byte 0x244
 204 0169 0A       	 .uleb128 0xa
 205 016a A2000000 	 .4byte .LASF42
 206 016e 03       	 .byte 0x3
 207 016f 2E01     	 .2byte 0x12e
 208 0171 11       	 .byte 0x11
 209 0172 54020000 	 .4byte 0x254
 210 0176 02       	 .byte 0x2
 211 0177 23       	 .byte 0x23
 212 0178 00       	 .uleb128 0
 213 0179 0A       	 .uleb128 0xa
 214 017a 3B030000 	 .4byte .LASF43
 215 017e 03       	 .byte 0x3
 216 017f 2F01     	 .2byte 0x12f
 217 0181 11       	 .byte 0x11
 218 0182 59020000 	 .4byte 0x259
 219 0186 02       	 .byte 0x2
 220 0187 23       	 .byte 0x23
 221 0188 20       	 .uleb128 0x20
 222 0189 0A       	 .uleb128 0xa
 223 018a BF020000 	 .4byte .LASF44
 224 018e 03       	 .byte 0x3
 225 018f 3001     	 .2byte 0x130
 226 0191 11       	 .byte 0x11
 227 0192 54020000 	 .4byte 0x254
 228 0196 03       	 .byte 0x3
ARM GAS   			page 5


 229 0197 23       	 .byte 0x23
 230 0198 8001     	 .uleb128 0x80
 231 019a 0A       	 .uleb128 0xa
 232 019b DA000000 	 .4byte .LASF45
 233 019f 03       	 .byte 0x3
 234 01a0 3101     	 .2byte 0x131
 235 01a2 11       	 .byte 0x11
 236 01a3 59020000 	 .4byte 0x259
 237 01a7 03       	 .byte 0x3
 238 01a8 23       	 .byte 0x23
 239 01a9 A001     	 .uleb128 0xa0
 240 01ab 0A       	 .uleb128 0xa
 241 01ac 27030000 	 .4byte .LASF46
 242 01b0 03       	 .byte 0x3
 243 01b1 3201     	 .2byte 0x132
 244 01b3 11       	 .byte 0x11
 245 01b4 54020000 	 .4byte 0x254
 246 01b8 03       	 .byte 0x3
 247 01b9 23       	 .byte 0x23
 248 01ba 8002     	 .uleb128 0x100
 249 01bc 0A       	 .uleb128 0xa
 250 01bd 45030000 	 .4byte .LASF47
 251 01c1 03       	 .byte 0x3
 252 01c2 3301     	 .2byte 0x133
 253 01c4 11       	 .byte 0x11
 254 01c5 59020000 	 .4byte 0x259
 255 01c9 03       	 .byte 0x3
 256 01ca 23       	 .byte 0x23
 257 01cb A002     	 .uleb128 0x120
 258 01cd 0A       	 .uleb128 0xa
 259 01ce 64020000 	 .4byte .LASF48
 260 01d2 03       	 .byte 0x3
 261 01d3 3401     	 .2byte 0x134
 262 01d5 11       	 .byte 0x11
 263 01d6 54020000 	 .4byte 0x254
 264 01da 03       	 .byte 0x3
 265 01db 23       	 .byte 0x23
 266 01dc 8003     	 .uleb128 0x180
 267 01de 0A       	 .uleb128 0xa
 268 01df 4F030000 	 .4byte .LASF49
 269 01e3 03       	 .byte 0x3
 270 01e4 3501     	 .2byte 0x135
 271 01e6 11       	 .byte 0x11
 272 01e7 59020000 	 .4byte 0x259
 273 01eb 03       	 .byte 0x3
 274 01ec 23       	 .byte 0x23
 275 01ed A003     	 .uleb128 0x1a0
 276 01ef 0A       	 .uleb128 0xa
 277 01f0 00000000 	 .4byte .LASF50
 278 01f4 03       	 .byte 0x3
 279 01f5 3601     	 .2byte 0x136
 280 01f7 11       	 .byte 0x11
 281 01f8 54020000 	 .4byte 0x254
 282 01fc 03       	 .byte 0x3
 283 01fd 23       	 .byte 0x23
 284 01fe 8004     	 .uleb128 0x200
 285 0200 0A       	 .uleb128 0xa
ARM GAS   			page 6


 286 0201 59030000 	 .4byte .LASF51
 287 0205 03       	 .byte 0x3
 288 0206 3701     	 .2byte 0x137
 289 0208 11       	 .byte 0x11
 290 0209 69020000 	 .4byte 0x269
 291 020d 03       	 .byte 0x3
 292 020e 23       	 .byte 0x23
 293 020f A004     	 .uleb128 0x220
 294 0211 0B       	 .uleb128 0xb
 295 0212 495000   	 .ascii "IP\000"
 296 0215 03       	 .byte 0x3
 297 0216 3801     	 .2byte 0x138
 298 0218 11       	 .byte 0x11
 299 0219 89020000 	 .4byte 0x289
 300 021d 03       	 .byte 0x3
 301 021e 23       	 .byte 0x23
 302 021f 8006     	 .uleb128 0x300
 303 0221 0A       	 .uleb128 0xa
 304 0222 63030000 	 .4byte .LASF52
 305 0226 03       	 .byte 0x3
 306 0227 3901     	 .2byte 0x139
 307 0229 11       	 .byte 0x11
 308 022a 8E020000 	 .4byte 0x28e
 309 022e 03       	 .byte 0x3
 310 022f 23       	 .byte 0x23
 311 0230 F007     	 .uleb128 0x3f0
 312 0232 0A       	 .uleb128 0xa
 313 0233 AF000000 	 .4byte .LASF53
 314 0237 03       	 .byte 0x3
 315 0238 3A01     	 .2byte 0x13a
 316 023a 11       	 .byte 0x11
 317 023b 70000000 	 .4byte 0x70
 318 023f 03       	 .byte 0x3
 319 0240 23       	 .byte 0x23
 320 0241 801C     	 .uleb128 0xe00
 321 0243 00       	 .byte 0
 322 0244 0C       	 .uleb128 0xc
 323 0245 70000000 	 .4byte 0x70
 324 0249 54020000 	 .4byte 0x254
 325 024d 0D       	 .uleb128 0xd
 326 024e 8A000000 	 .4byte 0x8a
 327 0252 07       	 .byte 0x7
 328 0253 00       	 .byte 0
 329 0254 04       	 .uleb128 0x4
 330 0255 44020000 	 .4byte 0x244
 331 0259 0C       	 .uleb128 0xc
 332 025a 64000000 	 .4byte 0x64
 333 025e 69020000 	 .4byte 0x269
 334 0262 0D       	 .uleb128 0xd
 335 0263 8A000000 	 .4byte 0x8a
 336 0267 17       	 .byte 0x17
 337 0268 00       	 .byte 0
 338 0269 0C       	 .uleb128 0xc
 339 026a 64000000 	 .4byte 0x64
 340 026e 79020000 	 .4byte 0x279
 341 0272 0D       	 .uleb128 0xd
 342 0273 8A000000 	 .4byte 0x8a
ARM GAS   			page 7


 343 0277 37       	 .byte 0x37
 344 0278 00       	 .byte 0
 345 0279 0C       	 .uleb128 0xc
 346 027a 45000000 	 .4byte 0x45
 347 027e 89020000 	 .4byte 0x289
 348 0282 0D       	 .uleb128 0xd
 349 0283 8A000000 	 .4byte 0x8a
 350 0287 EF       	 .byte 0xef
 351 0288 00       	 .byte 0
 352 0289 04       	 .uleb128 0x4
 353 028a 79020000 	 .4byte 0x279
 354 028e 0C       	 .uleb128 0xc
 355 028f 64000000 	 .4byte 0x64
 356 0293 9F020000 	 .4byte 0x29f
 357 0297 0E       	 .uleb128 0xe
 358 0298 8A000000 	 .4byte 0x8a
 359 029c 8302     	 .2byte 0x283
 360 029e 00       	 .byte 0
 361 029f 0F       	 .uleb128 0xf
 362 02a0 5A020000 	 .4byte .LASF54
 363 02a4 03       	 .byte 0x3
 364 02a5 3B01     	 .2byte 0x13b
 365 02a7 04       	 .byte 0x4
 366 02a8 5E010000 	 .4byte 0x15e
 367 02ac 10       	 .uleb128 0x10
 368 02ad 07       	 .byte 0x7
 369 02ae 01       	 .byte 0x1
 370 02af 4A000000 	 .4byte 0x4a
 371 02b3 05       	 .byte 0x5
 372 02b4 06       	 .byte 0x6
 373 02b5 0E       	 .byte 0xe
 374 02b6 EA020000 	 .4byte 0x2ea
 375 02ba 08       	 .uleb128 0x8
 376 02bb E6030000 	 .4byte .LASF55
 377 02bf 00       	 .byte 0
 378 02c0 11       	 .uleb128 0x11
 379 02c1 53454C00 	 .ascii "SEL\000"
 380 02c5 01       	 .byte 0x1
 381 02c6 08       	 .uleb128 0x8
 382 02c7 23000000 	 .4byte .LASF56
 383 02cb 02       	 .byte 0x2
 384 02cc 08       	 .uleb128 0x8
 385 02cd 1E010000 	 .4byte .LASF57
 386 02d1 03       	 .byte 0x3
 387 02d2 11       	 .uleb128 0x11
 388 02d3 555000   	 .ascii "UP\000"
 389 02d6 04       	 .byte 0x4
 390 02d7 08       	 .uleb128 0x8
 391 02d8 2C030000 	 .4byte .LASF58
 392 02dc 05       	 .byte 0x5
 393 02dd 08       	 .uleb128 0x8
 394 02de 37000000 	 .4byte .LASF59
 395 02e2 06       	 .byte 0x6
 396 02e3 08       	 .uleb128 0x8
 397 02e4 CA030000 	 .4byte .LASF60
 398 02e8 07       	 .byte 0x7
 399 02e9 00       	 .byte 0
ARM GAS   			page 8


 400 02ea 12       	 .uleb128 0x12
 401 02eb 54       	 .byte 0x54
 402 02ec 04       	 .byte 0x4
 403 02ed 28       	 .byte 0x28
 404 02ee 09       	 .byte 0x9
 405 02ef 30030000 	 .4byte 0x330
 406 02f3 13       	 .uleb128 0x13
 407 02f4 C4000000 	 .4byte .LASF61
 408 02f8 04       	 .byte 0x4
 409 02f9 2A       	 .byte 0x2a
 410 02fa 09       	 .byte 0x9
 411 02fb 30030000 	 .4byte 0x330
 412 02ff 02       	 .byte 0x2
 413 0300 23       	 .byte 0x23
 414 0301 00       	 .uleb128 0
 415 0302 13       	 .uleb128 0x13
 416 0303 B2030000 	 .4byte .LASF62
 417 0307 04       	 .byte 0x4
 418 0308 2B       	 .byte 0x2b
 419 0309 0A       	 .byte 0xa
 420 030a 39000000 	 .4byte 0x39
 421 030e 02       	 .byte 0x2
 422 030f 23       	 .byte 0x23
 423 0310 50       	 .uleb128 0x50
 424 0311 13       	 .uleb128 0x13
 425 0312 58000000 	 .4byte .LASF63
 426 0316 04       	 .byte 0x4
 427 0317 2C       	 .byte 0x2c
 428 0318 0A       	 .byte 0xa
 429 0319 39000000 	 .4byte 0x39
 430 031d 02       	 .byte 0x2
 431 031e 23       	 .byte 0x23
 432 031f 51       	 .uleb128 0x51
 433 0320 13       	 .uleb128 0x13
 434 0321 B9020000 	 .4byte .LASF64
 435 0325 04       	 .byte 0x4
 436 0326 2D       	 .byte 0x2d
 437 0327 0B       	 .byte 0xb
 438 0328 51000000 	 .4byte 0x51
 439 032c 02       	 .byte 0x2
 440 032d 23       	 .byte 0x23
 441 032e 52       	 .uleb128 0x52
 442 032f 00       	 .byte 0
 443 0330 0C       	 .uleb128 0xc
 444 0331 40030000 	 .4byte 0x340
 445 0335 40030000 	 .4byte 0x340
 446 0339 0D       	 .uleb128 0xd
 447 033a 8A000000 	 .4byte 0x8a
 448 033e 13       	 .byte 0x13
 449 033f 00       	 .byte 0
 450 0340 14       	 .uleb128 0x14
 451 0341 04       	 .byte 0x4
 452 0342 46030000 	 .4byte 0x346
 453 0346 15       	 .uleb128 0x15
 454 0347 01       	 .byte 0x1
 455 0348 61030000 	 .4byte 0x361
 456 034c 16       	 .uleb128 0x16
ARM GAS   			page 9


 457 034d 61030000 	 .4byte 0x361
 458 0351 16       	 .uleb128 0x16
 459 0352 68030000 	 .4byte 0x368
 460 0356 16       	 .uleb128 0x16
 461 0357 51000000 	 .4byte 0x51
 462 035b 16       	 .uleb128 0x16
 463 035c 39000000 	 .4byte 0x39
 464 0360 00       	 .byte 0
 465 0361 02       	 .uleb128 0x2
 466 0362 08       	 .byte 0x8
 467 0363 04       	 .byte 0x4
 468 0364 C3030000 	 .4byte .LASF65
 469 0368 14       	 .uleb128 0x14
 470 0369 04       	 .byte 0x4
 471 036a 39000000 	 .4byte 0x39
 472 036e 03       	 .uleb128 0x3
 473 036f CA000000 	 .4byte .LASF66
 474 0373 04       	 .byte 0x4
 475 0374 2E       	 .byte 0x2e
 476 0375 03       	 .byte 0x3
 477 0376 EA020000 	 .4byte 0x2ea
 478 037a 17       	 .uleb128 0x17
 479 037b D8030000 	 .4byte .LASF72
 480 037f 04       	 .byte 0x4
 481 0380 2F       	 .byte 0x2f
 482 0381 18       	 .byte 0x18
 483 0382 6E030000 	 .4byte 0x36e
 484 0386 01       	 .byte 0x1
 485 0387 01       	 .byte 0x1
 486 0388 18       	 .uleb128 0x18
 487 0389 01       	 .byte 0x1
 488 038a 8F000000 	 .4byte .LASF73
 489 038e 06       	 .byte 0x6
 490 038f 05       	 .byte 0x5
 491 0390 05       	 .byte 0x5
 492 0391 83000000 	 .4byte 0x83
 493 0395 B4030000 	 .4byte 0x3b4
 494 0399 19       	 .uleb128 0x19
 495 039a 05000000 	 .4byte .LASF67
 496 039e 06       	 .byte 0x6
 497 039f 06       	 .byte 0x6
 498 03a0 0A       	 .byte 0xa
 499 03a1 39000000 	 .4byte 0x39
 500 03a5 1A       	 .uleb128 0x1a
 501 03a6 1B       	 .uleb128 0x1b
 502 03a7 64656C00 	 .ascii "del\000"
 503 03ab 06       	 .byte 0x6
 504 03ac 08       	 .byte 0x8
 505 03ad 10       	 .byte 0x10
 506 03ae 64000000 	 .4byte 0x64
 507 03b2 00       	 .byte 0
 508 03b3 00       	 .byte 0
 509 03b4 1C       	 .uleb128 0x1c
 510 03b5 02030000 	 .4byte .LASF74
 511 03b9 03       	 .byte 0x3
 512 03ba 3C05     	 .2byte 0x53c
 513 03bc 16       	 .byte 0x16
ARM GAS   			page 10


 514 03bd 01       	 .byte 0x1
 515 03be D0030000 	 .4byte 0x3d0
 516 03c2 1D       	 .uleb128 0x1d
 517 03c3 94000000 	 .4byte .LASF68
 518 03c7 03       	 .byte 0x3
 519 03c8 3C05     	 .2byte 0x53c
 520 03ca 30       	 .byte 0x30
 521 03cb 52010000 	 .4byte 0x152
 522 03cf 00       	 .byte 0
 523 03d0 1E       	 .uleb128 0x1e
 524 03d1 09020000 	 .4byte .LASF75
 525 03d5 03       	 .byte 0x3
 526 03d6 3005     	 .2byte 0x530
 527 03d8 16       	 .byte 0x16
 528 03d9 01       	 .byte 0x1
 529 03da 1D       	 .uleb128 0x1d
 530 03db 94000000 	 .4byte .LASF68
 531 03df 03       	 .byte 0x3
 532 03e0 3005     	 .2byte 0x530
 533 03e2 2F       	 .byte 0x2f
 534 03e3 52010000 	 .4byte 0x152
 535 03e7 00       	 .byte 0
 536 03e8 00       	 .byte 0
 537              	 .section .gnu.debuglto_.debug_abbrev,"e",%progbits
 538              	.Ldebug_abbrev0:
 539 0000 01       	 .uleb128 0x1
 540 0001 11       	 .uleb128 0x11
 541 0002 01       	 .byte 0x1
 542 0003 25       	 .uleb128 0x25
 543 0004 0E       	 .uleb128 0xe
 544 0005 13       	 .uleb128 0x13
 545 0006 0B       	 .uleb128 0xb
 546 0007 03       	 .uleb128 0x3
 547 0008 0E       	 .uleb128 0xe
 548 0009 1B       	 .uleb128 0x1b
 549 000a 0E       	 .uleb128 0xe
 550 000b 10       	 .uleb128 0x10
 551 000c 06       	 .uleb128 0x6
 552 000d 00       	 .byte 0
 553 000e 00       	 .byte 0
 554 000f 02       	 .uleb128 0x2
 555 0010 24       	 .uleb128 0x24
 556 0011 00       	 .byte 0
 557 0012 0B       	 .uleb128 0xb
 558 0013 0B       	 .uleb128 0xb
 559 0014 3E       	 .uleb128 0x3e
 560 0015 0B       	 .uleb128 0xb
 561 0016 03       	 .uleb128 0x3
 562 0017 0E       	 .uleb128 0xe
 563 0018 00       	 .byte 0
 564 0019 00       	 .byte 0
 565 001a 03       	 .uleb128 0x3
 566 001b 16       	 .uleb128 0x16
 567 001c 00       	 .byte 0
 568 001d 03       	 .uleb128 0x3
 569 001e 0E       	 .uleb128 0xe
 570 001f 3A       	 .uleb128 0x3a
ARM GAS   			page 11


 571 0020 0B       	 .uleb128 0xb
 572 0021 3B       	 .uleb128 0x3b
 573 0022 0B       	 .uleb128 0xb
 574 0023 39       	 .uleb128 0x39
 575 0024 0B       	 .uleb128 0xb
 576 0025 49       	 .uleb128 0x49
 577 0026 13       	 .uleb128 0x13
 578 0027 00       	 .byte 0
 579 0028 00       	 .byte 0
 580 0029 04       	 .uleb128 0x4
 581 002a 35       	 .uleb128 0x35
 582 002b 00       	 .byte 0
 583 002c 49       	 .uleb128 0x49
 584 002d 13       	 .uleb128 0x13
 585 002e 00       	 .byte 0
 586 002f 00       	 .byte 0
 587 0030 05       	 .uleb128 0x5
 588 0031 24       	 .uleb128 0x24
 589 0032 00       	 .byte 0
 590 0033 0B       	 .uleb128 0xb
 591 0034 0B       	 .uleb128 0xb
 592 0035 3E       	 .uleb128 0x3e
 593 0036 0B       	 .uleb128 0xb
 594 0037 03       	 .uleb128 0x3
 595 0038 08       	 .uleb128 0x8
 596 0039 00       	 .byte 0
 597 003a 00       	 .byte 0
 598 003b 06       	 .uleb128 0x6
 599 003c 04       	 .uleb128 0x4
 600 003d 01       	 .byte 0x1
 601 003e 03       	 .uleb128 0x3
 602 003f 0E       	 .uleb128 0xe
 603 0040 3E       	 .uleb128 0x3e
 604 0041 0B       	 .uleb128 0xb
 605 0042 0B       	 .uleb128 0xb
 606 0043 0B       	 .uleb128 0xb
 607 0044 49       	 .uleb128 0x49
 608 0045 13       	 .uleb128 0x13
 609 0046 3A       	 .uleb128 0x3a
 610 0047 0B       	 .uleb128 0xb
 611 0048 3B       	 .uleb128 0x3b
 612 0049 0B       	 .uleb128 0xb
 613 004a 39       	 .uleb128 0x39
 614 004b 0B       	 .uleb128 0xb
 615 004c 01       	 .uleb128 0x1
 616 004d 13       	 .uleb128 0x13
 617 004e 00       	 .byte 0
 618 004f 00       	 .byte 0
 619 0050 07       	 .uleb128 0x7
 620 0051 28       	 .uleb128 0x28
 621 0052 00       	 .byte 0
 622 0053 03       	 .uleb128 0x3
 623 0054 0E       	 .uleb128 0xe
 624 0055 1C       	 .uleb128 0x1c
 625 0056 0D       	 .uleb128 0xd
 626 0057 00       	 .byte 0
 627 0058 00       	 .byte 0
ARM GAS   			page 12


 628 0059 08       	 .uleb128 0x8
 629 005a 28       	 .uleb128 0x28
 630 005b 00       	 .byte 0
 631 005c 03       	 .uleb128 0x3
 632 005d 0E       	 .uleb128 0xe
 633 005e 1C       	 .uleb128 0x1c
 634 005f 0B       	 .uleb128 0xb
 635 0060 00       	 .byte 0
 636 0061 00       	 .byte 0
 637 0062 09       	 .uleb128 0x9
 638 0063 13       	 .uleb128 0x13
 639 0064 01       	 .byte 0x1
 640 0065 0B       	 .uleb128 0xb
 641 0066 05       	 .uleb128 0x5
 642 0067 3A       	 .uleb128 0x3a
 643 0068 0B       	 .uleb128 0xb
 644 0069 3B       	 .uleb128 0x3b
 645 006a 05       	 .uleb128 0x5
 646 006b 39       	 .uleb128 0x39
 647 006c 0B       	 .uleb128 0xb
 648 006d 01       	 .uleb128 0x1
 649 006e 13       	 .uleb128 0x13
 650 006f 00       	 .byte 0
 651 0070 00       	 .byte 0
 652 0071 0A       	 .uleb128 0xa
 653 0072 0D       	 .uleb128 0xd
 654 0073 00       	 .byte 0
 655 0074 03       	 .uleb128 0x3
 656 0075 0E       	 .uleb128 0xe
 657 0076 3A       	 .uleb128 0x3a
 658 0077 0B       	 .uleb128 0xb
 659 0078 3B       	 .uleb128 0x3b
 660 0079 05       	 .uleb128 0x5
 661 007a 39       	 .uleb128 0x39
 662 007b 0B       	 .uleb128 0xb
 663 007c 49       	 .uleb128 0x49
 664 007d 13       	 .uleb128 0x13
 665 007e 38       	 .uleb128 0x38
 666 007f 0A       	 .uleb128 0xa
 667 0080 00       	 .byte 0
 668 0081 00       	 .byte 0
 669 0082 0B       	 .uleb128 0xb
 670 0083 0D       	 .uleb128 0xd
 671 0084 00       	 .byte 0
 672 0085 03       	 .uleb128 0x3
 673 0086 08       	 .uleb128 0x8
 674 0087 3A       	 .uleb128 0x3a
 675 0088 0B       	 .uleb128 0xb
 676 0089 3B       	 .uleb128 0x3b
 677 008a 05       	 .uleb128 0x5
 678 008b 39       	 .uleb128 0x39
 679 008c 0B       	 .uleb128 0xb
 680 008d 49       	 .uleb128 0x49
 681 008e 13       	 .uleb128 0x13
 682 008f 38       	 .uleb128 0x38
 683 0090 0A       	 .uleb128 0xa
 684 0091 00       	 .byte 0
ARM GAS   			page 13


 685 0092 00       	 .byte 0
 686 0093 0C       	 .uleb128 0xc
 687 0094 01       	 .uleb128 0x1
 688 0095 01       	 .byte 0x1
 689 0096 49       	 .uleb128 0x49
 690 0097 13       	 .uleb128 0x13
 691 0098 01       	 .uleb128 0x1
 692 0099 13       	 .uleb128 0x13
 693 009a 00       	 .byte 0
 694 009b 00       	 .byte 0
 695 009c 0D       	 .uleb128 0xd
 696 009d 21       	 .uleb128 0x21
 697 009e 00       	 .byte 0
 698 009f 49       	 .uleb128 0x49
 699 00a0 13       	 .uleb128 0x13
 700 00a1 2F       	 .uleb128 0x2f
 701 00a2 0B       	 .uleb128 0xb
 702 00a3 00       	 .byte 0
 703 00a4 00       	 .byte 0
 704 00a5 0E       	 .uleb128 0xe
 705 00a6 21       	 .uleb128 0x21
 706 00a7 00       	 .byte 0
 707 00a8 49       	 .uleb128 0x49
 708 00a9 13       	 .uleb128 0x13
 709 00aa 2F       	 .uleb128 0x2f
 710 00ab 05       	 .uleb128 0x5
 711 00ac 00       	 .byte 0
 712 00ad 00       	 .byte 0
 713 00ae 0F       	 .uleb128 0xf
 714 00af 16       	 .uleb128 0x16
 715 00b0 00       	 .byte 0
 716 00b1 03       	 .uleb128 0x3
 717 00b2 0E       	 .uleb128 0xe
 718 00b3 3A       	 .uleb128 0x3a
 719 00b4 0B       	 .uleb128 0xb
 720 00b5 3B       	 .uleb128 0x3b
 721 00b6 05       	 .uleb128 0x5
 722 00b7 39       	 .uleb128 0x39
 723 00b8 0B       	 .uleb128 0xb
 724 00b9 49       	 .uleb128 0x49
 725 00ba 13       	 .uleb128 0x13
 726 00bb 00       	 .byte 0
 727 00bc 00       	 .byte 0
 728 00bd 10       	 .uleb128 0x10
 729 00be 04       	 .uleb128 0x4
 730 00bf 01       	 .byte 0x1
 731 00c0 3E       	 .uleb128 0x3e
 732 00c1 0B       	 .uleb128 0xb
 733 00c2 0B       	 .uleb128 0xb
 734 00c3 0B       	 .uleb128 0xb
 735 00c4 49       	 .uleb128 0x49
 736 00c5 13       	 .uleb128 0x13
 737 00c6 3A       	 .uleb128 0x3a
 738 00c7 0B       	 .uleb128 0xb
 739 00c8 3B       	 .uleb128 0x3b
 740 00c9 0B       	 .uleb128 0xb
 741 00ca 39       	 .uleb128 0x39
ARM GAS   			page 14


 742 00cb 0B       	 .uleb128 0xb
 743 00cc 01       	 .uleb128 0x1
 744 00cd 13       	 .uleb128 0x13
 745 00ce 00       	 .byte 0
 746 00cf 00       	 .byte 0
 747 00d0 11       	 .uleb128 0x11
 748 00d1 28       	 .uleb128 0x28
 749 00d2 00       	 .byte 0
 750 00d3 03       	 .uleb128 0x3
 751 00d4 08       	 .uleb128 0x8
 752 00d5 1C       	 .uleb128 0x1c
 753 00d6 0B       	 .uleb128 0xb
 754 00d7 00       	 .byte 0
 755 00d8 00       	 .byte 0
 756 00d9 12       	 .uleb128 0x12
 757 00da 13       	 .uleb128 0x13
 758 00db 01       	 .byte 0x1
 759 00dc 0B       	 .uleb128 0xb
 760 00dd 0B       	 .uleb128 0xb
 761 00de 3A       	 .uleb128 0x3a
 762 00df 0B       	 .uleb128 0xb
 763 00e0 3B       	 .uleb128 0x3b
 764 00e1 0B       	 .uleb128 0xb
 765 00e2 39       	 .uleb128 0x39
 766 00e3 0B       	 .uleb128 0xb
 767 00e4 01       	 .uleb128 0x1
 768 00e5 13       	 .uleb128 0x13
 769 00e6 00       	 .byte 0
 770 00e7 00       	 .byte 0
 771 00e8 13       	 .uleb128 0x13
 772 00e9 0D       	 .uleb128 0xd
 773 00ea 00       	 .byte 0
 774 00eb 03       	 .uleb128 0x3
 775 00ec 0E       	 .uleb128 0xe
 776 00ed 3A       	 .uleb128 0x3a
 777 00ee 0B       	 .uleb128 0xb
 778 00ef 3B       	 .uleb128 0x3b
 779 00f0 0B       	 .uleb128 0xb
 780 00f1 39       	 .uleb128 0x39
 781 00f2 0B       	 .uleb128 0xb
 782 00f3 49       	 .uleb128 0x49
 783 00f4 13       	 .uleb128 0x13
 784 00f5 38       	 .uleb128 0x38
 785 00f6 0A       	 .uleb128 0xa
 786 00f7 00       	 .byte 0
 787 00f8 00       	 .byte 0
 788 00f9 14       	 .uleb128 0x14
 789 00fa 0F       	 .uleb128 0xf
 790 00fb 00       	 .byte 0
 791 00fc 0B       	 .uleb128 0xb
 792 00fd 0B       	 .uleb128 0xb
 793 00fe 49       	 .uleb128 0x49
 794 00ff 13       	 .uleb128 0x13
 795 0100 00       	 .byte 0
 796 0101 00       	 .byte 0
 797 0102 15       	 .uleb128 0x15
 798 0103 15       	 .uleb128 0x15
ARM GAS   			page 15


 799 0104 01       	 .byte 0x1
 800 0105 27       	 .uleb128 0x27
 801 0106 0C       	 .uleb128 0xc
 802 0107 01       	 .uleb128 0x1
 803 0108 13       	 .uleb128 0x13
 804 0109 00       	 .byte 0
 805 010a 00       	 .byte 0
 806 010b 16       	 .uleb128 0x16
 807 010c 05       	 .uleb128 0x5
 808 010d 00       	 .byte 0
 809 010e 49       	 .uleb128 0x49
 810 010f 13       	 .uleb128 0x13
 811 0110 00       	 .byte 0
 812 0111 00       	 .byte 0
 813 0112 17       	 .uleb128 0x17
 814 0113 34       	 .uleb128 0x34
 815 0114 00       	 .byte 0
 816 0115 03       	 .uleb128 0x3
 817 0116 0E       	 .uleb128 0xe
 818 0117 3A       	 .uleb128 0x3a
 819 0118 0B       	 .uleb128 0xb
 820 0119 3B       	 .uleb128 0x3b
 821 011a 0B       	 .uleb128 0xb
 822 011b 39       	 .uleb128 0x39
 823 011c 0B       	 .uleb128 0xb
 824 011d 49       	 .uleb128 0x49
 825 011e 13       	 .uleb128 0x13
 826 011f 3F       	 .uleb128 0x3f
 827 0120 0C       	 .uleb128 0xc
 828 0121 3C       	 .uleb128 0x3c
 829 0122 0C       	 .uleb128 0xc
 830 0123 00       	 .byte 0
 831 0124 00       	 .byte 0
 832 0125 18       	 .uleb128 0x18
 833 0126 2E       	 .uleb128 0x2e
 834 0127 01       	 .byte 0x1
 835 0128 3F       	 .uleb128 0x3f
 836 0129 0C       	 .uleb128 0xc
 837 012a 03       	 .uleb128 0x3
 838 012b 0E       	 .uleb128 0xe
 839 012c 3A       	 .uleb128 0x3a
 840 012d 0B       	 .uleb128 0xb
 841 012e 3B       	 .uleb128 0x3b
 842 012f 0B       	 .uleb128 0xb
 843 0130 39       	 .uleb128 0x39
 844 0131 0B       	 .uleb128 0xb
 845 0132 49       	 .uleb128 0x49
 846 0133 13       	 .uleb128 0x13
 847 0134 01       	 .uleb128 0x1
 848 0135 13       	 .uleb128 0x13
 849 0136 00       	 .byte 0
 850 0137 00       	 .byte 0
 851 0138 19       	 .uleb128 0x19
 852 0139 34       	 .uleb128 0x34
 853 013a 00       	 .byte 0
 854 013b 03       	 .uleb128 0x3
 855 013c 0E       	 .uleb128 0xe
ARM GAS   			page 16


 856 013d 3A       	 .uleb128 0x3a
 857 013e 0B       	 .uleb128 0xb
 858 013f 3B       	 .uleb128 0x3b
 859 0140 0B       	 .uleb128 0xb
 860 0141 39       	 .uleb128 0x39
 861 0142 0B       	 .uleb128 0xb
 862 0143 49       	 .uleb128 0x49
 863 0144 13       	 .uleb128 0x13
 864 0145 00       	 .byte 0
 865 0146 00       	 .byte 0
 866 0147 1A       	 .uleb128 0x1a
 867 0148 0B       	 .uleb128 0xb
 868 0149 01       	 .byte 0x1
 869 014a 00       	 .byte 0
 870 014b 00       	 .byte 0
 871 014c 1B       	 .uleb128 0x1b
 872 014d 34       	 .uleb128 0x34
 873 014e 00       	 .byte 0
 874 014f 03       	 .uleb128 0x3
 875 0150 08       	 .uleb128 0x8
 876 0151 3A       	 .uleb128 0x3a
 877 0152 0B       	 .uleb128 0xb
 878 0153 3B       	 .uleb128 0x3b
 879 0154 0B       	 .uleb128 0xb
 880 0155 39       	 .uleb128 0x39
 881 0156 0B       	 .uleb128 0xb
 882 0157 49       	 .uleb128 0x49
 883 0158 13       	 .uleb128 0x13
 884 0159 00       	 .byte 0
 885 015a 00       	 .byte 0
 886 015b 1C       	 .uleb128 0x1c
 887 015c 2E       	 .uleb128 0x2e
 888 015d 01       	 .byte 0x1
 889 015e 03       	 .uleb128 0x3
 890 015f 0E       	 .uleb128 0xe
 891 0160 3A       	 .uleb128 0x3a
 892 0161 0B       	 .uleb128 0xb
 893 0162 3B       	 .uleb128 0x3b
 894 0163 05       	 .uleb128 0x5
 895 0164 39       	 .uleb128 0x39
 896 0165 0B       	 .uleb128 0xb
 897 0166 27       	 .uleb128 0x27
 898 0167 0C       	 .uleb128 0xc
 899 0168 01       	 .uleb128 0x1
 900 0169 13       	 .uleb128 0x13
 901 016a 00       	 .byte 0
 902 016b 00       	 .byte 0
 903 016c 1D       	 .uleb128 0x1d
 904 016d 05       	 .uleb128 0x5
 905 016e 00       	 .byte 0
 906 016f 03       	 .uleb128 0x3
 907 0170 0E       	 .uleb128 0xe
 908 0171 3A       	 .uleb128 0x3a
 909 0172 0B       	 .uleb128 0xb
 910 0173 3B       	 .uleb128 0x3b
 911 0174 05       	 .uleb128 0x5
 912 0175 39       	 .uleb128 0x39
ARM GAS   			page 17


 913 0176 0B       	 .uleb128 0xb
 914 0177 49       	 .uleb128 0x49
 915 0178 13       	 .uleb128 0x13
 916 0179 00       	 .byte 0
 917 017a 00       	 .byte 0
 918 017b 1E       	 .uleb128 0x1e
 919 017c 2E       	 .uleb128 0x2e
 920 017d 01       	 .byte 0x1
 921 017e 03       	 .uleb128 0x3
 922 017f 0E       	 .uleb128 0xe
 923 0180 3A       	 .uleb128 0x3a
 924 0181 0B       	 .uleb128 0xb
 925 0182 3B       	 .uleb128 0x3b
 926 0183 05       	 .uleb128 0x5
 927 0184 39       	 .uleb128 0x39
 928 0185 0B       	 .uleb128 0xb
 929 0186 27       	 .uleb128 0x27
 930 0187 0C       	 .uleb128 0xc
 931 0188 00       	 .byte 0
 932 0189 00       	 .byte 0
 933 018a 00       	 .byte 0
 934              	 .section .gnu.debuglto_.debug_line,"e",%progbits
 935              	.Ldebug_line0:
 936 0000 D4000000 	 .4byte .LELT0-.LSLT0
 937              	.LSLT0:
 938 0004 0200     	 .2byte 0x2
 939 0006 CE000000 	 .4byte .LELTP0-.LASLTP0
 940              	.LASLTP0:
 941 000a 01       	 .byte 0x1
 942 000b 01       	 .byte 0x1
 943 000c F6       	 .byte 0xf6
 944 000d F2       	 .byte 0xf2
 945 000e 0D       	 .byte 0xd
 946 000f 00       	 .byte 0
 947 0010 01       	 .byte 0x1
 948 0011 01       	 .byte 0x1
 949 0012 01       	 .byte 0x1
 950 0013 01       	 .byte 0x1
 951 0014 00       	 .byte 0
 952 0015 00       	 .byte 0
 953 0016 00       	 .byte 0
 954 0017 01       	 .byte 0x1
 955 0018 00       	 .byte 0
 956 0019 00       	 .byte 0
 957 001a 01       	 .byte 0x1
 958 001b 6C69622F 	 .ascii "lib/CMSIS/CM3/CoreSupport"
 958      434D5349 
 958      532F434D 
 958      332F436F 
 958      72655375 
 959 0034 00       	 .byte 0
 960 0035 6C69622F 	 .ascii "lib/CMSIS/CM3/DeviceSupport/MDR32F9Qx/inc"
 960      434D5349 
 960      532F434D 
 960      332F4465 
 960      76696365 
 961 005e 00       	 .byte 0
ARM GAS   			page 18


 962 005f 737263   	 .ascii "src"
 963 0062 00       	 .byte 0
 964 0063 2F757372 	 .ascii "/usr/lib/gcc/arm-none-eabi/10.3.1/include"
 964      2F6C6962 
 964      2F676363 
 964      2F61726D 
 964      2D6E6F6E 
 965 008c 00       	 .byte 0
 966 008d 00       	 .byte 0
 967 008e 73746469 	 .ascii "stdint.h\000"
 967      6E742E68 
 967      00
 968 0097 04       	 .uleb128 0x4
 969 0098 00       	 .uleb128 0
 970 0099 00       	 .uleb128 0
 971 009a 4D445233 	 .ascii "MDR32Fx.h\000"
 971      3246782E 
 971      6800
 972 00a4 02       	 .uleb128 0x2
 973 00a5 00       	 .uleb128 0
 974 00a6 00       	 .uleb128 0
 975 00a7 636F7265 	 .ascii "core_cm3.h\000"
 975      5F636D33 
 975      2E6800
 976 00b2 01       	 .uleb128 0x1
 977 00b3 00       	 .uleb128 0
 978 00b4 00       	 .uleb128 0
 979 00b5 6D61696E 	 .ascii "main.h\000"
 979      2E6800
 980 00bc 03       	 .uleb128 0x3
 981 00bd 00       	 .uleb128 0
 982 00be 00       	 .uleb128 0
 983 00bf 6A6F7973 	 .ascii "joystick.h\000"
 983      7469636B 
 983      2E6800
 984 00ca 03       	 .uleb128 0x3
 985 00cb 00       	 .uleb128 0
 986 00cc 00       	 .uleb128 0
 987 00cd 6D61696E 	 .ascii "main.c\000"
 987      2E6300
 988 00d4 03       	 .uleb128 0x3
 989 00d5 00       	 .uleb128 0
 990 00d6 00       	 .uleb128 0
 991 00d7 00       	 .byte 0
 992              	.LELTP0:
 993              	.LELT0:
 994              	 .section .gnu.debuglto_.debug_str,"eMS",%progbits,1
 995              	.LASF50:
 996 0000 49414252 	 .ascii "IABR\000"
 996      00
 997              	.LASF67:
 998 0005 70617573 	 .ascii "pause\000"
 998      6500
 999              	.LASF19:
 1000 000b 53797354 	 .ascii "SysTick_IRQn\000"
 1000      69636B5F 
 1000      4952516E 
ARM GAS   			page 19


 1000      00
 1001              	.LASF28:
 1002 0018 504F5745 	 .ascii "POWER_IRQn\000"
 1002      525F4952 
 1002      516E00
 1003              	.LASF56:
 1004 0023 52494748 	 .ascii "RIGHT\000"
 1004      5400
 1005              	.LASF40:
 1006 0029 4558545F 	 .ascii "EXT_INT4_IRQn\000"
 1006      494E5434 
 1006      5F495251 
 1006      6E00
 1007              	.LASF59:
 1008 0037 4D554C54 	 .ascii "MULTIPLE\000"
 1008      49504C45 
 1008      00
 1009              	.LASF38:
 1010 0040 4558545F 	 .ascii "EXT_INT2_IRQn\000"
 1010      494E5432 
 1010      5F495251 
 1010      6E00
 1011              	.LASF1:
 1012 004e 73686F72 	 .ascii "short int\000"
 1012      7420696E 
 1012      7400
 1013              	.LASF63:
 1014 0058 63757272 	 .ascii "currently_selected\000"
 1014      656E746C 
 1014      795F7365 
 1014      6C656374 
 1014      656400
 1015              	.LASF37:
 1016 006b 4558545F 	 .ascii "EXT_INT1_IRQn\000"
 1016      494E5431 
 1016      5F495251 
 1016      6E00
 1017              	.LASF31:
 1018 0079 54696D65 	 .ascii "Timer2_IRQn\000"
 1018      72325F49 
 1018      52516E00 
 1019              	.LASF20:
 1020 0085 43414E31 	 .ascii "CAN1_IRQn\000"
 1020      5F495251 
 1020      6E00
 1021              	.LASF73:
 1022 008f 6D61696E 	 .ascii "main\000"
 1022      00
 1023              	.LASF68:
 1024 0094 4952516E 	 .ascii "IRQn\000"
 1024      00
 1025              	.LASF23:
 1026 0099 444D415F 	 .ascii "DMA_IRQn\000"
 1026      4952516E 
 1026      00
 1027              	.LASF42:
 1028 00a2 49534552 	 .ascii "ISER\000"
ARM GAS   			page 20


 1028      00
 1029              	.LASF5:
 1030 00a7 75696E74 	 .ascii "uint8_t\000"
 1030      385F7400 
 1031              	.LASF53:
 1032 00af 53544952 	 .ascii "STIR\000"
 1032      00
 1033              	.LASF16:
 1034 00b4 55736167 	 .ascii "UsageFault_IRQn\000"
 1034      65466175 
 1034      6C745F49 
 1034      52516E00 
 1035              	.LASF61:
 1036 00c4 66756E63 	 .ascii "funcs\000"
 1036      7300
 1037              	.LASF66:
 1038 00ca 616C675F 	 .ascii "alg_functions_t\000"
 1038      66756E63 
 1038      74696F6E 
 1038      735F7400 
 1039              	.LASF45:
 1040 00da 52534552 	 .ascii "RSERVED1\000"
 1040      56454431 
 1040      00
 1041              	.LASF3:
 1042 00e3 6C6F6E67 	 .ascii "long long int\000"
 1042      206C6F6E 
 1042      6720696E 
 1042      7400
 1043              	.LASF39:
 1044 00f1 4558545F 	 .ascii "EXT_INT3_IRQn\000"
 1044      494E5433 
 1044      5F495251 
 1044      6E00
 1045              	.LASF29:
 1046 00ff 57574447 	 .ascii "WWDG_IRQn\000"
 1046      5F495251 
 1046      6E00
 1047              	.LASF2:
 1048 0109 6C6F6E67 	 .ascii "long int\000"
 1048      20696E74 
 1048      00
 1049              	.LASF18:
 1050 0112 50656E64 	 .ascii "PendSV_IRQn\000"
 1050      53565F49 
 1050      52516E00 
 1051              	.LASF57:
 1052 011e 4C454654 	 .ascii "LEFT\000"
 1052      00
 1053              	.LASF69:
 1054 0123 474E5520 	 .ascii "GNU C17 10.3.1 20210621 (release) -mcpu=cortex-m3 -"
 1054      43313720 
 1054      31302E33 
 1054      2E312032 
 1054      30323130 
 1055 0156 6D746875 	 .ascii "mthumb -mfloat-abi=soft -march=armv7-m -g -gdwarf-2"
 1055      6D62202D 
ARM GAS   			page 21


 1055      6D666C6F 
 1055      61742D61 
 1055      62693D73 
 1056 0189 202D4F67 	 .ascii " -Og -fdata-sections -ffunction-sections -flto\000"
 1056      202D6664 
 1056      6174612D 
 1056      73656374 
 1056      696F6E73 
 1057              	.LASF71:
 1058 01b8 2F686F6D 	 .ascii "/home/v/Desktop/Link to projects/actual link to pro"
 1058      652F762F 
 1058      4465736B 
 1058      746F702F 
 1058      4C696E6B 
 1059 01eb 6A656374 	 .ascii "jects/girlanda-vsc\000"
 1059      732F6769 
 1059      726C616E 
 1059      64612D76 
 1059      736300
 1060              	.LASF24:
 1061 01fe 55415254 	 .ascii "UART1_IRQn\000"
 1061      315F4952 
 1061      516E00
 1062              	.LASF75:
 1063 0209 4E564943 	 .ascii "NVIC_EnableIRQ\000"
 1063      5F456E61 
 1063      626C6549 
 1063      525100
 1064              	.LASF25:
 1065 0218 55415254 	 .ascii "UART2_IRQn\000"
 1065      325F4952 
 1065      516E00
 1066              	.LASF33:
 1067 0223 4144435F 	 .ascii "ADC_IRQn\000"
 1067      4952516E 
 1067      00
 1068              	.LASF4:
 1069 022c 756E7369 	 .ascii "unsigned char\000"
 1069      676E6564 
 1069      20636861 
 1069      7200
 1070              	.LASF36:
 1071 023a 4241434B 	 .ascii "BACKUP_IRQn\000"
 1071      55505F49 
 1071      52516E00 
 1072              	.LASF26:
 1073 0246 53535031 	 .ascii "SSP1_IRQn\000"
 1073      5F495251 
 1073      6E00
 1074              	.LASF41:
 1075 0250 4952516E 	 .ascii "IRQn_Type\000"
 1075      5F547970 
 1075      6500
 1076              	.LASF54:
 1077 025a 4E564943 	 .ascii "NVIC_Type\000"
 1077      5F547970 
 1077      6500
ARM GAS   			page 22


 1078              	.LASF48:
 1079 0264 49435052 	 .ascii "ICPR\000"
 1079      00
 1080              	.LASF0:
 1081 0269 7369676E 	 .ascii "signed char\000"
 1081      65642063 
 1081      68617200 
 1082              	.LASF10:
 1083 0275 6C6F6E67 	 .ascii "long long unsigned int\000"
 1083      206C6F6E 
 1083      6720756E 
 1083      7369676E 
 1083      65642069 
 1084              	.LASF8:
 1085 028c 75696E74 	 .ascii "uint32_t\000"
 1085      33325F74 
 1085      00
 1086              	.LASF11:
 1087 0295 756E7369 	 .ascii "unsigned int\000"
 1087      676E6564 
 1087      20696E74 
 1087      00
 1088              	.LASF27:
 1089 02a2 4932435F 	 .ascii "I2C_IRQn\000"
 1089      4952516E 
 1089      00
 1090              	.LASF15:
 1091 02ab 42757346 	 .ascii "BusFault_IRQn\000"
 1091      61756C74 
 1091      5F495251 
 1091      6E00
 1092              	.LASF64:
 1093 02b9 73706565 	 .ascii "speed\000"
 1093      6400
 1094              	.LASF44:
 1095 02bf 49434552 	 .ascii "ICER\000"
 1095      00
 1096              	.LASF17:
 1097 02c4 53564361 	 .ascii "SVCall_IRQn\000"
 1097      6C6C5F49 
 1097      52516E00 
 1098              	.LASF13:
 1099 02d0 48617264 	 .ascii "HardFault_IRQn\000"
 1099      4661756C 
 1099      745F4952 
 1099      516E00
 1100              	.LASF7:
 1101 02df 73686F72 	 .ascii "short unsigned int\000"
 1101      7420756E 
 1101      7369676E 
 1101      65642069 
 1101      6E7400
 1102              	.LASF34:
 1103 02f2 434F4D50 	 .ascii "COMPARATOR_IRQn\000"
 1103      41524154 
 1103      4F525F49 
 1103      52516E00 
ARM GAS   			page 23


 1104              	.LASF74:
 1105 0302 4E564943 	 .ascii "NVIC_DisableIRQ\000"
 1105      5F446973 
 1105      61626C65 
 1105      49525100 
 1106              	.LASF6:
 1107 0312 75696E74 	 .ascii "uint16_t\000"
 1107      31365F74 
 1107      00
 1108              	.LASF30:
 1109 031b 54696D65 	 .ascii "Timer1_IRQn\000"
 1109      72315F49 
 1109      52516E00 
 1110              	.LASF46:
 1111 0327 49535052 	 .ascii "ISPR\000"
 1111      00
 1112              	.LASF58:
 1113 032c 444F574E 	 .ascii "DOWN\000"
 1113      00
 1114              	.LASF21:
 1115 0331 43414E32 	 .ascii "CAN2_IRQn\000"
 1115      5F495251 
 1115      6E00
 1116              	.LASF43:
 1117 033b 52455345 	 .ascii "RESERVED0\000"
 1117      52564544 
 1117      3000
 1118              	.LASF47:
 1119 0345 52455345 	 .ascii "RESERVED2\000"
 1119      52564544 
 1119      3200
 1120              	.LASF49:
 1121 034f 52455345 	 .ascii "RESERVED3\000"
 1121      52564544 
 1121      3300
 1122              	.LASF51:
 1123 0359 52455345 	 .ascii "RESERVED4\000"
 1123      52564544 
 1123      3400
 1124              	.LASF52:
 1125 0363 52455345 	 .ascii "RESERVED5\000"
 1125      52564544 
 1125      3500
 1126              	.LASF9:
 1127 036d 6C6F6E67 	 .ascii "long unsigned int\000"
 1127      20756E73 
 1127      69676E65 
 1127      6420696E 
 1127      7400
 1128              	.LASF14:
 1129 037f 4D656D6F 	 .ascii "MemoryManagement_IRQn\000"
 1129      72794D61 
 1129      6E616765 
 1129      6D656E74 
 1129      5F495251 
 1130              	.LASF22:
 1131 0395 5553425F 	 .ascii "USB_IRQn\000"
ARM GAS   			page 24


 1131      4952516E 
 1131      00
 1132              	.LASF12:
 1133 039e 4E6F6E4D 	 .ascii "NonMaskableInt_IRQn\000"
 1133      61736B61 
 1133      626C6549 
 1133      6E745F49 
 1133      52516E00 
 1134              	.LASF62:
 1135 03b2 746F7461 	 .ascii "total_registered\000"
 1135      6C5F7265 
 1135      67697374 
 1135      65726564 
 1135      00
 1136              	.LASF65:
 1137 03c3 646F7562 	 .ascii "double\000"
 1137      6C6500
 1138              	.LASF60:
 1139 03ca 4E554D5F 	 .ascii "NUM_KEY_CODES\000"
 1139      4B45595F 
 1139      434F4445 
 1139      5300
 1140              	.LASF72:
 1141 03d8 616C675F 	 .ascii "alg_functions\000"
 1141      66756E63 
 1141      74696F6E 
 1141      7300
 1142              	.LASF55:
 1143 03e6 4E4F4B45 	 .ascii "NOKEY\000"
 1143      5900
 1144              	.LASF70:
 1145 03ec 7372632F 	 .ascii "src/main.c\000"
 1145      6D61696E 
 1145      2E6300
 1146              	.LASF32:
 1147 03f7 54696D65 	 .ascii "Timer3_IRQn\000"
 1147      72335F49 
 1147      52516E00 
 1148              	.LASF35:
 1149 0403 53535032 	 .ascii "SSP2_IRQn\000"
 1149      5F495251 
 1149      6E00
 1150              	 .text
 1151              	 .section .gnu.lto_.profile.862d2a8b68d4a96d,"e",%progbits
 1152 0000 789C6362 	 .ascii "x\234cb\000\001\000\000\022\000\003"
 1152      00010000 
 1152      120003
 1153              	 .text
 1154              	 .section .gnu.lto_.inline.862d2a8b68d4a96d,"e",%progbits
 1155 0000 789C2B62 	 .ascii "x\234+b@\000F\006\206S\014\247\327/\333\304\224\307"
 1155      40004606 
 1155      86530CA7 
 1155      D72FDBC4 
 1155      94C7
 1156 0012 C8C09473 	 .ascii "\310\300\224s\177\322\355eL\271\014\014,\014\215\015"
 1156      7FD2ED65 
 1156      4CB90C0C 
ARM GAS   			page 25


 1156      2C0C8D0D 
 1157 0022 0D0D754C 	 .ascii "\015\015uL\014L 5\\@U\014L\334\214`6\003\234d\342\006"
 1157      0C4C2035 
 1157      5C40550C 
 1157      4CDC8C60 
 1157      36039C64 
 1158 0038 1B808F42 	 .ascii "\033\200\217BV\016!\031\000V%\013n"
 1158      560E2119 
 1158      0056250B 
 1158      6E
 1159              	 .text
 1160              	 .section .gnu.lto_.jmpfuncs.862d2a8b68d4a96d,"e",%progbits
 1161 0000 789C1364 	 .ascii "x\234\023d@\000F\0064\000\000\002\033\000\023"
 1161      40004606 
 1161      34000002 
 1161      1B0013
 1162              	 .text
 1163              	 .section .gnu.lto_.pureconst.862d2a8b68d4a96d,"e",%progbits
 1164 0000 789C6361 	 .ascii "x\234ca```d\330\312\002\000\001\232\000\277"
 1164      60606064 
 1164      D8CA0200 
 1164      019A00BF 
 1165              	 .text
 1166              	 .section .gnu.lto_.lto.862d2a8b68d4a96d,"e",%progbits
 1167 0000 09000400 	 .ascii "\011\000\004\000\001\000\000\000"
 1167      01000000 
 1168              	 .text
 1169              	 .section .gnu.lto_main.56.862d2a8b68d4a96d,"e",%progbits
 1170 0000 789C9557 	 .ascii "x\234\225WklT\307\025\2363s\367\341]{\275k{ML\037\332"
 1170      6B6C54C7 
 1170      159E3373 
 1170      F7E15D7B 
 1170      BD6B7B4D 
 1171 0017 28B1AA24 	 .ascii "(\261\252$*k\305$(U\332\"\245j\211\224\376\240\210*"
 1171      2A6BC524 
 1171      2855DA22 
 1171      A56A8994 
 1171      FEA0882A 
 1172 002b 0D952A63 	 .ascii "\015\225*c\254\306\215\301\226mP\377\345b\203\241\233"
 1172      ACC68DC1 
 1172      966D50FF 
 1172      E56283A1 
 1172      9B
 1173 003c B47EE060 	 .ascii "\264~\340`\3632fY\273\306!\274SL\300\017l0!\001b(n\303"
 1173      F3326659 
 1173      BBC621BC 
 1173      534CC00F 
 1173      6C302101 
 1174 0054 2B0D5652 	 .ascii "+\015VR9\021\020\307\210G-\220{\316\314\275\273\367"
 1174      391110C7 
 1174      88472D90 
 1174      7BCECCBD 
 1174      BBF7
 1175 0066 5AACEBAE 	 .ascii "Z\254\353\256\320x\356\314\371\276s\316\3147g\206\327"
 1175      D078EECC 
 1175      F9BE73CE 
 1175      CC376786 
ARM GAS   			page 26


 1175      D7
 1176 0077 FC8C6D66 	 .ascii "\374\214mf\214u\003c0\213AC}\2043]\327\347\27384\326"
 1176      8C750363 
 1176      308B4143 
 1176      7D84335D 
 1176      D7E7BB38 
 1177 008d 474EEDE0 	 .ascii "GN\355\340\360w\220\337\002\032\367\233s\032\257\256"
 1177      F07790DF 
 1177      021AF79B 
 1177      731AAFAE 
 1178 009d 7F8B66B6 	 .ascii "\177\213f\266G\366\374T[[\357\273~g\241\346\200=\015"
 1178      47F6FC54 
 1178      5B5BEFBB 
 1178      7E67A1E6 
 1178      803D0D
 1179 00b0 D1C79581 	 .ascii "\321\307\225\201\023\373N\331\313v\326\324{\206;\207"
 1179      13FB4ED9 
 1179      CB76D6D4 
 1179      7B863B87 
 1180 00c0 3DCEDD75 	 .ascii "=\316\335uQ\220\235u\306\300fs`\233\331\3514;.\336\\"
 1180      51909D75 
 1180      C6C06673 
 1180      609BD9E9 
 1180      343B2EDE 
 1181 00d5 77E07138 	 .ascii "w\340q8\002w\317\217=\255m\252\033\201\310\236\332\240"
 1181      0277CF8F 
 1181      3DAD6DAA 
 1181      1B81C89E 
 1181      DAA0
 1182 00e7 E6868DF5 	 .ascii "\346\206\215\365\0375u\337\377\244M\203!\025V\012\016"
 1182      1F3575DF 
 1182      FFA44D83 
 1182      2115560A 
 1182      0E
 1183 00f8 45AE9CCB 	 .ascii "E\256\234\313\205\263\352\333\303\267($~\205\264\255"
 1183      85B3EADB 
 1183      C3B72824 
 1183      7E85B4AD 
 1184 0108 88941D2F 	 .ascii "\210\224\035/l\215\007\227J\220\0248\245\000i\274\305"
 1184      6C8D0797 
 1184      4A901438 
 1184      A50069BC 
 1184      C5
 1185 0119 02D86E02 	 .ascii "\002\330n\002|\260\253!\252,\322yG\335\001\270\261\363"
 1185      7CB0AB21 
 1185      AA2CD279 
 1185      47DD01B8 
 1185      B1F3
 1186 012b 7AAEB60B 	 .ascii "z\256\266\013\247\033\257\266\314\326\3744m\360\005"
 1186      A71BAFB6 
 1186      CCD6FC34 
 1186      6DF005
 1187 013a 145FAFB2 	 .ascii "\024_\257\262\316\340\357Z\370j\352}\362o&\331\030\253"
 1187      CEE0EF5A 
 1187      F86AEA7D 
 1187      F26F26D9 
 1187      18AB
ARM GAS   			page 27


 1188 014c 97C5DF7B 	 .ascii "\227\305\337{\204E\320b\001\354M.4\2073\333\345N\361"
 1188      8445D062 
 1188      01EC4D2E 
 1188      348733DB 
 1188      E54EF1
 1189 015f 7853D37C 	 .ascii "xS\323|\351\376@FfV\020\336\024\032K\374\262-\375\015"
 1189      E9FE4046 
 1189      665610DE 
 1189      141A4BFC 
 1189      B22DFD0D 
 1190 0173 62AB8006 	 .ascii "b\253\200\006\021\023\0144\243\007\020z\012\351\356"
 1190      11130C34 
 1190      A307107A 
 1190      0AE9EE
 1191 0182 B7FD7B28 	 .ascii "\267\375{(\342Z\273 &8k\301\351\367\001\016\201\002"
 1191      E25ABB20 
 1191      26386BC1 
 1191      E9F7010E 
 1191      8102
 1192 0194 A1A1584C 	 .ascii "\241\241XLmn\237\256\217\265\017\324\350\376\325\241"
 1192      6D6E9FAE 
 1192      8FB50FD4 
 1192      E8FED5A1 
 1193 01a4 98107018 	 .ascii "\230\020p\030\3102\037\362\310j\311&\227\223A\027\020"
 1193      C8321FF2 
 1193      C86AC926 
 1193      97934117 
 1193      10
 1194 01b5 9A31179A 	 .ascii "\2321\027\232;\031\366\001>\000\311PB\355\017\310\323"
 1194      3B19F601 
 1194      3E00C950 
 1194      42ED0FC8 
 1194      D3
 1195 01c6 8575A397 	 .ascii "\205u\243\227^l\253\326\037\213\011\015\216\002\331"
 1195      5E6CABD6 
 1195      1F8B090D 
 1195      8E02D9
 1196 01d5 10071C03 	 .ascii "\020\007\034\003\034Xr\231\240\271dw\240fxn\037yRV\314"
 1196      1C587299 
 1196      A0B96477 
 1196      A066786E 
 1196      1F795256 
 1197 01ea B4522191 	 .ascii "\264R!\221p>\3751\240$q\215\220\203\241;\3501\335I\337"
 1197      703EFD31 
 1197      A024718D 
 1197      9083A13B 
 1197      E831DD49 
 1198 01ff 1CFAC0E2 	 .ascii "\034\372\300\342\365\301\245P\273\305+W|\307\245\327"
 1198      F5C1A550 
 1198      BBC52B57 
 1198      7CC7A5D7 
 1199 020f FEFFE1F5 	 .ascii "\376\377\341\365\270\305k\363\213\320ox\345\322\353"
 1199      B8C56BF3 
 1199      8BD06F78 
 1199      E5D2EB
 1200 021e 00188E88 	 .ascii "\000\030\216\210`\037e\306\247\013\372y8i\013z\320\014"
 1200      601F65C6 
ARM GAS   			page 28


 1200      A70BFA79 
 1200      38690B7A 
 1200      D00C
 1201 0230 3A29DCE6 	 .ascii ":)\334\346\3759\370\320\346\375\364\377\345\275k\257"
 1201      FD39F8D0 
 1201      E6FDF4FF 
 1201      E5BD6BAF 
 1202 0240 133EB6B9 	 .ascii "\023>\266\271?cu?6|H\327\305t\331w\355v\3029[\000\237"
 1202      3F63753F 
 1202      367C48D7 
 1202      C574D977 
 1202      ED76C239 
 1203 0257 98018826 	 .ascii "\230\001\210&\210\313\244y\250\354C]\213\011\007\234"
 1203      88CBA479 
 1203      A8EC435D 
 1203      8B09079C 
 1204 0267 079B9E96 	 .ascii "\007\233\236\226\264\223N.H\006\266\244\015U\3148\312"
 1204      B4934E2E 
 1204      4806B6A4 
 1204      0D55CC38 
 1204      CA
 1205 0278 0647F65E 	 .ascii "\006G\366^p\364\351\017&ku}\357wZ\016j\317\002\213\011"
 1205      70F4E90F 
 1205      266B757D 
 1205      EF775A0E 
 1205      6ACF028B 
 1206 028d 27274D09 	 .ascii "''M\011\354\2714j\034\3248\251qQ\343\246&\205\032\017"
 1206      ECB9346A 
 1206      1CD438A9 
 1206      7151E3A6 
 1206      26851A0F 
 1207 02a1 355E6CDC 	 .ascii "5^l\334i\324\370\250I\247\306O\004\001\362\370\214t"
 1207      69D4F8A8 
 1207      49A7C64F 
 1207      0401F2F8 
 1207      8C74
 1208 02b3 CB6A053B 	 .ascii "\313j\005;\361\315z\007\366\352\004\227\275\352>\306"
 1208      F1CD7A07 
 1208      F6EA0497 
 1208      BDEA3EC6 
 1209 02c3 BE067DFC 	 .ascii "\276\006}\374\313\267\317h\024\325\327P\325\372\034"
 1209      CBB7CF68 
 1209      14D5D750 
 1209      D5FA1C
 1210 02d2 A2E878E0 	 .ascii "\242\350x\340\"\321\334\310~7\375\211\206\261\234\311"
 1210      22D1DCC8 
 1210      7E37FD89 
 1210      86B19CC9 
 1211 02e2 F985C845 	 .ascii "\371\205\310E\363\016\231T\235\020\357\356\274uG\020"
 1211      F30E9954 
 1211      9D10EFEE 
 1211      BC754710 
 1212 02f2 9520BBA3 	 .ascii "\225 \273\243 \315\267\003\273\005\325[k\206\035Q\361"
 1212      20CDB703 
 1212      BB05D55B 
 1212      6B861D51 
 1212      F1
ARM GAS   			page 29


 1213 0303 4C540414 	 .ascii "LT\004\024B2\204\220\000\007%X\373\246\341\336\204\004"
 1213      42328490 
 1213      00072558 
 1213      FBA6E1DE 
 1213      8404
 1214 0315 03CECC67 	 .ascii "\003\316\314gr* \031\356h\344\361+Xsu\300\023'\350\375"
 1214      722A2019 
 1214      EE68E4F1 
 1214      2B587375 
 1214      C01327E8 
 1215 032a F361E976 	 .ascii "\363a\351v\002\0020\014<B\354\242\323\213L\016kB#\357"
 1215      0202300C 
 1215      3C42ECA2 
 1215      D38B4C0E 
 1215      6B4223EF 
 1216 033e 2FA074C6 	 .ascii "/\240t\306\240:\304\326\000\252\"\245E\340\341\214\011"
 1216      A03AC4D6 
 1216      00AA22A5 
 1216      45E0E18C 
 1216      09
 1217 034f 8F9C7DDE 	 .ascii "\217\234}\336>\243%f~\204QW\215\217\346\032%\302+\267"
 1217      3EA32566 
 1217      7E845157 
 1217      8D8FE61A 
 1217      25C22BB7 
 1218 0363 55DA793B 	 .ascii "U\332y;\204TB;mN*\\\001\270\014,\017e1\232Nku\025\266"
 1218      8454423B 
 1218      6D4E2A5C 
 1218      01B80C2C 
 1218      0F65319A 
 1219 037c D1E9878B 	 .ascii "\321\351\207\2132\375\221n\267\"z2\011\374\263)\360"
 1219      32FD916E 
 1219      B7227A32 
 1219      09FCB329 
 1219      F0
 1220 038d 7F211C12 	 .ascii "\177!\034\022\360^\005\357\230\225\004~\335\006O\203"
 1220      F05E05EF 
 1220      9895047E 
 1220      DD064F83 
 1221 039d 118473C6 	 .ascii "\021\204s\306(\3444\370B-\301y\267=KG\"\313_\343\314"
 1221      28E434F8 
 1221      422DC179 
 1221      B73D4B47 
 1221      22CB5FE3 
 1222 03b2 1A63C6D7 	 .ascii "\032c\306\327\"P\312k\240J\327\3351\221\336\"\\\270"
 1222      2250CA6B 
 1222      A04AD7DD 
 1222      3191DE22 
 1222      5CB8
 1223 03c4 7231E197 	 .ascii "r1\341\227\206\257Ng\350\266\030\2766\235a\212\305\360"
 1223      86AF4E67 
 1223      E8B618BE 
 1223      369D618A 
 1223      C5F0
 1224 03d6 B7D3197A 	 .ascii "\267\323\031z,\206e\323\031z-\206\253\354i\246&\322"
 1224      2C8665D3 
 1224      197A2D86 
ARM GAS   			page 30


 1224      ABEC69A6 
 1224      26D2
 1225 03e8 FCA37D26 	 .ascii "\374\243}&M\315\220\354\234\267'''\245\354\330\015X"
 1225      4DCD90EC 
 1225      9CB72727 
 1225      27A5ECD8 
 1225      0D58
 1226 03fa 3D9F3DA1 	 .ascii "=\237=\241\323/\202v\001U\305\325o\0028\356H\312\271"
 1226      D32F8276 
 1226      0155C5D5 
 1226      6F0238EE 
 1226      48CAB9
 1227 040d B77E81FE 	 .ascii "\267~\201\376\242\302\237\2411l\263\231:\036\340\276"
 1227      A2C29FA1 
 1227      316CB399 
 1227      3A1EE0BE 
 1228 041d FB941ACF 	 .ascii "\373\224\032\317\222\343Aj2\251\011P\223J\216\262\211"
 1228      92E3416A 
 1228      32A90950 
 1228      934A8EB2 
 1228      89
 1229 042e 5753BAFF 	 .ascii "WS\272\377\374\336b4\247\272-\277.\003UC\331\355\316"
 1229      FCDE6234 
 1229      A7BA2DBF 
 1229      2E035543 
 1229      D9EDCE
 1230 0441 A1CA24BB 	 .ascii "\241\312$\273\373\200j\014S\207\241\213\310e*\017\027"
 1230      FB806A0C 
 1230      5387A18B 
 1230      C8652A0F 
 1230      17
 1231 0452 A8E3A98F 	 .ascii "\250\343\251\217\324\247QV\255\363\242\20622Z\204\217"
 1231      D4A75156 
 1231      ADF3A286 
 1231      32325A84 
 1231      8F
 1232 0463 12CB6437 	 .ascii "\022\313d7a]\253\013\207\233\001(\017\006\343 5\363"
 1232      615DAB0B 
 1232      879B0128 
 1232      0F06E320 
 1232      35F3
 1233 0475 84DEAA8F 	 .ascii "\204\336\252\217\235Y\217\3511[~\206\306\235\200\210"
 1233      9D598FE9 
 1233      315B7E86 
 1233      C69D8088 
 1234 0485 D5726503 	 .ascii "\325re\003p\017\253\323]\023\366\2105\211c\270\304|"
 1234      700FABD3 
 1234      5D13F688 
 1234      358963B8 
 1234      C47C
 1235 0497 3A974013 	 .ascii ":\227@\023\010\372\317L@B\201\346\021\350!\202\036$"
 1235      08FACF4C 
 1235      404281E6 
 1235      11E82182 
 1235      1E24
 1236 04a9 02DCF750 	 .ascii "\002\334\367P\037\362?\032\245%\302\323\261(NZ@\353"
 1236      1FF23F1A 
ARM GAS   			page 31


 1236      A525C2D3 
 1236      B1284E5A 
 1236      40EB
 1237 04bb AB9367E5 	 .ascii "\253\223g\345H\300\252\021V\305\325\216\372\243\202"
 1237      48C0AA11 
 1237      56C5D58E 
 1237      FAA382
 1238 04ca 3B353A69 	 .ascii ";5:i\216[\207d\321\253\023\256\016|U1S\016\237o\012"
 1238      8E5B8764 
 1238      D1AB13AE 
 1238      0E7C5531 
 1238      530E9F6F 
 1239 04df D01AD062 	 .ascii "\320\032\320bo\011R\001\032\035X\212\373@gSU<\367\267"
 1239      6F095201 
 1239      1A1D588A 
 1239      FB406753 
 1239      553CF7B7 
 1240 04f3 4D1B5F88 	 .ascii "M\033_\210\227\232\3559\262,\276@\245\374\266\202\355"
 1240      979AED39 
 1240      B22CBE40 
 1240      A5FCB682 
 1240      ED
 1241 0504 CF5175EE 	 .ascii "\317Qu\356\234\014E\203t\032\275\335V{\377\340\267\031"
 1241      9C0C4583 
 1241      741ABDDD 
 1241      567BFFE0 
 1241      B719
 1242 0516 7869A81D 	 .ascii "xi\250\035=\270\011\360\221\206\347\274\177,\362\320"
 1242      3DB809F0 
 1242      9186E7BC 
 1242      7F2CF2D0 
 1243 0526 7C936481 	 .ascii "|\223d\201\231@\320\322\323\373\253u\237y\372\263a="
 1243      9940D0D2 
 1243      D3FBAB75 
 1243      9F79FAB3 
 1243      613D
 1244 0538 87759C66 	 .ascii "\207u\234f\363v`\001@\213Y\360'\276\015\013\034r?KC"
 1244      F3766001 
 1244      408B59F0 
 1244      27BE0D0B 
 1244      1C723F4B 
 1245 054d BE98780C 	 .ascii "\276\230x\014\"\034j\270\274\244\024\261\256s\031}\312"
 1245      221C6AB8 
 1245      BCA414B1 
 1245      AE73197D 
 1245      CA
 1246 055e E1EEC6EF 	 .ascii "\341\356\306\357Z*\177\327o\314\312/S0*\320\321\034"
 1246      5A2A7FD7 
 1246      6FCCCA2F 
 1246      53302AD0 
 1246      D11C
 1247 0570 FBE1494F 	 .ascii "\373\341IO\034\253cF\025\377\030`-72\033\242\314\316"
 1247      1CAB6346 
 1247      15FF1860 
 1247      2D37321B 
 1247      A2CCCE
 1248 0583 28E83065 	 .ascii "(\3500ev\326\232Y\362\270\377\202qkt\023'\342\2565\342"
ARM GAS   			page 32


 1248      76D69A59 
 1248      F2B8FF82 
 1248      716B7413 
 1248      27E2AE35 
 1249 0598 C6DBF96D 	 .ascii "\306\333\371m\025\261\307\266=\363\245\330T\354\027"
 1249      15B1C7B6 
 1249      3DF3A5D8 
 1249      54EC17
 1250 05a7 171BB187 	 .ascii "\027\033\261\207\360i\220\210F\256\363i\313:\1774\263"
 1250      F0699088 
 1250      46AEF369 
 1250      CB3A7F34 
 1250      B3
 1251 05b8 68EAD52A 	 .ascii "h\352\325*\236\266D\323`DsZF\203\236\306\014\257\364"
 1251      9EB644D3 
 1251      6044735A 
 1251      46839EC6 
 1251      0CAFF4
 1252 05cb 16910EFE 	 .ascii "\026\221\016\376A\334U\307v\005\243B$)\327\215\334,"
 1252      41DC55C7 
 1252      7605A342 
 1252      2429D78D 
 1252      DC2C
 1253 05dd D76E2A1C 	 .ascii "\327n*\034\357pyW\250\013\362\246\026\025\370O\220v"
 1253      EF707957 
 1253      A80BF2A6 
 1253      1615F84F 
 1253      9076
 1254 05ef 90672C02 	 .ascii "\220g,\002IH\232\342$\035AbiV,\210\226a\\\012\3120\276"
 1254      49489AE2 
 1254      241D4162 
 1254      69562C88 
 1254      96615C0A 
 1255 0606 C2C2E048 	 .ascii "\302\302\340H\302\260\331\036\306\026.\357\034R\370"
 1255      C2B0D91E 
 1255      C6162EEF 
 1255      1C52F8
 1256 0615 67A4708C 	 .ascii "g\244p\214\302a(\334{\261s\370i\343V\326\243G\234\352"
 1256      C26128DC 
 1256      7BB173F8 
 1256      69E356D6 
 1256      A3479CEA 
 1257 0629 32BB952C 	 .ascii "2\273\225,\264mq\342\321\253@\324-<~\033\022]jb\003"
 1257      B46D71E2 
 1257      D1AB40D4 
 1257      2D3C7E1B 
 1257      125D6A62 
 1258 063e 29D42B41 	 .ascii ")\324+A\265e'\247\012h\320\"\240S3\333\262V%\240A\313"
 1258      B56527A7 
 1258      0A68D022 
 1258      A05333DB 
 1258      B25625A0 
 1259 0654 96ED30B6 	 .ascii "\226\3550\266l0.\240\264\251\002z`\012h,!\240\376\251"
 1259      6C302EA0 
 1259      B4A9027A 
 1259      600A682C 
 1259      21A0FEA9 
ARM GAS   			page 33


 1260 0668 021AB008 	 .ascii "\002\032\260\010\350\304\314\242\331\251\0044`\211&"
 1260      E8C4CCA2 
 1260      D9A90434 
 1260      608926
 1261 0677 66443360 	 .ascii "fD3`\021\220\364JOi\351`\334\020\320\254\250p&Y\340"
 1261      1190F44A 
 1261      4F69E960 
 1261      DC10D0AC 
 1261      A8702659 
 1262 068c 76FBCEFD 	 .ascii "v\373\316\375\325\020\220Y\233\234\211\332\344\263\355"
 1262      D5109059 
 1262      9B9C89DA 
 1262      E4B3ED
 1263 069b DC7983FA 	 .ascii "\334y\203\372\013\274H\\I\270w\331\271;\015UHq\236\375"
 1263      0BBC485C 
 1263      49B877D9 
 1263      B93B0D55 
 1263      48719EFD 
 1264 06af 7E54B811 	 .ascii "~T\270\021\252.\274IC\241gg'\241z/\241\203\237\020`"
 1264      AA2EBC49 
 1264      43A16767 
 1264      27A17A2F 
 1264      A1839F10 
 1265 06c4 8F2951B7 	 .ascii "\217)Q\267\214-\335\214M\246}\247X\011\366{Q\221\222"
 1265      8C2DDD8C 
 1265      4DA67DA7 
 1265      5809F67B 
 1265      519192
 1266 06d7 846F9F3D 	 .ascii "\204o\237=\264\375\011\301^\033X\2050:3*m\377x\323\306"
 1266      B4FD09C1 
 1266      5E1B5885 
 1266      303A332A 
 1266      6DFF78D3 
 1267 06ec 9C78DAFF 	 .ascii "\234x\332\3774\036\237\327fG\205\207\226g7\237\376l"
 1267      341E9FD7 
 1267      66478587 
 1267      9667379F 
 1267      FE6C
 1268 06fe 1D4C9CAD 	 .ascii "\035L\234\255\023R\300\207\314\310\325{!`\027\360=C"
 1268      1352C087 
 1268      CCC8D57B 
 1268      216017F0 
 1268      3D43
 1269 0710 C0DD5305 	 .ascii "\300\335S\005\334c\021p\357\314$\3637%\340\036\213d"
 1269      DC631170 
 1269      EFCC24F3 
 1269      3725E01E 
 1269      8B64
 1270 0722 0E1B92E9 	 .ascii "\016\033\222\351\211\0138\303&`T\320\304BR\320\244\241"
 1270      890B38C3 
 1270      266054D0 
 1270      C44252D0 
 1270      A4A1
 1271 0734 D0605C40 	 .ascii "\320`\\@\336$\011\036\261\256d\032|\300\345{Q\275\256"
 1271      DE24091E 
 1271      B1AE641A 
 1271      7CC0E57B 
ARM GAS   			page 34


 1271      51BDAE
 1272 0747 51405EF5 	 .ascii "Q@^\365r\254\025\306rf\332T\364\216\261\2347\235Q\221"
 1272      72AC15C6 
 1272      7266DA54 
 1272      F48EB19C 
 1272      379D5191 
 1273 075b 1637CE9A 	 .ascii "\0267\316\232~I{\224GF\246\275\312]\224\236`\310\236"
 1273      7E497B94 
 1273      4746A6BD 
 1273      CA5D949E 
 1273      60C89E
 1274 076e 65BF6EEB 	 .ascii "e\277n\353k8\335\316\224\311\206A\036O\305\227\204\370"
 1274      6B38DDCE 
 1274      94C98641 
 1274      1E4FC597 
 1274      84F8
 1275 0780 B83D95FE 	 .ascii "\270=\225\376D*\327(\025\037ts#\213\240-\213\015F\026"
 1275      442AD728 
 1275      151F7473 
 1275      238BA02D 
 1275      8B0D4616 
 1276 0794 5F6216E9 	 .ascii "_b\026\351h\247\262\2701)\246\317\343\244%\217A3\017"
 1276      68A7B2B8 
 1276      3129A6CF 
 1276      E3A4258F 
 1276      41330F
 1277 07a7 BC0DF17F 	 .ascii "\274\015\361\177S\300\\\344\350\347\341\327K\227\027"
 1277      53C05CE4 
 1277      E8E7E1D7 
 1277      4B9717
 1278 07b6 8557857F 	 .ascii "\205W\205\177VT\361FeiY\370\225\342\025o\204*KCe\345"
 1278      5654F146 
 1278      656959F8 
 1278      95E2156F 
 1278      842A4B43 
 1279 07cc A57F282A 	 .ascii "\245\177(*"
 1280 07d0 ACAC0817 	 .ascii "\254\254\010\027\024V\256,(\011\225L\035\377}qyI\301"
 1280      1456AE2C 
 1280      2809954C 
 1280      1DFF7D71 
 1280      7949C1
 1281 07e3 8A65053F 	 .ascii "\212e\005?\\UQ\310\274\025\345\205\341\345\005\305+"
 1281      5C5551C8 
 1281      BC15E585 
 1281      E1E505C5 
 1281      2B
 1282 07f4 E6143247 	 .ascii "\346\0242GY\301\312\212\"\277\372\232\2634/?\177^\336"
 1282      59C1CA8A 
 1282      22BFFA9A 
 1282      B3342F3F 
 1282      7F5EDE
 1283 0807 B2B94C7B 	 .ascii "\262\271L{\371W\013W\344\226\024/\015\277\364\313E/"
 1283      F9570B57 
 1283      E496142F 
 1283      0DBFF4CB 
 1283      452F
 1284 0819 2FC2363F 	 .ascii "/\3026?\374Riy\321\242\225ee\245\345\225\341B\354\377"
ARM GAS   			page 35


 1284      FC526979 
 1284      D1A29565 
 1284      65A5E595 
 1284      E142ECFF 
 1285 082d AE7079FE 	 .ascii "\256py\376\234\327\231XVT\362_\002\036r\301"
 1285      9CD79958 
 1285      5654F25F 
 1285      021E72C1 
 1286              	 .text
 1287              	 .section .gnu.lto_.symbol_nodes.862d2a8b68d4a96d,"e",%progbits
 1288 0000 789C75D1 	 .ascii "x\234u\321=\012\0021\020\005\340\227d\327\375_A;\021"
 1288      3D0A0231 
 1288      1005E097 
 1288      64D7FD5F 
 1288      413B11
 1289 0013 F418FE7B 	 .ascii "\364\030\376{\027/2)--<\200E\356 \010\202\253\253\245"
 1289      172F3229 
 1289      2D2D3C80 
 1289      45EE2008 
 1289      82ABABA5 
 1290 0027 A7B0F708 	 .ascii "\247\260\367\010\232\335H\032\231i\362x\337@\212Q\022"
 1290      9ADD481A 
 1290      9969F278 
 1290      DF408A51 
 1290      12
 1291 0038 809C10EA 	 .ascii "\200\234\020\352\3676\024\273'@\300IW\022\002\315\204"
 1291      F73614BB 
 1291      2740C049 
 1291      571202CD 
 1291      84
 1292 0049 738CED23 	 .ascii "s\214\355#V$>\277\031\265k\200>\350fG\254Irt\001)\316"
 1292      56243EBF 
 1292      19B56B80 
 1292      3EE86647 
 1292      AC497274 
 1293 0060 2A50C0D9 	 .ascii "*P\300\331\025\024r\366\000u\376L;\273\203\"\316jP\314"
 1293      151472F6 
 1293      0075FE4C 
 1293      3BBB8322 
 1293      CE6A50CC 
 1294 0074 D90D9470 	 .ascii "\331\015\224p\266\244\224\243\005e\034\315(\347hJ\005"
 1294      B6A494A3 
 1294      05651CCD 
 1294      28E7684A 
 1294      05
 1295 0085 430A657B 	 .ascii "C\012e{\206W\244P\264\311\244\012\271K\245B\346\324"
 1295      8657A450 
 1295      B4C9A40A 
 1295      B94BA542 
 1295      E6D4
 1296 0097 27D3F59D 	 .ascii "'\323\365\235O\246\347;\233R\327\365\025\022\327\331"
 1296      4FA6E73B 
 1296      9B52D7F5 
 1296      1512D7D9 
 1297 00a7 14DBDF74 	 .ascii "\024\333\337t \352\201Bt<\357\207\302l\360\005+\371"
 1297      20EA8142 
 1297      743CEF87 
ARM GAS   			page 36


 1297      C26CF005 
 1297      2BF9
 1298 00b9 C978     	 .ascii "\311x"
 1299              	 .text
 1300              	 .section .gnu.lto_.refs.862d2a8b68d4a96d,"e",%progbits
 1301 0000 789C4B61 	 .ascii "x\234Ka``\020e`d\024\006b\020-\316\300\304$\315\300"
 1301      60601065 
 1301      60641406 
 1301      62102DCE 
 1301      C0C424CD 
 1302 0015 C42CCBC0 	 .ascii "\304,\313\300\304\"\317\300\304\252\310\300\304\246"
 1302      C422CFC0 
 1302      C4AAC8C0 
 1302      C4A6
 1303 0023 CCC0C078 	 .ascii "\314\300\300x\036\210\031/\002\0253^\006\261\256\201"
 1303      1E88192F 
 1303      0215335E 
 1303      06B1AE81 
 1304 0033 584F40C4 	 .ascii "XO@\304s\020\367%\210\365\032\304z\017b}\007\261~\203"
 1304      7310F725 
 1304      88F51AC4 
 1304      7A0F627D 
 1304      07B17E83 
 1305 0047 58FF40AC 	 .ascii "X\377@\254&F\006\006\000\002\013\014\325"
 1305      26460606 
 1305      00020B0C 
 1305      D5
 1306              	 .text
 1307              	 .section .gnu.lto_.decls.862d2a8b68d4a96d,"e",%progbits
 1308 0000 789C9597 	 .ascii "x\234\225\227mPT\327\031\200\317{\316.\273\\\026\226"
 1308      6D5054D7 
 1308      1980CF7B 
 1308      CE2EBB5C 
 1308      1696
 1309 0012 2AD6E9D4 	 .ascii "*\326\351\324q\030\253\221?feIb~\364\207-!\015\315G"
 1309      7118AB91 
 1309      3F666549 
 1309      627EF487 
 1309      2D210DCD 
 1310 0027 29984CEB 	 .ascii ")\230L\353Lg\213\354\255l\204]fw\311\324\351\217^\015"
 1310      4C678BEC 
 1310      AD6C845D 
 1310      6677C9D4 
 1310      E98F5E0D 
 1311 003b 1113D122 	 .ascii "\021\023\321\"\304\004\0235+\365\003\205\020\214\210"
 1311      C4041335 
 1311      2BF50385 
 1311      108C88
 1312 004a A8511115 	 .ascii "\250Q\021\0251\032C\300\020\214D\300\250Y\003\0324Z"
 1312      311A43C0 
 1312      108C44C0 
 1312      A859031A 
 1312      345A
 1313 005c 15BFFA9E 	 .ascii "\025\277\372\236s\357\336\313\022\352L/\363\356\371"
 1313      73EFDECB 
 1313      12EA4C2F 
 1313      F3EEF9
ARM GAS   			page 37


 1314 006b 7ACEFB75 	 .ascii "z\316\373u\336{v9o'd\015%\344\327@\310C|\260K\276 \306"
 1314      DE7B7639 
 1314      6F27640D 
 1314      25E4D740 
 1314      C8437CB0 
 1315 0083 9380B21F 	 .ascii "\223\200\262\037\345sm\276\013\345K\224\257P\276F\351"
 1315      E5736DBE 
 1315      0BE54B94 
 1315      AF50BE46 
 1315      E9
 1316 0094 47398F72 	 .ascii "G9\217r\001\3452\312 \312\025\224\037PP%a@\242\236\177"
 1316      01E532CA 
 1316      20CA1594 
 1316      1F505025 
 1316      6140A29E 
 1317 00a9 E0F817D8 	 .ascii "\340\370\027\330N@IB\231\217\322\212\022\213\363\361"
 1317      4E404942 
 1317      998FD28A 
 1317      128BF3F1 
 1318 00b9 28BDD89F 	 .ascii "(\275\330\237\202\362\030\267\215\3433\330\332\261\245"
 1318      82F218B7 
 1318      8DE333D8 
 1318      DAB1A5
 1319 00c8 28C7B09F 	 .ascii "(\307\260\237\210\355%l\303(\371(?\303q\037\2663Q\376"
 1319      88ED256C 
 1319      C328F928 
 1319      3FC3711F 
 1319      B63351FE 
 1320 00dc 8CFD3FA1 	 .ascii "\214\375?\2418QRQ\3148w\017\345>Q\235\371=\312\013("
 1320      38515251 
 1320      CC38770F 
 1320      E53E519D 
 1320      F93DCA0B 
 1321 00f1 895A4C7F 	 .ascii "\211ZL\177\301\276\013T_\257h\276_\376\037\261^\320"
 1321      C1BE0B54 
 1321      5FAF68BE 
 1321      5FFE1FB1 
 1321      5ED0
 1322 0103 E2ECD7E2 	 .ascii "\342\354\327\342\036/\266\367\031\255\352S<\027\201"
 1322      1E2FB6F7 
 1322      19ADEA53 
 1322      3C1781
 1323 0112 F03F931B 	 .ascii "\360?\223\033\000z\236\302\017\211\314g$I\241\012\215"
 1323      007A9EC2 
 1323      0F89CC67 
 1323      2449A10A 
 1323      8D
 1324 0123 71332A31 	 .ascii "q3*1\211\271\245v\230\232r\203\315\265\322\024\273d"
 1324      89B9A576 
 1324      989A7283 
 1324      CDB5D214 
 1324      BB64
 1325 0135 AD390C89 	 .ascii "\2559\014\211\222\331Ji\330\342\226RF\240\216\206b\222"
 1325      92D94A69 
 1325      D8E29652 
 1325      46A08E86 
 1325      6292
ARM GAS   			page 38


 1326 0147 E72A2677 	 .ascii "\347*&w\331\244\260E\241\345/%\245\315\305\317\260\245"
 1326      D9A4B045 
 1326      A1E52F25 
 1326      A5CDC5CF 
 1326      B0A5
 1327 0159 1DDCB82B 	 .ascii "\035\334\270+\213Z\023\261\027\266H7Xhe\214\3733\272"
 1327      8B5A13B1 
 1327      17B64837 
 1327      5868658C 
 1327      FB33BA
 1328 016c 7C26B483 	 .ascii "|&\264\203\344v&)\2122\327j\235joe\255\354YB\254\326"
 1328      E4762629 
 1328      8A32D76A 
 1328      9D6A6F65 
 1328      ADEC5942 
 1329 0182 86FA4952 	 .ascii "\206\372IR\330bG\025)\356\344Dw\262\275\035\314n\267"
 1329      D8624715 
 1329      29EEE444 
 1329      77B2BD1D 
 1329      CC6EB7
 1330 0195 949442D0 	 .ascii "\224\224B\320\011\267\3239\227J\250\331dm\007'\003\233"
 1330      09B7D339 
 1330      974AA8D9 
 1330      646D0727 
 1330      039B
 1331 01a7 5319189C 	 .ascii "S\031\030\234,\231\245\330\251\311)\204\270\311\263"
 1331      2C99A5D8 
 1331      A9C92984 
 1331      B8C9B3
 1332 01b6 14F5B287 	 .ascii "\024\365\262\207\221\007,h\323m\014\001R$\352\244\354"
 1332      91072C68 
 1332      D36D0C01 
 1332      5224EAA4 
 1332      EC
 1333 01c7 F9B0054F 	 .ascii "\371\260\005O\210&\023\242\230\2546\033(\330\304\272"
 1333      882613A2 
 1333      98AC361B 
 1333      28D8C4BA 
 1334 01d7 9E776739 	 .ascii "\236wg9%\022\266P\\J2\201B\301\330)\305\020=y@D\276"
 1334      2512B650 
 1334      5C4A3281 
 1334      42C1D829 
 1334      C5103D79 
 1335 01ee 78CF6889 	 .ascii "x\317h\211\301\022c\235\202\266A\333m\034\200\3109\250"
 1335      C112639D 
 1335      82B641DB 
 1335      6D1C80C8 
 1335      39A8
 1336 0200 BA28DF8F 	 .ascii "\272(\337\217BGY\030\015\303(\3450\232\020:\264'2\011"
 1336      42475918 
 1336      0DC328E5 
 1336      309A103A 
 1336      B4273209 
 1337 0214 FA82AA5C 	 .ascii "\372\202\252\\\363\205jnQ1\025\331\023\355\270\320\002"
 1337      F3856A6E 
 1337      513115D9 
 1337      13EDB8D0 
ARM GAS   			page 39


 1337      02
 1338 0225 1A30CA6B 	 .ascii "\0320\312k-B\302\"Us\247\354\306\361\204K\2306\245="
 1338      2D42C222 
 1338      5573A7EC 
 1338      C6F1844B 
 1338      9836A53D 
 1339 0239 1E2695CF 	 .ascii "\036&\225\317%\300~N\330/\211C\021O\353D\002\273\325"
 1339      25C07E4E 
 1339      D82F8943 
 1339      114FEB44 
 1339      02BBD5
 1340 024c AD8EB80A 	 .ascii "\255\216\270\012\006\023\200\342g\022$\342\326\363\325"
 1340      061380E2 
 1340      671224E2 
 1340      D6F3D5
 1341 025b 477BCC93 	 .ascii "G{\314\223\021\032R\224$\230\017{\001\366p\203\373@"
 1341      111A5294 
 1341      24980F7B 
 1341      01F67083 
 1341      FB40
 1342 026d D3FD4EE3 	 .ascii "\323\375N\343\205\362\330G\001\347\233\217\377jZs\225"
 1342      85F2D847 
 1342      01E79B8F 
 1342      FF6A5A73 
 1342      95
 1343 027e 727B75DB 	 .ascii "r{u\333\261\352I\353\224\226\245\010\233\340\023\200"
 1343      B1EA49EB 
 1343      9496A508 
 1343      9BE01380 
 1344 028e 26806635 	 .ascii "&\200f5\007M\350\376.\200Fp,\267\260J h~\012<\004\321"
 1344      074DE8FE 
 1344      2E804670 
 1344      2CB7B04A 
 1344      20687E0A 
 1345 02a5 10560D5C 	 .ascii "\020V\015\\\317\311\266\225X\203-\212\022VZ\2270\002"
 1345      CFC9B695 
 1345      58832D8A 
 1345      12565A97 
 1345      3002
 1346 02b7 69309BC0 	 .ascii "i0\233\300!@\242\031\240\005\340  \364\376\365\017\032"
 1346      2140A219 
 1346      A005E020 
 1346      20F4FEF5 
 1346      0F1A
 1347 02c9 6C26AEB2 	 .ascii "l&\256\262\025\300\207\373\037\303\242`\242%l\273\320"
 1347      15C087FB 
 1347      1FC3A260 
 1347      A2256CBB 
 1347      D0
 1348 02da 736B59CD 	 .ascii "skY\315\2068\256g\010]1\023\315ah\003dP\323Q\200#\\"
 1348      8638AE67 
 1348      085D3113 
 1348      CD616803 
 1348      6450D351 
 1349 02f1 D3C8E62D 	 .ascii "\323\310\346-\325\222\320t\014\3400\210\264\230DZ\222"
 1349      D592D074 
 1349      0CE03088 
ARM GAS   			page 40


 1349      B498445A 
 1349      92
 1350 0302 71F5C691 	 .ascii "q\365\306\221M\233\342l\250dX\011\265\232\270\261O\001"
 1350      4D9BE26C 
 1350      A8645809 
 1350      B59AB8B1 
 1350      4F01
 1351 0314 8EF3B84F 	 .ascii "\216\363\270O\200\210\272\267k\307\207V\261\375\004"
 1351      8088BAB7 
 1351      6BC78756 
 1351      B1FD04
 1352 0323 608D73FF 	 .ascii "`\215s\3777\355\272c\0273\177\200\223|\242\362\255\372"
 1352      37EDBA63 
 1352      17337F80 
 1352      937CA2F2 
 1352      ADFA
 1353 0335 2AD03397 	 .ascii "*\3203\227\257g\356\024z\363\231\252\345\324\320\256"
 1353      AF67EE14 
 1353      7AF399AA 
 1353      E5D4D0AE 
 1354 0345 8FE2A755 	 .ascii "\217\342\247U)\312\355\356\025\333\313,\241\024\\\204"
 1354      29CAEDEE 
 1354      15DBCB2C 
 1354      A1145C84 
 1355 0355 037ADA0E 	 .ascii "\003z\332\016\210\206\035\021q]\033\330v\330\304\331"
 1355      88861D11 
 1355      715D1BD8 
 1355      76D8C4D9 
 1356 0365 86DA66A5 	 .ascii "\206\332f\245\304\314\365@\207\216v\250h\227@[J\257"
 1356      C4CCF540 
 1356      878E76A8 
 1356      6897405B 
 1356      4AAF
 1357 0377 150BB24E 	 .ascii "\025\013\262N';u\262S%\317\013\362\342\241\373+l\002"
 1357      273B75B2 
 1357      5325CF0B 
 1357      F2E2A1FB 
 1357      2B6C02
 1358 038a DDA6A3A7 	 .ascii "\335\246\243\247u\364\264\212^\023\350\221\025\007?"
 1358      75F4B48A 
 1358      5E13E891 
 1358      15073F
 1359 0399 4A10E807 	 .ascii "J\020\350\007:\332\255\243\335*\252P\216\226\356[uB"
 1359      3ADAADA3 
 1359      DD2AAA50 
 1359      8E96EE5B 
 1359      7542
 1360 03ab 1A27F233 	 .ascii "\032'\3623\030\271O\255\252%}\203\"\230\346\246\212"
 1360      18B94FAD 
 1360      AA257D83 
 1360      2298E6A6 
 1360      8A
 1361 03bc FD4FB752 	 .ascii "\375O\267R\\\202\036]Y\217\252\354]\241lw\365\3356\311"
 1361      5C821E5D 
 1361      598FAAEC 
 1361      5DA16C77 
 1361      F5DD36C9 
ARM GAS   			page 41


 1362 03d0 CAEB6279 	 .ascii "\312\353by\177\013\250uA\240\027\364\262`5\202[\373"
 1362      7F0BA875 
 1362      41A017F4 
 1362      B2603582 
 1362      5BFB
 1363 03e2 F9D19574 	 .ascii "\371\321\225t\014\007\337\300h\222g\361\356\3325F9\237"
 1363      0C07DFC0 
 1363      689267F1 
 1363      EEDA3546 
 1363      399F
 1364 03f4 03DDB73E 	 .ascii "\003\335\267>\335\267\332\252\315\365q\342P:*\353\234"
 1364      DDB7DAAA 
 1364      CDF571E2 
 1364      503A2AEB 
 1364      9C
 1365 0405 EB14F4AE 	 .ascii "\353\024\364\256\017\340\254\356\335Y\325\273\026a\265"
 1365      0FE0ACEE 
 1365      DD59D5BB 
 1365      1661B5
 1366 0414 BD7EF541 	 .ascii "\275~\365A\253\200\233*j\305\011b$\003:;\240\262'\005"
 1366      AB809B2A 
 1366      6AC50962 
 1366      24033A3B 
 1366      A0B22705 
 1367 0428 BB7EB8B2 	 .ascii "\273~\270\262\217\212\014nW3\210\350\267:\372\255\212"
 1367      8F8A0C6E 
 1367      573388E8 
 1367      B73AFAAD 
 1367      8A
 1368 0439 F608B46F 	 .ascii "\366\010\264okg\320(\277SF\371]R\013\247\241\242\355"
 1368      6B67D028 
 1368      BF5346F9 
 1368      5D520BA7 
 1368      A1A2ED
 1369 044c 0D9328B6 	 .ascii "\015\223(\266K\370\036\340\304\326\312\263;\342\306"
 1369      4BF81EE0 
 1369      C4D6CAB3 
 1369      3BE2C6
 1370 045b 497918C3 	 .ascii "Iy\030\303\372N\335\023\372\370P\245j\276]5\037\006"
 1370      FA4EDD13 
 1370      FAF850A5 
 1370      6ABE5D35 
 1370      1F06
 1371 046d B8A89BBF 	 .ascii "\270\250\233\277\250\232\277(\314/\257[\273\324.\216"
 1371      A89ABF28 
 1371      CC2FAF5B 
 1371      BBD42E8E 
 1372 047d A7A3729B 	 .ascii "\247\243r\233v<\337\353\350\367*\372\243@o\256\331S"
 1372      763CDFEB 
 1372      E8F72AFA 
 1372      A3406FAE 
 1372      D953
 1373 048f 16AF9D64 	 .ascii "\026\257\235d\235\206\016\351\350\220\212\336\023\350"
 1373      9D860EE9 
 1373      E8908ADE 
 1373      13E8
 1374 049d 97EF2E5D 	 .ascii "\227\357.]j\035]l\210^\325\321\253*\372\006#\342]<M"
ARM GAS   			page 42


 1374      6A1D5D6C 
 1374      885ED5D1 
 1374      AB2AFA06 
 1374      23E25D3C 
 1375 04b2 C4CB1832 	 .ascii "\304\313\0302\213Q\007a\225\214\260-L\235U\314l\267"
 1375      8B510761 
 1375      958CB02D 
 1375      4C9D55CC 
 1375      6CB7
 1376 04c4 C64D44C5 	 .ascii "\306MD\305\307\037\334\277i\221\024\236\256\226\222"
 1376      C71FDCBF 
 1376      6991149E 
 1376      AE9692
 1377 04d3 589C8C64 	 .ascii "X\234\214d\353\016F\357\200\333\374\340o\226\016>9\001"
 1377      EB0E46EF 
 1377      80DBFCE0 
 1377      6F960E3E 
 1377      3901
 1378 04e5 91124509 	 .ascii "\221\022E\011Q\236\265\377\000\374\310\231\021\020\034"
 1378      519EB5FF 
 1378      00FCC899 
 1378      11101C
 1379 04f4 61FB193A 	 .ascii "a\373\031:))\345G\016%L\237>}\342t\236\376\336\306\374"
 1379      2929E547 
 1379      0E254C9F 
 1379      3E7DE274 
 1379      9EFEDEC6 
 1380 0509 2A2C1D7C 	 .ascii "*,\035|\377o\000^XZ\361\211}i\004\201\206\263\215\212"
 1380      FF6F005E 
 1380      585AF189 
 1380      7D690481 
 1380      86B38D8A 
 1381 051d C26C1CB8 	 .ascii "\302l\034\2709\026H%\334\243\257?6\265\243\206\021\200"
 1381      39164825 
 1381      DCA3AF3F 
 1381      36B5A386 
 1381      1180
 1382 052f 5B028898 	 .ascii "[\002\210\230uD\010t\250\305D\340:\3005>\377P\224\353"
 1382      75440874 
 1382      A8C544E0 
 1382      3AC0353E 
 1382      FF5094EB 
 1383 0543 0380FB00 	 .ascii "\003\200\373\000\367\000\277\3650)\334\223o\232\012"
 1383      F700BFF5 
 1383      3029DC93 
 1383      6F9A0A
 1384 0552 6A500F5E 	 .ascii "jP\017^Vw\205\236\310\001\013e{\361\366;\314\335\247"
 1384      5677859E 
 1384      C8010B65 
 1384      7BF1F63B 
 1384      CCDDA7
 1385 0565 3B97755E 	 .ascii ";\227u^\263O\034\253\026\226\320q\025\343\206\353\237"
 1385      B34F1CAB 
 1385      1696D071 
 1385      15E386EB 
 1385      9F
 1386 0576 BCD99830 	 .ascii "\274\331\2300\003\017e\270o\270D\261>\007K)\014\013"
ARM GAS   			page 43


 1386      030F65B8 
 1386      6FB844B1 
 1386      3E074B29 
 1386      0C0B
 1387 0588 34E2D130 	 .ascii "4\342\3210\020\307H\014&{2<$\242Q\376\311\272\204\265"
 1387      10C7480C 
 1387      267B323C 
 1387      24A251FE 
 1387      C9BA84B5 
 1388 059c 0D6DEFED 	 .ascii "\015m\357\355\215\267*\321\357\3342\012\245\224+x\203"
 1388      8DB72AD1 
 1388      EFDC320A 
 1388      A5942B78 
 1388      83
 1389 05ad 4209653D 	 .ascii "B\011e=\202\334t\251l\213e,\271<\212D\3253\305W\274"
 1389      82DC74A9 
 1389      6C8B652C 
 1389      B93C8A44 
 1389      D533C557 
 1390 05c2 5DF4F08A 	 .ascii "]\364\360\212\022;\207\216^>\031/\265h\207K\264\263"
 1390      123B878E 
 1390      5E3E192F 
 1390      B568874B 
 1390      B4B3
 1391 05d4 85328A0C 	 .ascii "\2052\212\014n]A\341-\212\330\247\275\015w\255\306+"
 1391      6E5D41E1 
 1391      2D8AD8A7 
 1391      BD0D77AD 
 1391      C62B
 1392 05e6 73C67865 	 .ascii "s\306xeVQ\021\350\225\323\017^\267\031\000\206\031\001"
 1392      565111E8 
 1392      95D30F5E 
 1392      B7190086 
 1392      1901
 1393 05f8 FEA502A7 	 .ascii "\376\245\002\247ol\252\034\245!lh(W\201\346}\225\007"
 1393      6F6CAA1C 
 1393      A5216C68 
 1393      285781E6 
 1393      7D9507
 1394 060b 620DA0CF 	 .ascii "b\015\240\317\000V# \252Q\231\"\232a\213h\312\223\324"
 1394      00562320 
 1394      AA519922 
 1394      9A618B68 
 1394      CA93D4
 1395 061e 6ADD086C 	 .ascii "j\335\010lP+\327\327\315\250\250\373X\347\211\370\361"
 1395      502BD7D7 
 1395      CDA8A8FB 
 1395      58E789F8 
 1395      F1
 1396 062f EAB58AF2 	 .ascii "\352\265\212\362z}\227\307\363mg\357\331\004\243`WR"
 1396      7A7D97C7 
 1396      F36D67EF 
 1396      D904A360 
 1396      5752
 1397 0641 5843E16D 	 .ascii "XC\341m\264\003k\251\0005\2031\252AP-\331\331M\315\320"
 1397      B4036BA9 
 1397      00358331 
ARM GAS   			page 44


 1397      AA41502D 
 1397      D9D94DCD 
 1398 0656 0FBCE843 	 .ascii "\017\274\350C\327\357\355\214\031\317\320\007\302\320"
 1398      D7EFED8C 
 1398      19CFD007 
 1398      C2D0
 1399 0664 066EE87E 	 .ascii "\006n\350~S\335u\233f\350\257\274\220\327Qx\237\333"
 1399      53DD759B 
 1399      66E8AFBC 
 1399      90D75178 
 1399      9FDB
 1400 0676 0951C1F1 	 .ascii "\011Q\301\361\310\313\316\015\214\330\245\376G\1777"
 1400      C8CBCE0D 
 1400      8CD8A5FE 
 1400      477F37
 1401 0685 D72AABF6 	 .ascii "\327*\253\366I\272\242\215\364'\212\204_!\223h\3725"
 1401      49BAA28D 
 1401      F4278A84 
 1401      5F219368 
 1401      FA35
 1402 0697 8713D86D 	 .ascii "\207\023\330m\315\3419\250bp]s\005\035\317\337\032\341"
 1402      CDE139A8 
 1402      62705D73 
 1402      051DCFDF 
 1402      1AE1
 1403 06a9 EF56EEEF 	 .ascii "\357V\356\357\265\367\256\332\243\362\262\231\302&n"
 1403      B5F7AEDA 
 1403      A3F2B299 
 1403      C2266E
 1404 06b8 661B159C 	 .ascii "f\033\025\234\226\027\325L\262j\205\262\245&u\336\202"
 1404      9617D54C 
 1404      B26A85B2 
 1404      A52675DE 
 1404      82
 1405 06c9 1AF674AF 	 .ascii "\032\366t\257\334\0377\236\225\217\204\225zn\245\342"
 1405      DC1F379E 
 1405      958F8495 
 1405      7A6EA5E2 
 1406 06d9 41DB0A5B 	 .ascii "A\333\012[\224\231:\012\265\334L\003\025 O\313\262\226"
 1406      94993A0A 
 1406      B5DC4C03 
 1406      15204FCB 
 1406      B296
 1407 06eb EF3AAC3C 	 .ascii "\357:\254<-\217.\315\256\372\267\273\300\320\265\343"
 1407      2D8F2ECD 
 1407      AEFAB7BB 
 1407      C0D0B5E3 
 1408 06fb A7BAD4CC 	 .ascii "\247\272\324\314053\332\025\027\303J5\237'\363\357\231"
 1408      303533DA 
 1408      1517C34A 
 1408      359F27F3 
 1408      EF99
 1409 070d 75B75E97 	 .ascii "u\267^\227\306\363\271Y\370\274\233\333i\251\351\227"
 1409      C6F3B959 
 1409      F8BC9BDB 
 1409      69A9E997 
 1410 071d A35CDE45 	 .ascii "\243\\\336E\241\221\233\331C\005\247e\206\261\325\232"
ARM GAS   			page 45


 1410      A1919BD9 
 1410      4305A765 
 1410      86B1D59A 
 1411 072d E21065EF 	 .ascii "\342\020e\357h]LQ(2\013lsd\026X\275\211\260\235(\373"
 1411      685D4C51 
 1411      28320B6C 
 1411      73641658 
 1411      BD89B09D 
 1412 0743 B5A99229 	 .ascii "\265\251\222)\352\275\334\017\254\325\204I\230R\333"
 1412      EABDDC0F 
 1412      ACD58449 
 1412      9852DB
 1413 0752 7061FEF4 	 .ascii "pa\376\364\351\342\306\324\236\215\370m\270\341Rh\375"
 1413      E9E2C6D4 
 1413      9E8DF86D 
 1413      B8E15268 
 1413      FD
 1414 0763 8C0AFC41 	 .ascii "\214\012\374A\212\325\3611\205\203\024N\031a\037\240"
 1414      8AD5F131 
 1414      8583144E 
 1414      19611FA0 
 1415 0773 E2F243AE 	 .ascii "\342\362C\256!\274MQ\022Kl\2349\034\305\264\322\310"
 1415      21BC4D51 
 1415      124B6C9C 
 1415      391CC5B4 
 1415      D2C8
 1416 0785 05D97059 	 .ascii "\005\331pYc\366P8$\230H\\-\206\236s\206\236\243Qz\034"
 1416      63F65038 
 1416      2498485C 
 1416      2D869E73 
 1416      869EA351 
 1417 079b 3A729B23 	 .ascii ":r\233#KlPMa\275@\"\365\371\036\035s\027\037\243\320"
 1417      4B6C504D 
 1417      61BD4022 
 1417      F5F91E1D 
 1417      73171FA3 
 1418 07b0 C6E74E89 	 .ascii "\306\347N\211\313\351$\205\317\361\262\240p\202\302"
 1418      CBE92485 
 1418      CFF1B2A0 
 1418      7082C2
 1419 07bf 710A5F50 	 .ascii "q\012_P\350\244p\232\302\227\024\272)|F\241\203"
 1419      E8A4709A 
 1419      C29714BA 
 1419      297C46A1 
 1419      83
 1420 07d0 4217BF4D 	 .ascii "B\027\277M\271\257}\206\257G\242|\2555\342\271\2431"
 1420      B9AF7D86 
 1420      AF47A27C 
 1420      AD35E2B9 
 1420      A331
 1421 07e2 6B29BC23 	 .ascii "k)\274#\230\310\233]i0\203\206\236\375Qz>1b\0362b\336"
 1421      98C89B5D 
 1421      69308386 
 1421      9EFD517A 
 1421      3E31621E 
 1422 07f9 1715F35E 	 .ascii "\027\025\363^\225\031@f\344\315R\301`\321\265\013&R"
 1422      95194066 
ARM GAS   			page 46


 1422      E4CD52C1 
 1422      60D1B50B 
 1422      2652
 1423 080b 371586AD 	 .ascii "7\025\206\255+\206\255\246([;\015[W\015[\037F\331\332"
 1423      2B86ADA6 
 1423      285B3B0D 
 1423      5B570D5B 
 1423      1F46D9DA 
 1424 081f 6EE8F941 	 .ascii "n\350\371Ac\266Q\330\"\230\310\233\371o\225aWx\301\320"
 1424      63B651D8 
 1424      2298C89B 
 1424      F96F9561 
 1424      5778C1D0 
 1425 0833 0BEB435F 	 .ascii "\013\353C_\330&\216\3156|E\377\337|\243\256\352\276"
 1425      D8268ECD 
 1425      367C45FF 
 1425      DF7CA3AE 
 1425      EABE
 1426 0845 DB3BA871 	 .ascii "\333;\250q%\367\030\361\235A\202\335\022\006+\356\236"
 1426      25F718F1 
 1426      9D4182DD 
 1426      12062BEE 
 1426      9E
 1427 0856 BF192F7E 	 .ascii "\277\031/~,\275I\305\217\245Pwig\3028?\226z\321\215"
 1427      2CBD49C5 
 1427      8FA55077 
 1427      6967C238 
 1427      3F967AD1 
 1428 086b B3B86F5A 	 .ascii "\263\270oZy\2252\034>\323<\000\312[\350\346\004\\\200"
 1428      7995321C 
 1428      3ED33C00 
 1428      CA5BE8E6 
 1428      045C80
 1429 087e AFA9FA43 	 .ascii "\257\251\372C\005\276\341\375\310\2773\035\026\266\314"
 1429      05BEE1FD 
 1429      C8BF331D 
 1429      16B6CC
 1430 088d 2CF8867B 	 .ascii ",\370\206{g\212j\024\245\3749\016\237\213\300}\274\037"
 1430      678A6A14 
 1430      A5FC390E 
 1430      9F8BC07D 
 1430      BC1F
 1431 089f 811B2DC4 	 .ascii "\201\033-\304\232\353/|m\316\254B\"\345\371\374A\371"
 1431      9AEB2F7C 
 1431      6DCEAC42 
 1431      22E5F9FC 
 1431      41F9
 1432 08b1 EFB30AD3 	 .ascii "\357\263\012\323\210\2510\327\343\225\002\376<\007\357"
 1432      88A930D7 
 1432      E39502FE 
 1432      3C07EF
 1433 08c0 3C9E67FD 	 .ascii "<\236g\375\335K/'\247\247\316!\211\352\370\361\005\263"
 1433      DD4B2F27 
 1433      A7A7CE21 
 1433      89EAF8F1 
 1433      05B3
 1434 08d2 D3D2E6CC 	 .ascii "\323\322\346\314v?A\236u\344\373\012e\307k\216g\344"
ARM GAS   			page 47


 1434      763F419E 
 1434      75E4FB0A 
 1434      65C76B8E 
 1434      67E4
 1435 08e4 C0A2A0AF 	 .ascii "\300\242\240\257\310\361\202\307\273(9\350K.\362\373"
 1435      C8F182C7 
 1435      BB2839E8 
 1435      4B2EF2FB 
 1436 08f4 5E95F382 	 .ascii "^\225\363\202\001Gn^\2608\267 \271`\354\374B\217\277"
 1436      01476E5E 
 1436      B038B720 
 1436      B960ECFC 
 1436      428FBF
 1437 0907 20D7EBCE 	 .ascii " \327\353\316\235\365Z \217\304\031\266H\202\277\330"
 1437      9DF55A20 
 1437      8FC419B6 
 1437      4882BFD8 
 1438 0917 EBF57817 	 .ascii "\353\365x\027\272\362|\005>\277\323R\354\361\006\237"
 1438      BAF27C05 
 1438      3EBFD352 
 1438      ECF1069F 
 1439 0927 7605ADBC 	 .ascii "v\005\255\274M}\312\025L\344l\201\354v\375\255\330\233"
 1439      4D7DCA15 
 1439      4CE46C81 
 1439      EC76FDAD 
 1439      D89B
 1440 0939 17783C7F 	 .ascii "\027x<\177\314\206\264\350\341\023\011\013\374rn0_\035"
 1440      CC86B4E8 
 1440      E113090B 
 1440      FC726E30 
 1440      5F1D
 1441 094b 059CD1C3 	 .ascii "\005\234\321\303T\311/\007\344\240+\350)\224\015\037"
 1441      54C92F07 
 1441      E4A02BE8 
 1441      29940D1F 
 1442 095b F249E2AB 	 .ascii "\362I\342\253\276\305\201\240'o\221k!\256.\222\027["
 1442      BEC581A0 
 1442      276F916B 
 1442      21AE2E92 
 1442      175B
 1443 096d 9E9717A7 	 .ascii "\236\227\027\247\373\334\262\235C\221E\004\343<^O\320"
 1443      FBDCB29D 
 1443      43914504 
 1443      E33C5E4F 
 1443      D0
 1444 097e 352FF3C5 	 .ascii "5/\363\305\214l\347\250~\252\315//\364\004\202\262\337"
 1444      8C6CE7A8 
 1444      7EAACD2F 
 1444      2FF40482 
 1444      B2DF
 1445 0990 955BB030 	 .ascii "\225[\2600^,DvY\305('+S\355\244g\275\034\217\214\210"
 1445      5E2C4476 
 1445      59C52827 
 1445      2B53EDA4 
 1445      67BD1C8F 
 1446 09a6 26E8F179 	 .ascii "&\350\361y\003\023\362\212\375~\331\033,X\354\012\310"
 1446      0313F28A 
ARM GAS   			page 48


 1446      FD7ED91B 
 1446      2C58EC0A 
 1446      C8
 1447 09b7 05982BD9 	 .ascii "\005\230+\331\235\030\364\005s\013\\\021\235\262\333"
 1447      9D18F405 
 1447      730B5C11 
 1447      9DB2DB
 1448 09c6 2C623707 	 .ascii ",b7\007\212d\331m\217\332\355\012\2322\263\377\350\215"
 1448      8A64D96D 
 1448      8FDAED0A 
 1448      9A32B3FF 
 1448      E88D
 1449 09d8 E51FAE79 	 .ascii "\345\037\256y\213\213d\221\2674\247+\030\233\235\221"
 1449      8B8B6491 
 1449      B734A72B 
 1449      189B9D91 
 1450 09e8 9391FD4A 	 .ascii "\223\221\375J\3063O\322\314,}\360\204)\3637\277\315"
 1450      C6334FD2 
 1450      CC2C7DF0 
 1450      8429F337 
 1450      BFCD
 1451 09fa D68769A6 	 .ascii "\326\207i\246\314\364,c\3504e\346de[\263\325Q*.f\030"
 1451      CCF42C63 
 1451      E83465E6 
 1451      64655BB3 
 1451      D5512A2E 
 1452 0a10 8BB37131 	 .ascii "\213\263q1#\333\2243/3{F\201g\201#\375\305\234\314\034"
 1452      23DB9433 
 1452      2F337B46 
 1452      81678123 
 1452      FDC59CCC 
 1453 0a25 FC4C73A4 	 .ascii "\374Ls\244\373\374rNqQ\021\026\224\003\253Jv\345\025"
 1453      FBFC724E 
 1453      71511116 
 1453      9403AB4A 
 1453      76E515
 1454 0a38 A661B262 	 .ascii "\246a\262b_z%3]8\225 z\031\336\334\005\0052zj\027\303"
 1454      5F7A2533 
 1454      5D389520 
 1454      7A19DEDC 
 1454      0505327A 
 1455 0a4f 673C016D 	 .ascii "g<\001m\374_\323$s\341"
 1455      FC5FD324 
 1455      73E1
 1456              	 .text
 1457              	 .section .gnu.lto_.symtab.862d2a8b68d4a96d,"e",%progbits
 1458 0000 6D61696E 	 .ascii "main\000"
 1458      00
 1459 0005 00       	 .ascii "\000"
 1460 0006 00       	 .ascii "\000"
 1461 0007 00       	 .ascii "\000"
 1462 0008 00000000 	 .ascii "\000\000\000\000\000\000\000\000"
 1462      00000000 
 1463 0010 BD000000 	 .ascii "\275\000\000\000"
 1464 0014 616C675F 	 .ascii "alg_functions\000"
 1464      66756E63 
 1464      74696F6E 
ARM GAS   			page 49


 1464      7300
 1465 0022 00       	 .ascii "\000"
 1466 0023 02       	 .ascii "\002"
 1467 0024 00       	 .ascii "\000"
 1468 0025 00000000 	 .ascii "\000\000\000\000\000\000\000\000"
 1468      00000000 
 1469 002d 03010000 	 .ascii "\003\001\000\000"
 1470 0031 72756E6E 	 .ascii "running_color2\000"
 1470      696E675F 
 1470      636F6C6F 
 1470      723200
 1471 0040 00       	 .ascii "\000"
 1472 0041 02       	 .ascii "\002"
 1473 0042 00       	 .ascii "\000"
 1474 0043 00000000 	 .ascii "\000\000\000\000\000\000\000\000"
 1474      00000000 
 1475 004b CF000000 	 .ascii "\317\000\000\000"
 1476 004f 72756E6E 	 .ascii "running_color3\000"
 1476      696E675F 
 1476      636F6C6F 
 1476      723300
 1477 005e 00       	 .ascii "\000"
 1478 005f 02       	 .ascii "\002"
 1479 0060 00       	 .ascii "\000"
 1480 0061 00000000 	 .ascii "\000\000\000\000\000\000\000\000"
 1480      00000000 
 1481 0069 D1000000 	 .ascii "\321\000\000\000"
 1482 006d 72756E6E 	 .ascii "running_color4\000"
 1482      696E675F 
 1482      636F6C6F 
 1482      723400
 1483 007c 00       	 .ascii "\000"
 1484 007d 02       	 .ascii "\002"
 1485 007e 00       	 .ascii "\000"
 1486 007f 00000000 	 .ascii "\000\000\000\000\000\000\000\000"
 1486      00000000 
 1487 0087 D3000000 	 .ascii "\323\000\000\000"
 1488 008b 62726561 	 .ascii "breath_colors2\000"
 1488      74685F63 
 1488      6F6C6F72 
 1488      733200
 1489 009a 00       	 .ascii "\000"
 1490 009b 02       	 .ascii "\002"
 1491 009c 00       	 .ascii "\000"
 1492 009d 00000000 	 .ascii "\000\000\000\000\000\000\000\000"
 1492      00000000 
 1493 00a5 D5000000 	 .ascii "\325\000\000\000"
 1494 00a9 62726561 	 .ascii "breath_colors1\000"
 1494      74685F63 
 1494      6F6C6F72 
 1494      733100
 1495 00b8 00       	 .ascii "\000"
 1496 00b9 02       	 .ascii "\002"
 1497 00ba 00       	 .ascii "\000"
 1498 00bb 00000000 	 .ascii "\000\000\000\000\000\000\000\000"
 1498      00000000 
 1499 00c3 D7000000 	 .ascii "\327\000\000\000"
ARM GAS   			page 50


 1500 00c7 72657365 	 .ascii "reset_time\000"
 1500      745F7469 
 1500      6D6500
 1501 00d2 00       	 .ascii "\000"
 1502 00d3 02       	 .ascii "\002"
 1503 00d4 00       	 .ascii "\000"
 1504 00d5 00000000 	 .ascii "\000\000\000\000\000\000\000\000"
 1504      00000000 
 1505 00dd DA000000 	 .ascii "\332\000\000\000"
 1506 00e1 6A6F7973 	 .ascii "joystick_get_key\000"
 1506      7469636B 
 1506      5F676574 
 1506      5F6B6579 
 1506      00
 1507 00f2 00       	 .ascii "\000"
 1508 00f3 02       	 .ascii "\002"
 1509 00f4 00       	 .ascii "\000"
 1510 00f5 00000000 	 .ascii "\000\000\000\000\000\000\000\000"
 1510      00000000 
 1511 00fd E0000000 	 .ascii "\340\000\000\000"
 1512 0101 696E6974 	 .ascii "init_TIMER2\000"
 1512      5F54494D 
 1512      45523200 
 1513 010d 00       	 .ascii "\000"
 1514 010e 02       	 .ascii "\002"
 1515 010f 00       	 .ascii "\000"
 1516 0110 00000000 	 .ascii "\000\000\000\000\000\000\000\000"
 1516      00000000 
 1517 0118 E2000000 	 .ascii "\342\000\000\000"
 1518 011c 696E6974 	 .ascii "init_TIMER1\000"
 1518      5F54494D 
 1518      45523100 
 1519 0128 00       	 .ascii "\000"
 1520 0129 02       	 .ascii "\002"
 1521 012a 00       	 .ascii "\000"
 1522 012b 00000000 	 .ascii "\000\000\000\000\000\000\000\000"
 1522      00000000 
 1523 0133 E4000000 	 .ascii "\344\000\000\000"
 1524 0137 72656769 	 .ascii "register_alg\000"
 1524      73746572 
 1524      5F616C67 
 1524      00
 1525 0144 00       	 .ascii "\000"
 1526 0145 02       	 .ascii "\002"
 1527 0146 00       	 .ascii "\000"
 1528 0147 00000000 	 .ascii "\000\000\000\000\000\000\000\000"
 1528      00000000 
 1529 014f E9000000 	 .ascii "\351\000\000\000"
 1530 0153 696E6974 	 .ascii "init_joystick\000"
 1530      5F6A6F79 
 1530      73746963 
 1530      6B00
 1531 0161 00       	 .ascii "\000"
 1532 0162 02       	 .ascii "\002"
 1533 0163 00       	 .ascii "\000"
 1534 0164 00000000 	 .ascii "\000\000\000\000\000\000\000\000"
 1534      00000000 
ARM GAS   			page 51


 1535 016c EB000000 	 .ascii "\353\000\000\000"
 1536 0170 696E6974 	 .ascii "init_SPI\000"
 1536      5F535049 
 1536      00
 1537 0179 00       	 .ascii "\000"
 1538 017a 02       	 .ascii "\002"
 1539 017b 00       	 .ascii "\000"
 1540 017c 00000000 	 .ascii "\000\000\000\000\000\000\000\000"
 1540      00000000 
 1541 0184 ED000000 	 .ascii "\355\000\000\000"
 1542 0188 696E6974 	 .ascii "init_CPU\000"
 1542      5F435055 
 1542      00
 1543 0191 00       	 .ascii "\000"
 1544 0192 02       	 .ascii "\002"
 1545 0193 00       	 .ascii "\000"
 1546 0194 00000000 	 .ascii "\000\000\000\000\000\000\000\000"
 1546      00000000 
 1547 019c EF000000 	 .ascii "\357\000\000\000"
 1548              	 .text
 1549              	 .section .gnu.lto_.ext_symtab.862d2a8b68d4a96d,"e",%progbits
 1550 0000 01       	 .ascii "\001"
 1551 0001 01       	 .ascii "\001"
 1552 0002 00       	 .ascii "\000"
 1553 0003 02       	 .ascii "\002"
 1554 0004 01       	 .ascii "\001"
 1555 0005 01       	 .ascii "\001"
 1556 0006 00       	 .ascii "\000"
 1557 0007 01       	 .ascii "\001"
 1558 0008 00       	 .ascii "\000"
 1559 0009 01       	 .ascii "\001"
 1560 000a 00       	 .ascii "\000"
 1561 000b 01       	 .ascii "\001"
 1562 000c 00       	 .ascii "\000"
 1563 000d 01       	 .ascii "\001"
 1564 000e 00       	 .ascii "\000"
 1565 000f 01       	 .ascii "\001"
 1566 0010 00       	 .ascii "\000"
 1567 0011 01       	 .ascii "\001"
 1568 0012 00       	 .ascii "\000"
 1569 0013 01       	 .ascii "\001"
 1570 0014 00       	 .ascii "\000"
 1571 0015 01       	 .ascii "\001"
 1572 0016 00       	 .ascii "\000"
 1573 0017 01       	 .ascii "\001"
 1574 0018 00       	 .ascii "\000"
 1575 0019 01       	 .ascii "\001"
 1576 001a 00       	 .ascii "\000"
 1577 001b 01       	 .ascii "\001"
 1578 001c 00       	 .ascii "\000"
 1579 001d 01       	 .ascii "\001"
 1580 001e 00       	 .ascii "\000"
 1581              	 .text
 1582              	 .section .gnu.lto_.opts,"e",%progbits
 1583 0000 272D666E 	 .ascii "'-fno-openmp' '-fno-openacc' '-fno-pie' '-fcf-prote"
 1583      6F2D6F70 
 1583      656E6D70 
ARM GAS   			page 52


 1583      2720272D 
 1583      666E6F2D 
 1584 0033 6374696F 	 .ascii "ction=none' '-g' '-mcpu=cortex-m3' '-mthumb' '-mflo"
 1584      6E3D6E6F 
 1584      6E652720 
 1584      272D6727 
 1584      20272D6D 
 1585 0066 61742D61 	 .ascii "at-abi=soft' '-mlibarch=armv7-m' '-march=armv7-m' '"
 1585      62693D73 
 1585      6F667427 
 1585      20272D6D 
 1585      6C696261 
 1586 0099 2D4F6727 	 .ascii "-Og' '-fdata-sections' '-ffunction-sections' '-flto"
 1586      20272D66 
 1586      64617461 
 1586      2D736563 
 1586      74696F6E 
 1587 00cc 2720272D 	 .ascii "' '-Xassembler' '-a' '-Xassembler' '-ad' '-Xassembl"
 1587      58617373 
 1587      656D626C 
 1587      65722720 
 1587      272D6127 
 1588 00ff 65722720 	 .ascii "er' '-alms=build/main.lst'\000"
 1588      272D616C 
 1588      6D733D62 
 1588      75696C64 
 1588      2F6D6169 
 1589              	 .text
 1590              	 .comm __gnu_lto_slim,1,1
 1591              	 .ident "GCC: (15:10.3-2021.07-4) 10.3.1 20210621 (release)"
ARM GAS   			page 53


DEFINED SYMBOLS
                            *ABS*:0000000000000000 main.c
    {standard input}:22     .gnu.debuglto_.debug_info:0000000000000000 main.c.b03370d4
                            *COM*:0000000000000001 __gnu_lto_slim

NO UNDEFINED SYMBOLS
