ARM GAS   			page 1


   1              	 .cpu cortex-m3
   2              	 .eabi_attribute 20,1
   3              	 .eabi_attribute 21,1
   4              	 .eabi_attribute 23,3
   5              	 .eabi_attribute 24,1
   6              	 .eabi_attribute 25,1
   7              	 .eabi_attribute 26,1
   8              	 .eabi_attribute 30,1
   9              	 .eabi_attribute 34,1
  10              	 .eabi_attribute 18,4
  11              	 .file "MDR32F9Qx_iwdg.c"
  12              	 .file 1 "/usr/lib/gcc/arm-none-eabi/10.3.1/include/stdint.h"
  13              	 .file 2 "lib/CMSIS/CM3/DeviceSupport/MDR32F9Qx/inc/MDR32Fx.h"
  14              	 .file 3 "lib/MDR32F9Qx_StdPeriph_Driver/inc/MDR32F9Qx_iwdg.h"
  15              	 .file 4 "lib/MDR32F9Qx_StdPeriph_Driver/src/MDR32F9Qx_iwdg.c"
  16              	 .section .gnu.debuglto_.debug_info,"e",%progbits
  17              	.Ldebug_info0:
  18              	 .hidden MDR32F9Qx_iwdg.c.8306d48c
  19              	 .weak MDR32F9Qx_iwdg.c.8306d48c
  20              	MDR32F9Qx_iwdg.c.8306d48c:
  21 0000 FE010000 	 .4byte 0x1fe
  22 0004 0200     	 .2byte 0x2
  23 0006 00000000 	 .4byte .Ldebug_abbrev0
  24 000a 04       	 .byte 0x4
  25 000b 01       	 .uleb128 0x1
  26 000c 79000000 	 .4byte .LASF35
  27 0010 0C       	 .byte 0xc
  28 0011 6A020000 	 .4byte .LASF36
  29 0015 5D010000 	 .4byte .LASF37
  30 0019 00000000 	 .4byte .Ldebug_line0
  31 001d 02       	 .uleb128 0x2
  32 001e 01       	 .byte 0x1
  33 001f 06       	 .byte 0x6
  34 0020 20030000 	 .4byte .LASF0
  35 0024 02       	 .uleb128 0x2
  36 0025 02       	 .byte 0x2
  37 0026 05       	 .byte 0x5
  38 0027 F6020000 	 .4byte .LASF1
  39 002b 02       	 .uleb128 0x2
  40 002c 04       	 .byte 0x4
  41 002d 05       	 .byte 0x5
  42 002e 17030000 	 .4byte .LASF2
  43 0032 02       	 .uleb128 0x2
  44 0033 08       	 .byte 0x8
  45 0034 05       	 .byte 0x5
  46 0035 E8020000 	 .4byte .LASF3
  47 0039 02       	 .uleb128 0x2
  48 003a 01       	 .byte 0x1
  49 003b 08       	 .byte 0x8
  50 003c 00020000 	 .4byte .LASF4
  51 0040 02       	 .uleb128 0x2
  52 0041 02       	 .byte 0x2
  53 0042 07       	 .byte 0x7
  54 0043 2C030000 	 .4byte .LASF5
  55 0047 03       	 .uleb128 0x3
  56 0048 0E030000 	 .4byte .LASF10
  57 004c 01       	 .byte 0x1
ARM GAS   			page 2


  58 004d 34       	 .byte 0x34
  59 004e 19       	 .byte 0x19
  60 004f 58000000 	 .4byte 0x58
  61 0053 04       	 .uleb128 0x4
  62 0054 47000000 	 .4byte 0x47
  63 0058 02       	 .uleb128 0x2
  64 0059 04       	 .byte 0x4
  65 005a 07       	 .byte 0x7
  66 005b A3010000 	 .4byte .LASF6
  67 005f 02       	 .uleb128 0x2
  68 0060 08       	 .byte 0x8
  69 0061 07       	 .byte 0x7
  70 0062 B0020000 	 .4byte .LASF7
  71 0066 05       	 .uleb128 0x5
  72 0067 04       	 .byte 0x4
  73 0068 05       	 .byte 0x5
  74 0069 696E7400 	 .ascii "int\000"
  75 006d 02       	 .uleb128 0x2
  76 006e 04       	 .byte 0x4
  77 006f 07       	 .byte 0x7
  78 0070 5D020000 	 .4byte .LASF8
  79 0074 06       	 .uleb128 0x6
  80 0075 07       	 .byte 0x7
  81 0076 01       	 .byte 0x1
  82 0077 39000000 	 .4byte 0x39
  83 007b 02       	 .byte 0x2
  84 007c 69       	 .byte 0x69
  85 007d 0E       	 .byte 0xe
  86 007e 8F000000 	 .4byte 0x8f
  87 0082 07       	 .uleb128 0x7
  88 0083 3F030000 	 .4byte .LASF9
  89 0087 00       	 .byte 0
  90 0088 08       	 .uleb128 0x8
  91 0089 53455400 	 .ascii "SET\000"
  92 008d 01       	 .byte 0x1
  93 008e 00       	 .byte 0
  94 008f 03       	 .uleb128 0x3
  95 0090 41010000 	 .4byte .LASF11
  96 0094 02       	 .byte 0x2
  97 0095 69       	 .byte 0x69
  98 0096 28       	 .byte 0x28
  99 0097 74000000 	 .4byte 0x74
 100 009b 09       	 .uleb128 0x9
 101 009c 10       	 .byte 0x10
 102 009d 02       	 .byte 0x2
 103 009e 3807     	 .2byte 0x738
 104 00a0 09       	 .byte 0x9
 105 00a1 E3000000 	 .4byte 0xe3
 106 00a5 0A       	 .uleb128 0xa
 107 00a6 4B5200   	 .ascii "KR\000"
 108 00a9 02       	 .byte 0x2
 109 00aa 3A07     	 .2byte 0x73a
 110 00ac 11       	 .byte 0x11
 111 00ad 53000000 	 .4byte 0x53
 112 00b1 02       	 .byte 0x2
 113 00b2 23       	 .byte 0x23
 114 00b3 00       	 .uleb128 0
ARM GAS   			page 3


 115 00b4 0A       	 .uleb128 0xa
 116 00b5 505200   	 .ascii "PR\000"
 117 00b8 02       	 .byte 0x2
 118 00b9 3B07     	 .2byte 0x73b
 119 00bb 11       	 .byte 0x11
 120 00bc 53000000 	 .4byte 0x53
 121 00c0 02       	 .byte 0x2
 122 00c1 23       	 .byte 0x23
 123 00c2 04       	 .uleb128 0x4
 124 00c3 0A       	 .uleb128 0xa
 125 00c4 524C5200 	 .ascii "RLR\000"
 126 00c8 02       	 .byte 0x2
 127 00c9 3C07     	 .2byte 0x73c
 128 00cb 11       	 .byte 0x11
 129 00cc 53000000 	 .4byte 0x53
 130 00d0 02       	 .byte 0x2
 131 00d1 23       	 .byte 0x23
 132 00d2 08       	 .uleb128 0x8
 133 00d3 0A       	 .uleb128 0xa
 134 00d4 535200   	 .ascii "SR\000"
 135 00d7 02       	 .byte 0x2
 136 00d8 3D07     	 .2byte 0x73d
 137 00da 11       	 .byte 0x11
 138 00db 53000000 	 .4byte 0x53
 139 00df 02       	 .byte 0x2
 140 00e0 23       	 .byte 0x23
 141 00e1 0C       	 .uleb128 0xc
 142 00e2 00       	 .byte 0
 143 00e3 0B       	 .uleb128 0xb
 144 00e4 2B020000 	 .4byte .LASF12
 145 00e8 02       	 .byte 0x2
 146 00e9 3E07     	 .2byte 0x73e
 147 00eb 02       	 .byte 0x2
 148 00ec 9B000000 	 .4byte 0x9b
 149 00f0 06       	 .uleb128 0x6
 150 00f1 07       	 .byte 0x7
 151 00f2 01       	 .byte 0x1
 152 00f3 39000000 	 .4byte 0x39
 153 00f7 03       	 .byte 0x3
 154 00f8 32       	 .byte 0x32
 155 00f9 01       	 .byte 0x1
 156 00fa 29010000 	 .4byte 0x129
 157 00fe 07       	 .uleb128 0x7
 158 00ff 0E010000 	 .4byte .LASF13
 159 0103 00       	 .byte 0
 160 0104 07       	 .uleb128 0x7
 161 0105 4C010000 	 .4byte .LASF14
 162 0109 01       	 .byte 0x1
 163 010a 07       	 .uleb128 0x7
 164 010b 9E020000 	 .4byte .LASF15
 165 010f 02       	 .byte 0x2
 166 0110 07       	 .uleb128 0x7
 167 0111 C7020000 	 .4byte .LASF16
 168 0115 03       	 .byte 0x3
 169 0116 07       	 .uleb128 0x7
 170 0117 55000000 	 .4byte .LASF17
 171 011b 04       	 .byte 0x4
ARM GAS   			page 4


 172 011c 07       	 .uleb128 0x7
 173 011d 18020000 	 .4byte .LASF18
 174 0121 05       	 .byte 0x5
 175 0122 07       	 .uleb128 0x7
 176 0123 CA010000 	 .4byte .LASF19
 177 0127 06       	 .byte 0x6
 178 0128 00       	 .byte 0
 179 0129 03       	 .uleb128 0x3
 180 012a 2F000000 	 .4byte .LASF20
 181 012e 03       	 .byte 0x3
 182 012f 3A       	 .byte 0x3a
 183 0130 03       	 .byte 0x3
 184 0131 F0000000 	 .4byte 0xf0
 185 0135 06       	 .uleb128 0x6
 186 0136 07       	 .byte 0x7
 187 0137 01       	 .byte 0x1
 188 0138 39000000 	 .4byte 0x39
 189 013c 03       	 .byte 0x3
 190 013d 48       	 .byte 0x48
 191 013e 01       	 .byte 0x1
 192 013f 50010000 	 .4byte 0x150
 193 0143 07       	 .uleb128 0x7
 194 0144 00030000 	 .4byte .LASF21
 195 0148 01       	 .byte 0x1
 196 0149 07       	 .uleb128 0x7
 197 014a 3C020000 	 .4byte .LASF22
 198 014e 02       	 .byte 0x2
 199 014f 00       	 .byte 0
 200 0150 03       	 .uleb128 0x3
 201 0151 F5010000 	 .4byte .LASF23
 202 0155 03       	 .byte 0x3
 203 0156 4B       	 .byte 0x4b
 204 0157 03       	 .byte 0x3
 205 0158 35010000 	 .4byte 0x135
 206 015c 0C       	 .uleb128 0xc
 207 015d 01       	 .byte 0x1
 208 015e 4A020000 	 .4byte .LASF38
 209 0162 04       	 .byte 0x4
 210 0163 98       	 .byte 0x98
 211 0164 0C       	 .byte 0xc
 212 0165 01       	 .byte 0x1
 213 0166 8F000000 	 .4byte 0x8f
 214 016a 87010000 	 .4byte 0x187
 215 016e 0D       	 .uleb128 0xd
 216 016f 0E020000 	 .4byte .LASF26
 217 0173 04       	 .byte 0x4
 218 0174 98       	 .byte 0x98
 219 0175 2A       	 .byte 0x2a
 220 0176 50010000 	 .4byte 0x150
 221 017a 0E       	 .uleb128 0xe
 222 017b 25000000 	 .4byte .LASF39
 223 017f 04       	 .byte 0x4
 224 0180 9A       	 .byte 0x9a
 225 0181 10       	 .byte 0x10
 226 0182 8F000000 	 .4byte 0x8f
 227 0186 00       	 .byte 0
 228 0187 0F       	 .uleb128 0xf
ARM GAS   			page 5


 229 0188 01       	 .byte 0x1
 230 0189 19000000 	 .4byte .LASF24
 231 018d 04       	 .byte 0x4
 232 018e 8E       	 .byte 0x8e
 233 018f 06       	 .byte 0x6
 234 0190 01       	 .byte 0x1
 235 0191 0F       	 .uleb128 0xf
 236 0192 01       	 .byte 0x1
 237 0193 2E010000 	 .4byte .LASF25
 238 0197 04       	 .byte 0x4
 239 0198 84       	 .byte 0x84
 240 0199 06       	 .byte 0x6
 241 019a 01       	 .byte 0x1
 242 019b 10       	 .uleb128 0x10
 243 019c 01       	 .byte 0x1
 244 019d D9020000 	 .4byte .LASF28
 245 01a1 04       	 .byte 0x4
 246 01a2 79       	 .byte 0x79
 247 01a3 0A       	 .byte 0xa
 248 01a4 01       	 .byte 0x1
 249 01a5 47000000 	 .4byte 0x47
 250 01a9 11       	 .uleb128 0x11
 251 01aa 01       	 .byte 0x1
 252 01ab 1F010000 	 .4byte .LASF30
 253 01af 04       	 .byte 0x4
 254 01b0 6A       	 .byte 0x6a
 255 01b1 06       	 .byte 0x6
 256 01b2 01       	 .byte 0x1
 257 01b3 C4010000 	 .4byte 0x1c4
 258 01b7 0D       	 .uleb128 0xd
 259 01b8 12000000 	 .4byte .LASF27
 260 01bc 04       	 .byte 0x4
 261 01bd 6A       	 .byte 0x6a
 262 01be 1E       	 .byte 0x1e
 263 01bf 47000000 	 .4byte 0x47
 264 01c3 00       	 .byte 0
 265 01c4 10       	 .uleb128 0x10
 266 01c5 01       	 .byte 0x1
 267 01c6 00000000 	 .4byte .LASF29
 268 01ca 04       	 .byte 0x4
 269 01cb 5E       	 .byte 0x5e
 270 01cc 10       	 .byte 0x10
 271 01cd 01       	 .byte 0x1
 272 01ce 29010000 	 .4byte 0x129
 273 01d2 11       	 .uleb128 0x11
 274 01d3 01       	 .byte 0x1
 275 01d4 67000000 	 .4byte .LASF31
 276 01d8 04       	 .byte 0x4
 277 01d9 50       	 .byte 0x50
 278 01da 06       	 .byte 0x6
 279 01db 01       	 .byte 0x1
 280 01dc ED010000 	 .4byte 0x1ed
 281 01e0 0D       	 .uleb128 0xd
 282 01e1 B5010000 	 .4byte .LASF32
 283 01e5 04       	 .byte 0x4
 284 01e6 50       	 .byte 0x50
 285 01e7 27       	 .byte 0x27
ARM GAS   			page 6


 286 01e8 29010000 	 .4byte 0x129
 287 01ec 00       	 .byte 0
 288 01ed 0F       	 .uleb128 0xf
 289 01ee 01       	 .byte 0x1
 290 01ef DD010000 	 .4byte .LASF33
 291 01f3 04       	 .byte 0x4
 292 01f4 44       	 .byte 0x44
 293 01f5 06       	 .byte 0x6
 294 01f6 01       	 .byte 0x1
 295 01f7 0F       	 .uleb128 0xf
 296 01f8 01       	 .byte 0x1
 297 01f9 3E000000 	 .4byte .LASF34
 298 01fd 04       	 .byte 0x4
 299 01fe 3A       	 .byte 0x3a
 300 01ff 06       	 .byte 0x6
 301 0200 01       	 .byte 0x1
 302 0201 00       	 .byte 0
 303              	 .section .gnu.debuglto_.debug_abbrev,"e",%progbits
 304              	.Ldebug_abbrev0:
 305 0000 01       	 .uleb128 0x1
 306 0001 11       	 .uleb128 0x11
 307 0002 01       	 .byte 0x1
 308 0003 25       	 .uleb128 0x25
 309 0004 0E       	 .uleb128 0xe
 310 0005 13       	 .uleb128 0x13
 311 0006 0B       	 .uleb128 0xb
 312 0007 03       	 .uleb128 0x3
 313 0008 0E       	 .uleb128 0xe
 314 0009 1B       	 .uleb128 0x1b
 315 000a 0E       	 .uleb128 0xe
 316 000b 10       	 .uleb128 0x10
 317 000c 06       	 .uleb128 0x6
 318 000d 00       	 .byte 0
 319 000e 00       	 .byte 0
 320 000f 02       	 .uleb128 0x2
 321 0010 24       	 .uleb128 0x24
 322 0011 00       	 .byte 0
 323 0012 0B       	 .uleb128 0xb
 324 0013 0B       	 .uleb128 0xb
 325 0014 3E       	 .uleb128 0x3e
 326 0015 0B       	 .uleb128 0xb
 327 0016 03       	 .uleb128 0x3
 328 0017 0E       	 .uleb128 0xe
 329 0018 00       	 .byte 0
 330 0019 00       	 .byte 0
 331 001a 03       	 .uleb128 0x3
 332 001b 16       	 .uleb128 0x16
 333 001c 00       	 .byte 0
 334 001d 03       	 .uleb128 0x3
 335 001e 0E       	 .uleb128 0xe
 336 001f 3A       	 .uleb128 0x3a
 337 0020 0B       	 .uleb128 0xb
 338 0021 3B       	 .uleb128 0x3b
 339 0022 0B       	 .uleb128 0xb
 340 0023 39       	 .uleb128 0x39
 341 0024 0B       	 .uleb128 0xb
 342 0025 49       	 .uleb128 0x49
ARM GAS   			page 7


 343 0026 13       	 .uleb128 0x13
 344 0027 00       	 .byte 0
 345 0028 00       	 .byte 0
 346 0029 04       	 .uleb128 0x4
 347 002a 35       	 .uleb128 0x35
 348 002b 00       	 .byte 0
 349 002c 49       	 .uleb128 0x49
 350 002d 13       	 .uleb128 0x13
 351 002e 00       	 .byte 0
 352 002f 00       	 .byte 0
 353 0030 05       	 .uleb128 0x5
 354 0031 24       	 .uleb128 0x24
 355 0032 00       	 .byte 0
 356 0033 0B       	 .uleb128 0xb
 357 0034 0B       	 .uleb128 0xb
 358 0035 3E       	 .uleb128 0x3e
 359 0036 0B       	 .uleb128 0xb
 360 0037 03       	 .uleb128 0x3
 361 0038 08       	 .uleb128 0x8
 362 0039 00       	 .byte 0
 363 003a 00       	 .byte 0
 364 003b 06       	 .uleb128 0x6
 365 003c 04       	 .uleb128 0x4
 366 003d 01       	 .byte 0x1
 367 003e 3E       	 .uleb128 0x3e
 368 003f 0B       	 .uleb128 0xb
 369 0040 0B       	 .uleb128 0xb
 370 0041 0B       	 .uleb128 0xb
 371 0042 49       	 .uleb128 0x49
 372 0043 13       	 .uleb128 0x13
 373 0044 3A       	 .uleb128 0x3a
 374 0045 0B       	 .uleb128 0xb
 375 0046 3B       	 .uleb128 0x3b
 376 0047 0B       	 .uleb128 0xb
 377 0048 39       	 .uleb128 0x39
 378 0049 0B       	 .uleb128 0xb
 379 004a 01       	 .uleb128 0x1
 380 004b 13       	 .uleb128 0x13
 381 004c 00       	 .byte 0
 382 004d 00       	 .byte 0
 383 004e 07       	 .uleb128 0x7
 384 004f 28       	 .uleb128 0x28
 385 0050 00       	 .byte 0
 386 0051 03       	 .uleb128 0x3
 387 0052 0E       	 .uleb128 0xe
 388 0053 1C       	 .uleb128 0x1c
 389 0054 0B       	 .uleb128 0xb
 390 0055 00       	 .byte 0
 391 0056 00       	 .byte 0
 392 0057 08       	 .uleb128 0x8
 393 0058 28       	 .uleb128 0x28
 394 0059 00       	 .byte 0
 395 005a 03       	 .uleb128 0x3
 396 005b 08       	 .uleb128 0x8
 397 005c 1C       	 .uleb128 0x1c
 398 005d 0B       	 .uleb128 0xb
 399 005e 00       	 .byte 0
ARM GAS   			page 8


 400 005f 00       	 .byte 0
 401 0060 09       	 .uleb128 0x9
 402 0061 13       	 .uleb128 0x13
 403 0062 01       	 .byte 0x1
 404 0063 0B       	 .uleb128 0xb
 405 0064 0B       	 .uleb128 0xb
 406 0065 3A       	 .uleb128 0x3a
 407 0066 0B       	 .uleb128 0xb
 408 0067 3B       	 .uleb128 0x3b
 409 0068 05       	 .uleb128 0x5
 410 0069 39       	 .uleb128 0x39
 411 006a 0B       	 .uleb128 0xb
 412 006b 01       	 .uleb128 0x1
 413 006c 13       	 .uleb128 0x13
 414 006d 00       	 .byte 0
 415 006e 00       	 .byte 0
 416 006f 0A       	 .uleb128 0xa
 417 0070 0D       	 .uleb128 0xd
 418 0071 00       	 .byte 0
 419 0072 03       	 .uleb128 0x3
 420 0073 08       	 .uleb128 0x8
 421 0074 3A       	 .uleb128 0x3a
 422 0075 0B       	 .uleb128 0xb
 423 0076 3B       	 .uleb128 0x3b
 424 0077 05       	 .uleb128 0x5
 425 0078 39       	 .uleb128 0x39
 426 0079 0B       	 .uleb128 0xb
 427 007a 49       	 .uleb128 0x49
 428 007b 13       	 .uleb128 0x13
 429 007c 38       	 .uleb128 0x38
 430 007d 0A       	 .uleb128 0xa
 431 007e 00       	 .byte 0
 432 007f 00       	 .byte 0
 433 0080 0B       	 .uleb128 0xb
 434 0081 16       	 .uleb128 0x16
 435 0082 00       	 .byte 0
 436 0083 03       	 .uleb128 0x3
 437 0084 0E       	 .uleb128 0xe
 438 0085 3A       	 .uleb128 0x3a
 439 0086 0B       	 .uleb128 0xb
 440 0087 3B       	 .uleb128 0x3b
 441 0088 05       	 .uleb128 0x5
 442 0089 39       	 .uleb128 0x39
 443 008a 0B       	 .uleb128 0xb
 444 008b 49       	 .uleb128 0x49
 445 008c 13       	 .uleb128 0x13
 446 008d 00       	 .byte 0
 447 008e 00       	 .byte 0
 448 008f 0C       	 .uleb128 0xc
 449 0090 2E       	 .uleb128 0x2e
 450 0091 01       	 .byte 0x1
 451 0092 3F       	 .uleb128 0x3f
 452 0093 0C       	 .uleb128 0xc
 453 0094 03       	 .uleb128 0x3
 454 0095 0E       	 .uleb128 0xe
 455 0096 3A       	 .uleb128 0x3a
 456 0097 0B       	 .uleb128 0xb
ARM GAS   			page 9


 457 0098 3B       	 .uleb128 0x3b
 458 0099 0B       	 .uleb128 0xb
 459 009a 39       	 .uleb128 0x39
 460 009b 0B       	 .uleb128 0xb
 461 009c 27       	 .uleb128 0x27
 462 009d 0C       	 .uleb128 0xc
 463 009e 49       	 .uleb128 0x49
 464 009f 13       	 .uleb128 0x13
 465 00a0 01       	 .uleb128 0x1
 466 00a1 13       	 .uleb128 0x13
 467 00a2 00       	 .byte 0
 468 00a3 00       	 .byte 0
 469 00a4 0D       	 .uleb128 0xd
 470 00a5 05       	 .uleb128 0x5
 471 00a6 00       	 .byte 0
 472 00a7 03       	 .uleb128 0x3
 473 00a8 0E       	 .uleb128 0xe
 474 00a9 3A       	 .uleb128 0x3a
 475 00aa 0B       	 .uleb128 0xb
 476 00ab 3B       	 .uleb128 0x3b
 477 00ac 0B       	 .uleb128 0xb
 478 00ad 39       	 .uleb128 0x39
 479 00ae 0B       	 .uleb128 0xb
 480 00af 49       	 .uleb128 0x49
 481 00b0 13       	 .uleb128 0x13
 482 00b1 00       	 .byte 0
 483 00b2 00       	 .byte 0
 484 00b3 0E       	 .uleb128 0xe
 485 00b4 34       	 .uleb128 0x34
 486 00b5 00       	 .byte 0
 487 00b6 03       	 .uleb128 0x3
 488 00b7 0E       	 .uleb128 0xe
 489 00b8 3A       	 .uleb128 0x3a
 490 00b9 0B       	 .uleb128 0xb
 491 00ba 3B       	 .uleb128 0x3b
 492 00bb 0B       	 .uleb128 0xb
 493 00bc 39       	 .uleb128 0x39
 494 00bd 0B       	 .uleb128 0xb
 495 00be 49       	 .uleb128 0x49
 496 00bf 13       	 .uleb128 0x13
 497 00c0 00       	 .byte 0
 498 00c1 00       	 .byte 0
 499 00c2 0F       	 .uleb128 0xf
 500 00c3 2E       	 .uleb128 0x2e
 501 00c4 00       	 .byte 0
 502 00c5 3F       	 .uleb128 0x3f
 503 00c6 0C       	 .uleb128 0xc
 504 00c7 03       	 .uleb128 0x3
 505 00c8 0E       	 .uleb128 0xe
 506 00c9 3A       	 .uleb128 0x3a
 507 00ca 0B       	 .uleb128 0xb
 508 00cb 3B       	 .uleb128 0x3b
 509 00cc 0B       	 .uleb128 0xb
 510 00cd 39       	 .uleb128 0x39
 511 00ce 0B       	 .uleb128 0xb
 512 00cf 27       	 .uleb128 0x27
 513 00d0 0C       	 .uleb128 0xc
ARM GAS   			page 10


 514 00d1 00       	 .byte 0
 515 00d2 00       	 .byte 0
 516 00d3 10       	 .uleb128 0x10
 517 00d4 2E       	 .uleb128 0x2e
 518 00d5 00       	 .byte 0
 519 00d6 3F       	 .uleb128 0x3f
 520 00d7 0C       	 .uleb128 0xc
 521 00d8 03       	 .uleb128 0x3
 522 00d9 0E       	 .uleb128 0xe
 523 00da 3A       	 .uleb128 0x3a
 524 00db 0B       	 .uleb128 0xb
 525 00dc 3B       	 .uleb128 0x3b
 526 00dd 0B       	 .uleb128 0xb
 527 00de 39       	 .uleb128 0x39
 528 00df 0B       	 .uleb128 0xb
 529 00e0 27       	 .uleb128 0x27
 530 00e1 0C       	 .uleb128 0xc
 531 00e2 49       	 .uleb128 0x49
 532 00e3 13       	 .uleb128 0x13
 533 00e4 00       	 .byte 0
 534 00e5 00       	 .byte 0
 535 00e6 11       	 .uleb128 0x11
 536 00e7 2E       	 .uleb128 0x2e
 537 00e8 01       	 .byte 0x1
 538 00e9 3F       	 .uleb128 0x3f
 539 00ea 0C       	 .uleb128 0xc
 540 00eb 03       	 .uleb128 0x3
 541 00ec 0E       	 .uleb128 0xe
 542 00ed 3A       	 .uleb128 0x3a
 543 00ee 0B       	 .uleb128 0xb
 544 00ef 3B       	 .uleb128 0x3b
 545 00f0 0B       	 .uleb128 0xb
 546 00f1 39       	 .uleb128 0x39
 547 00f2 0B       	 .uleb128 0xb
 548 00f3 27       	 .uleb128 0x27
 549 00f4 0C       	 .uleb128 0xc
 550 00f5 01       	 .uleb128 0x1
 551 00f6 13       	 .uleb128 0x13
 552 00f7 00       	 .byte 0
 553 00f8 00       	 .byte 0
 554 00f9 00       	 .byte 0
 555              	 .section .gnu.debuglto_.debug_line,"e",%progbits
 556              	.Ldebug_line0:
 557 0000 F4000000 	 .4byte .LELT0-.LSLT0
 558              	.LSLT0:
 559 0004 0200     	 .2byte 0x2
 560 0006 EE000000 	 .4byte .LELTP0-.LASLTP0
 561              	.LASLTP0:
 562 000a 01       	 .byte 0x1
 563 000b 01       	 .byte 0x1
 564 000c F6       	 .byte 0xf6
 565 000d F2       	 .byte 0xf2
 566 000e 0D       	 .byte 0xd
 567 000f 00       	 .byte 0
 568 0010 01       	 .byte 0x1
 569 0011 01       	 .byte 0x1
 570 0012 01       	 .byte 0x1
ARM GAS   			page 11


 571 0013 01       	 .byte 0x1
 572 0014 00       	 .byte 0
 573 0015 00       	 .byte 0
 574 0016 00       	 .byte 0
 575 0017 01       	 .byte 0x1
 576 0018 00       	 .byte 0
 577 0019 00       	 .byte 0
 578 001a 01       	 .byte 0x1
 579 001b 6C69622F 	 .ascii "lib/CMSIS/CM3/DeviceSupport/MDR32F9Qx/inc"
 579      434D5349 
 579      532F434D 
 579      332F4465 
 579      76696365 
 580 0044 00       	 .byte 0
 581 0045 6C69622F 	 .ascii "lib/MDR32F9Qx_StdPeriph_Driver/inc"
 581      4D445233 
 581      32463951 
 581      785F5374 
 581      64506572 
 582 0067 00       	 .byte 0
 583 0068 6C69622F 	 .ascii "lib/MDR32F9Qx_StdPeriph_Driver/src"
 583      4D445233 
 583      32463951 
 583      785F5374 
 583      64506572 
 584 008a 00       	 .byte 0
 585 008b 2F757372 	 .ascii "/usr/lib/gcc/arm-none-eabi/10.3.1/include"
 585      2F6C6962 
 585      2F676363 
 585      2F61726D 
 585      2D6E6F6E 
 586 00b4 00       	 .byte 0
 587 00b5 00       	 .byte 0
 588 00b6 73746469 	 .ascii "stdint.h\000"
 588      6E742E68 
 588      00
 589 00bf 04       	 .uleb128 0x4
 590 00c0 00       	 .uleb128 0
 591 00c1 00       	 .uleb128 0
 592 00c2 4D445233 	 .ascii "MDR32Fx.h\000"
 592      3246782E 
 592      6800
 593 00cc 01       	 .uleb128 0x1
 594 00cd 00       	 .uleb128 0
 595 00ce 00       	 .uleb128 0
 596 00cf 4D445233 	 .ascii "MDR32F9Qx_iwdg.h\000"
 596      32463951 
 596      785F6977 
 596      64672E68 
 596      00
 597 00e0 02       	 .uleb128 0x2
 598 00e1 00       	 .uleb128 0
 599 00e2 00       	 .uleb128 0
 600 00e3 4D445233 	 .ascii "MDR32F9Qx_iwdg.c\000"
 600      32463951 
 600      785F6977 
 600      64672E63 
ARM GAS   			page 12


 600      00
 601 00f4 03       	 .uleb128 0x3
 602 00f5 00       	 .uleb128 0
 603 00f6 00       	 .uleb128 0
 604 00f7 00       	 .byte 0
 605              	.LELTP0:
 606              	.LELT0:
 607              	 .section .gnu.debuglto_.debug_str,"eMS",%progbits,1
 608              	.LASF29:
 609 0000 49574447 	 .ascii "IWDG_GetPrescaler\000"
 609      5F476574 
 609      50726573 
 609      63616C65 
 609      7200
 610              	.LASF27:
 611 0012 52656C6F 	 .ascii "Reload\000"
 611      616400
 612              	.LASF24:
 613 0019 49574447 	 .ascii "IWDG_Enable\000"
 613      5F456E61 
 613      626C6500 
 614              	.LASF39:
 615 0025 62697473 	 .ascii "bitstatus\000"
 615      74617475 
 615      7300
 616              	.LASF20:
 617 002f 49574447 	 .ascii "IWDG_Prescaler\000"
 617      5F507265 
 617      7363616C 
 617      657200
 618              	.LASF34:
 619 003e 49574447 	 .ascii "IWDG_WriteAccessEnable\000"
 619      5F577269 
 619      74654163 
 619      63657373 
 619      456E6162 
 620              	.LASF17:
 621 0055 49574447 	 .ascii "IWDG_Prescaler_64\000"
 621      5F507265 
 621      7363616C 
 621      65725F36 
 621      3400
 622              	.LASF31:
 623 0067 49574447 	 .ascii "IWDG_SetPrescaler\000"
 623      5F536574 
 623      50726573 
 623      63616C65 
 623      7200
 624              	.LASF35:
 625 0079 474E5520 	 .ascii "GNU C17 10.3.1 20210621 (release) -mcpu=cortex-m3 -"
 625      43313720 
 625      31302E33 
 625      2E312032 
 625      30323130 
 626 00ac 6D746875 	 .ascii "mthumb -mfloat-abi=soft -march=armv7-m -g -gdwarf-2"
 626      6D62202D 
 626      6D666C6F 
ARM GAS   			page 13


 626      61742D61 
 626      62693D73 
 627 00df 202D4F67 	 .ascii " -Og -fdata-sections -ffunction-sections -flto\000"
 627      202D6664 
 627      6174612D 
 627      73656374 
 627      696F6E73 
 628              	.LASF13:
 629 010e 49574447 	 .ascii "IWDG_Prescaler_4\000"
 629      5F507265 
 629      7363616C 
 629      65725F34 
 629      00
 630              	.LASF30:
 631 011f 49574447 	 .ascii "IWDG_SetReload\000"
 631      5F536574 
 631      52656C6F 
 631      616400
 632              	.LASF25:
 633 012e 49574447 	 .ascii "IWDG_ReloadCounter\000"
 633      5F52656C 
 633      6F616443 
 633      6F756E74 
 633      657200
 634              	.LASF11:
 635 0141 466C6167 	 .ascii "FlagStatus\000"
 635      53746174 
 635      757300
 636              	.LASF14:
 637 014c 49574447 	 .ascii "IWDG_Prescaler_8\000"
 637      5F507265 
 637      7363616C 
 637      65725F38 
 637      00
 638              	.LASF37:
 639 015d 2F686F6D 	 .ascii "/home/v/Desktop/Link to projects/actual link to pro"
 639      652F762F 
 639      4465736B 
 639      746F702F 
 639      4C696E6B 
 640 0190 6A656374 	 .ascii "jects/girlanda-vsc\000"
 640      732F6769 
 640      726C616E 
 640      64612D76 
 640      736300
 641              	.LASF6:
 642 01a3 6C6F6E67 	 .ascii "long unsigned int\000"
 642      20756E73 
 642      69676E65 
 642      6420696E 
 642      7400
 643              	.LASF32:
 644 01b5 49574447 	 .ascii "IWDG_Prescaler_Value\000"
 644      5F507265 
 644      7363616C 
 644      65725F56 
 644      616C7565 
ARM GAS   			page 14


 645              	.LASF19:
 646 01ca 49574447 	 .ascii "IWDG_Prescaler_256\000"
 646      5F507265 
 646      7363616C 
 646      65725F32 
 646      353600
 647              	.LASF33:
 648 01dd 49574447 	 .ascii "IWDG_WriteAccessDisable\000"
 648      5F577269 
 648      74654163 
 648      63657373 
 648      44697361 
 649              	.LASF23:
 650 01f5 49574447 	 .ascii "IWDG_Flags\000"
 650      5F466C61 
 650      677300
 651              	.LASF4:
 652 0200 756E7369 	 .ascii "unsigned char\000"
 652      676E6564 
 652      20636861 
 652      7200
 653              	.LASF26:
 654 020e 49574447 	 .ascii "IWDG_FLAG\000"
 654      5F464C41 
 654      4700
 655              	.LASF18:
 656 0218 49574447 	 .ascii "IWDG_Prescaler_128\000"
 656      5F507265 
 656      7363616C 
 656      65725F31 
 656      323800
 657              	.LASF12:
 658 022b 4D44525F 	 .ascii "MDR_IWDG_TypeDef\000"
 658      49574447 
 658      5F547970 
 658      65446566 
 658      00
 659              	.LASF22:
 660 023c 49574447 	 .ascii "IWDG_FLAG_RVU\000"
 660      5F464C41 
 660      475F5256 
 660      5500
 661              	.LASF38:
 662 024a 49574447 	 .ascii "IWDG_GetFlagStatus\000"
 662      5F476574 
 662      466C6167 
 662      53746174 
 662      757300
 663              	.LASF8:
 664 025d 756E7369 	 .ascii "unsigned int\000"
 664      676E6564 
 664      20696E74 
 664      00
 665              	.LASF36:
 666 026a 6C69622F 	 .ascii "lib/MDR32F9Qx_StdPeriph_Driver/src/MDR32F9Qx_iwdg.c"
 666      4D445233 
 666      32463951 
ARM GAS   			page 15


 666      785F5374 
 666      64506572 
 667 029d 00       	 .ascii "\000"
 668              	.LASF15:
 669 029e 49574447 	 .ascii "IWDG_Prescaler_16\000"
 669      5F507265 
 669      7363616C 
 669      65725F31 
 669      3600
 670              	.LASF7:
 671 02b0 6C6F6E67 	 .ascii "long long unsigned int\000"
 671      206C6F6E 
 671      6720756E 
 671      7369676E 
 671      65642069 
 672              	.LASF16:
 673 02c7 49574447 	 .ascii "IWDG_Prescaler_32\000"
 673      5F507265 
 673      7363616C 
 673      65725F33 
 673      3200
 674              	.LASF28:
 675 02d9 49574447 	 .ascii "IWDG_GetReload\000"
 675      5F476574 
 675      52656C6F 
 675      616400
 676              	.LASF3:
 677 02e8 6C6F6E67 	 .ascii "long long int\000"
 677      206C6F6E 
 677      6720696E 
 677      7400
 678              	.LASF1:
 679 02f6 73686F72 	 .ascii "short int\000"
 679      7420696E 
 679      7400
 680              	.LASF21:
 681 0300 49574447 	 .ascii "IWDG_FLAG_PVU\000"
 681      5F464C41 
 681      475F5056 
 681      5500
 682              	.LASF10:
 683 030e 75696E74 	 .ascii "uint32_t\000"
 683      33325F74 
 683      00
 684              	.LASF2:
 685 0317 6C6F6E67 	 .ascii "long int\000"
 685      20696E74 
 685      00
 686              	.LASF0:
 687 0320 7369676E 	 .ascii "signed char\000"
 687      65642063 
 687      68617200 
 688              	.LASF5:
 689 032c 73686F72 	 .ascii "short unsigned int\000"
 689      7420756E 
 689      7369676E 
 689      65642069 
ARM GAS   			page 16


 689      6E7400
 690              	.LASF9:
 691 033f 52455345 	 .ascii "RESET\000"
 691      5400
 692              	 .text
 693              	 .section .gnu.lto_.profile.ac3a87195c8d13d6,"e",%progbits
 694 0000 789C6362 	 .ascii "x\234cb\000\001\000\000\022\000\003"
 694      00010000 
 694      120003
 695              	 .text
 696              	 .section .gnu.lto_.inline.ac3a87195c8d13d6,"e",%progbits
 697 0000 789C85CD 	 .ascii "x\234\205\315\313\015\300 \014\003P\307\204O\367\351"
 697      CB0DC020 
 697      0C0350C7 
 697      844FF7E9 
 698 0010 46A57B74 	 .ascii "F\245{tt\002H=pqN\216\362\024\337\206\177.\300\277\230"
 698      7402483D 
 698      70714E8E 
 698      F214DF86 
 698      7F2EC0BF 
 699 0025 D40DE44C 	 .ascii "\324\015\344L|\200\262B'\030\304\244\240\024I\012\227"
 699      7C80B242 
 699      2718C4A4 
 699      A014490A 
 699      97
 700 0036 2223AFF5 	 .ascii "\"#\257\365\015\341\373p\210\"\177T)\032\352\022\263"
 700      0DE1FB70 
 700      88227F54 
 700      291AEA12 
 700      B3
 701 0047 A5EDBE43 	 .ascii "\245\355\276C`\000R\201A\340"
 701      60005281 
 701      41E0
 702              	 .text
 703              	 .section .gnu.lto_.jmpfuncs.ac3a87195c8d13d6,"e",%progbits
 704 0000 789C9365 	 .ascii "x\234\223e@\000N fd``b``f``a``e``c``g`\340\000J\000"
 704      40004E20 
 704      66646060 
 704      62606066 
 704      60606160 
 705 0021 00075F00 	 .ascii "\000\007_\000K"
 705      4B
 706              	 .text
 707              	 .section .gnu.lto_.pureconst.ac3a87195c8d13d6,"e",%progbits
 708 0000 789C05C1 	 .ascii "x\234\005\301\011\001\000 \014\304\260\203\225g\036"
 708      09010020 
 708      0CC4B083 
 708      95671E
 709 000f 505EB524 	 .ascii "P^\265$/IG\206L)A\226l9r\345\003S\244\005\330"
 709      2F494786 
 709      4C294196 
 709      6C3972E5 
 709      0353A405 
 710              	 .text
 711              	 .section .gnu.lto_.lto.ac3a87195c8d13d6,"e",%progbits
 712 0000 09000400 	 .ascii "\011\000\004\000\001\000\000\000"
 712      01000000 
ARM GAS   			page 17


 713              	 .text
 714              	 .section .gnu.lto_IWDG_WriteAccessEnable.56.ac3a87195c8d13d6,"e",%progbits
 715 0000 789C3BC8 	 .ascii "x\234;\310\300\300P\013\304\312@\314\310\314\3008ib"
 715      C0C0500B 
 715      C4CA40CC 
 715      C8CCC038 
 715      6962
 716 0012 17134343 	 .ascii "\027\023CCC\203\003;\023c\343\304.N\306\255\214`\036"
 716      4383033B 
 716      1363E3C4 
 716      2E4EC6AD 
 716      8C601E
 717 0025 23433D13 	 .ascii "#C=\023c=\343dfM \367\307\322g\013\31636\2548\300\270"
 717      633DE364 
 717      664D20F7 
 717      C7D2670B 
 717      CE3336AC 
 718 003c 84998161 	 .ascii "\204\231\201a\036\020C\001\033\214\307\010\304\353/"
 718      1E104301 
 718      1B8CC708 
 718      C4EB2F
 719 004b B11E68F8 	 .ascii "\261\036h\370\363\277\277\241\341\276\3705~\240p?3\310"
 719      F3BFBFA1 
 719      E1BEF835 
 719      7EA0703F 
 719      33C8
 720 005d E40616A0 	 .ascii "\344\006\026\240\344\004f&\010\263\361\000\003\303+"
 720      E4046626 
 720      08B3F100 
 720      03C32B
 721 006c C686473F 	 .ascii "\306\206G?E\031\3361\036\372\264Bt\0163\343$\346%\314"
 721      4519DE31 
 721      1EFAB442 
 721      740E33E3 
 721      24E625CC 
 722 0080 8C8C0C70 	 .ascii "\214\214\014pVC\303\254\006\026 o\031\310)/\370\226"
 722      5643C3AC 
 722      0616206F 
 722      19C8292F 
 722      F896
 723 0092 3033316E 	 .ascii "031ngd\334\306\310`\260\260\241\201c\01133\343\016\306"
 723      6764DCC6 
 723      C860B0B0 
 723      A1816309 
 723      3333E30E 
 724 00a7 B9206B41 	 .ascii "\271 kA\312Y\030\257\256bd\370\304\330\364\3407+\330"
 724      CA5918AF 
 724      AE6264F8 
 724      C4D8F4E0 
 724      372BD8
 725 00ba 4DFDCC8C 	 .ascii "M\375\314\214\020\253\032\016\200\270n\372\031\371\271"
 725      10AB1A0E 
 725      80B86EFA 
 725      19F9B9
 726 00c9 A9FA65FA 	 .ascii "\251\372e\372.\251\305\331%\371\005\372>\231y\331\012"
 726      2EA9C5D9 
 726      25F905FA 
ARM GAS   			page 18


 726      3E9979D9 
 726      0A
 727 00da 25F90A05 	 .ascii "%\371\012\005E\371Y\251\311%\305\372\211\311%\245\211"
 727      45F959A9 
 727      C925C5FA 
 727      89C925A5 
 727      89
 728 00eb 390A39E8 	 .ascii "9\0129\350\342\351\231E9\211y)\211\272e\305\311\014"
 728      E2E99945 
 728      39897929 
 728      89BA65C5 
 728      C90C
 729 00fd 26399949 	 .ascii "&9\231I\372\276.A\306Fn\226\201\025\361\301%)\001\251"
 729      FABE2E41 
 729      C6466E96 
 729      8115F1C1 
 729      252901A9 
 730 0111 45990519 	 .ascii "E\231\005\031\361.E\231e\251E\372\305E\311H\322\231"
 730      F12E4599 
 730      65A945FA 
 730      C545C948 
 730      D299
 731 0123 E529E97A 	 .ascii "\345)\351z\311\014\00066n\244"
 731      C90C0036 
 731      366EA4
 732              	 .text
 733              	 .section .gnu.lto_IWDG_WriteAccessDisable.57.ac3a87195c8d13d6,"e",%progbits
 734 0000 789C3BC8 	 .ascii "x\234;\310\300\300P\013\304\312@\314\310\314\3008ib"
 734      C0C0500B 
 734      C4CA40CC 
 734      C8CCC038 
 734      6962
 735 0012 17134343 	 .ascii "\027\023CCC\203\003;\023c\343\304.N\306\255\214`\036"
 735      4383033B 
 735      1363E3C4 
 735      2E4EC6AD 
 735      8C601E
 736 0025 23433D13 	 .ascii "#C=\023c=\343dfM \367\307\322g\0076J4\2548\300\270\204"
 736      633DE364 
 736      664D20F7 
 736      C7D26707 
 736      364A34AC 
 737 003d 9981611E 	 .ascii "\231\201a\036\020C\001\033\214\307\010\304\353/\261"
 737      1043011B 
 737      8CC708C4 
 737      EB2FB1
 738 004c 1E68F8F3 	 .ascii "\036h\370\363\277\277\241\341\275\304\303yl@\361~f\220"
 738      BFBFA1E1 
 738      BDC4C379 
 738      6C40F17E 
 738      6690
 739 005e D10D2C40 	 .ascii "\321\015,@\331\011\314L\020f\343\001\006\206W\214\015"
 739      D909CC4C 
 739      1066E301 
 739      0686578C 
 739      0D
 740 006f 8FE61E63 	 .ascii "\217\346\036cbx\307x\350\323\012\3219\314\214\223\230"
ARM GAS   			page 19


 740      6278C778 
 740      E8D30AD1 
 740      39CC8C93 
 740      98
 741 0080 97303332 	 .ascii "\2270322\300Y\015\015\263\032X\200\274e \307\274\340"
 741      32C0590D 
 741      0DB31A58 
 741      80BC6520 
 741      C7BCE0
 742 0093 5BC2CCC4 	 .ascii "[\302\314\304\270\235\221q\033#\203\301\302\206\006"
 742      B89D9171 
 742      1B2383C1 
 742      C28606
 743 00a2 8E25CCCC 	 .ascii "\216%\314\314\214;\030\347\202,\006)\007\031\377\211"
 743      8C3B18E7 
 743      822C0629 
 743      0719FF89 
 744 00b2 B1E9C17C 	 .ascii "\261\351\301|7\260\233\372\231\031!65\034\000q\335\364"
 744      37B09BFA 
 744      99192136 
 744      351C0071 
 744      DDF4
 745 00c4 33F27353 	 .ascii "3\362sS\365\313\364]R\213\263K\362\013\364}2\363\262"
 745      F5CBF45D 
 745      528BB34B 
 745      F20BF47D 
 745      32F3B2
 746 00d7 154AF215 	 .ascii "\025J\362\025\012\212\362\263R\223K\212\365\023\223"
 746      0A8AF2B3 
 746      52934B8A 
 746      F51393
 747 00e6 4B4A1373 	 .ascii "KJ\023s\024r\320\305\3233\213r\022\363R\022u\313\212"
 747      1472D0C5 
 747      D3338B72 
 747      12F35212 
 747      75CB8A
 748 00f9 93194C72 	 .ascii "\223\031Lr2\223\364}]\202\214\215\334,\003+\342\203"
 748      3293F47D 
 748      5D828C8D 
 748      DC2C032B 
 748      E283
 749 010b 4B520252 	 .ascii "KR\002R\2132\0132\342]\2122\313R\213\364\213\213\222"
 749      8B320B32 
 749      E25D8A32 
 749      CB528BF4 
 749      8B8B92
 750 011e 91A433CB 	 .ascii "\221\2443\313S\322\365\222\031\000-\235n*"
 750      53D2F592 
 750      19002D9D 
 750      6E2A
 751              	 .text
 752              	 .section .gnu.lto_IWDG_SetPrescaler.58.ac3a87195c8d13d6,"e",%progbits
 753 0000 789C5D4F 	 .ascii "x\234]OM(DQ\024>\347\236\231\301\306\312BVS\026\262"
 753      4D284451 
 753      143EE79E 
 753      99C1C6CA 
 753      42565316 
ARM GAS   			page 20


 754 0015 306F3212 	 .ascii "0o2\022;\213i\244(?\305rz\336\274x<fz\357\031V\346\260"
 754      3B8B69A4 
 754      283FC572 
 754      7ADEBC78 
 754      3C667AEF 
 755 002d 51B3193F 	 .ascii "Q\263\031?;\241L\217ld\343\177\365\262\260%%%\012\013"
 755      3BA14C8F 
 755      6C64E37F 
 755      F5B2B025 
 755      25250A0B 
 756 0041 C942B2B2 	 .ascii "\311B\262\262P\3347\"\271u\272\337w\277\357\334\363"
 756      50DC3722 
 756      B975BADF 
 756      77BFEFDC 
 756      F3
 757 0052 1D42806D 	 .ascii "\035B\200m\000\250\225\205\004\270\270\220\027\300\314"
 757      00A89585 
 757      04B8B890 
 757      17C0CC
 758 0061 6D650267 	 .ascii "me\002g\026\362\025x\200%\206\220\023\230\303%\252\227"
 758      16F21578 
 758      80258690 
 758      1398C325 
 758      AA97
 759 0073 F47DE391 	 .ascii "\364}\343\221\367\252y\313C\227\000\326d\225\316\012"
 759      F7AA79CB 
 759      439700D6 
 759      6495CE0A 
 760 0083 214D439D 	 .ascii "!MC\235\307|~\266\313L\340\022\342\036J\035c\030\005"
 760      C77C7EB6 
 760      CB4CE012 
 760      E21E4A1D 
 760      631805
 761 0096 9F2EE19D 	 .ascii "\237.\341\235t\207~\232\344p\330\271\010z\374\361Y`"
 761      74877E9A 
 761      E470D8B9 
 761      087AFCF1 
 761      5960
 762 00a8 3EABB9BF 	 .ascii ">\253\271\277\011\005Q\372\204@\334\227b\201\374,\034"
 762      090551FA 
 762      8440DC97 
 762      6281FC2C 
 762      1C
 763 00b9 90709EC4 	 .ascii "\220p\236\3047\234\361\000\236\221\037\256NE\351\276"
 763      379CF100 
 763      9E911FAE 
 763      4E45E9BE 
 764 00c9 0EC10BCE 	 .ascii "\016\301\013\316~\314]\212\"a\221\204d'\257y\224a\026"
 764      7ECC5D8A 
 764      22619184 
 764      6427AF79 
 764      946116
 765 00dc C92542F8 	 .ascii "\311%B\370E\314\313\034\220l\323_\351\251\322\245\000"
 765      45CCCB1C 
 765      906CD35F 
 765      E9A9D2A5 
 765      00
ARM GAS   			page 21


 766 00ed 1E211E22 	 .ascii "\036!\036\"D\327\231\313]\012\3421\256\372\271\344G"
 766      44D799CB 
 766      5D0AE231 
 766      AEFAB9E4 
 766      47
 767 00fe F086B377 	 .ascii "\360\206\263w\267\211\322^\005\277\325\037\315\236O"
 767      B789D25E 
 767      05BFD51F 
 767      CD9E4F
 768 010d 13CA707A 	 .ascii "\023\312pzLW\262J\\\267G\235tF\3514\306G\303N:\234\261"
 768      4C57B24A 
 768      5CB7479D 
 768      7446E934 
 768      C647C34E 
 769 0124 D223BAE6 	 .ascii "\322#\272\346\330\212\2529\023\252\0316\377\277\017"
 769      D88AAA39 
 769      13AA1936 
 769      FFBF0F
 770 0133 1996A98E 	 .ascii "\031\226\251\216\247\324\206\254\255A\223i\014*]\361"
 770      A7D486AC 
 770      AD419369 
 770      0C2A5DF1 
 771 0143 DE5863A2 	 .ascii "\336Xc\242\265g*\331\347\244\272u\313\310\014'\343\226"
 771      B5672AD9 
 771      E7A4BA75 
 771      CBC80C27 
 771      E396
 772 0155 91D52DC5 	 .ascii "\221\325-\305\266\264?\2621\231\032\212hP\3251\020o"
 772      B6B43FB2 
 772      31991A8A 
 772      6850D531 
 772      106F
 773 0167 4F765BBA 	 .ascii "Ov[\272\255\251\246n%\373UsB\257\371o\213\264\304\242"
 773      ADA9A66E 
 773      25FB5573 
 773      42AFF96F 
 773      8BB4C4A2 
 774 017b CDA9A616 	 .ascii "\315\251\246\026\015\276\000\241\027\220\332"
 774      0DBE00A1 
 774      1790DA
 775              	 .text
 776              	 .section .gnu.lto_IWDG_GetPrescaler.59.ac3a87195c8d13d6,"e",%progbits
 777 0000 789C5D4E 	 .ascii "x\234]N?K\303p\020\275\313E+\370\005\004\227L\005\007"
 777      3F4BC370 
 777      10BDCB45 
 777      2BF80504 
 777      974C0507 
 778 0014 4DB12E6E 	 .ascii "M\261.n\016\305I\301?\037\240\3044\264\261\261)I\254"
 778      0EC549C1 
 778      3F1FA0C4 
 778      34B4B1B1 
 778      2949AC
 779 0027 2ED26B45 	 .ascii ".\322kE\204.\265u\223*\030\242\253\223\266\203Cpq\027"
 779      842EB575 
 779      932A18A2 
 779      AB93B683 
 779      43707117 
ARM GAS   			page 22


 780 003b 3F800E0A 	 .ascii "?\200\016\012:tpr(\324_R\020\361\340\301{\357\270\367"
 780      3A747072 
 780      28D45F52 
 780      10F1E0C1 
 780      7BEFB8F7 
 781 004f EE19000E 	 .ascii "\356\031\000\016\004\222\002H\200\355VC\002f^JHXk5\036"
 781      04920248 
 781      80ED5643 
 781      02665E4A 
 781      48586B35 
 782 0064 3B3D196F 	 .ascii ";=\031o16\020\252\022V\361\224fB\346\357\253\367\227"
 782      313610AA 
 782      1256F194 
 782      6642E6EF 
 782      ABF797
 783 0077 AEE21F1E 	 .ascii "\256\342\037\036M\005\004p!.\323\230\202x\306c\035\345"
 783      4D050470 
 783      212ED398 
 783      8278C663 
 783      1DE5
 784 0089 09DC3C8D 	 .ascii "\011\334<\215\205<\0306\231\207\323\257\355\204\214"
 784      853C1836 
 784      9987D3AF 
 784      ED848C
 785 0098 1090E889 	 .ascii "\020\220\350\211\216\240IQ\023\013\017NH\032\321Z\010"
 785      8EA04951 
 785      130B0F4E 
 785      481AD15A 
 785      08
 786 00a9 F089EC4F 	 .ascii "\360\211\354OB\037\037\356?\222>a\207\260M\001I\010"
 786      421F1FEE 
 786      3F923E61 
 786      87B04D01 
 786      4908
 787 00bb BF8CF98C 	 .ascii "\277\214\371\214e\241\256\243\317&\002\"\354\"\336!"
 787      65A1AEA3 
 787      CF260222 
 787      EC22DE21 
 788 00cb A42E6329 	 .ascii "\244.c)c\017\317\343\027\372X\037\034\277\241O$\202"
 788      630FCFE3 
 788      17FA581F 
 788      1CBFA14F 
 788      2482
 789 00dd E00BEB8A 	 .ascii "\340\013\353\212\240\020w\343\250\220\303H.\253\005"
 789      A01077E3 
 789      A890C348 
 789      2EAB05
 790 00ec 7BC7502B 	 .ascii "{\307P+j\306p\213\236]VW\314RQ\361l\245\354\330\333"
 790      6AC6708B 
 790      9E5D5657 
 790      CC5251F1 
 790      6CA5ECD8 
 791 0101 86EEB9AA 	 .ascii "\206\356\271\252\246{\273\232\245X\377\375\274\351X"
 791      A67BBB9A 
 791      A558FFFD 
 791      BCE958
 792 0110 5A29A7CD 	 .ascii "Z)\247\315V\\\035\026,sK]\315l\244\347\227\027\327\367"
ARM GAS   			page 23


 792      565C1D16 
 792      2C734B5D 
 792      CD6CA4E7 
 792      9717D7F7 
 793 0124 B39B5E6E 	 .ascii "\263\233^n\315p\314r!\233q\314\212\341\250\256\243\377"
 793      CD70CC72 
 793      219B71CC 
 793      8AE1A8AE 
 793      A3FF
 794 0136 599B7BB9 	 .ascii "Y\233{\271\374\234\016?\324-s\206"
 794      FC9C0E3F 
 794      D42D7386 
 795              	 .text
 796              	 .section .gnu.lto_IWDG_SetReload.60.ac3a87195c8d13d6,"e",%progbits
 797 0000 789C5D4F 	 .ascii "x\234]O\273J\003Q\020\235\331\233\207i\354\004\021\204"
 797      BB4A0351 
 797      109DD99B 
 797      8769EC04 
 797      1184
 798 0012 80855898 	 .ascii "\200\205X\230\015&H\354,Bl\024||\200\254\273\213\256"
 798      0D2648EC 
 798      2C426C14 
 798      7C7C80AC 
 798      BB8BAE
 799 0025 59B361B3 	 .ascii "Y\263a\263F+3\021ll\242\261\013\276Y\305\316\312g$,"
 799      462B3311 
 799      6C6CA2B1 
 799      0BBE59C5 
 799      CECA6724 
 800 003a 36B6D11F 	 .ascii "6\266\321\037\360Q\210ZXXY\010z7\211\"\031\030\346\234"
 800      F051885A 
 800      58585908 
 800      7A378922 
 800      1918E69C 
 801 004e 33F7CE9C 	 .ascii "3\367\316\234\361!\300\016\000t\361D\006X\\_\025\200"
 801      F121C00E 
 801      0074F144 
 801      06585C5F 
 801      1580
 802 0060 8806FD02 	 .ascii "\210\006\375\002\346\327W\003x\2015\206\220\0230\207"
 802      E6D75703 
 802      78813586 
 802      90133087 
 803 0070 1BAC87D3 	 .ascii "\033\254\207\323\317\203\347\335r;\0359h3\200m\236\265"
 803      CF83E7DD 
 803      723B1D39 
 803      6833806D 
 803      9EB5
 804 0082 D8645864 	 .ascii "\330dXd6C\3644\220\200A\216\330\022t;D\325\3129Q\000"
 804      3643F434 
 804      9080418E 
 804      D812743B 
 804      44D5CA39 
 805 0098 6CC6F00C 	 .ascii "l\306\360\014\371\037<E<\341\333\271\260\202g|\206\357"
 805      F91F3C45 
 805      3CE1DBB9 
 805      B082677C 
ARM GAS   			page 24


 805      86EF
 806 00aa 771417E1 	 .ascii "w\024\027\341\370\316\353\320\327w\201\350\276\363\261"
 806      F8CEEBD0 
 806      D77781E8 
 806      BEF3B1
 807 00b9 EAF70888 	 .ascii "\352\367\010\210\347\\/0\327\034y8\\cB\035\346\035\200"
 807      E75C2F30 
 807      D71C7938 
 807      5C63421D 
 807      E61D80
 808 00cc 37A4A7F2 	 .ascii "7\244\247\362\215P\253\025?\274\343u\351\265\255\341"
 808      8D50AB15 
 808      3FBCE375 
 808      E9B5ADE1 
 809 00dc 823FFE43 	 .ascii "\202?\376CD%r\335\035\272W\275\264\332\314\213e\304"
 809      442572DD 
 809      1DBA57BD 
 809      B4DACC8B 
 809      65C4
 810 00ee 4B84F01E 	 .ascii "K\204\360\036Q\213\315|x\205[\256\211}&\300\007.?\334"
 810      518BCD7C 
 810      78855BAE 
 810      897D26C0 
 810      072E3FDC 
 811 0102 0ED54E2B 	 .ascii "\016\325N+0\254/#\307\245\011q\306\230S\305\254\030"
 811      30AC2F23 
 811      C7A50971 
 811      C69853C5 
 811      AC18
 812 0114 573349CB 	 .ascii "W3I\313H\213\303Z*\031\264\214`\3324fU\331\312\210\222"
 812      488BC35A 
 812      2A19B48C 
 812      60DA3466 
 812      55D9CA88 
 813 0129 6CCD4B7A 	 .ascii "l\315KzPo\326\2475S\227R\212\324\233\315\310\020\325"
 813      506FD6A7 
 813      35539752 
 813      8AD49BCD 
 813      C810D5
 814 013c B5297124 	 .ascii "\265)q$>\036\351K\014\214-NNX\312\250jj\351\231\311"
 814      3E1EE94B 
 814      0C8C2D4E 
 814      4E58CAA8 
 814      6A6AE999 
 815 0151 B8A96555 	 .ascii "\270\251eUS\314\230\362\277\266\266\240L\207d\360\215"
 815      53CC98F2 
 815      BFB6B6A0 
 815      4C8764F0 
 815      8D
 816 0162 ABBA2129 	 .ascii "\253\272!)\035\315\215P,\022\356W\2421\031~\000\250"
 816      1DCD8D50 
 816      2C12EE57 
 816      A231197E 
 816      00A8
 817 0174 A08A9A   	 .ascii "\240\212\232"
 818              	 .text
 819              	 .section .gnu.lto_IWDG_GetReload.61.ac3a87195c8d13d6,"e",%progbits
ARM GAS   			page 25


 820 0000 789CFBC4 	 .ascii "x\234\373\304\300\300P\013\304j@\314\310\314\3008ib"
 820      C0C0500B 
 820      C46A40CC 
 820      C8CCC038 
 820      6962
 821 0012 17134343 	 .ascii "\027\023CCC\203\003;\023c\343\304\256\373\363\277\261"
 821      4383033B 
 821      1363E3C4 
 821      AEFBF3BF 
 821      B1
 822 0023 306E6704 	 .ascii "0ng\004\01302\32431\3263Nf\236\303\3148\211y\011P1\013"
 822      0B3032D4 
 822      3331D633 
 822      4E669EC3 
 822      CC388979 
 823 003b 94C5C8A8 	 .ascii "\224\305\310\250\240y\240\241\341\307\322g\023\366k"
 823      A079A0A1 
 823      E1C7D267 
 823      13F66B
 824 004a 1C6C6EF5 	 .ascii "\034ln\365X\302\314\3040\017\250`+#\343\026F\0060`c"
 824      58C2CCC4 
 824      300FA860 
 824      2B23E316 
 824      46063060 
 825 005f 0089806C 	 .ascii "\000\211\200l\001\342\365\227X\0174\374\371\337\337"
 825      01E2F597 
 825      580F34FC 
 825      F9DFDF
 826 006e D0705DFE 	 .ascii "\320p]\376\341\017v\026F\206%\314\314\314\014 m\014"
 826      E10F7616 
 826      468625CC 
 826      CCCC0C20 
 826      6D0C
 827 0080 FDCC20FB 	 .ascii "\375\314 \373\033\200b\014\023\230\231 \314\306\003"
 827      1B80620C 
 827      13989920 
 827      CCC603
 828 008f 0C0CAF18 	 .ascii "\014\014\257\030\033\026q3\274c<\264\347\245\330\"f"
 828      1B167133 
 828      BC633CB4 
 828      E7A5D822 
 828      66
 829 00a0 46A8D540 	 .ascii "F\250\325@epVC\303\254\006\220\223\226\201\334\313\261"
 829      65705643 
 829      C3AC0690 
 829      939681DC 
 829      CBB1
 830 00b2 84999571 	 .ascii "\204\231\225q'#\343\016F\006\203\205`.\033\343.\306"
 830      2723E30E 
 830      46068385 
 830      602E1BE3 
 830      2EC6
 831 00c4 B96027BC 	 .ascii "\271`'\274cl\236\326~\227y\0213\020\201\36521\376\227"
 831      636C9ED6 
 831      7E977911 
 831      331081F5 
 831      3231FE97 
ARM GAS   			page 26


 832 00d8 67F8C4D8 	 .ascii "g\370\304\330\244\000\024\002)\350gf\204X\334p\000\304"
 832      A4001402 
 832      29E86766 
 832      8458DC70 
 832      00C4
 833 00ea 75D3CFC8 	 .ascii "u\323\317\310\317M\325/\323wI-\316.\311/\320\367\311"
 833      CF4DD52F 
 833      D377492D 
 833      CE2EC92F 
 833      D0F7C9
 834 00fd CCCB5628 	 .ascii "\314\313V(\311W((\312\317JM.)\326OL.)M\314Q\310A\027"
 834      C9572828 
 834      CACF4A4D 
 834      2E29D64F 
 834      4C2E294D 
 835 0116 4FCF2CCA 	 .ascii "O\317,\312I\314KI\324-+Nf0\311\311L\322\367u\01126r"
 835      49CC4B49 
 835      D42D2B4E 
 835      6630C9C9 
 835      4CD2F775 
 836 012e B30CAC88 	 .ascii "\263\014\254\210\017.I\011H-\312,\310\210w)\312,K-\322"
 836      0F2E4909 
 836      482DCA2C 
 836      C8887729 
 836      CA2C4B2D 
 837 0143 2F2E4A46 	 .ascii "/.JF\222\316,OI\327Kf\000\000\000\323{-"
 837      92CE2C4F 
 837      49D74B66 
 837      000000D3 
 837      7B2D
 838              	 .text
 839              	 .section .gnu.lto_IWDG_ReloadCounter.62.ac3a87195c8d13d6,"e",%progbits
 840 0000 789C3BCC 	 .ascii "x\234;\314\300\300P\013\304\312@\314\310\314\3008ib"
 840      C0C0500B 
 840      C4CA40CC 
 840      C8CCC038 
 840      6962
 841 0012 17134343 	 .ascii "\027\023CCC\203\003;\023c\343\304.N\306\255\214`\036"
 841      4383033B 
 841      1363E3C4 
 841      2E4EC6AD 
 841      8C601E
 842 0025 23433D13 	 .ascii "#C=\023c=\343dfM \367\307\322g\007.J4\2548\300\270\204"
 842      633DE364 
 842      664D20F7 
 842      C7D26707 
 842      2E4A34AC 
 843 003d 9981611E 	 .ascii "\231\201a\036\020C\001\033\214\307\010\304\353/\261"
 843      1043011B 
 843      8CC708C4 
 843      EB2FB1
 844 004c 1E68F8F3 	 .ascii "\036h\370\363\277\277\241\341\275\306\303y\\@\361~f"
 844      BFBFA1E1 
 844      BDC6C379 
 844      5C40F17E 
 844      66
 845 005d 90D10D2C 	 .ascii "\220\321\015,@\331\011\314L\020f\343\001\006\206W\214"
ARM GAS   			page 27


 845      40D909CC 
 845      4C1066E3 
 845      01068657 
 845      8C
 846 006e 0D8FE69E 	 .ascii "\015\217\346\236bbx\307x\350\323\012\3219\314\214\223"
 846      626278C7 
 846      78E8D30A 
 846      D139CC8C 
 846      93
 847 007f 98973033 	 .ascii "\230\2270322\300Y\015\015\263\032X\200\274e \307\274"
 847      3232C059 
 847      0D0DB31A 
 847      5880BC65 
 847      20C7BC
 848 0092 E05BC2CC 	 .ascii "\340[\302\314\304\270\235\221q\033#\203\301\302\206"
 848      C4B89D91 
 848      711B2383 
 848      C1C286
 849 00a1 068E25CC 	 .ascii "\006\216%\314\314\214;\030\347\202,\006)ga\\u\225\211"
 849      CC8C3B18 
 849      E7822C06 
 849      2967615C 
 849      759589
 850 00b4 E11363D3 	 .ascii "\341\023c\323\203\371^`W\36533B\354j8\000\342\272\351"
 850      83F95E60 
 850      57F53333 
 850      42EC6A38 
 850      00E2BAE9 
 851 00c8 67E4E7A6 	 .ascii "g\344\347\246\352\227\351\273\244\026g\227\344\027\350"
 851      EA97E9BB 
 851      A4166797 
 851      E417E8
 852 00d7 FB64E665 	 .ascii "\373d\346e+\224\344+\024\024\345g\245&\227\024\353'"
 852      2B94E42B 
 852      1414E567 
 852      A5269714 
 852      EB27
 853 00e9 26979426 	 .ascii "&\227\224&\346(\344\240\213\247g\026\345$\346\245$\352"
 853      E628E4A0 
 853      8BA76716 
 853      E524E6A5 
 853      24EA
 854 00fb 96152733 	 .ascii "\226\025'3\230\344d&\351\373\272\004\031\033\271Y\006"
 854      98E46426 
 854      E9FBBA04 
 854      191BB959 
 854      06
 855 010c 56C40797 	 .ascii "V\304\007\227\244\004\244\026e\026d\304\273\024e\226"
 855      A404A416 
 855      651664C4 
 855      BB146596 
 856 011c A516E917 	 .ascii "\245\026\351\027\027%#Ig\226\247\244\353%3\000\000\317"
 856      17252349 
 856      6796A7A4 
 856      EB253300 
 856      00CF
 857 012e 436FE9   	 .ascii "Co\351"
ARM GAS   			page 28


 858              	 .text
 859              	 .section .gnu.lto_IWDG_Enable.63.ac3a87195c8d13d6,"e",%progbits
 860 0000 789C3BCC 	 .ascii "x\234;\314\300\300P\013\304\312@\314\310\314\3008ib"
 860      C0C0500B 
 860      C4CA40CC 
 860      C8CCC038 
 860      6962
 861 0012 17134343 	 .ascii "\027\023CCC\203\003;\023c\343\304.N\306\255\214`\036"
 861      4383033B 
 861      1363E3C4 
 861      2E4EC6AD 
 861      8C601E
 862 0025 23433D13 	 .ascii "#C=\023c=\343dfM \367\307\322g\017.K4\2548\300\270\204"
 862      633DE364 
 862      664D20F7 
 862      C7D2670F 
 862      2E4B34AC 
 863 003d 9981611E 	 .ascii "\231\201a\036\020C\001\033\214\307\010\304\353/\261"
 863      1043011B 
 863      8CC708C4 
 863      EB2FB1
 864 004c 1E68F8F3 	 .ascii "\036h\370\363\277\277\241\341\277\346\303K\\@\361~f"
 864      BFBFA1E1 
 864      BFE6C34B 
 864      5C40F17E 
 864      66
 865 005d 90D10D2C 	 .ascii "\220\321\015,@\331\011\314L\020f\343\001\006\206W\214"
 865      40D909CC 
 865      4C1066E3 
 865      01068657 
 865      8C
 866 006e 0D8F2E9E 	 .ascii "\015\217.\236bbx\307x\350\323\012\3219\314\214\223\230"
 866      626278C7 
 866      78E8D30A 
 866      D139CC8C 
 866      9398
 867 0080 97303332 	 .ascii "\2270322\300Y\015\015\263\032X\200\274e \307\274\340"
 867      32C0590D 
 867      0DB31A58 
 867      80BC6520 
 867      C7BCE0
 868 0093 5BC2CCC4 	 .ascii "[\302\314\304\270\235\221q\033#\203\301\302\206\006"
 868      B89D9171 
 868      1B2383C1 
 868      C28606
 869 00a2 8E25CCCC 	 .ascii "\216%\314\314\214;\030\347\202,\006)ga<3\223\231\341"
 869      8C3B18E7 
 869      822C0629 
 869      67613C33 
 869      9399E1
 870 00b5 1363D383 	 .ascii "\023c\323\203\313^`W\36533B\354j8\000\342\272\351g\344"
 870      CB5E6057 
 870      F5333342 
 870      EC6A3800 
 870      E2BAE967 
 871 00ca E7A6EA97 	 .ascii "\347\246\352\227\351\273\244\026g\227\344\027\350\373"
 871      E9BBA416 
ARM GAS   			page 29


 871      6797E417 
 871      E8FB
 872 00d8 64E6652B 	 .ascii "d\346e+\224\344+\024\024\345g\245&\227\024\353'&\227"
 872      94E42B14 
 872      14E567A5 
 872      269714EB 
 872      272697
 873 00eb 9426E628 	 .ascii "\224&\346(\344\240\213\247g\026\345$\346\245$\352\226"
 873      E4A08BA7 
 873      6716E524 
 873      E6A524EA 
 873      96
 874 00fc 15273398 	 .ascii "\025'3\230\344d&\351\373\272\004\031\033\271Y\006V\304"
 874      E46426E9 
 874      FBBA0419 
 874      1BB95906 
 874      56C4
 875 010e 0797A404 	 .ascii "\007\227\244\004\244\026e\026d\304\273\024e\226\245"
 875      A4166516 
 875      64C4BB14 
 875      6596A5
 876 011d 16E91717 	 .ascii "\026\351\027\027%#Ig\226\247\244\353%3\000\000}Cp\237"
 876      25234967 
 876      96A7A4EB 
 876      25330000 
 876      7D43709F 
 877              	 .text
 878              	 .section .gnu.lto_IWDG_GetFlagStatus.64.ac3a87195c8d13d6,"e",%progbits
 879 0000 789C5D51 	 .ascii "x\234]QKh\023Q\024\275\367\335\227V\343g'\210\253lD"
 879      4B681351 
 879      14BDF7DD 
 879      9756E367 
 879      2788AB6C 
 880 0015 44EC0453 	 .ascii "D\354\004S\244\335E\010)J\005?\213\342*\344G;66af\032"
 880      A4DD4508 
 880      294A053F 
 880      8BE22AE4 
 880      473B3636 
 881 002c 5DD997A4 	 .ascii "]\331\227\244\245%.\332Tq\341\247\330\030\005\241\242"
 881      A5252EDA 
 881      5471E1A7 
 881      D81805A1 
 881      A2
 882 003d 60D55A0B 	 .ascii "`\325Z\013\006\335\331E\325\205Ew\272\020\352\"\210"
 882      06DDD945 
 882      D5854577 
 882      BA10EA22 
 882      88
 883 004e 2048A89F 	 .ascii " H\250\237\373f \204\016o\346\336s\337\271\347\235\373"
 883      FB662084 
 883      0E6FE6DE 
 883      73DFB9E7 
 883      9DFB
 884 0060 E63D022C 	 .ascii "\346=\002,\000\300\011~\321\0078[)\013PJ\205;\205\030"
 884      00C0097E 
 884      D107385B 
 884      290B504A 
ARM GAS   			page 30


 884      853B8518 
 885 0074 AF5C11F8 	 .ascii "\257\\\021\370\002\031\005d\251\262\333\215\204\327"
 885      02190564 
 885      A9B2DB8D 
 885      84D7
 886 0082 5A0C8985 	 .ascii "Z\014\211\205Jy\355\341\222\364H\341N\2041A\022\307"
 886      4A79EDE1 
 886      92F448E1 
 886      4E843141 
 886      12C7
 887 0094 F02A1DAC 	 .ascii "\360*\035\254+\365\373\3367\265\036\234/M\354\255\021"
 887      2BF5FBDE 
 887      37B51E9C 
 887      2F4DECAD 
 887      11
 888 00a5 C01C0186 	 .ascii "\300\034\001\2060\310\347\300-B\272\014\007\230\362"
 888      30C8E7C0 
 888      2D42BA0C 
 888      0798F2
 889 00b4 EEF3A252 	 .ascii "\356\363\242R\0045B|\212-\006\303)l\010\217x\027u\330"
 889      0435427C 
 889      8A2D06C3 
 889      296C088F 
 889      781775D8 
 890 00c8 CFE41FCB 	 .ascii "\317\344\037\313\023\345]\217\3256V\303\347\330\246"
 890      13E55D8F 
 890      D53656C3 
 890      E7D8A6
 891 00d7 37854DD1 	 .ascii "7\205M\321\001\270\204\372\020=\010/F\217>\370\352j"
 891      01B884FA 
 891      103D082F 
 891      468F3EF8 
 891      EA6A
 892 00e9 F3DFB452 	 .ascii "\363\337\264Rk\207\276,\356`{5\022B\177\364\211B\352"
 892      6B87BE2C 
 892      EE607B35 
 892      12427FF4 
 892      8942EA
 893 00fc 8E0EC467 	 .ascii "\216\016\304gL\237&=\222\222\234\316\220\360\322B\035"
 893      4C9F263D 
 893      92929CCE 
 893      90F0D242 
 893      1D
 894 010d E03BAAAF 	 .ascii "\340;\252\257\277\336\01276\375n\370\353\207\006\276"
 894      BFDE0A37 
 894      36FD6EF8 
 894      EB8706BE 
 895 011d 5E79B0A7 	 .ascii "^y\260\247J\310\306f\251F\344Z\3642\245n(\311\350\276"
 895      4AC8C666 
 895      A946E45A 
 895      F432A56E 
 895      28C9E8BE 
 896 0131 BE12B62A 	 .ascii "\276\022\266*\361%\3422Bp\336\205>\\\301\333\256\311"
 896      F125E232 
 896      4270DE85 
 896      3E5CC1DB 
 896      AEC9
ARM GAS   			page 31


 897 0143 06163727 	 .ascii "\006\0267'\377\210*\361\352`T\272>\211U\"V\345\022l"
 897      FF882AF1 
 897      EA6054BA 
 897      3E895522 
 897      56E5126C 
 898 0157 E0F8C69B 	 .ascii "\340\370\306\233\004c\255*\020\334g\206\250\300\252"
 898      0463AD2A 
 898      10DC6786 
 898      A8C0AA
 899 0166 A265EDE6 	 .ascii "\242e\355\346\352N\216\305;\003<\211&\002z4\331>A1\254"
 899      EA4E8EC5 
 899      3B033C89 
 899      26027A34 
 899      D93E4131 
 900 017b 07AD9274 	 .ascii "\007\255\222t[\236\254\372\371w\301O\356\352\3255\200"
 900      5B9EACFA 
 900      F977C14F 
 900      EEEAD535 
 900      80
 901 018c 264AAF17 	 .ascii "&J\257\027\305\334\247\005\304WH\037\317\361\215\240"
 901      C5DCA705 
 901      C457481F 
 901      CFF18DA0 
 902 019c 27A2EA5A 	 .ascii "'\242\352Z3j\014e/\244\215\274\021I\333\303N6g\364\233"
 902      336A0C65 
 902      2FA48DBC 
 902      1149DBC3 
 902      4E3667F4 
 903 01b1 23C30127 	 .ascii "#\303\001'\033\310Y\331\363\351\244c\033\361\2443\032"
 903      1BC859D9 
 903      F3E9A463 
 903      1BF1A433 
 903      1A
 904 01c2 CF04325B 	 .ascii "\317\0042[\353\203\246\225\211\217\244\342\207\363v"
 904      EB83A695 
 904      898FA4E2 
 904      87F376
 905 01d1 12BA3366 	 .ascii "\022\2723f\3028\0319\023:\022\355=})v\326I\235J[fn("
 905      C2381939 
 905      133A12ED 
 905      3D7D2976 
 905      D6499D4A 
 906 01e9 16B1CC7C 	 .ascii "\026\261\314|\3322l+\331\266m^L\015v%a\373\361\201H"
 906      DA326C2B 
 906      D9B66D5E 
 906      4C0D7625 
 906      61FBF181 
 907 01fe 5F2CDA7F 	 .ascii "_,\332\177\254o\337\326\275\256\236P\360h\252\273\207"
 907      AC6FDFD6 
 907      BDAE9E50 
 907      F068AABB 
 907      87
 908 020f 4909D3B1 	 .ascii "I\011\323\261\235\2703j\377\007\216@\327T"
 908      9DB8336A 
 908      FF078E40 
 908      D754
 909              	 .text
ARM GAS   			page 32


 910              	 .section .gnu.lto_.symbol_nodes.ac3a87195c8d13d6,"e",%progbits
 911 0000 789C75C9 	 .ascii "x\234u\311\311\025@@\024D\321\372\264!$\263\320^\313"
 911      C9154040 
 911      1444D1FA 
 911      B42124B3 
 911      D05ECB
 912 0013 403C5622 	 .ascii "@<V\"\220\022}\354\353n\357\253\242\032P.R\234\217\204"
 912      90127DEC 
 912      EB6EEFAB 
 912      A21A502E 
 912      529C8F84 
 913 0027 74E52314 	 .ascii "t\345#\024\372o$\354MT\366fj{\013\311\336Jco\243\265"
 913      FA6F24EC 
 913      4D54F666 
 913      6A7B0BC9 
 913      DE4A636F 
 914 003d B7D3D9BB 	 .ascii "\267\323\331\273E\357R\037\212\272:\340"
 914      45EF521F 
 914      8ABA3AE0 
 915              	 .text
 916              	 .section .gnu.lto_.refs.ac3a87195c8d13d6,"e",%progbits
 917 0000 789C6364 	 .ascii "x\234cd\000\002\000\000\012\000\002"
 917      00020000 
 917      0A0002
 918              	 .text
 919              	 .section .gnu.lto_.decls.ac3a87195c8d13d6,"e",%progbits
 920 0000 789C9D55 	 .ascii "x\234\235UkL\024W\024\276\347\336\205\035\006\004\212"
 920      6B4C1457 
 920      14BEE7DE 
 920      851D0604 
 920      8A
 921 0011 A849D390 	 .ascii "\250I\323\220Mc\"\177pu1j\177\225F\2121>B\241\215I\377"
 921      4D63227F 
 921      7075316A 
 921      7F95468A 
 921      313E42A1 
 922 0028 9075672A 	 .ascii "\220ug*\253\300\342\356B5i\223\261(P\203-%m\304\322"
 922      ABC0E2EE 
 922      42356993 
 922      B1285083 
 922      2D256DC4 
 923 003d 186B62AA 	 .ascii "\030kb\252\255UR[\264>W\020\\\001-\342\013Q+T\324\025"
 923      AD55525B 
 923      B43E5710 
 923      5C012DE2 
 923      0B512B54 
 924 0053 A5A26214 	 .ascii "\245\242b\024_\364\314\235\331\331\025\326\326\364\222"
 924      5FF4CC9D 
 924      D9D915D6 
 924      D6F492
 925 0062 3377E6DE 	 .ascii "3w\346\336\357\373\3569\337=\033\006\314\204\214\243"
 925      EFFBEE39 
 925      DF3D1B06 
 925      CC848CA3 
 926 0072 847C8231 	 .ascii "\204|\2021\202C$\204\234\"\241\021\203q\000\343\020"
 926      82432484 
 926      9C22A111 
ARM GAS   			page 33


 926      837100E3 
 926      10
 927 0083 C6318C56 	 .ascii "\3061\214V\2143\030\3471.`\\\304\270F\306\216U@H\024"
 927      8C3318E7 
 927      312E605C 
 927      C4B846C6 
 927      8E554048 
 928 0098 CEF9180F 	 .ascii "\316\371\030\0170\2060\002\030S0p\213\334\325\347\003"
 928      30863002 
 928      18533070 
 928      8BDCD5E7 
 928      03
 929 00a9 11B89FBE 	 .ascii "\021\270\237\276\"\367P\004\356\227\270\021\255s\217"
 929      22F75004 
 929      EE97B811 
 929      AD738F
 930 00b8 EA9C700D 	 .ascii "\352\234p\015\2257\250\317\307\"\360\277\321\317\376"
 930      9537A8CF 
 930      C722F0BF 
 930      D1CFFE
 931 00c7 2F6E6B04 	 .ascii "/nk\004\356v\3340\353g'a$\023\315\313\321\032\367\364"
 931      EE76DC30 
 931      EB672761 
 931      2413CDCB 
 931      D11AF7F4 
 932 00db F94C048D 	 .ascii "\371L\004\215]\272F8?R\036A\215\363\0214v\277\242\177"
 932      5DBA4638 
 932      3F521E41 
 932      8DF31134 
 932      76BFA27F 
 933 00ef 172270F7 	 .ascii "\027\"p\367\274\"\367b\004n\233\356\375U\214+/\311\373"
 933      BC22F762 
 933      046E9BEE 
 933      FD558C2B 
 933      2FC9FB
 934 0102 8E3E47EA 	 .ascii "\216>G\352\231:Fk\257(\316k@\324?\223\004\000]3\361"
 934      993A466B 
 934      AF28CE6B 
 934      40D43F93 
 934      04005D33 
 935 0117 21920F19 	 .ascii "!\222\017\031IV\250B\243%FE&2I\364CJ\352\020\313\020"
 935      4956A842 
 935      A3254645 
 935      263249F4 
 935      434AEA10 
 936 012d 686A8228 	 .ascii "hj\202(lk\202D1J\2404`\226\304\324\307\260\203n\216"
 936      6C6B8244 
 936      314AA034 
 936      6096C4D4 
 936      C7B0836E 
 937 0142 B6642826 	 .ascii "\266d(&\251jB\300\254\320\352E\311\351\031\370\014\230"
 937      A96A42C0 
 937      ACD0EA45 
 937      C9E919F8 
 937      0C98
 938 0154 FD20212B 	 .ascii "\375 !+\233\012\211\370\0260\213Cl\363\372h\351\004"
 938      9B0A89F8 
ARM GAS   			page 34


 938      16308B43 
 938      6CF3FA68 
 938      E904
 939 0166 AD9C027E 	 .ascii "\255\234\002~\020%[\262\242(\031\202\220\222\320\310"
 939      10255BB2 
 939      A2281982 
 939      9092D0C8 
 940 0176 1A591621 	 .ascii "\032Y\026!\202P\277s\202\0300'\240D\252dI\224,\011~"
 940      8250BF73 
 940      82183027 
 940      A044AA64 
 940      49942C09 
 941 018b 88922431 	 .ascii "\210\222$19\225`\022\222\315\226AET6\011~\2601\210\263"
 941      39956012 
 941      92CD9641 
 941      45543609 
 941      7EB03188 
 942 01a0 29BDB726 	 .ascii ")\275\267&\211QbL\212%\225\020\211dQ\324e#\301\001f"
 942      8951624C 
 942      8A259510 
 942      896451D4 
 942      6523C101 
 943 01b5 3C530A7D 	 .ascii "<S\012}\002\244\212\324F\331\374\000^9\245\026B\024"
 943      02A48AD4 
 943      46D9FC00 
 943      5E39A516 
 943      4214
 944 01c7 93101707 	 .ascii "\223\020\027\007\012N1y\363\245l\233H\002f\212[\311"
 944      0A4E3179 
 944      F3A56C9B 
 944      4802668A 
 944      5BC9
 945 01d9 26502884 	 .ascii "&P(\204\230b4w\221\017 \334/\365-4\223\020\226\204\366"
 945      98623477 
 945      910F20DC 
 945      2FF52D34 
 945      93109684 
 946 01ee 29E8049D 	 .ascii ")\350\004\235mhp\204F\007BU>\006\015;!\034\014a\342"
 946      6D687084 
 946      46074255 
 946      3E060D3B 
 946      211C0C61 
 947 0203 108EE01A 	 .ascii "\020\216\340\032\372\010.\202\261\241\211\353\271P="
 947      FA082E82 
 947      B1A189EB 
 947      B9503D
 948 0212 2DCA9782 	 .ascii "-\312\227\202\234\027\023\347*\240\003\302\262\326+"
 948      9C1713E7 
 948      2AA003C2 
 948      B2D62B
 949 0221 242CD835 	 .ascii "$,\3305\303UC\307\343\257\243m\212\177\034L\250\316"
 949      C35543C7 
 949      E3AFA36D 
 949      8A7F1C4C 
 949      A8CE
 950 0233 20C02612 	 .ascii " \300&\022\226F\254\012\037[\334\004\366h\324e\2615"
 950      9646AC0A 
ARM GAS   			page 35


 950      1F5BDC04 
 950      F668D465 
 950      B135
 951 0245 0C9280E2 	 .ascii "\014\222\200\3423\031\022\221Z\261\377\2136q\022\202"
 951      33191291 
 951      5AB1FF8B 
 951      36711282 
 952 0255 6E2B4A32 	 .ascii "n+J2\344\303>\200\337\325\003\367\343\201..\276\241"
 952      E4C33E80 
 952      DFD503F7 
 952      E3812E2E 
 952      BEA1
 953 0267 BFE7117B 	 .ascii "\277\347\021{\263\266VyT\267\356dSJK\231\262M\355\022"
 953      B3B65679 
 953      54B7EE64 
 953      534A4B99 
 953      B24DED12 
 954 027b 444003C0 	 .ascii "D@\003\300^\255\310\006\204\377\006\360+,{\310\330j"
 954      5EADC806 
 954      84FF06F0 
 954      2B2C7BC8 
 954      D86A
 955 028d AAF29E3E 	 .ascii "\252\362\236>\030y[\245\325W\225U(\211\237!\307\244"
 955      18795BA5 
 955      D5579555 
 955      28899F21 
 955      C7A4
 956 029f 720E1A9C 	 .ascii "r\016\032\234\203\006g\200\261\215\224`No\300\010\360"
 956      83066780 
 956      B18D9460 
 956      4E6FC008 
 956      F0
 957 02b0 4915D8B3 	 .ascii "I\025\330\263\345I\213(\370\024%P\331\343Cl:LCV\243"
 957      E5498B28 
 957      F8142550 
 957      D9E3436C 
 957      3A4C4356 
 958 02c5 CA872300 	 .ascii "\312\207#\000>`?\361\203Z:\272\177\214\036\205\203&"
 958      3E603FF1 
 958      835A3ABA 
 958      7F8C1E85 
 958      8326
 959 02d7 084722AA 	 .ascii "\010G\"\252n\270\2679\326\244\236{\024\300\205\013\375"
 959      6EB8B739 
 959      D6A49E7B 
 959      14C0850B 
 959      FD
 960 02e8 5BD77D2F 	 .ascii "[\327}/D\250\274\005%\232\201\227\336\326\371\274\332"
 960      44A8BC05 
 960      259A8197 
 960      DED6F9BC 
 960      DA
 961 02f9 C46BD816 	 .ascii "\304k\330\026\252\241\005\340\260Q\303a\243\206N\306"
 961      AAA105E0 
 961      B051C361 
 961      A3864EC6 
 962 0309 F6F1742E 	 .ascii "\366\361t.\373\207j\243\014]<,(|\334\260\264\362\306"
ARM GAS   			page 36


 962      FB876AA3 
 962      0C5D3C2C 
 962      287CDCB0 
 962      B4F2C6
 963 031c EEAFA355 	 .ascii "\356\257\243U\335\301Ce\353\342;\324;\002\334\306\337"
 963      DDC14365 
 963      EBE23BD4 
 963      3B02DCC6 
 963      DF
 964 032d 4A50D76F 	 .ascii "JP\327o\350\036e\254\235{3\205\267\177\002\177#\354"
 964      E81E65AC 
 964      9D7B3385 
 964      B77F027F 
 964      23EC
 965 033f 225F4B02 	 .ascii "\"_K\002\023\277I\013\212\336n\276\331>ND\033\006\025"
 965      13BF490B 
 965      8ADE6EBE 
 965      D93E4E44 
 965      1B0615
 966 0352 DF9A1802 	 .ascii "\337\232\030\002\035\000\177\240\312I@<\372p\002\240"
 966      1D007FA0 
 966      CA49403C 
 966      FA7002A0 
 967 0362 5DF5A1BA 	 .ascii "]\365\241\272\362\314Ln\303)\315\206\356\365\033?7G"
 967      F2CC4C6E 
 967      C329CD86 
 967      EEF51B3F 
 967      3747
 968 0374 B0E13472 	 .ascii "\260\3414r;5\033\0326t\036\210\347\351v7\255\320.\377"
 968      3B351B1A 
 968      36741E88 
 968      E7E97637 
 968      ADD02EFF 
 969 0388 34409B91 	 .ascii "4@\233\221l\233\221\354v\306\372\270\011gk\236\267R"
 969      6C9B91EC 
 969      76C6FAB8 
 969      09676B9E 
 969      B752
 970 039a 43F554C8 	 .ascii "C\365T\310\204s\206\011\247\313\177\251\212\345\252"
 970      84738609 
 970      A7CB7FA9 
 970      8AE5AA
 971 03a9 C34DE541 	 .ascii "\303M\345A\023\316\001\2345t\317\032\272u\214\335\347"
 971      13CE019C 
 971      3574CF1A 
 971      BA758CDD 
 971      E7
 972 03ba BABBAE97 	 .ascii "\272\273\256\227\035\321HU\315+\214>\3542(]\006\345"
 972      1DD14855 
 972      CD2B8C3E 
 972      EC32285D 
 972      06E5
 973 03cc 2BC6CA99 	 .ascii "+\306\312\231J\351k\363\371\342\370%nZ\033\336\210\335"
 973      4AE96BF3 
 973      F9E2F825 
 973      6E5A1BDE 
 973      88DD
ARM GAS   			page 37


 974 03de 06A9DB20 	 .ascii "\006\251\333 U0V\303^\336{\227\303zo+\307\325\376\320"
 974      553056C3 
 974      5EDE7B97 
 974      C37A6F2B 
 974      C7D5FED0 
 975 03f2 DF6E1EDD 	 .ascii "\337n\036\335{\177B8R\275\232\237+\266Gs\323\257h\246"
 975      7B7F4238 
 975      52BD9A9F 
 975      2BB64773 
 975      D3AF68A6 
 976 0406 4796EF0D 	 .ascii "G\226\357\015\223\257\347\362\317{V\217Q\377\013\302"
 976      93AFE7F2 
 976      CF7B568F 
 976      51FF0BC2 
 977 0416 8108FAAE 	 .ascii "\201\010\372\256\345Vk\234\341\365\325\220\327}H\351"
 977      E5566B9C 
 977      E1F5D590 
 977      D77D48E9 
 978 0426 D1AEB0A2 	 .ascii "\321\256\260\242fG'p\337\366\256\255\010\232\335\007"
 978      66472770 
 978      DFF6AEAD 
 978      089ADD07 
 979 0436 70C930E1 	 .ascii "p\3110\341\222a\302%\312;K`\373y\016\345\276\033\035"
 979      9261C225 
 979      CA3B4B60 
 979      FB790EE5 
 979      BE1B1D
 980 0449 82D8F3AF 	 .ascii "\202\330\363\257}\305\0163\202\3771\264\226L\344-\251"
 980      7DC50E33 
 980      82FF31B4 
 980      964CE42D 
 980      A9
 981 045a 006B56F9 	 .ascii "\000kV\371\342\303\256u\265q\343'\343\300C\327(\212"
 981      E2C3AE75 
 981      B571E327 
 981      E3C043D7 
 981      288A
 982 046c CF44E036 	 .ascii "\317D\3406\300-5\303\277y!w\001\006\001\356\001\334"
 982      C02D35C3 
 982      BF792177 
 982      010601EE 
 982      01DC
 983 047e 5153E955 	 .ascii "QS\351U\224G\365\233\236\015On,S\374>\200\000\300\000"
 983      9447F59B 
 983      9E0D4F6E 
 983      2C53FC3E 
 983      8000C000 
 984 0492 A848ED60 	 .ascii "\250H\355`\002\327\325G\007\250\300\372'\303\305:\346"
 984      02D7D547 
 984      07A8C0FA 
 984      27C3C53A 
 984      E6
 985 04a3 E60B186B 	 .ascii "\346\013\030k\010\362\330\200\364\217\201L\347\210\247"
 985      08F2D880 
 985      F48F814C 
 985      E788A7
 986 04b2 06E2C6D8 	 .ascii "\006\342\306\330\203\246\023\366\214\373pp\347\267\015"
ARM GAS   			page 38


 986      83A613F6 
 986      8CFB7070 
 986      E7B70D
 987 04c1 09E347D7 	 .ascii "\011\343G\327\000\367!b\025H\030\250z<\020\025\307\177"
 987      00F72162 
 987      154818A8 
 987      7A3C1015 
 987      C77F
 988 04d3 909B1B4D 	 .ascii "\220\233\033M0\024\022~\240\"\004\273\273\260tVZ!\021"
 988      3014127E 
 988      A02204BB 
 988      BBB07456 
 988      5A2111
 989 04e6 1D2EB757 	 .ascii "\035.\267W^\231V\230N&\316[\23497o\261\333\351\225\337"
 989      5E995698 
 989      4E26CE5B 
 989      9C39376F 
 989      B1DBE995 
 990 04fb 7138648F 	 .ascii "q8d\217\347\335\"\373\222\0029\275\300\271\304\2720"
 990      E7DD22FB 
 990      920239BD 
 990      C0B9C4BA 
 990      30
 991 050c 3327DD96 	 .ascii "3'\335\226\365\326{+\363r\275R\266\354v\026\347\347"
 991      F5D67B2B 
 991      F372BD52 
 991      B6EC7616 
 991      E7E7
 992 051e 65BA9DA5 	 .ascii "e\272\235\245\262\333\352q;\302\266\235\037KK\247:\204"
 992      B2DBEA71 
 992      3BC2B69D 
 992      1F4B4BA7 
 992      3A84
 993 0530 B98B3EB0 	 .ascii "\271\213>\260\314\231>\213\274>zg\352\354\364i3\245"
 993      CC993E8B 
 993      BC3E7A67 
 993      EAECF469 
 993      33A5
 994 0542 19B31D24 	 .ascii "\031\263\035$\313\232\357*\224\255\245\326L\331\263"
 994      CB9AEF2A 
 994      94ADA5D6 
 994      4CD9B3
 995 0551 DCEB2AB6 	 .ascii "\334\353*\266.p\026-\267x]\226b\267k\231\354\360z\254"
 995      2E70162D 
 995      B7785D96 
 995      62B76B99 
 995      ECF07AAC 
 996 0565 7687B7C4 	 .ascii "v\207\267\304^`)\030\275\276\324\351.\260\027I\366\264"
 996      5E602918 
 996      BDBED4E9 
 996      2EB01749 
 996      F6B4
 997 0577 528F83CC 	 .ascii "R\217\203\314\370\037\351\221I\243K\315tz\324Z_\343"
 997      F81FE991 
 997      49A34BCD 
 997      747AD45A 
 997      5FE3
ARM GAS   			page 39


 998 0589 EBB9B237 	 .ascii "\353\271\2627\333-{\034\366\002\331\035\317W\214O\015"
 998      DB2D7B1C 
 998      F602D91D 
 998      CF578C4F 
 998      0D
 999 059a 30770C00 	 .ascii "0w\014\000)9r\201\313.\011%\316\"o\272-\317\033\037"
 999      29397281 
 999      CB2E0925 
 999      CE226FBA 
 999      2DCF1B1F 
 1000 05ae 446AEB49 	 .ascii "Dj\353I\374S{\237\343*)\362\312\356X\276\244\231\234"
 1000      FC537B9F 
 1000      E32A29F2 
 1000      CAEE58BE 
 1000      A4999C
 1001 05c1 14446715 	 .ascii "\024Dg\025\330\227\346z\355\336\022\217\310\227\324"
 1001      D897E67A 
 1001      EDDE128F 
 1001      C897D4
 1002 05d0 6F8F185A 	 .ascii "o\217\030Ze9\013rhv\016\235\237Cssx\355s\026\346\316"
 1002      65390B72 
 1002      68760E9D 
 1002      9F437373 
 1002      78ED7316 
 1003 05e6 CBC5673A 	 .ascii "\313\305g:\032Y\352t\310\271%\305\305x\247\241\242\255"
 1003      1A59EA74 
 1003      C8B925C5 
 1003      C578A7A1 
 1003      A2AD
 1004 05f8 CEA2A005 	 .ascii "\316\242\240\005+\247\346\223D|\315\343\332\357\257"
 1004      2BA7E693 
 1004      447CCDE3 
 1004      DAEFAF
 1005 0607 2A9633E5 	 .ascii "*\2263\345\217\376\001\270\3575\225"
 1005      8FFE01B8 
 1005      EF3595
 1006              	 .text
 1007              	 .section .gnu.lto_.symtab.ac3a87195c8d13d6,"e",%progbits
 1008 0000 49574447 	 .ascii "IWDG_WriteAccessEnable\000"
 1008      5F577269 
 1008      74654163 
 1008      63657373 
 1008      456E6162 
 1009 0017 00       	 .ascii "\000"
 1010 0018 00       	 .ascii "\000"
 1011 0019 00       	 .ascii "\000"
 1012 001a 00000000 	 .ascii "\000\000\000\000\000\000\000\000"
 1012      00000000 
 1013 0022 BC000000 	 .ascii "\274\000\000\000"
 1014 0026 49574447 	 .ascii "IWDG_WriteAccessDisable\000"
 1014      5F577269 
 1014      74654163 
 1014      63657373 
 1014      44697361 
 1015 003e 00       	 .ascii "\000"
 1016 003f 00       	 .ascii "\000"
 1017 0040 00       	 .ascii "\000"
ARM GAS   			page 40


 1018 0041 00000000 	 .ascii "\000\000\000\000\000\000\000\000"
 1018      00000000 
 1019 0049 BE000000 	 .ascii "\276\000\000\000"
 1020 004d 49574447 	 .ascii "IWDG_SetPrescaler\000"
 1020      5F536574 
 1020      50726573 
 1020      63616C65 
 1020      7200
 1021 005f 00       	 .ascii "\000"
 1022 0060 00       	 .ascii "\000"
 1023 0061 00       	 .ascii "\000"
 1024 0062 00000000 	 .ascii "\000\000\000\000\000\000\000\000"
 1024      00000000 
 1025 006a C7000000 	 .ascii "\307\000\000\000"
 1026 006e 49574447 	 .ascii "IWDG_GetPrescaler\000"
 1026      5F476574 
 1026      50726573 
 1026      63616C65 
 1026      7200
 1027 0080 00       	 .ascii "\000"
 1028 0081 00       	 .ascii "\000"
 1029 0082 00       	 .ascii "\000"
 1030 0083 00000000 	 .ascii "\000\000\000\000\000\000\000\000"
 1030      00000000 
 1031 008b CA000000 	 .ascii "\312\000\000\000"
 1032 008f 49574447 	 .ascii "IWDG_SetReload\000"
 1032      5F536574 
 1032      52656C6F 
 1032      616400
 1033 009e 00       	 .ascii "\000"
 1034 009f 00       	 .ascii "\000"
 1035 00a0 00       	 .ascii "\000"
 1036 00a1 00000000 	 .ascii "\000\000\000\000\000\000\000\000"
 1036      00000000 
 1037 00a9 D4000000 	 .ascii "\324\000\000\000"
 1038 00ad 49574447 	 .ascii "IWDG_GetReload\000"
 1038      5F476574 
 1038      52656C6F 
 1038      616400
 1039 00bc 00       	 .ascii "\000"
 1040 00bd 00       	 .ascii "\000"
 1041 00be 00       	 .ascii "\000"
 1042 00bf 00000000 	 .ascii "\000\000\000\000\000\000\000\000"
 1042      00000000 
 1043 00c7 D7000000 	 .ascii "\327\000\000\000"
 1044 00cb 49574447 	 .ascii "IWDG_ReloadCounter\000"
 1044      5F52656C 
 1044      6F616443 
 1044      6F756E74 
 1044      657200
 1045 00de 00       	 .ascii "\000"
 1046 00df 00       	 .ascii "\000"
 1047 00e0 00       	 .ascii "\000"
 1048 00e1 00000000 	 .ascii "\000\000\000\000\000\000\000\000"
 1048      00000000 
 1049 00e9 D9000000 	 .ascii "\331\000\000\000"
 1050 00ed 49574447 	 .ascii "IWDG_Enable\000"
ARM GAS   			page 41


 1050      5F456E61 
 1050      626C6500 
 1051 00f9 00       	 .ascii "\000"
 1052 00fa 00       	 .ascii "\000"
 1053 00fb 00       	 .ascii "\000"
 1054 00fc 00000000 	 .ascii "\000\000\000\000\000\000\000\000"
 1054      00000000 
 1055 0104 DB000000 	 .ascii "\333\000\000\000"
 1056 0108 49574447 	 .ascii "IWDG_GetFlagStatus\000"
 1056      5F476574 
 1056      466C6167 
 1056      53746174 
 1056      757300
 1057 011b 00       	 .ascii "\000"
 1058 011c 00       	 .ascii "\000"
 1059 011d 00       	 .ascii "\000"
 1060 011e 00000000 	 .ascii "\000\000\000\000\000\000\000\000"
 1060      00000000 
 1061 0126 E5000000 	 .ascii "\345\000\000\000"
 1062              	 .text
 1063              	 .section .gnu.lto_.ext_symtab.ac3a87195c8d13d6,"e",%progbits
 1064 0000 01       	 .ascii "\001"
 1065 0001 01       	 .ascii "\001"
 1066 0002 00       	 .ascii "\000"
 1067 0003 01       	 .ascii "\001"
 1068 0004 00       	 .ascii "\000"
 1069 0005 01       	 .ascii "\001"
 1070 0006 00       	 .ascii "\000"
 1071 0007 01       	 .ascii "\001"
 1072 0008 00       	 .ascii "\000"
 1073 0009 01       	 .ascii "\001"
 1074 000a 00       	 .ascii "\000"
 1075 000b 01       	 .ascii "\001"
 1076 000c 00       	 .ascii "\000"
 1077 000d 01       	 .ascii "\001"
 1078 000e 00       	 .ascii "\000"
 1079 000f 01       	 .ascii "\001"
 1080 0010 00       	 .ascii "\000"
 1081 0011 01       	 .ascii "\001"
 1082 0012 00       	 .ascii "\000"
 1083              	 .text
 1084              	 .section .gnu.lto_.opts,"e",%progbits
 1085 0000 272D666E 	 .ascii "'-fno-openmp' '-fno-openacc' '-fno-pie' '-fcf-prote"
 1085      6F2D6F70 
 1085      656E6D70 
 1085      2720272D 
 1085      666E6F2D 
 1086 0033 6374696F 	 .ascii "ction=none' '-g' '-mcpu=cortex-m3' '-mthumb' '-mflo"
 1086      6E3D6E6F 
 1086      6E652720 
 1086      272D6727 
 1086      20272D6D 
 1087 0066 61742D61 	 .ascii "at-abi=soft' '-mlibarch=armv7-m' '-march=armv7-m' '"
 1087      62693D73 
 1087      6F667427 
 1087      20272D6D 
 1087      6C696261 
ARM GAS   			page 42


 1088 0099 2D4F6727 	 .ascii "-Og' '-fdata-sections' '-ffunction-sections' '-flto"
 1088      20272D66 
 1088      64617461 
 1088      2D736563 
 1088      74696F6E 
 1089 00cc 2720272D 	 .ascii "' '-Xassembler' '-a' '-Xassembler' '-ad' '-Xassembl"
 1089      58617373 
 1089      656D626C 
 1089      65722720 
 1089      272D6127 
 1090 00ff 65722720 	 .ascii "er' '-alms=build/MDR32F9Qx_iwdg.lst'\000"
 1090      272D616C 
 1090      6D733D62 
 1090      75696C64 
 1090      2F4D4452 
 1091              	 .text
 1092              	 .comm __gnu_lto_slim,1,1
 1093              	 .ident "GCC: (15:10.3-2021.07-4) 10.3.1 20210621 (release)"
ARM GAS   			page 43


DEFINED SYMBOLS
                            *ABS*:0000000000000000 MDR32F9Qx_iwdg.c
    {standard input}:20     .gnu.debuglto_.debug_info:0000000000000000 MDR32F9Qx_iwdg.c.8306d48c
                            *COM*:0000000000000001 __gnu_lto_slim

NO UNDEFINED SYMBOLS
