ARM GAS   			page 1


   1              	 .cpu cortex-m3
   2              	 .eabi_attribute 20,1
   3              	 .eabi_attribute 21,1
   4              	 .eabi_attribute 23,3
   5              	 .eabi_attribute 24,1
   6              	 .eabi_attribute 25,1
   7              	 .eabi_attribute 26,1
   8              	 .eabi_attribute 30,1
   9              	 .eabi_attribute 34,1
  10              	 .eabi_attribute 18,4
  11              	 .file "MDR32F9Qx_wwdg.c"
  12              	 .file 1 "/usr/lib/gcc/arm-none-eabi/10.3.1/include/stdint.h"
  13              	 .file 2 "lib/CMSIS/CM3/DeviceSupport/MDR32F9Qx/inc/MDR32Fx.h"
  14              	 .file 3 "lib/MDR32F9Qx_StdPeriph_Driver/inc/MDR32F9Qx_wwdg.h"
  15              	 .file 4 "lib/MDR32F9Qx_StdPeriph_Driver/src/MDR32F9Qx_wwdg.c"
  16              	 .section .gnu.debuglto_.debug_info,"e",%progbits
  17              	.Ldebug_info0:
  18              	 .hidden MDR32F9Qx_wwdg.c.13c2bf76
  19              	 .weak MDR32F9Qx_wwdg.c.13c2bf76
  20              	MDR32F9Qx_wwdg.c.13c2bf76:
  21 0000 08020000 	 .4byte 0x208
  22 0004 0200     	 .2byte 0x2
  23 0006 00000000 	 .4byte .Ldebug_abbrev0
  24 000a 04       	 .byte 0x4
  25 000b 01       	 .uleb128 0x1
  26 000c 77000000 	 .4byte .LASF35
  27 0010 0C       	 .byte 0xc
  28 0011 AC010000 	 .4byte .LASF36
  29 0015 31000000 	 .4byte .LASF37
  30 0019 00000000 	 .4byte .Ldebug_line0
  31 001d 02       	 .uleb128 0x2
  32 001e 01       	 .byte 0x1
  33 001f 06       	 .byte 0x6
  34 0020 0C010000 	 .4byte .LASF0
  35 0024 02       	 .uleb128 0x2
  36 0025 02       	 .byte 0x2
  37 0026 05       	 .byte 0x5
  38 0027 8C020000 	 .4byte .LASF1
  39 002b 02       	 .uleb128 0x2
  40 002c 04       	 .byte 0x4
  41 002d 05       	 .byte 0x5
  42 002e D5020000 	 .4byte .LASF2
  43 0032 02       	 .uleb128 0x2
  44 0033 08       	 .byte 0x8
  45 0034 05       	 .byte 0x5
  46 0035 6A020000 	 .4byte .LASF3
  47 0039 02       	 .uleb128 0x2
  48 003a 01       	 .byte 0x1
  49 003b 08       	 .byte 0x8
  50 003c 67010000 	 .4byte .LASF4
  51 0040 02       	 .uleb128 0x2
  52 0041 02       	 .byte 0x2
  53 0042 07       	 .byte 0x7
  54 0043 00000000 	 .4byte .LASF5
  55 0047 03       	 .uleb128 0x3
  56 0048 CC020000 	 .4byte .LASF10
  57 004c 01       	 .byte 0x1
ARM GAS   			page 2


  58 004d 34       	 .byte 0x34
  59 004e 19       	 .byte 0x19
  60 004f 58000000 	 .4byte 0x58
  61 0053 04       	 .uleb128 0x4
  62 0054 47000000 	 .4byte 0x47
  63 0058 02       	 .uleb128 0x2
  64 0059 04       	 .byte 0x4
  65 005a 07       	 .byte 0x7
  66 005b 75010000 	 .4byte .LASF6
  67 005f 02       	 .uleb128 0x2
  68 0060 08       	 .byte 0x8
  69 0061 07       	 .byte 0x7
  70 0062 FE010000 	 .4byte .LASF7
  71 0066 05       	 .uleb128 0x5
  72 0067 04       	 .byte 0x4
  73 0068 05       	 .byte 0x5
  74 0069 696E7400 	 .ascii "int\000"
  75 006d 02       	 .uleb128 0x2
  76 006e 04       	 .byte 0x4
  77 006f 07       	 .byte 0x7
  78 0070 F1010000 	 .4byte .LASF8
  79 0074 06       	 .uleb128 0x6
  80 0075 07       	 .byte 0x7
  81 0076 01       	 .byte 0x1
  82 0077 39000000 	 .4byte 0x39
  83 007b 02       	 .byte 0x2
  84 007c 69       	 .byte 0x69
  85 007d 0E       	 .byte 0xe
  86 007e 8F000000 	 .4byte 0x8f
  87 0082 07       	 .uleb128 0x7
  88 0083 52010000 	 .4byte .LASF9
  89 0087 00       	 .byte 0
  90 0088 08       	 .uleb128 0x8
  91 0089 53455400 	 .ascii "SET\000"
  92 008d 01       	 .byte 0x1
  93 008e 00       	 .byte 0
  94 008f 03       	 .uleb128 0x3
  95 0090 37010000 	 .4byte .LASF11
  96 0094 02       	 .byte 0x2
  97 0095 69       	 .byte 0x69
  98 0096 28       	 .byte 0x28
  99 0097 74000000 	 .4byte 0x74
 100 009b 06       	 .uleb128 0x6
 101 009c 07       	 .byte 0x7
 102 009d 01       	 .byte 0x1
 103 009e 39000000 	 .4byte 0x39
 104 00a2 02       	 .byte 0x2
 105 00a3 6D       	 .byte 0x6d
 106 00a4 0E       	 .byte 0xe
 107 00a5 B6000000 	 .4byte 0xb6
 108 00a9 07       	 .uleb128 0x7
 109 00aa 58010000 	 .4byte .LASF12
 110 00ae 00       	 .byte 0
 111 00af 07       	 .uleb128 0x7
 112 00b0 60010000 	 .4byte .LASF13
 113 00b4 01       	 .byte 0x1
 114 00b5 00       	 .byte 0
ARM GAS   			page 3


 115 00b6 09       	 .uleb128 0x9
 116 00b7 0C       	 .byte 0xc
 117 00b8 02       	 .byte 0x2
 118 00b9 FE06     	 .2byte 0x6fe
 119 00bb 09       	 .byte 0x9
 120 00bc EF000000 	 .4byte 0xef
 121 00c0 0A       	 .uleb128 0xa
 122 00c1 435200   	 .ascii "CR\000"
 123 00c4 02       	 .byte 0x2
 124 00c5 0007     	 .2byte 0x700
 125 00c7 11       	 .byte 0x11
 126 00c8 53000000 	 .4byte 0x53
 127 00cc 02       	 .byte 0x2
 128 00cd 23       	 .byte 0x23
 129 00ce 00       	 .uleb128 0
 130 00cf 0A       	 .uleb128 0xa
 131 00d0 43465200 	 .ascii "CFR\000"
 132 00d4 02       	 .byte 0x2
 133 00d5 0107     	 .2byte 0x701
 134 00d7 11       	 .byte 0x11
 135 00d8 53000000 	 .4byte 0x53
 136 00dc 02       	 .byte 0x2
 137 00dd 23       	 .byte 0x23
 138 00de 04       	 .uleb128 0x4
 139 00df 0A       	 .uleb128 0xa
 140 00e0 535200   	 .ascii "SR\000"
 141 00e3 02       	 .byte 0x2
 142 00e4 0207     	 .2byte 0x702
 143 00e6 11       	 .byte 0x11
 144 00e7 53000000 	 .4byte 0x53
 145 00eb 02       	 .byte 0x2
 146 00ec 23       	 .byte 0x23
 147 00ed 08       	 .uleb128 0x8
 148 00ee 00       	 .byte 0
 149 00ef 0B       	 .uleb128 0xb
 150 00f0 59020000 	 .4byte .LASF14
 151 00f4 02       	 .byte 0x2
 152 00f5 0307     	 .2byte 0x703
 153 00f7 02       	 .byte 0x2
 154 00f8 B6000000 	 .4byte 0xb6
 155 00fc 06       	 .uleb128 0x6
 156 00fd 07       	 .byte 0x7
 157 00fe 02       	 .byte 0x2
 158 00ff 40000000 	 .4byte 0x40
 159 0103 03       	 .byte 0x3
 160 0104 32       	 .byte 0x32
 161 0105 01       	 .byte 0x1
 162 0106 25010000 	 .4byte 0x125
 163 010a 07       	 .uleb128 0x7
 164 010b 87010000 	 .4byte .LASF15
 165 010f 00       	 .byte 0
 166 0110 07       	 .uleb128 0x7
 167 0111 DE020000 	 .4byte .LASF16
 168 0115 80       	 .byte 0x80
 169 0116 0C       	 .uleb128 0xc
 170 0117 26010000 	 .4byte .LASF17
 171 011b 0001     	 .2byte 0x100
ARM GAS   			page 4


 172 011d 0C       	 .uleb128 0xc
 173 011e E0010000 	 .4byte .LASF18
 174 0122 8001     	 .2byte 0x180
 175 0124 00       	 .byte 0
 176 0125 03       	 .uleb128 0x3
 177 0126 4A020000 	 .4byte .LASF19
 178 012a 03       	 .byte 0x3
 179 012b 37       	 .byte 0x37
 180 012c 03       	 .byte 0x3
 181 012d FC000000 	 .4byte 0xfc
 182 0131 0D       	 .uleb128 0xd
 183 0132 01       	 .byte 0x1
 184 0133 9D020000 	 .4byte .LASF25
 185 0137 04       	 .byte 0x4
 186 0138 D7       	 .byte 0xd7
 187 0139 06       	 .byte 0x6
 188 013a 01       	 .byte 0x1
 189 013b 0E       	 .uleb128 0xe
 190 013c 01       	 .byte 0x1
 191 013d 15020000 	 .4byte .LASF20
 192 0141 04       	 .byte 0x4
 193 0142 CD       	 .byte 0xcd
 194 0143 0C       	 .byte 0xc
 195 0144 01       	 .byte 0x1
 196 0145 8F000000 	 .4byte 0x8f
 197 0149 0F       	 .uleb128 0xf
 198 014a 01       	 .byte 0x1
 199 014b 25000000 	 .4byte .LASF22
 200 014f 04       	 .byte 0x4
 201 0150 C0       	 .byte 0xc0
 202 0151 06       	 .byte 0x6
 203 0152 01       	 .byte 0x1
 204 0153 64010000 	 .4byte 0x164
 205 0157 10       	 .uleb128 0x10
 206 0158 A4010000 	 .4byte .LASF24
 207 015c 04       	 .byte 0x4
 208 015d C0       	 .byte 0xc0
 209 015e 1B       	 .byte 0x1b
 210 015f 47000000 	 .4byte 0x47
 211 0163 00       	 .byte 0
 212 0164 0E       	 .uleb128 0xe
 213 0165 01       	 .byte 0x1
 214 0166 42010000 	 .4byte .LASF21
 215 016a 04       	 .byte 0x4
 216 016b B5       	 .byte 0xb5
 217 016c 0A       	 .byte 0xa
 218 016d 01       	 .byte 0x1
 219 016e 47000000 	 .4byte 0x47
 220 0172 0F       	 .uleb128 0xf
 221 0173 01       	 .byte 0x1
 222 0174 3A020000 	 .4byte .LASF23
 223 0178 04       	 .byte 0x4
 224 0179 A6       	 .byte 0xa6
 225 017a 06       	 .byte 0x6
 226 017b 01       	 .byte 0x1
 227 017c 8D010000 	 .4byte 0x18d
 228 0180 10       	 .uleb128 0x10
ARM GAS   			page 5


 229 0181 A4010000 	 .4byte .LASF24
 230 0185 04       	 .byte 0x4
 231 0186 A6       	 .byte 0xa6
 232 0187 1F       	 .byte 0x1f
 233 0188 47000000 	 .4byte 0x47
 234 018c 00       	 .byte 0
 235 018d 0D       	 .uleb128 0xd
 236 018e 01       	 .byte 0x1
 237 018f 18010000 	 .4byte .LASF26
 238 0193 04       	 .byte 0x4
 239 0194 97       	 .byte 0x97
 240 0195 06       	 .byte 0x6
 241 0196 01       	 .byte 0x1
 242 0197 0E       	 .uleb128 0xe
 243 0198 01       	 .byte 0x1
 244 0199 78020000 	 .4byte .LASF27
 245 019d 04       	 .byte 0x4
 246 019e 8C       	 .byte 0x8c
 247 019f 0A       	 .byte 0xa
 248 01a0 01       	 .byte 0x1
 249 01a1 47000000 	 .4byte 0x47
 250 01a5 0F       	 .uleb128 0xf
 251 01a6 01       	 .byte 0x1
 252 01a7 AC020000 	 .4byte .LASF28
 253 01ab 04       	 .byte 0x4
 254 01ac 76       	 .byte 0x76
 255 01ad 06       	 .byte 0x6
 256 01ae 01       	 .byte 0x1
 257 01af CC010000 	 .4byte 0x1cc
 258 01b3 10       	 .uleb128 0x10
 259 01b4 98010000 	 .4byte .LASF29
 260 01b8 04       	 .byte 0x4
 261 01b9 76       	 .byte 0x76
 262 01ba 23       	 .byte 0x23
 263 01bb 47000000 	 .4byte 0x47
 264 01bf 11       	 .uleb128 0x11
 265 01c0 96020000 	 .4byte .LASF33
 266 01c4 04       	 .byte 0x4
 267 01c5 78       	 .byte 0x78
 268 01c6 13       	 .byte 0x13
 269 01c7 53000000 	 .4byte 0x53
 270 01cb 00       	 .byte 0
 271 01cc 0E       	 .uleb128 0xe
 272 01cd 01       	 .byte 0x1
 273 01ce 13000000 	 .4byte .LASF30
 274 01d2 04       	 .byte 0x4
 275 01d3 6B       	 .byte 0x6b
 276 01d4 10       	 .byte 0x10
 277 01d5 01       	 .byte 0x1
 278 01d6 25010000 	 .4byte 0x125
 279 01da 0F       	 .uleb128 0xf
 280 01db 01       	 .byte 0x1
 281 01dc 28020000 	 .4byte .LASF31
 282 01e0 04       	 .byte 0x4
 283 01e1 55       	 .byte 0x55
 284 01e2 06       	 .byte 0x6
 285 01e3 01       	 .byte 0x1
ARM GAS   			page 6


 286 01e4 01020000 	 .4byte 0x201
 287 01e8 10       	 .uleb128 0x10
 288 01e9 EF020000 	 .4byte .LASF32
 289 01ed 04       	 .byte 0x4
 290 01ee 55       	 .byte 0x55
 291 01ef 27       	 .byte 0x27
 292 01f0 25010000 	 .4byte 0x125
 293 01f4 11       	 .uleb128 0x11
 294 01f5 96020000 	 .4byte .LASF33
 295 01f9 04       	 .byte 0x4
 296 01fa 57       	 .byte 0x57
 297 01fb 0E       	 .byte 0xe
 298 01fc 47000000 	 .4byte 0x47
 299 0200 00       	 .byte 0
 300 0201 0D       	 .uleb128 0xd
 301 0202 01       	 .byte 0x1
 302 0203 C0020000 	 .4byte .LASF34
 303 0207 04       	 .byte 0x4
 304 0208 49       	 .byte 0x49
 305 0209 06       	 .byte 0x6
 306 020a 01       	 .byte 0x1
 307 020b 00       	 .byte 0
 308              	 .section .gnu.debuglto_.debug_abbrev,"e",%progbits
 309              	.Ldebug_abbrev0:
 310 0000 01       	 .uleb128 0x1
 311 0001 11       	 .uleb128 0x11
 312 0002 01       	 .byte 0x1
 313 0003 25       	 .uleb128 0x25
 314 0004 0E       	 .uleb128 0xe
 315 0005 13       	 .uleb128 0x13
 316 0006 0B       	 .uleb128 0xb
 317 0007 03       	 .uleb128 0x3
 318 0008 0E       	 .uleb128 0xe
 319 0009 1B       	 .uleb128 0x1b
 320 000a 0E       	 .uleb128 0xe
 321 000b 10       	 .uleb128 0x10
 322 000c 06       	 .uleb128 0x6
 323 000d 00       	 .byte 0
 324 000e 00       	 .byte 0
 325 000f 02       	 .uleb128 0x2
 326 0010 24       	 .uleb128 0x24
 327 0011 00       	 .byte 0
 328 0012 0B       	 .uleb128 0xb
 329 0013 0B       	 .uleb128 0xb
 330 0014 3E       	 .uleb128 0x3e
 331 0015 0B       	 .uleb128 0xb
 332 0016 03       	 .uleb128 0x3
 333 0017 0E       	 .uleb128 0xe
 334 0018 00       	 .byte 0
 335 0019 00       	 .byte 0
 336 001a 03       	 .uleb128 0x3
 337 001b 16       	 .uleb128 0x16
 338 001c 00       	 .byte 0
 339 001d 03       	 .uleb128 0x3
 340 001e 0E       	 .uleb128 0xe
 341 001f 3A       	 .uleb128 0x3a
 342 0020 0B       	 .uleb128 0xb
ARM GAS   			page 7


 343 0021 3B       	 .uleb128 0x3b
 344 0022 0B       	 .uleb128 0xb
 345 0023 39       	 .uleb128 0x39
 346 0024 0B       	 .uleb128 0xb
 347 0025 49       	 .uleb128 0x49
 348 0026 13       	 .uleb128 0x13
 349 0027 00       	 .byte 0
 350 0028 00       	 .byte 0
 351 0029 04       	 .uleb128 0x4
 352 002a 35       	 .uleb128 0x35
 353 002b 00       	 .byte 0
 354 002c 49       	 .uleb128 0x49
 355 002d 13       	 .uleb128 0x13
 356 002e 00       	 .byte 0
 357 002f 00       	 .byte 0
 358 0030 05       	 .uleb128 0x5
 359 0031 24       	 .uleb128 0x24
 360 0032 00       	 .byte 0
 361 0033 0B       	 .uleb128 0xb
 362 0034 0B       	 .uleb128 0xb
 363 0035 3E       	 .uleb128 0x3e
 364 0036 0B       	 .uleb128 0xb
 365 0037 03       	 .uleb128 0x3
 366 0038 08       	 .uleb128 0x8
 367 0039 00       	 .byte 0
 368 003a 00       	 .byte 0
 369 003b 06       	 .uleb128 0x6
 370 003c 04       	 .uleb128 0x4
 371 003d 01       	 .byte 0x1
 372 003e 3E       	 .uleb128 0x3e
 373 003f 0B       	 .uleb128 0xb
 374 0040 0B       	 .uleb128 0xb
 375 0041 0B       	 .uleb128 0xb
 376 0042 49       	 .uleb128 0x49
 377 0043 13       	 .uleb128 0x13
 378 0044 3A       	 .uleb128 0x3a
 379 0045 0B       	 .uleb128 0xb
 380 0046 3B       	 .uleb128 0x3b
 381 0047 0B       	 .uleb128 0xb
 382 0048 39       	 .uleb128 0x39
 383 0049 0B       	 .uleb128 0xb
 384 004a 01       	 .uleb128 0x1
 385 004b 13       	 .uleb128 0x13
 386 004c 00       	 .byte 0
 387 004d 00       	 .byte 0
 388 004e 07       	 .uleb128 0x7
 389 004f 28       	 .uleb128 0x28
 390 0050 00       	 .byte 0
 391 0051 03       	 .uleb128 0x3
 392 0052 0E       	 .uleb128 0xe
 393 0053 1C       	 .uleb128 0x1c
 394 0054 0B       	 .uleb128 0xb
 395 0055 00       	 .byte 0
 396 0056 00       	 .byte 0
 397 0057 08       	 .uleb128 0x8
 398 0058 28       	 .uleb128 0x28
 399 0059 00       	 .byte 0
ARM GAS   			page 8


 400 005a 03       	 .uleb128 0x3
 401 005b 08       	 .uleb128 0x8
 402 005c 1C       	 .uleb128 0x1c
 403 005d 0B       	 .uleb128 0xb
 404 005e 00       	 .byte 0
 405 005f 00       	 .byte 0
 406 0060 09       	 .uleb128 0x9
 407 0061 13       	 .uleb128 0x13
 408 0062 01       	 .byte 0x1
 409 0063 0B       	 .uleb128 0xb
 410 0064 0B       	 .uleb128 0xb
 411 0065 3A       	 .uleb128 0x3a
 412 0066 0B       	 .uleb128 0xb
 413 0067 3B       	 .uleb128 0x3b
 414 0068 05       	 .uleb128 0x5
 415 0069 39       	 .uleb128 0x39
 416 006a 0B       	 .uleb128 0xb
 417 006b 01       	 .uleb128 0x1
 418 006c 13       	 .uleb128 0x13
 419 006d 00       	 .byte 0
 420 006e 00       	 .byte 0
 421 006f 0A       	 .uleb128 0xa
 422 0070 0D       	 .uleb128 0xd
 423 0071 00       	 .byte 0
 424 0072 03       	 .uleb128 0x3
 425 0073 08       	 .uleb128 0x8
 426 0074 3A       	 .uleb128 0x3a
 427 0075 0B       	 .uleb128 0xb
 428 0076 3B       	 .uleb128 0x3b
 429 0077 05       	 .uleb128 0x5
 430 0078 39       	 .uleb128 0x39
 431 0079 0B       	 .uleb128 0xb
 432 007a 49       	 .uleb128 0x49
 433 007b 13       	 .uleb128 0x13
 434 007c 38       	 .uleb128 0x38
 435 007d 0A       	 .uleb128 0xa
 436 007e 00       	 .byte 0
 437 007f 00       	 .byte 0
 438 0080 0B       	 .uleb128 0xb
 439 0081 16       	 .uleb128 0x16
 440 0082 00       	 .byte 0
 441 0083 03       	 .uleb128 0x3
 442 0084 0E       	 .uleb128 0xe
 443 0085 3A       	 .uleb128 0x3a
 444 0086 0B       	 .uleb128 0xb
 445 0087 3B       	 .uleb128 0x3b
 446 0088 05       	 .uleb128 0x5
 447 0089 39       	 .uleb128 0x39
 448 008a 0B       	 .uleb128 0xb
 449 008b 49       	 .uleb128 0x49
 450 008c 13       	 .uleb128 0x13
 451 008d 00       	 .byte 0
 452 008e 00       	 .byte 0
 453 008f 0C       	 .uleb128 0xc
 454 0090 28       	 .uleb128 0x28
 455 0091 00       	 .byte 0
 456 0092 03       	 .uleb128 0x3
ARM GAS   			page 9


 457 0093 0E       	 .uleb128 0xe
 458 0094 1C       	 .uleb128 0x1c
 459 0095 05       	 .uleb128 0x5
 460 0096 00       	 .byte 0
 461 0097 00       	 .byte 0
 462 0098 0D       	 .uleb128 0xd
 463 0099 2E       	 .uleb128 0x2e
 464 009a 00       	 .byte 0
 465 009b 3F       	 .uleb128 0x3f
 466 009c 0C       	 .uleb128 0xc
 467 009d 03       	 .uleb128 0x3
 468 009e 0E       	 .uleb128 0xe
 469 009f 3A       	 .uleb128 0x3a
 470 00a0 0B       	 .uleb128 0xb
 471 00a1 3B       	 .uleb128 0x3b
 472 00a2 0B       	 .uleb128 0xb
 473 00a3 39       	 .uleb128 0x39
 474 00a4 0B       	 .uleb128 0xb
 475 00a5 27       	 .uleb128 0x27
 476 00a6 0C       	 .uleb128 0xc
 477 00a7 00       	 .byte 0
 478 00a8 00       	 .byte 0
 479 00a9 0E       	 .uleb128 0xe
 480 00aa 2E       	 .uleb128 0x2e
 481 00ab 00       	 .byte 0
 482 00ac 3F       	 .uleb128 0x3f
 483 00ad 0C       	 .uleb128 0xc
 484 00ae 03       	 .uleb128 0x3
 485 00af 0E       	 .uleb128 0xe
 486 00b0 3A       	 .uleb128 0x3a
 487 00b1 0B       	 .uleb128 0xb
 488 00b2 3B       	 .uleb128 0x3b
 489 00b3 0B       	 .uleb128 0xb
 490 00b4 39       	 .uleb128 0x39
 491 00b5 0B       	 .uleb128 0xb
 492 00b6 27       	 .uleb128 0x27
 493 00b7 0C       	 .uleb128 0xc
 494 00b8 49       	 .uleb128 0x49
 495 00b9 13       	 .uleb128 0x13
 496 00ba 00       	 .byte 0
 497 00bb 00       	 .byte 0
 498 00bc 0F       	 .uleb128 0xf
 499 00bd 2E       	 .uleb128 0x2e
 500 00be 01       	 .byte 0x1
 501 00bf 3F       	 .uleb128 0x3f
 502 00c0 0C       	 .uleb128 0xc
 503 00c1 03       	 .uleb128 0x3
 504 00c2 0E       	 .uleb128 0xe
 505 00c3 3A       	 .uleb128 0x3a
 506 00c4 0B       	 .uleb128 0xb
 507 00c5 3B       	 .uleb128 0x3b
 508 00c6 0B       	 .uleb128 0xb
 509 00c7 39       	 .uleb128 0x39
 510 00c8 0B       	 .uleb128 0xb
 511 00c9 27       	 .uleb128 0x27
 512 00ca 0C       	 .uleb128 0xc
 513 00cb 01       	 .uleb128 0x1
ARM GAS   			page 10


 514 00cc 13       	 .uleb128 0x13
 515 00cd 00       	 .byte 0
 516 00ce 00       	 .byte 0
 517 00cf 10       	 .uleb128 0x10
 518 00d0 05       	 .uleb128 0x5
 519 00d1 00       	 .byte 0
 520 00d2 03       	 .uleb128 0x3
 521 00d3 0E       	 .uleb128 0xe
 522 00d4 3A       	 .uleb128 0x3a
 523 00d5 0B       	 .uleb128 0xb
 524 00d6 3B       	 .uleb128 0x3b
 525 00d7 0B       	 .uleb128 0xb
 526 00d8 39       	 .uleb128 0x39
 527 00d9 0B       	 .uleb128 0xb
 528 00da 49       	 .uleb128 0x49
 529 00db 13       	 .uleb128 0x13
 530 00dc 00       	 .byte 0
 531 00dd 00       	 .byte 0
 532 00de 11       	 .uleb128 0x11
 533 00df 34       	 .uleb128 0x34
 534 00e0 00       	 .byte 0
 535 00e1 03       	 .uleb128 0x3
 536 00e2 0E       	 .uleb128 0xe
 537 00e3 3A       	 .uleb128 0x3a
 538 00e4 0B       	 .uleb128 0xb
 539 00e5 3B       	 .uleb128 0x3b
 540 00e6 0B       	 .uleb128 0xb
 541 00e7 39       	 .uleb128 0x39
 542 00e8 0B       	 .uleb128 0xb
 543 00e9 49       	 .uleb128 0x49
 544 00ea 13       	 .uleb128 0x13
 545 00eb 00       	 .byte 0
 546 00ec 00       	 .byte 0
 547 00ed 00       	 .byte 0
 548              	 .section .gnu.debuglto_.debug_line,"e",%progbits
 549              	.Ldebug_line0:
 550 0000 F4000000 	 .4byte .LELT0-.LSLT0
 551              	.LSLT0:
 552 0004 0200     	 .2byte 0x2
 553 0006 EE000000 	 .4byte .LELTP0-.LASLTP0
 554              	.LASLTP0:
 555 000a 01       	 .byte 0x1
 556 000b 01       	 .byte 0x1
 557 000c F6       	 .byte 0xf6
 558 000d F2       	 .byte 0xf2
 559 000e 0D       	 .byte 0xd
 560 000f 00       	 .byte 0
 561 0010 01       	 .byte 0x1
 562 0011 01       	 .byte 0x1
 563 0012 01       	 .byte 0x1
 564 0013 01       	 .byte 0x1
 565 0014 00       	 .byte 0
 566 0015 00       	 .byte 0
 567 0016 00       	 .byte 0
 568 0017 01       	 .byte 0x1
 569 0018 00       	 .byte 0
 570 0019 00       	 .byte 0
ARM GAS   			page 11


 571 001a 01       	 .byte 0x1
 572 001b 6C69622F 	 .ascii "lib/CMSIS/CM3/DeviceSupport/MDR32F9Qx/inc"
 572      434D5349 
 572      532F434D 
 572      332F4465 
 572      76696365 
 573 0044 00       	 .byte 0
 574 0045 6C69622F 	 .ascii "lib/MDR32F9Qx_StdPeriph_Driver/inc"
 574      4D445233 
 574      32463951 
 574      785F5374 
 574      64506572 
 575 0067 00       	 .byte 0
 576 0068 6C69622F 	 .ascii "lib/MDR32F9Qx_StdPeriph_Driver/src"
 576      4D445233 
 576      32463951 
 576      785F5374 
 576      64506572 
 577 008a 00       	 .byte 0
 578 008b 2F757372 	 .ascii "/usr/lib/gcc/arm-none-eabi/10.3.1/include"
 578      2F6C6962 
 578      2F676363 
 578      2F61726D 
 578      2D6E6F6E 
 579 00b4 00       	 .byte 0
 580 00b5 00       	 .byte 0
 581 00b6 73746469 	 .ascii "stdint.h\000"
 581      6E742E68 
 581      00
 582 00bf 04       	 .uleb128 0x4
 583 00c0 00       	 .uleb128 0
 584 00c1 00       	 .uleb128 0
 585 00c2 4D445233 	 .ascii "MDR32Fx.h\000"
 585      3246782E 
 585      6800
 586 00cc 01       	 .uleb128 0x1
 587 00cd 00       	 .uleb128 0
 588 00ce 00       	 .uleb128 0
 589 00cf 4D445233 	 .ascii "MDR32F9Qx_wwdg.h\000"
 589      32463951 
 589      785F7777 
 589      64672E68 
 589      00
 590 00e0 02       	 .uleb128 0x2
 591 00e1 00       	 .uleb128 0
 592 00e2 00       	 .uleb128 0
 593 00e3 4D445233 	 .ascii "MDR32F9Qx_wwdg.c\000"
 593      32463951 
 593      785F7777 
 593      64672E63 
 593      00
 594 00f4 03       	 .uleb128 0x3
 595 00f5 00       	 .uleb128 0
 596 00f6 00       	 .uleb128 0
 597 00f7 00       	 .byte 0
 598              	.LELTP0:
 599              	.LELT0:
ARM GAS   			page 12


 600              	 .section .gnu.debuglto_.debug_str,"eMS",%progbits,1
 601              	.LASF5:
 602 0000 73686F72 	 .ascii "short unsigned int\000"
 602      7420756E 
 602      7369676E 
 602      65642069 
 602      6E7400
 603              	.LASF30:
 604 0013 57574447 	 .ascii "WWDG_GetPrescaler\000"
 604      5F476574 
 604      50726573 
 604      63616C65 
 604      7200
 605              	.LASF22:
 606 0025 57574447 	 .ascii "WWDG_Enable\000"
 606      5F456E61 
 606      626C6500 
 607              	.LASF37:
 608 0031 2F686F6D 	 .ascii "/home/v/Desktop/Link to projects/actual link to pro"
 608      652F762F 
 608      4465736B 
 608      746F702F 
 608      4C696E6B 
 609 0064 6A656374 	 .ascii "jects/girlanda-vsc\000"
 609      732F6769 
 609      726C616E 
 609      64612D76 
 609      736300
 610              	.LASF35:
 611 0077 474E5520 	 .ascii "GNU C17 10.3.1 20210621 (release) -mcpu=cortex-m3 -"
 611      43313720 
 611      31302E33 
 611      2E312032 
 611      30323130 
 612 00aa 6D746875 	 .ascii "mthumb -mfloat-abi=soft -march=armv7-m -g -gdwarf-2"
 612      6D62202D 
 612      6D666C6F 
 612      61742D61 
 612      62693D73 
 613 00dd 202D4F67 	 .ascii " -Og -fdata-sections -ffunction-sections -flto\000"
 613      202D6664 
 613      6174612D 
 613      73656374 
 613      696F6E73 
 614              	.LASF0:
 615 010c 7369676E 	 .ascii "signed char\000"
 615      65642063 
 615      68617200 
 616              	.LASF26:
 617 0118 57574447 	 .ascii "WWDG_EnableIT\000"
 617      5F456E61 
 617      626C6549 
 617      5400
 618              	.LASF17:
 619 0126 57574447 	 .ascii "WWDG_Prescaler_4\000"
 619      5F507265 
 619      7363616C 
ARM GAS   			page 13


 619      65725F34 
 619      00
 620              	.LASF11:
 621 0137 466C6167 	 .ascii "FlagStatus\000"
 621      53746174 
 621      757300
 622              	.LASF21:
 623 0142 57574447 	 .ascii "WWDG_GetCounter\000"
 623      5F476574 
 623      436F756E 
 623      74657200 
 624              	.LASF9:
 625 0152 52455345 	 .ascii "RESET\000"
 625      5400
 626              	.LASF12:
 627 0158 44495341 	 .ascii "DISABLE\000"
 627      424C4500 
 628              	.LASF13:
 629 0160 454E4142 	 .ascii "ENABLE\000"
 629      4C4500
 630              	.LASF4:
 631 0167 756E7369 	 .ascii "unsigned char\000"
 631      676E6564 
 631      20636861 
 631      7200
 632              	.LASF6:
 633 0175 6C6F6E67 	 .ascii "long unsigned int\000"
 633      20756E73 
 633      69676E65 
 633      6420696E 
 633      7400
 634              	.LASF15:
 635 0187 57574447 	 .ascii "WWDG_Prescaler_1\000"
 635      5F507265 
 635      7363616C 
 635      65725F31 
 635      00
 636              	.LASF29:
 637 0198 57696E64 	 .ascii "WindowValue\000"
 637      6F775661 
 637      6C756500 
 638              	.LASF24:
 639 01a4 436F756E 	 .ascii "Counter\000"
 639      74657200 
 640              	.LASF36:
 641 01ac 6C69622F 	 .ascii "lib/MDR32F9Qx_StdPeriph_Driver/src/MDR32F9Qx_wwdg.c"
 641      4D445233 
 641      32463951 
 641      785F5374 
 641      64506572 
 642 01df 00       	 .ascii "\000"
 643              	.LASF18:
 644 01e0 57574447 	 .ascii "WWDG_Prescaler_8\000"
 644      5F507265 
 644      7363616C 
 644      65725F38 
 644      00
ARM GAS   			page 14


 645              	.LASF8:
 646 01f1 756E7369 	 .ascii "unsigned int\000"
 646      676E6564 
 646      20696E74 
 646      00
 647              	.LASF7:
 648 01fe 6C6F6E67 	 .ascii "long long unsigned int\000"
 648      206C6F6E 
 648      6720756E 
 648      7369676E 
 648      65642069 
 649              	.LASF20:
 650 0215 57574447 	 .ascii "WWDG_GetFlagStatus\000"
 650      5F476574 
 650      466C6167 
 650      53746174 
 650      757300
 651              	.LASF31:
 652 0228 57574447 	 .ascii "WWDG_SetPrescaler\000"
 652      5F536574 
 652      50726573 
 652      63616C65 
 652      7200
 653              	.LASF23:
 654 023a 57574447 	 .ascii "WWDG_SetCounter\000"
 654      5F536574 
 654      436F756E 
 654      74657200 
 655              	.LASF19:
 656 024a 57574447 	 .ascii "WWDG_Prescaler\000"
 656      5F507265 
 656      7363616C 
 656      657200
 657              	.LASF14:
 658 0259 4D44525F 	 .ascii "MDR_WWDG_TypeDef\000"
 658      57574447 
 658      5F547970 
 658      65446566 
 658      00
 659              	.LASF3:
 660 026a 6C6F6E67 	 .ascii "long long int\000"
 660      206C6F6E 
 660      6720696E 
 660      7400
 661              	.LASF27:
 662 0278 57574447 	 .ascii "WWDG_GetWindowValue\000"
 662      5F476574 
 662      57696E64 
 662      6F775661 
 662      6C756500 
 663              	.LASF1:
 664 028c 73686F72 	 .ascii "short int\000"
 664      7420696E 
 664      7400
 665              	.LASF33:
 666 0296 746D7072 	 .ascii "tmpreg\000"
 666      656700
ARM GAS   			page 15


 667              	.LASF25:
 668 029d 57574447 	 .ascii "WWDG_ClearFlag\000"
 668      5F436C65 
 668      6172466C 
 668      616700
 669              	.LASF28:
 670 02ac 57574447 	 .ascii "WWDG_SetWindowValue\000"
 670      5F536574 
 670      57696E64 
 670      6F775661 
 670      6C756500 
 671              	.LASF34:
 672 02c0 57574447 	 .ascii "WWDG_DeInit\000"
 672      5F446549 
 672      6E697400 
 673              	.LASF10:
 674 02cc 75696E74 	 .ascii "uint32_t\000"
 674      33325F74 
 674      00
 675              	.LASF2:
 676 02d5 6C6F6E67 	 .ascii "long int\000"
 676      20696E74 
 676      00
 677              	.LASF16:
 678 02de 57574447 	 .ascii "WWDG_Prescaler_2\000"
 678      5F507265 
 678      7363616C 
 678      65725F32 
 678      00
 679              	.LASF32:
 680 02ef 57574447 	 .ascii "WWDG_Prescaler_Value\000"
 680      5F507265 
 680      7363616C 
 680      65725F56 
 680      616C7565 
 681              	 .text
 682              	 .section .gnu.lto_.profile.ea7a628f268484bf,"e",%progbits
 683 0000 789C6362 	 .ascii "x\234cb\000\001\000\000\022\000\003"
 683      00010000 
 683      120003
 684              	 .text
 685              	 .section .gnu.lto_.inline.ea7a628f268484bf,"e",%progbits
 686 0000 789C85CE 	 .ascii "x\234\205\316;\022\200 \014\004\320%\204\217:v\336P"
 686      3B128020 
 686      0C04D025 
 686      848F3A76 
 686      DE50
 687 0012 E00C9639 	 .ascii "\340\014\2269\232G\023\302\214\005M\2502\273oB\036\207"
 687      9A4713C2 
 687      8C054DA8 
 687      32BB6F42 
 687      1E87
 688 0024 FF1D4014 	 .ascii "\377\035@\024\221\227\252\003\215I|\231\221P!P'\016"
 688      9197AA03 
 688      8D497C99 
 688      91502150 
 688      270E
ARM GAS   			page 16


 689 0036 49F321B2 	 .ascii "I\363!\262\026u\021\2040\363.x\026\213\360|\352\216"
 689      16751184 
 689      30F32E78 
 689      168BF07C 
 689      EA8E
 690 0048 D6C5A5FF 	 .ascii "\326\305\245\377\265E\260\271#\200\347}]\220\026\367"
 690      B545B0B9 
 690      2380E77D 
 690      5D9016F7 
 691 0058 22A2B923 	 .ascii "\"\242\271#\231\"\233b3\357\330M\201\017A\327Q\177"
 691      99229B62 
 691      33EFD84D 
 691      810F41D7 
 691      517F
 692              	 .text
 693              	 .section .gnu.lto_.jmpfuncs.ea7a628f268484bf,"e",%progbits
 694 0000 789C45C9 	 .ascii "x\234E\311\267\015\000 \020\0001\223\323\030\354\277"
 694      B70D0020 
 694      10003193 
 694      D318ECBF 
 695 0010 23DF7192 	 .ascii "#\337q\222\253\273~'$2\205J\2433\230,v\354\007\012\350"
 695      ABBB7E27 
 695      2432854A 
 695      A333982C 
 695      76EC070A 
 696 0025 0066     	 .ascii "\000f"
 697              	 .text
 698              	 .section .gnu.lto_.pureconst.ea7a628f268484bf,"e",%progbits
 699 0000 789C05C1 	 .ascii "x\234\005\301\211\001\000\020\000\304\260C\375[\030"
 699      89010010 
 699      00C4B043 
 699      FD5B18
 700 000f BBD34A5E 	 .ascii "\273\323J^\222\033)R\245\011\322e\310\224%[\216||z\007"
 700      921B2952 
 700      A509D265 
 700      C894255B 
 700      8E7C7C7A 
 701 0024 2F       	 .ascii "/"
 702              	 .text
 703              	 .section .gnu.lto_.lto.ea7a628f268484bf,"e",%progbits
 704 0000 09000400 	 .ascii "\011\000\004\000\001\000\000\000"
 704      01000000 
 705              	 .text
 706              	 .section .gnu.lto_WWDG_DeInit.56.ea7a628f268484bf,"e",%progbits
 707 0000 789CD365 	 .ascii "x\234\323ed`\250e``P\006bFf\006\306I\023\273\230\030"
 707      6460A865 
 707      60605006 
 707      62466606 
 707      C64913BB 
 708 0016 1A1A1A1C 	 .ascii "\032\032\032\034\330\231\030\033'vq2ne\004\363\030\031"
 708      D899181B 
 708      27767132 
 708      6E6504F3 
 708      1819
 709 0028 EA9918EB 	 .ascii "\352\231\030\353\031'3k\002\271?\226>\233\260Y\242a"
 709      1927336B 
 709      02B93F96 
ARM GAS   			page 17


 709      3E9BB059 
 709      A261
 710 003a C501C625 	 .ascii "\305\001\306%\314\014\014\363\200\030\012\330`<\240"
 710      CC0C0CF3 
 710      80180AD8 
 710      603CA0
 711 0049 A90CEB2F 	 .ascii "\251\014\353/\261\036h\370\363\277\277\241\341\272\344"
 711      B11E68F8 
 711      F3BFBFA1 
 711      E1BAE4
 712 0058 C33D6CAC 	 .ascii "\303=l\254\014\014\375\314 \243\033X\200\262\023\230"
 712      0C0CFDCC 
 712      20A31B58 
 712      80B21398 
 713 0068 9920CCC6 	 .ascii "\231 \314\306\003\014\014\257\030\033\036m?\306\304"
 713      030C0CAF 
 713      181B1E6D 
 713      3FC6C4
 714 0077 F08EF1D0 	 .ascii "\360\216\361\320\247\025\242s\230\031'1/afdd\200\263"
 714      A715A273 
 714      98192731 
 714      2F616664 
 714      6480B3
 715 008a 1A1A6634 	 .ascii "\032\032f4\260\000y\313@\216y\301\267\204\231\211q;"
 715      B00079CB 
 715      408E79C1 
 715      B7849989 
 715      713B
 716 009c 23E33646 	 .ascii "#\3436F\006\203\205\015\015\034K\230\231\031w0\316\005"
 716      0683850D 
 716      0D1C4B98 
 716      99197730 
 716      CE05
 717 00ae 590C52CE 	 .ascii "Y\014R\316\314\0101q'\324\304\027\242xu\356\006\352"
 717      CC083171 
 717      27D4C417 
 717      A27875EE 
 717      06EA
 718 00c0 04EA60DC 	 .ascii "\004\352`\334\305\010\326\265\033\331\035\270u\355\005"
 718      C508D6B5 
 718      1BD91DB8 
 718      75ED05
 719 00cf EA6282E8 	 .ascii "\352b\202\350\372\304\330\364`\257\033\330\377\375\314"
 719      FAC4D8F4 
 719      60AF1BD8 
 719      FFFDCC
 720 00de 8C105F35 	 .ascii "\214\020_5\034\000q\335\3643\362sS\365\313\364]R\213"
 720      1C0071DD 
 720      F433F273 
 720      53F5CBF4 
 720      5D528B
 721 00f1 B34BF20B 	 .ascii "\263K\362\013\364}2\363\262\025J\362\025\012\212\362"
 721      F47D32F3 
 721      B2154AF2 
 721      150A8AF2 
 722 0101 B352934B 	 .ascii "\263R\223K\212\365\023\223KJ\023s\024r\320\305\3233"
 722      8AF51393 
ARM GAS   			page 18


 722      4B4A1373 
 722      1472D0C5 
 722      D333
 723 0113 8B7212F3 	 .ascii "\213r\022\363R\022u\313\212\223\031Lr2\223\364}]\202"
 723      521275CB 
 723      8A93194C 
 723      723293F4 
 723      7D5D82
 724 0126 8C8DDC2C 	 .ascii "\214\215\334,\003+\342\203KR\002R\2132\0132\342]\212"
 724      032BE283 
 724      4B520252 
 724      8B320B32 
 724      E25D8A
 725 0139 32CB528B 	 .ascii "2\313R\213\364\213\213\222\221\244\313\313S\322\365"
 725      F48B8B92 
 725      91A4CBCB 
 725      53D2F5
 726 0148 92190059 	 .ascii "\222\031\000Y\210\221>"
 726      88913E
 727              	 .text
 728              	 .section .gnu.lto_WWDG_SetPrescaler.57.ea7a628f268484bf,"e",%progbits
 729 0000 789C6D91 	 .ascii "x\234m\221\315k\023A\030\306\337ggw\023/\325\203\242"
 729      CD6B1341 
 729      18C6DF67 
 729      6777132F 
 729      D583A2
 730 0013 F4141011 	 .ascii "\364\024\020\021\017v\265\025\305\233\207\320^\024\252"
 730      0F76B515 
 730      C59B87D0 
 730      5E14AA
 731 0022 823D86ED 	 .ascii "\202=\206\355fMc\267M\330lSOv\022\017\201^\322$P+\250"
 731      664D63B7 
 731      4DD86C53 
 731      4F76120F 
 731      815ED224 
 732 0039 6088A217 	 .ascii "`\210\242\027{\261\365\253\352\322\202\036-\376\003"
 732      7BB1F5AB 
 732      EAD2821E 
 732      2DFE03
 733 0048 7E80527B 	 .ascii "~\200R{(\242\005\245\244\304\331\331XKqav\336\257\337"
 733      28A205A5 
 733      A4C4D9D9 
 733      584B7161 
 733      76DEAFDF 
 734 005c BCCF3BF3 	 .ascii "\274\317;\363\023D\217\211\350\240X`\204jeR!\316\371"
 734      13448F89 
 734      E8A05860 
 734      846A6552 
 734      21CEF9
 735 006f 99888242 	 .ascii "\231\210\202Ber\027^Bz\240\011\005\023\250\261#\302"
 735      6572175E 
 735      427AA009 
 735      0513A8B1 
 735      23C2
 736 0081 FD7DEFEB 	 .ascii "\375}\357\353\362\334\001\376\300G\203\021\335\021K"
 736      F2DC01FE 
 736      C0478311 
ARM GAS   			page 19


 736      DD114B
 737 0090 7EB718AA 	 .ascii "~\267\030\252\254\301\000\245m)\330#,v\215\016\373\234"
 737      ACC100A5 
 737      6D29D823 
 737      2C768D0E 
 737      FB9C
 738 00a2 2FBF9BE7 	 .ascii "/\277\233\347\\\243\006cx\002\301`\036\230\023\335E"
 738      5CA30663 
 738      7802C160 
 738      1E9813DD 
 738      45
 739 00b3 A08615B6 	 .ascii "\240\206\025\266\015W\267\360X\200?B\220:$\216\370>"
 739      0D57B7F0 
 739      58803F42 
 739      903A248E 
 739      F83E
 740 00c5 BB54EA98 	 .ascii "\273T\352\230*D\033L\305\013y\306s\340\031\202\3365"
 740      2A441B4C 
 740      C50B79C6 
 740      73E01982 
 740      DE35
 741 00d7 AC339DB0 	 .ascii "\2543\235\260\200\266\034\021\204\360f\337k>o\266\312"
 741      80B61C11 
 741      84F066DF 
 741      6B3E6FB6 
 741      CA
 742 00e8 9CFFEAFC 	 .ascii "\234\377\352\3744\023\211B\264\323\224\340\247\006\305"
 742      34138942 
 742      B4D394E0 
 742      A706C5
 743 00f7 1AF01421 	 .ascii "\032\360\024!Fe\026\314\315UaN1%4\013>\321*\370\347"
 743      466516CC 
 743      CD55614E 
 743      3125340B 
 743      3ED12AF8 
 744 010c 0F6F14B9 	 .ascii "\017o\024\271\257\353r\333\320i\015\213\013\017\367"
 744      AFEB72DB 
 744      D0690D8B 
 744      0B0FF7
 745 011b D719DA5A 	 .ascii "\327\031\332Zu\320\226\305\371\014\017f\270\037\\\235"
 745      75D096C5 
 745      F90C0F66 
 745      B81F5C9D 
 746 012b 101BC16B 	 .ascii "\020\033\301k\340\025\350\330]\351F\341\343\266\024"
 746      E015E8D8 
 746      5DE946E1 
 746      E3B614
 747 013a B986EBD3 	 .ascii "\271\206\353\323\245/\2503\265\036\262\032Z\315Vk\267"
 747      A52FA833 
 747      B51EB21A 
 747      5ACD566B 
 747      B7
 748 014b 68528C09 	 .ascii "hR\214\011Q\"!\373U\336*\242\266\330,m\212\220RgZ@V"
 748      512221FB 
 748      55DE2AA2 
 748      B6D82C6D 
 748      8A905267 
ARM GAS   			page 20


 749 0162 25A9CB80 	 .ascii "%\251\313\200\372\217\010\025\336\220\304\342\364\267"
 749      FA8F0815 
 749      DE90C4E2 
 749      F4B7
 750 0170 7D7F75AC 	 .ascii "}\177u\254t\374G\310R($\240~\240\370\361f\237|\3072"
 750      74FC47C8 
 750      522824A0 
 750      7EA0F8F1 
 750      669F7CC7 
 751 0185 43383EF7 	 .ascii "C8>\367\003\267\327\030\312\214\330F\336\210\333\271"
 751      03B7D718 
 751      CA8CD846 
 751      DE88DBB9 
 752 0195 612F9335 	 .ascii "a/\2235\316\246G\207c^&\226u3Wl\313\313\031\246\345"
 752      CEA64787 
 752      635E2696 
 752      7533576C 
 752      CBCB19A6 
 753 01aa 8D994ECC 	 .ascii "\215\231N\314\331\031O\245]\307\034M\232G\3639\213N"
 753      D9194FA5 
 753      5DC71C4D 
 753      9A47F339 
 753      8B4E
 754 01bc 38E941E3 	 .ascii "8\351A\343\\\374BOw\357\351\363W\023\027\275d\277\355"
 754      5CFC424F 
 754      77EFE9F3 
 754      571317BD 
 754      64BFED
 755 01cf A6B34389 	 .ascii "\246\263C\211\270\233\316\333\256\221s\255m\351\361"
 755      B89BCEDB 
 755      AE9173AD 
 755      6DE9F1
 756 01de F164AACB 	 .ascii "\361d\252\313\242\275\003\003\361\276D\277k\347,\323"
 756      A2BD0303 
 756      F1BE44BF 
 756      6BE72CD3 
 757 01ee B1DDC425 	 .ascii "\261\335\304%\323\031\263;w\226u\035\357\261\272\007"
 757      D319B33B 
 757      7796751D 
 757      EFB1BA07 
 758 01fe 2F9F3A49 	 .ascii "/\237:I\2727\222u\355\324\037\236\304\333v"
 758      BA379275 
 758      EDD41F9E 
 758      C4DB76
 759              	 .text
 760              	 .section .gnu.lto_WWDG_GetPrescaler.58.ea7a628f268484bf,"e",%progbits
 761 0000 789C5D4E 	 .ascii "x\234]N\301J\002Q\024\275w\336S\2036\375@0+\251EMT\233"
 761      C14A0251 
 761      14BD77DE 
 761      538336FD 
 761      40302BA9 
 762 0018 762DC455 	 .ascii "v-\304UA\331\007\3104\016:9923i\233\360\251\204\340"
 762      41D907C8 
 762      340E3A39 
 762      39323369 
 762      9BF0A984 
 763 002d C6348816 	 .ascii "\3064\210\026\031$S\333\"\212\254\\\014}B\177\320\242"
ARM GAS   			page 21


 763      192453DB 
 763      228AAC5C 
 763      0C7D427F 
 763      D0A2
 764 003f A21606AD 	 .ascii "\242\026\006\255Z\010\365\236JD\017.\334s\3369\367\034"
 764      5A08F59E 
 764      4A440F2E 
 764      DC73DE39 
 764      F71C
 765 0051 8A003B00 	 .ascii "\212\000;\000\020\346\203\004\260Q\257J\300\030[\014"
 765      10E68304 
 765      B051AF4A 
 765      C0185B0C 
 766 0061 4958AC57 	 .ascii "IX\254W?\232m\2127\330'\020\012\022\026p\237\034\021"
 766      3F9A6D8A 
 766      37D82710 
 766      0A121670 
 766      9F1C11
 767 0074 6C108F8B 	 .ascii "l\020\217\213\245\341\20686\3513\366u\372rq/_\226w'"
 767      A5E18638 
 767      36E933F6 
 767      75FA7271 
 767      2F5F9677 
 768 0089 3C22C131 	 .ascii "<\"\3011\027\\#^\361\000\361\202 \030\221\302\347\374"
 768      175C235E 
 768      F100F182 
 768      201891C2 
 768      E7FC
 769 009b 31E0B3DE 	 .ascii "1\340\263\336w\215\261\327\361\247N(\200\340\021n\361"
 769      778DB1D7 
 769      F1A74E28 
 769      80E0116E 
 769      F1
 770 00ac 08A520BC 	 .ascii "\010\245 \274P#\242\004\243\\\274G\244\301Z\364\001"
 770      5023A204 
 770      A35CBC47 
 770      A4C15AF4 
 770      01
 771 00bd DE91B546 	 .ascii "\336\221\265F\241\213\017\235\267p\213\3400\237\373"
 771      A18B0F9D 
 771      B7708BE0 
 771      309FFB
 772 00cc 7F37C60E 	 .ascii "\1777\306\016\031\345\350L\224\036\361H\020o\021\333"
 772      19E5E84C 
 772      941EF148 
 772      106F11DB 
 773 00dc 0833277D 	 .ascii "\0103'}\030\302;l\366{t\261\324\253<c\213H\374\020G"
 773      18C23B6C 
 773      F67B74B1 
 773      D4AB3C63 
 773      8B48FC10 
 774 00f1 E5830A07 	 .ascii "\345\203\012\007\224cq\210\"#\360\211%\231SB]#8h\301"
 774      94637188 
 774      2223F089 
 774      25995342 
 774      5D233868 
 775 0106 7C01A34A 	 .ascii "|\001\243J\312\332\324\225\234\022\321\235\264ke\225"
ARM GAS   			page 22


 775      CADAD495 
 775      9C12D19D 
 775      B46B6595 
 776 0116 25239396 	 .ascii "%#\223\226]K\316\332\326\206\256\271\216\242j\356\226"
 776      5D4BCEDA 
 776      D686AEB9 
 776      8EA26AEE 
 776      96
 777 0127 6ACAE67F 	 .ascii "j\312\346\177>i\330\246\232I\250S9G\203y\323XW\226#"
 777      3E69D8A6 
 777      9A49A853 
 777      39478379 
 777      D3585796 
 778 013c B1B9D9E8 	 .ascii "\261\271\331\350\302\352v|\315M\254\350\266\221M\305"
 778      C2EA767C 
 778      CD4DACE8 
 778      B6914DC5 
 779 014c 23B691D3 	 .ascii "#\266\221\323m\305\261\265?\337\371|\"9\255\301\017"
 779      6DC5B1B5 
 779      3FDFF97C 
 779      2239ADC1 
 779      0F
 780 015d 5BCA7E36 	 .ascii "[\312~6"
 781              	 .text
 782              	 .section .gnu.lto_WWDG_SetWindowValue.59.ea7a628f268484bf,"e",%progbits
 783 0000 789C6D51 	 .ascii "x\234mQMh\023A\024~\337\316nb#\306SQ<HDD<\330\325V\024"
 783      4D681341 
 783      147EDFCE 
 783      6E6223C6 
 783      53513C48 
 784 001b 6F1E420F 	 .ascii "o\036B\017\242\340\017\350\261\244\233\265]\233&a\263"
 784      A2E00FE8 
 784      B1A49BB5 
 784      5D9B2661 
 784      B3
 785 002c 4D3CD989 	 .ascii "M<\331\211\036\012{I\233B\360\037\014\251X<x\020\265"
 785      1E0A7B49 
 785      9B42F01F 
 785      0CA9583C 
 785      7810B5
 786 003f FED48678 	 .ascii "\376\324\206x\020\364\"\336\205\326R\251\036J\355\305"
 786      10F422DE 
 786      85D652A9 
 786      1E4AEDC5 
 787 004f 1E0AEBCC 	 .ascii "\036\012\353\314l\224R\\v\336\2747\357\373\276y\357"
 787      6C94525C 
 787      76DEBC37 
 787      EFFBBE79 
 787      EF
 788 0060 CD3E8DE8 	 .ascii "\315>\215\350\011\021\355\027\013\214P\235\3605\342"
 788      0911ED17 
 788      0B8C509D 
 788      F035E2
 789 006f 9C9F8A6A 	 .ascii "\234\237\212j(O\370\035x\003\025\201F5\214b\222\035"
 789      284FF81D 
 789      78031581 
 789      46358C62 
ARM GAS   			page 23


 789      921D
 790 0081 12E1FAD4 	 .ascii "\022\341\372\324\367\371\331\335\374q\023\015F\364@"
 790      F7F9D9DD 
 790      FC71130D 
 790      46F440
 791 0090 2CF5DD63 	 .ascii ",\365\335c\250\262\006\003\364\266\247!!<v\235\0166"
 791      A8B20603 
 791      F4B6A721 
 791      213C769D 
 791      0E36
 792 00a2 39FFFC69 	 .ascii "9\377\374i\206\363\016j0\206\227\020\034\274\000\236"
 792      86F30E6A 
 792      30869710 
 792      1CBC009E 
 793 00b2 83E4818F 	 .ascii "\203\344\201\217gL\321\331\024\344v`\201\363\325\365"
 793      674CD1D9 
 793      14E47660 
 793      81F3D5F5 
 794 00c2 453F3E5E 	 .ascii "E?>^\336\326`:^m\306\023\371\230c\021\302k\264\257\026"
 794      DED6603A 
 794      5E6DC613 
 794      F9986311 
 794      C26BB4AF 
 795 00d7 8710D1D3 	 .ascii "\207\020\321\323/F\223o\004\025\316\203\275\013wb; "
 795      2F46936F 
 795      0415CE83 
 795      BD0B7762 
 795      3B20
 796 00e9 A40D4D1A 	 .ascii "\244\015M\032&\215.\215!MD\232\0300#\210\025&\273\345"
 796      268D2E8D 
 796      214D449A 
 796      18302388 
 796      1526BBE5 
 797 00fd BA70C799 	 .ascii "\272p\307\231\026\272\345&\321O\360o\277>h\264\202\326"
 797      16BAE526 
 797      D14FF06F 
 797      BF3E68B4 
 797      82D6
 798 010f DA72A750 	 .ascii "\332r\247P\227\375H\224L\374\026\011\271oDe\376\355"
 798      97FD4894 
 798      4CFC1609 
 798      B96F4465 
 798      FEED
 799 0121 F4AE3A43 	 .ascii "\364\256:C\273\345\010\350\237\307\371-.G\361H\216P"
 799      BBE508E8 
 799      9FC7F92D 
 799      2E47F148 
 799      8E50
 800 0133 3412C53B 	 .ascii "4\022\305;`\026t\344\241\012u\314\341\276j`\0057kcK"
 800      601674E4 
 800      A10A75CC 
 800      E1BE6A60 
 800      05376B63 
 801 0148 ACCEB47A 	 .ascii "\254\316\264z\3105\300\203 \330)\325W\375%\331\234\310"
 801      C835C083 
 801      20D829D5 
 801      57FD25D9 
ARM GAS   			page 24


 801      9CC8
 802 015a A92B273F 	 .ascii "\251+'?j!\374\253\200\213?\026\302\003)\322\252M\307"
 802      6A21FCAB 
 802      808B3F16 
 802      C20329D2 
 802      AA4DC7
 803 016d EB42560C 	 .ascii "\353BV\014F@\252c\202d(\220\036\012\205:\206\322\271"
 803      4640AA63 
 803      82642890 
 803      1E0A853A 
 803      86D2B9
 804 0180 AD745AB5 	 .ascii "\255tZ\265\037\235uQ\251bH\304\337j\227\343\377)\367"
 804      1F9D7551 
 804      A96248C4 
 804      DF6A97E3 
 804      FF29F7
 805 0193 7D58AE20 	 .ascii "}X\256 \320\032n\314\337=\255^\275\302\020\216\2157"
 805      D01A6ECC 
 805      DF3DAD5E 
 805      BDC2108E 
 805      8D37
 806 01a5 65D86B0E 	 .ascii "e\330k\016\346\206m\263h&\355\302\220\227\313\233g\234"
 806      E6866DB3 
 806      6826EDC2 
 806      9097CB9B 
 806      679C
 807 01b7 EC50C2CB 	 .ascii "\354P\302\313%\362n\356\252my\0053ey#\251L\"\263\365"
 807      25F26EEE 
 807      AA6D7905 
 807      33657923 
 807      A94C22B3 
 808 01cc 7CC07133 	 .ascii "|\300q3\251l:u\270X\260\350X\306\3517\317&/\364t\367"
 808      A96C3A75 
 808      B858B0E8 
 808      58C6E937 
 808      CF262FF4 
 809 01e2 9E3C7FAD 	 .ascii "\236<\177\255\357\242\227>g\273N~\260/\351:E\3335\013"
 809      EFA2973E 
 809      67BB4E7E 
 809      B02FE93A 
 809      45DB350B 
 810 01f6 AEB5295D 	 .ascii "\256\265)]*\245\007\272,\332~\331\311\246s\245K\251"
 810      2AA507BA 
 810      2CDA7ED9 
 810      C9A673A5 
 810      4BA9
 811 0208 CC88BD67 	 .ascii "\314\210\275gk\266\353h\217\325\335\177\345\304q\212"
 811      6BB6EB68 
 811      8FD5DD7F 
 811      E5C4718A 
 812 0218 78C379D7 	 .ascii "x\303y\327\036\370\003=\270\350\375"
 812      1EF8033D 
 812      B8E8FD
 813              	 .text
 814              	 .section .gnu.lto_WWDG_GetWindowValue.60.ea7a628f268484bf,"e",%progbits
 815 0000 789C5D4E 	 .ascii "x\234]N=K\303P\024\2757\267\255\242\273s&\261\203F\324"
 815      3D4BC350 
ARM GAS   			page 25


 815      14BD37B7 
 815      ADA2BB73 
 815      26B18346 
 816 0015 C5CDA114 	 .ascii "\305\315\241\024\007\005?~@\211ihccS\222\330\272\210"
 816      07053F7E 
 816      40896968 
 816      63635392 
 816      D8BA88
 817 0028 AF1611BA 	 .ascii "\257\026\021\272\324V\020\007\025,QprQ\374@$\372\023"
 817      D4561007 
 817      152C5170 
 817      7251FC40 
 817      24FA13
 818 003b 74767011 	 .ascii "tvp\021t\250\320A\035\204\372^ZD|\334\003\347\236w."
 818      74A8D041 
 818      1D84FA5E 
 818      5A447CDC 
 818      03E79E77 
 819 0050 E7340160 	 .ascii "\3474\001`\225\243\237\003\011\260V-K\300\030\233\350"
 819      95A39F03 
 819      09B0562D 
 819      4BC0189B 
 819      E8
 820 0061 92B0582D 	 .ascii "\222\260X-\177\236|\204\360\002\003\001aM\3025\334\246"
 820      7F9E7C84 
 820      F0020301 
 820      614DC235 
 820      DCA6
 821 0073 3DC21A79 	 .ascii "=\302\032y\334\034\3520D9\3523\366u\364\342?\016\334"
 821      DC1CEA30 
 821      4439EA33 
 821      F675F4E2 
 821      3F0EDC
 822 0086 9536263D 	 .ascii "\2256&=\222\340\200\033\316\021\317\020\202\027\001"
 822      92E0801B 
 822      CE11CF10 
 822      821701
 823 0095 A188148E 	 .ascii "\241\210\024\216\323\207\260\317\276[\025\306\336\243"
 823      D387B0CF 
 823      BE5B15C6 
 823      DEA3
 824 00a3 CFB73D21 	 .ascii "\317\267=!\004\217\210@\234A\205D>\343\032l\221\324"
 824      048F8840 
 824      9C418544 
 824      3EE31A6C 
 824      91D4
 825 00b5 A6451FE0 	 .ascii "\246E\037\340\015Y\275\027\032x\177\363\332W'\354Ds"
 825      0D59BD17 
 825      1A787FF3 
 825      DA5727EC 
 825      4473
 826 00c7 DB2F636C 	 .ascii "\333/cl\227\211J\307\242o\267Ga\274B\274D\030>\014\326"
 826      97894AC7 
 826      A26FB747 
 826      61BC42BC 
 826      44183E0C 
 827 00dc 085EE37E 	 .ascii "\010^\343~P\241\201\245\235\315'\252\023\237\340V\302"
ARM GAS   			page 26


 827      50A181A5 
 827      9DCD27AA 
 827      139FE056 
 827      C2
 828 00ed 164013D7 	 .ascii "\026@\023\327e.\011C\205\260\035\314|\261\306\225\264"
 828      652E0943 
 828      85B01DCC 
 828      7CB1C695 
 828      B4
 829 00fe B5A42B79 	 .ascii "\265\244+y%\246;\031\327\312)SF6#\273\226\234\263\255"
 829      25A63B19 
 829      D7CA2953 
 829      463623BB 
 829      969CB3AD 
 830 0112 455D731D 	 .ascii "E]s\035E\325\334e\325\224\315\377z\312\260M5\233T\007"
 830      45D5DC65 
 830      D594CDFF 
 830      7ACAB04D 
 830      359B5407 
 831 0126 F38E0663 	 .ascii "\363\216\006c\246\261\240L\307\346FG\342\343\263+\211"
 831      A6B1A04C 
 831      C7E64647 
 831      E2E3B32B 
 831      89
 832 0137 793739A3 	 .ascii "y79\243\333F.\235\210\331F^\267\025\307\326\376|\027"
 832      DB462E9D 
 832      88D9465E 
 832      B715C7D6 
 832      FE7C17
 833 014a 0AC9D490 	 .ascii "\012\311\324\220\006?b\370{k"
 833      063F62F8 
 833      7B6B
 834              	 .text
 835              	 .section .gnu.lto_WWDG_EnableIT.61.ea7a628f268484bf,"e",%progbits
 836 0000 789C5BC7 	 .ascii "x\234[\307\300\300P\013\304\312@\314\310\314\3008ib"
 836      C0C0500B 
 836      C4CA40CC 
 836      C8CCC038 
 836      6962
 837 0012 17134343 	 .ascii "\027\023CCC\203\003;\023c\343\304.N\306\255\214`\036"
 837      4383033B 
 837      1363E3C4 
 837      2E4EC6AD 
 837      8C601E
 838 0025 23433D13 	 .ascii "#C=\023c=\343dfM \367\307\322g\037\256J4\2548\300\270"
 838      633DE364 
 838      664D20F7 
 838      C7D2671F 
 838      AE4A34AC 
 839 003c 84998161 	 .ascii "\204\231\201a\036\020C\001\033\214\307\010\304\353/"
 839      1E104301 
 839      1B8CC708 
 839      C4EB2F
 840 004b B11E68F8 	 .ascii "\261\036h\370\363\277\277\241\341\270\366\303?\\@\361"
 840      F3BFBFA1 
 840      E1B8F6C3 
 840      3F5C40F1 
ARM GAS   			page 27


 841 005b 7E6690D1 	 .ascii "~f\220\321\015,@\331\011\314L\020f\343\001\006\206W"
 841      0D2C40D9 
 841      09CC4C10 
 841      66E30106 
 841      8657
 842 006d 8C0D8FBE 	 .ascii "\214\015\217\276\236bbx\307x\350\323\013\3719\314\214"
 842      9E626278 
 842      C778E8D3 
 842      0BF939CC 
 842      8C
 843 007e 93989730 	 .ascii "\223\230\2270322\300YK\032\033\246\261,c\\\330\320\360"
 843      333232C0 
 843      594B1A1B 
 843      A6B12C63 
 843      5CD8D0F0 
 844 0092 82690933 	 .ascii "\202i\0113\023\343vF\306m\214\014 9\220\262O\214M\017"
 844      13E37646 
 844      C66D8C0C 
 844      203990B2 
 844      4F8C4D0F 
 845 00a6 FE7A811D 	 .ascii "\376z\201\035\320\317\314\0101\266\341\000\210\353\246"
 845      D0CFCC08 
 845      31B6E100 
 845      88EBA6
 846 00b5 9F919F9B 	 .ascii "\237\221\237\233\252_\246\357\222Z\234]\222_\240\357"
 846      AA5FA6EF 
 846      925A9C5D 
 846      925FA0EF 
 847 00c5 939997AD 	 .ascii "\223\231\227\255P\222\257PP\224\237\225\232\\R\254\237"
 847      5092AF50 
 847      50949F95 
 847      9A5C52AC 
 847      9F
 848 00d6 985C529A 	 .ascii "\230\\R\232\230\243\220\203.\236\236Y\224\223\230\227"
 848      98A39083 
 848      2E9E9E59 
 848      94939897 
 849 00e6 92A85B56 	 .ascii "\222\250[V\234\314`\222\223\231\244\357\353\022dl\344"
 849      9CCC6092 
 849      9399A4EF 
 849      EB12646C 
 849      E4
 850 00f7 66195811 	 .ascii "f\031X\021\037\\\222\022\220Z\224Y\220\021\357R\224"
 850      1F5C9212 
 850      905A9459 
 850      9011EF52 
 850      94
 851 0108 59965AA4 	 .ascii "Y\226Z\244_\\\224\214$]^\236\222\256\227\314\000\000"
 851      5F5C948C 
 851      245D5E9E 
 851      92AE97CC 
 851      0000
 852 011a AD7E6B87 	 .ascii "\255~k\207"
 853              	 .text
 854              	 .section .gnu.lto_WWDG_SetCounter.62.ea7a628f268484bf,"e",%progbits
 855 0000 789C5362 	 .ascii "x\234Sbd`X\300\300\300\240\014\304\214\314\014\214\223"
 855      646058C0 
ARM GAS   			page 28


 855      C0C0A00C 
 855      C48CCC0C 
 855      8C93
 856 0012 26763131 	 .ascii "&v114448\260316N\354\342d\334\311\010\34612\32431\326"
 856      34343438 
 856      B0333136 
 856      4EECE264 
 856      DCC908E6 
 857 002c 334E66D6 	 .ascii "3Nf\326\004r\177,}\366\340\246D\303\212\003\214K\230"
 857      04727F2C 
 857      7DF6E0A6 
 857      44C38A03 
 857      8C4B98
 858 003f 1918E601 	 .ascii "\031\030\346\0011\030\314af\234\304\274\204\231\221"
 858      3118CC61 
 858      669CC4BC 
 858      849991
 859 004e 9105CA62 	 .ascii "\221\005\312bbT\000\262\230\353\030\324\01744\\\330"
 859      625400B2 
 859      98EB18D4 
 859      0F34345C 
 859      D8
 860 005f BFA3A181 	 .ascii "\277\243\241\201\223a\01133\343vF\240\036\306m\214\214"
 860      93610933 
 860      33E37646 
 860      A01EC66D 
 860      8C8C
 861 0071 5B81B603 	 .ascii "[\201\266\003\005\332\030\033\200f\260\301\214\002\012"
 861      05DA181B 
 861      8066B0C1 
 861      8C020A
 862 0080 32ACBFC4 	 .ascii "2\254\277\304z\240\341\317\377\376\206\206\377:\017"
 862      7AA0E1CF 
 862      FFFE8686 
 862      FF3A0F
 863 008f F770B332 	 .ascii "\367p\2632\002\325\261012\356\000J\3663\203\\\330\300"
 863      02D5B130 
 863      3132EE00 
 863      4AF63383 
 863      5CD8C0
 864 00a2 02644E60 	 .ascii "\002dN`f\2020\033\01700\274blx\264\3714\023\230\336"
 864      6682301B 
 864      0F3030BC 
 864      626C78B4 
 864      F9341398 
 865 00b7 C5CDF08E 	 .ascii "\305\315\360\216\261yZ\373S\346E\314\214\213\230\231"
 865      B1795AFB 
 865      53E645CC 
 865      8C8B9899 
 866 00c7 40CE6161 	 .ascii "@\316aa\374\317\000\024=\364\241\353*\023\324\205@s"
 866      FCCF0014 
 866      3DF4A1EB 
 866      2A13D485 
 866      4073
 867 00d9 E1AC8686 	 .ascii "\341\254\206\206\031\015 \227/\003\371\370\005\337\022"
 867      190D2097 
 867      2F03F9F8 
ARM GAS   			page 29


 867      05DF12
 868 00e8 6636C63D 	 .ascii "f6\306=\214\214\273\031\031\014\02664p,afg\334\3138"
 868      8C8CBB19 
 868      190C1636 
 868      34702C61 
 868      6667DCCB 
 869 00fd 17E440A0 	 .ascii "\027\344@\240\211\014\237\030\233\036\354\365\006{\273"
 869      890C9F18 
 869      9B1EECF5 
 869      067BBB
 870 010c 9F9911E2 	 .ascii "\237\231\021\342\206\206\003 \256\233~F~n\252~\231\276"
 870      86860320 
 870      AE9B7E46 
 870      7E6EAA7E 
 870      99BE
 871 011e 4B6A7176 	 .ascii "KjqvI~\201\276Of^\266BI\276BAQ~VjrI\261~brIib\216B\016"
 871      497E81BE 
 871      4F665EB6 
 871      4249BE42 
 871      41517E56 
 872 013f BA787A66 	 .ascii "\272xzfQNb^J\242nYq2\203INf\222\276\257K\220\261\221"
 872      514E625E 
 872      4AA26E59 
 872      71328349 
 872      4E6692BE 
 873 0158 9B656045 	 .ascii "\233e`E|pIJ@jQfAF\274KQfYj\221~qQ2\222tyyJ\272^2\003"
 873      7C70494A 
 873      406A5166 
 873      4146BC4B 
 873      5166596A 
 874 017a BB737E69 	 .ascii "\273s~i^Ij\221\024\272\214\236\241q\262QR\232\271\031"
 874      5E496A91 
 874      14BA8C9E 
 874      A171B251 
 874      529AB919 
 875 018e 0300FDD8 	 .ascii "\003\000\375\330\224)"
 875      9429
 876              	 .text
 877              	 .section .gnu.lto_WWDG_GetCounter.63.ea7a628f268484bf,"e",%progbits
 878 0000 789CFBC4 	 .ascii "x\234\373\304\300\300P\013\304j@\314\310\314\3008ib"
 878      C0C0500B 
 878      C46A40CC 
 878      C8CCC038 
 878      6962
 879 0012 17134343 	 .ascii "\027\023CCC\203\003;\023c\343\304\256\377\353\276\260"
 879      4383033B 
 879      1363E3C4 
 879      AEFFEBBE 
 879      B0
 880 0023 306E6704 	 .ascii "0ng\004\01302\32431\3263Nf\236\303\3148\211y\011P1\013"
 880      0B3032D4 
 880      3331D633 
 880      4E669EC3 
 880      CC388979 
 881 003b 94C5C8A8 	 .ascii "\224\305\310\250\240y\240\241\341\307\322g\027\356j"
 881      A079A0A1 
 881      E1C7D267 
ARM GAS   			page 30


 881      17EE6A
 882 004a 1C6C6EF5 	 .ascii "\034ln\365X\302\314\3040\017\250`+#\343\026F\0060`c"
 882      58C2CCC4 
 882      300FA860 
 882      2B23E316 
 882      46063060 
 883 005f 0089806C 	 .ascii "\000\211\200l\001\342\365\227X\0174\374\371\337\337"
 883      01E2F597 
 883      580F34FC 
 883      F9DFDF
 884 006e D0F05DEF 	 .ascii "\320\360]\357\341\007n\026F\206%\314\314\314\014 m\014"
 884      E1076E16 
 884      468625CC 
 884      CCCC0C20 
 884      6D0C
 885 0080 FDCC20FB 	 .ascii "\375\314 \373\033\200b\014\023\230\231 \314\306\003"
 885      1B80620C 
 885      13989920 
 885      CCC603
 886 008f 0C0CAF18 	 .ascii "\014\014\257\030\033\026q3\274c<\264\347\245\330\"f"
 886      1B167133 
 886      BC633CB4 
 886      E7A5D822 
 886      66
 887 00a0 46A8D540 	 .ascii "F\250\325@epVC\303\214\006\220\223\226\201\334\313\261"
 887      65705643 
 887      C38C0690 
 887      939681DC 
 887      CBB1
 888 00b2 84999571 	 .ascii "\204\231\225q'#\343\016F\006\203\205`.\033\343.\306"
 888      2723E30E 
 888      46068385 
 888      602E1BE3 
 888      2EC6
 889 00c4 B96027BC 	 .ascii "\271`'\274cl\236\326~\225y\0213\020\201\36521\376g`"
 889      636C9ED6 
 889      7E957911 
 889      331081F5 
 889      3231FE67 
 890 00d9 F8C4D8A4 	 .ascii "\370\304\330\244\000\024\002)\350gf\204X\334p\000\304"
 890      00140229 
 890      E8676684 
 890      58DC7000 
 890      C4
 891 00ea 75D3CFC8 	 .ascii "u\323\317\310\317M\325/\323wI-\316.\311/\320\367\311"
 891      CF4DD52F 
 891      D377492D 
 891      CE2EC92F 
 891      D0F7C9
 892 00fd CCCB5628 	 .ascii "\314\313V(\311W((\312\317JM.)\326OL.)M\314Q\310A\027"
 892      C9572828 
 892      CACF4A4D 
 892      2E29D64F 
 892      4C2E294D 
 893 0116 4FCF2CCA 	 .ascii "O\317,\312I\314KI\324-+Nf0\311\311L\322\367u\01126r"
 893      49CC4B49 
 893      D42D2B4E 
ARM GAS   			page 31


 893      6630C9C9 
 893      4CD2F775 
 894 012e B30CAC88 	 .ascii "\263\014\254\210\017.I\011H-\312,\310\210w)\312,K-\322"
 894      0F2E4909 
 894      482DCA2C 
 894      C8887729 
 894      CA2C4B2D 
 895 0143 2F2E4A46 	 .ascii "/.JF\222./OI\327Kf\000\000\330@{\310"
 895      922E2F4F 
 895      49D74B66 
 895      0000D840 
 895      7BC8
 896              	 .text
 897              	 .section .gnu.lto_WWDG_Enable.64.ea7a628f268484bf,"e",%progbits
 898 0000 789C5D4F 	 .ascii "x\234]OMK\033Q\024\275\347\335ht\223\265\270\012u!]"
 898      4D4B1B51 
 898      14BDE7DD 
 898      687493B5 
 898      B80A7521 
 899 0015 E8582D6A 	 .ascii "\350X-jw\005\203+-\375\370\001\022'S\035M3a2&\256\352"
 899      7705832B 
 899      2DFDF801 
 899      1227531D 
 899      4D336132 
 900 002c 5541219B 	 .ascii "UA!\233\324t\241\024-\255\214\342\256\253\266\212\012"
 900      D474A114 
 900      2DAD8CE2 
 900      AEABB68A 
 900      0A
 901 003d 833F4045 	 .ascii "\203?@E(n\255\013\021\027\242\202\340B\260o\342\007"
 901      286EAD0B 
 901      1117A282 
 901      E042B06F 
 901      E207
 902 004f C5079777 	 .ascii "\305\007\227w\3569\367\235w\356\023\020}#\242\006]`"
 902      EE39F79D 
 902      77EE1310 
 902      7D23A206 
 902      5D60
 903 0061 4279A6A8 	 .ascii "By\246\250HD^F\025\306g\212\265XC\245\003\215)\214\341"
 903      48445E46 
 903      15C6678A 
 903      B55843A5 
 903      038D298C 
 904 0076 333FD5ED 	 .ascii "3?\325\355\325\322\221\234\327\311J\000\237\211\276"
 904      D5D2919C 
 904      D7C94A00 
 904      9F89BE
 905 0085 EAAA9C79 	 .ascii "\352\252\234yF\231}\006\"wH!\256\021\177\244\306@dw"
 905      46997D06 
 905      22774821 
 905      AE117FA4 
 905      C6406477 
 906 0099 7D55A496 	 .ascii "}U\244\226|f\374\206~\203_\300O\375\273&\246\260\257"
 906      7C66FC86 
 906      7E835FC0 
 906      4FFDBB26 
ARM GAS   			page 32


 906      A6B0AF
 907 00ac 88AAEFAD 	 .ascii "\210\252\357\2554I?\366\252\002\271\276)\211\354t\376"
 907      34493FF6 
 907      AA02B9BE 
 907      2989EC74 
 907      FE
 908 00bd 9D8F5541 	 .ascii "\235\217UA\317E\024\260\252\305\022\207\011%\242\341"
 908      CF4514B0 
 908      AAC51287 
 908      0925A2E1 
 909 00cd 2756B770 	 .ascii "'V\267p< :\201\034\316n\253\312\375%F\247\230,O_\362"
 909      3C203A81 
 909      1CCE6EAB 
 909      CAFD2546 
 909      A7982C4F 
 910 00e3 22639155 	 .ascii "\"c\221U\030'\002\201f\267\316\212\177\324]B\355\373"
 910      18270281 
 910      66B7CE8A 
 910      7FD45D42 
 910      EDFB
 911 00f5 8044E624 	 .ascii "\200D\346$L\276\034n|\034\363\271\032\033\300:\250\345"
 911      4CBE1C6E 
 911      7C1CF3B9 
 911      1A1BC03A 
 911      A8E5
 912 0107 BB488DCF 	 .ascii "\273H\215\317Qlb!\014\250\035\351\002\023\007\013\257"
 912      516C6221 
 912      0CA81DE9 
 912      0213070B 
 912      AF
 913 0118 2A6B9718 	 .ascii "*k\227\030\267\031$\010\333nc\320\371`\031y#a\345\206"
 913      B7192408 
 913      DB6E63D0 
 913      F9601979 
 913      2361E586 
 914 012c 3D276BF4 	 .ascii "='k\364\330\231\341\270\347\304\263\2563d\231^\316H"
 914      D899E1B8 
 914      E7C4B3AE 
 914      3364995E 
 914      CE48
 915 013e 9ADE4832 	 .ascii "\232\336H2\035O?\346\007l7\235\314\244\222M\371\234"
 915      1D4F3FE6 
 915      076C379D 
 915      CCA4924D 
 915      F99C
 916 0150 49CFD376 	 .ascii "I\317\323v\277\321\233x\333\326\332\375\342\315h\337"
 916      BFD19B78 
 916      DBD6DAFD 
 916      E2CD68DF 
 917 0160 3B2FF5DA 	 .ascii ";/\365\332r\355\354`_\302\265\363\226k\344\\\363?\271"
 917      72EDEC60 
 917      5FC2B5F3 
 917      966BE45C 
 917      F33FB9
 918 0173 50480D34 	 .ascii "PH\0154\233\024\355rF2\236\345\326?V\232\237\265\231"
 918      9B14ED72 
 918      46329EE5 
ARM GAS   			page 33


 918      D63F569A 
 918      9FB599
 919 0186 ADFDEF3B 	 .ascii "\255\375\357;\332\351\037\335\030\223-"
 919      DAE91FDD 
 919      18932D
 920              	 .text
 921              	 .section .gnu.lto_WWDG_GetFlagStatus.65.ea7a628f268484bf,"e",%progbits
 922 0000 789CBBC2 	 .ascii "x\234\273\302\300\300P\013\304j@\314\310\314\3008ib"
 922      C0C0500B 
 922      C46A40CC 
 922      C8CCC038 
 922      6962
 923 0012 17134343 	 .ascii "\027\023CCC\203\003;\023c\343\304\256\377;w\2600ne\004"
 923      4383033B 
 923      1363E3C4 
 923      AEFF3B77 
 923      B0306E65 
 924 0027 0B3032D4 	 .ascii "\01302\32431\3263Nf\326<\320\320\360c\351\263\013\237"
 924      3331D633 
 924      4E66D63C 
 924      D0D0F063 
 924      E9B30B9F 
 925 003b 0D1636B7 	 .ascii "\015\0266\267J,af`\230\007\324i\314h\300\000\006l`>"
 925      4A2C6166 
 925      609807D4 
 925      69CC68C0 
 925      00066C60 
 926 0050 C83C205E 	 .ascii "\310< ^\177\211\365@\303\237\377\375\015\015\337-\037"
 926      7F89F540 
 926      C39FFFFD 
 926      0D0DDF2D 
 926      1F
 927 0061 5EE06361 	 .ascii "^\340cadX\302\014\264\007\244\211\241\237\031dS\003"
 927      6458C20C 
 927      B407A489 
 927      A19F1964 
 927      5303
 928 0073 508C6102 	 .ascii "P\214a\0023\023\204\331x\200\201\341\025c\303\"n\206"
 928      331384D9 
 928      788081E1 
 928      1563C322 
 928      6E86
 929 0085 778C87F6 	 .ascii "w\214\207\366\274TY\304\3148\207\231q\022\363\022f&"
 929      BC5459C4 
 929      CC388799 
 929      7112F312 
 929      6626
 930 0097 460638AB 	 .ascii "F\0068\253\241aF\003\013\220\267\014\3442\216%\314\314"
 930      A1614603 
 930      0B90B70C 
 930      E4328E25 
 930      CCCC
 931 00a9 8CDB1919 	 .ascii "\214\333\031\031\26712\030,\004sY\030w0\316\005;\341"
 931      B7313218 
 931      2C047359 
 931      187730CE 
 931      053BE1
ARM GAS   			page 34


 932 00bc 1D63D39F 	 .ascii "\035c\323\237\366\247\214\213\230\231\201\0061|blR\000"
 932      F6A78C8B 
 932      98998106 
 932      317C626C 
 932      5200
 933 00ce 3219C076 	 .ascii "2\031\300v3B,l8\000\342\272\351g\344\347\246\352\227"
 933      33422C6C 
 933      3800E2BA 
 933      E967E4E7 
 933      A6EA97
 934 00e1 E9BBA416 	 .ascii "\351\273\244\026g\227\344\027\350\373d\346e+\224\344"
 934      6797E417 
 934      E8FB64E6 
 934      652B94E4 
 935 00f1 2B1414E5 	 .ascii "+\024\024\345g\245&\227\024\353'&\227\224&\346(\344"
 935      67A52697 
 935      14EB2726 
 935      979426E6 
 935      28E4
 936 0103 A08BA767 	 .ascii "\240\213\247g\026\345$\346\245$\352\226\025'3\230\344"
 936      16E524E6 
 936      A524EA96 
 936      15273398 
 936      E4
 937 0114 6426E9FB 	 .ascii "d&\351\373\272\004\031\033\271Y\006V\304\007\227\244"
 937      BA04191B 
 937      B9590656 
 937      C40797A4 
 938 0124 04A41665 	 .ascii "\004\244\026e\026d\304\273\024e\226\245\026\351\027"
 938      1664C4BB 
 938      146596A5 
 938      16E917
 939 0133 17252349 	 .ascii "\027%#I\227\227\247\244\353%3\000\000\365\205t{"
 939      9797A7A4 
 939      EB253300 
 939      00F58574 
 939      7B
 940              	 .text
 941              	 .section .gnu.lto_WWDG_ClearFlag.66.ea7a628f268484bf,"e",%progbits
 942 0000 789C3BC8 	 .ascii "x\234;\310\300\300P\013\304\312@\314\310\314\3008ib"
 942      C0C0500B 
 942      C4CA40CC 
 942      C8CCC038 
 942      6962
 943 0012 17134343 	 .ascii "\027\023CCC\203\003;\023c\343\304.N\306\255\214`\036"
 943      4383033B 
 943      1363E3C4 
 943      2E4EC6AD 
 943      8C601E
 944 0025 23433D13 	 .ascii "#C=\023c=\343dfM \367\307\322g\037\276J4\2548\300\270"
 944      633DE364 
 944      664D20F7 
 944      C7D2671F 
 944      BE4A34AC 
 945 003c 84998161 	 .ascii "\204\231\201a\036\020C\001\033\214\307\010\304\353/"
 945      1E104301 
 945      1B8CC708 
ARM GAS   			page 35


 945      C4EB2F
 946 004b B11E68F8 	 .ascii "\261\036h\370\363\277\277\241\341\270\365\303/|@\361"
 946      F3BFBFA1 
 946      E1B8F5C3 
 946      2F7C40F1 
 947 005b 7E6690D1 	 .ascii "~f\220\321\015,@\331\011\314L\020f\343\001\006\206W"
 947      0D2C40D9 
 947      09CC4C10 
 947      66E30106 
 947      8657
 948 006d 8C0D8F3E 	 .ascii "\214\015\217>\237cbx\307x\350\323\012\3219\314\214\223"
 948      9F636278 
 948      C778E8D3 
 948      0AD139CC 
 948      8C93
 949 007f 98973033 	 .ascii "\230\2270322\300Y\015\0153\032X\200\274e \307\274\340"
 949      3232C059 
 949      0D0D331A 
 949      5880BC65 
 949      20C7BCE0 
 950 0093 5BC2CCC4 	 .ascii "[\302\314\304\270\235\221q\033#\203\301\302\206\006"
 950      B89D9171 
 950      1B2383C1 
 950      C28606
 951 00a2 8E25CCCC 	 .ascii "\216%\314\314\214;\030\347\202,\006)\007\031\377\211"
 951      8C3B18E7 
 951      822C0629 
 951      0719FF89 
 952 00b2 B1E9C157 	 .ascii "\261\351\301W?\260\233\372\231\031!65\034\000q\335\364"
 952      3FB09BFA 
 952      99192136 
 952      351C0071 
 952      DDF4
 953 00c4 33F27353 	 .ascii "3\362sS\365\313\364]R\213\263K\362\013\364}2\363\262"
 953      F5CBF45D 
 953      528BB34B 
 953      F20BF47D 
 953      32F3B2
 954 00d7 154AF215 	 .ascii "\025J\362\025\012\212\362\263R\223K\212\365\023\223"
 954      0A8AF2B3 
 954      52934B8A 
 954      F51393
 955 00e6 4B4A1373 	 .ascii "KJ\023s\024r\320\305\3233\213r\022\363R\022u\313\212"
 955      1472D0C5 
 955      D3338B72 
 955      12F35212 
 955      75CB8A
 956 00f9 93194C72 	 .ascii "\223\031Lr2\223\364}]\202\214\215\334,\003+\342\203"
 956      3293F47D 
 956      5D828C8D 
 956      DC2C032B 
 956      E283
 957 010b 4B520252 	 .ascii "KR\002R\2132\0132\342]\2122\313R\213\364\213\213\222"
 957      8B320B32 
 957      E25D8A32 
 957      CB528BF4 
 957      8B8B92
ARM GAS   			page 36


 958 011e 91A4CBCB 	 .ascii "\221\244\313\313S\322\365\222\031\000\234\013o\277"
 958      53D2F592 
 958      19009C0B 
 958      6FBF
 959              	 .text
 960              	 .section .gnu.lto_.symbol_nodes.ea7a628f268484bf,"e",%progbits
 961 0000 789C75C9 	 .ascii "x\234u\311K\001\200 \024\004\300}\210\337D\242\010\321"
 961      4B018020 
 961      1404C07D 
 961      88DF44A2 
 961      08D1
 962 0012 161B98C7 	 .ascii "\026\033\230\307\223\032\300Lb\200\235\353\004\003\340"
 962      931AC04C 
 962      62809DEB 
 962      0403E0
 963 0021 66A254DE 	 .ascii "f\242T\336\216\027 p\226\335\360O\275@\223\267\320\311"
 963      8E172070 
 963      96DDF04F 
 963      BD4093B7 
 963      D0C9
 964 0033 5BD9C88B 	 .ascii "[\331\310\213\364\3626\266\362\022;y\231\275\274\013"
 964      F4F236B6 
 964      F2123B79 
 964      99BDBC0B 
 965 0043 1C64DEE0 	 .ascii "\034d\336\340(\363\001'\225\370\000\306\221G\361"
 965      28F30127 
 965      95F800C6 
 965      9147F1
 966              	 .text
 967              	 .section .gnu.lto_.refs.ea7a628f268484bf,"e",%progbits
 968 0000 789C6364 	 .ascii "x\234cd\000\002\000\000\012\000\002"
 968      00020000 
 968      0A0002
 969              	 .text
 970              	 .section .gnu.lto_.decls.ea7a628f268484bf,"e",%progbits
 971 0000 789C9D54 	 .ascii "x\234\235TkL\024W\024\276\347\336\205\035\006\024\212"
 971      6B4C1457 
 971      14BEE7DE 
 971      851D0614 
 971      8A
 972 0011 5893A631 	 .ascii "X\223\2461\033C\204?\272\2724\232\376#\201b\214\325"
 972      1B43843F 
 972      BABA349A 
 972      FE238162 
 972      8CD5
 973 0023 50B035E9 	 .ascii "P\2605\351\037\262\356\214\262ue\351\262\240\376\033"
 973      1FB2EE8C 
 973      B27565E9 
 973      B2A0FE1B 
 974 0033 8B0A3E68 	 .ascii "\213\012>h\3246\221\326\266\222\032\323Z[\260\265\202"
 974      D43691D6 
 974      B6921AD3 
 974      5A5BB0B5 
 974      82
 975 0044 8FDA020A 	 .ascii "\217\332\002\012.\242\002>\021_PD\027\004\005\013\006"
 975      2EA2023E 
 975      115F5044 
ARM GAS   			page 37


 975      1704050B 
 975      06
 976 0055 A4919EB9 	 .ascii "\244\221\236\271;;\273.\253i\274\23333{\317\367}\347"
 976      3B3BBB2E 
 976      AB69BC9B 
 976      33337BCF 
 976      F77DE7
 977 0068 BBE7DE99 	 .ascii "\273\347\336\231gFB\342(!\363\030!\0238b\010!m$0\242"
 977      674642E2 
 977      2821F318 
 977      21133862 
 977      08216D24 
 978 007e 31FEC068 	 .ascii "1\376\300h\300\360`\\\302\270\212q\035\343\006\306M"
 978      C0F0605C 
 978      C2B88A71 
 978      1DE306C6 
 978      4D
 979 008f 8CDB183D 	 .ascii "\214\333\030=\030\017\310\344\261\001\0101\340=\027"
 979      180FC8E4 
 979      B1010831 
 979      E03D17
 980 009e 63046318 	 .ascii "c\004c\030\243\017\003\313\221A\214!\214'\030\240\325"
 980      A30F03CB 
 980      91418C21 
 980      8C2718A0 
 980      D5
 981 00af 091DDB31 	 .ascii "\011\035\3331\021\245\361\3431\0220\3521Z0\222B4A\323"
 981      11A5F1E3 
 981      311230EA 
 981      315A3092 
 981      423441D3 
 982 00c3 03CD6FE8 	 .ascii "\003\315o\350\330\205\011!DG\325\230\375\012\035O\030"
 982      D8850921 
 982      4447D598 
 982      FD0A1D4F 
 982      18
 983 00d4 9D039A4E 	 .ascii "\235\003\232N\260\247\026\215\033\354)X\347R\030\235"
 983      B0A7168D 
 983      1BEC2958 
 983      E752189D 
 984 00e4 43983086 	 .ascii "C\2300\206h\274jMW\303hT\005\365\367i\220\007\242q\256"
 984      68BC6A4D 
 984      57C36854 
 984      05F5F769 
 984      9007A271 
 985 00f9 87E11C79 	 .ascii "\207\341\034y\211\377p\265\007\265\373\2150:5\377\323"
 985      89FF70B5 
 985      07B5FB8D 
 985      303A35FF 
 985      D3
 986 010a BF5FE366 	 .ascii "\277_\343f\030\215\223\257\341\345v\030\235fLD\340\275"
 986      188D93AF 
 986      E1E57618 
 986      9D664C44 
 986      E0BD
 987 011c FB255CFF 	 .ascii "\373%\\\377\031\353\011\303m\321\270\241g4)\204\033"
 987      19EB09C3 
ARM GAS   			page 38


 987      6DD1B8A1 
 987      67342984 
 987      1B
 988 012d EE7CEF65 	 .ascii "\356|\357e\264\374\256b\357\001\242\376\014\022\000"
 988      B4FCAE62 
 988      EF01A2FE 
 988      0C1200
 989 013c B42FC08B 	 .ascii "\264/\300\213H>f$A\241\012\215\224\030\025\231\310$"
 989      483E6624 
 989      41A10A8D 
 989      94181599 
 989      C824
 990 014e D1033393 	 .ascii "\321\0033\223\207Y\252@\223cE\341\307\323\020'F\010"
 990      8759AA40 
 990      936345E1 
 990      C7D31027 
 990      4608
 991 0160 947A8D92 	 .ascii "\224z\215\222\230\374\014~\246\025\221\246T\305 \355"
 991      98FC0C7E 
 991      A61591A6 
 991      54C520ED 
 992 0170 98EE352A 	 .ascii "\230\3565*t\347\262\204\224T\274z\215\036\220\220\225"
 992      74E7B284 
 992      9454BC7A 
 992      8D1E9090 
 992      95
 993 0181 4985387C 	 .ascii "I\2058|\362\032\305aVQ\026)]\240\245I\340\001Q\262$"
 993      F21AC561 
 993      56511629 
 993      5DA0A549 
 993      E00151B2 
 994 0196 288A922A 	 .ascii "(\212\222*\0103c\353Y=\313\300n\012\207+\247\213^c,"
 994      083363EB 
 994      593DCBC0 
 994      6E0A872B 
 994      A78B5E63 
 995 01ab 4A244BA6 	 .ascii "J$K\2468\311\024\353\201\010I\022\023\222\011\232\220"
 995      38C914EB 
 995      81084912 
 995      1392099A 
 995      90
 996 01bc 2C96542A 	 .ascii ",\226T*\242\262A\360\200\205A\214E\351z8C\214\020\243"
 996      A2B241F0 
 996      8085418C 
 996      45E97A38 
 996      438C10A3 
 997 01d0 669A9209 	 .ascii "f\232\222\011\221H\006E]6\341\037`\304\232R\340/@\262"
 997      91480645 
 997      5D36E11F 
 997      60C49A52 
 997      E02F40B2 
 998 01e4 482D942D 	 .ascii "H-\224-\361\342\326Sj\"D1\01011\240\340-*g\211\224i"
 998      F1E2D653 
 998      6A224431 
 998      083131A0 
 998      E02D2A67 
 999 01fb 1189D748 	 .ascii "\021\211\327H1\225`\000\205B\200)F\362.\362\001\204"
ARM GAS   			page 39


 999      31956000 
 999      85428029 
 999      46F22EF2 
 999      0184
 1000 020d F74B7D0A 	 .ascii "\367K}\012\334I\000K\002y\012\032Ac\353\032\034\341"
 1000      DC49004B 
 1000      02790A1A 
 1000      4163EB1A 
 1000      1CE1
 1001 021f A303A12A 	 .ascii "\243\003\241*\037\203\006U\010\006C\2208\004#\270\206"
 1001      1F830655 
 1001      08064390 
 1001      380423B8 
 1001      86
 1002 0230 36FC93A0 	 .ascii "6\374\223\240'|\342\232\027\252\331\242|\312\317y\321"
 1002      277CE29A 
 1002      17AAD9A2 
 1002      7CCACF79 
 1002      D1
 1003 0241 3857010D 	 .ascii "8W\001\015\020\344Z[!\377\356\361S3\266c\270i\352}l"
 1003      10E45A5B 
 1003      21FFEEF1 
 1003      5333B663 
 1003      B869EA7D 
 1004 0256 9BE29902 	 .ascii "\233\342\231\002\323w\246\022`o\0226\213\230\025>\352"
 1004      D377A612 
 1004      606F1236 
 1004      8B98153E 
 1004      EA
 1005 0267 D710A8F1 	 .ascii "\327\020\250\361Qs\242w3\210\007\212\327\004\210Cj\311"
 1005      5173A277 
 1005      3388078A 
 1005      D7048843 
 1005      6AC9
 1006 0279 C9CF9BC5 	 .ascii "\311\317\233\305\031\010\352W\224\004\310\205\023\000"
 1006      1908EA57 
 1006      9404C885 
 1006      1300
 1007 0287 C7D582F8 	 .ascii "\307\325\202\370.\201\223\213\037\031\334w\221\315*"
 1007      2E81938B 
 1007      1F19DC77 
 1007      91CD2A
 1008 0296 2F574647 	 .ascii "/WFG\316\236\331?\273\353\230\242lF\274\240b\240\032"
 1008      CE9ED93F 
 1008      BBEB98A2 
 1008      6C46BCA0 
 1008      62A01A
 1009 02a9 E0986F99 	 .ascii "\340\230o\231\325H8\012\360;\344l4\260\247@\260\302"
 1009      D548380A 
 1009      F03BE46C 
 1009      34B0A740 
 1009      B0C2
 1010 02bb 6CDC30C6 	 .ascii "l\3340\306\357\252\316\216\272CuT\250\305J\245\025u"
 1010      EFAACE8E 
 1010      BA437554 
 1010      A8C54AA5 
 1010      1575
ARM GAS   			page 40


 1011 02cd B86C7FA5 	 .ascii "\270l\177\245ZU\002\376\002\370\023X)U\221G\253\277"
 1011      5A5502FE 
 1011      02F81358 
 1011      29559147 
 1011      ABBF
 1012 02df A8122621 	 .ascii "\250\022&!\241\016\202\261\210\033j\337~0V\375`A=\200"
 1012      A10E82B1 
 1012      881B6ADF 
 1012      7E3056FD 
 1012      60413D80 
 1013 02f3 132706BA 	 .ascii "\023'\006\272\373G\2040\2139\203\354\323\300Ws\240\255"
 1013      FB478430 
 1013      8B3983EC 
 1013      D3C05773 
 1013      A0AD
 1014 0305 BF3C525D 	 .ascii "\277<R]\315\341_\212K\224\270\317\020l\300<\234\322"
 1014      CDE15F8A 
 1014      4B94B8CF 
 1014      106CC03C 
 1014      9CD2
 1015 0317 17724A5F 	 .ascii "\027rJ_H\007c{\270\241\301\203\255\343Q\272.\026\363"
 1015      4807637B 
 1015      B8A1C183 
 1015      ADE351BA 
 1015      2E16F3
 1016 032a 0B9FD5BB 	 .ascii "\013\237\325\273\324\276\261{\224\353\016\336,\3366"
 1016      D4BEB17B 
 1016      94EB0EDE 
 1016      2CDE36
 1017 0339 B5556D3B 	 .ascii "\265Um;`\032\032u\335F]\367<c\007\251\332\240$~\242"
 1017      601A1A75 
 1017      DD465DF7 
 1017      3C6307A9 
 1017      DAA0247E 
 1018 034e 63F91361 	 .ascii "c\371\023a\247\370\\<\030\370\346\230P\264\277\241\367"
 1018      A7F85C3C 
 1018      18F8E698 
 1018      50B4BFA1 
 1018      F7
 1019 035f FC14111B 	 .ascii "\374\024\021\0331\250\324n\212\"p\021\340\002\252\234"
 1019      31A8D46E 
 1019      8A227011 
 1019      E002AA9C 
 1020 036f 07C4631F 	 .ascii "\007\304c\037\232\001\316\251}\330Yze\001oC\213\257"
 1020      9A01CEA9 
 1020      7DD8597A 
 1020      65016F43 
 1020      8BAF
 1021 0381 0D1D655F 	 .ascii "\015\035e_m5\206iC\033r[}m\370\272{\350\202\317\356"
 1021      6D358669 
 1021      431B725B 
 1021      7D6DF8BA 
 1021      7BE882CF 
 1022 0396 A3D39FFE 	 .ascii "\243\323\237\376\250\276\365\230\205&\335l\223n\366"
 1022      A8BEF598 
 1022      8526DD6C 
 1022      936EF6
ARM GAS   			page 41


 1023 03a5 00638DBC 	 .ascii "\000c\215\274\011Ww??Gu\325\226@\023\256\350M\270;\376"
 1023      0957773F 
 1023      3F4775D5 
 1023      964013AE 
 1023      E84DB83B 
 1024 03ba 6FA54FF5 	 .ascii "o\245O\365\233\206-\376&\\\001\270\254\353^\326u\367"
 1024      9B862DFE 
 1024      265C01B8 
 1024      ACEB5ED6 
 1024      75F7
 1025 03cc 30D6C175 	 .ascii "0\326\301u\177:\327W\031\315IU\015\232\025<X\327t\312"
 1025      7F3AD757 
 1025      19CD4955 
 1025      0D9A153C 
 1025      58D774CA 
 1026 03e0 359D52C6 	 .ascii "5\235R\306\230\227Sz{v\357\213\341\233xq\263\276\211"
 1026      9897537A 
 1026      7B76EF8B 
 1026      E19B7871 
 1026      B3BE89
 1027 03f3 E8BF5D27 	 .ascii "\350\277]'\265\353\244'\224\215rRY\361h\257\317\334"
 1027      B5EBA427 
 1027      948D7252 
 1027      59F168AF 
 1027      CFDC
 1028 0405 C00BE63A 	 .ascii "\300\013\346:tR\207N\272GY)SI\217\367?n\360\231+=\033"
 1028      7452874E 
 1028      BA475929 
 1028      53498FF7 
 1028      3F6EF099 
 1029 041c E8D32D9D 	 .ascii "\350\323-\235rK\2474Q\366%S7\360m\230\000~S\3715\337"
 1029      724BA734 
 1029      51F62553 
 1029      37F06D98 
 1029      007E53F9 
 1030 0432 8F378AEA 	 .ascii "\2177\212\352Q\366\226v\326\"6\005\346!\253\213\037"
 1030      51F69676 
 1030      D6223605 
 1030      E621AB8B 
 1030      1F
 1031 0443 E34E80BB 	 .ascii "\343N\200\273\300~\340u\236wn4\206\300\340o\010\006"
 1031      C07EE075 
 1031      9E776E34 
 1031      86C0E06F 
 1031      0806
 1032 0455 AA67ACB3 	 .ascii "\252g\254\263\362v\244\276\003\335\201\035\270\247\357"
 1032      F276A4BE 
 1032      03DD811D 
 1032      B8A7EF
 1033 0464 C09DE2FA 	 .ascii "\300\235\342\3722\003\367\373mI\211\177\221\367\000"
 1033      3203F7FB 
 1033      6D49897F 
 1033      91F700
 1034 0473 EEE88EEF 	 .ascii "\356\350\216\357\350\216OR\366\033/~b`\354\270\2573"
 1034      E88E4F52 
 1034      F61B2F7E 
 1034      6260ECB8 
ARM GAS   			page 42


 1034      AF33
 1035 0485 5567033B 	 .ascii "Ug\003;p_\247\334\327)\277R~B\005V\307\211[j\037\264"
 1035      705FA7DC 
 1035      D729BF52 
 1035      7E420556 
 1035      C7895B6A 
 1036 049b 0A62E72B 	 .ascii "\012b\347+\317'k`\276c\035\303\217u'a\036\225+\214W"
 1036      CF276B60 
 1036      BE631DC3 
 1036      8F752761 
 1036      1E952B8C 
 1037 04b0 ED2D8169 	 .ascii "\355-\201i\211\211\211Xo\223\242\324\032\010\014\000"
 1037      89898958 
 1037      6F93A2D4 
 1037      1A080C00 
 1038 04c0 F4ABCB79 	 .ascii "\364\253\313y\314W=\0100\004\360D\265\320\245(\243\325"
 1038      CC573D08 
 1038      3004F044 
 1038      B5D0A528 
 1038      A3D5
 1039 04d2 DF958E25 	 .ascii "\337\225\216%\326\027+\036\374\006\364\001<\004\025"
 1039      D6172B1E 
 1039      FC06F401 
 1039      3C0415
 1040 04e1 E62B48C0 	 .ascii "\346+H\300\2141_\205\035\336:\226\257!z'!.\002\207l"
 1040      8C315F85 
 1040      1DDE3A96 
 1040      AF217A27 
 1040      212E0287 
 1041 04f6 D3218F5E 	 .ascii "\323!\217^\200x\201\2530\305\240\256\255yb\250-rZ\250"
 1041      807881AB 
 1041      30C5A0AE 
 1041      AD7962A8 
 1041      2D725AA8 
 1042 050a 39F80726 	 .ascii "9\370\007&\333S[Xv\253\322\030\303\337\324\212z\003"
 1042      DB535B58 
 1042      76ABD218 
 1042      C3DFD48A 
 1042      7A03
 1043 051c 0C075447 	 .ascii "\014\007TG|/\334\211]\2755\221\001@_\000\360T\225\020"
 1043      7C2FDC89 
 1043      5DBD3591 
 1043      01405F00 
 1043      F0549510 
 1044 0530 ACAEB545 	 .ascii "\254\256\265E\013\347\254%\242\315\351r\313\353\347"
 1044      0BE7AC25 
 1044      A2CDE972 
 1044      CBEBE7
 1045 053f AC4D21D1 	 .ascii "\254M!\321+V\244/\312I\227\027\347\331\335)\016\373"
 1045      2B56A42F 
 1045      CA499717 
 1045      E7D9DD29 
 1045      0EFB
 1046 0551 4AF3D2F4 	 .ascii "J\363\322\364\254\024K\306\273\037\254\317\311vK\231"
 1046      AC144BC6 
 1046      BB1FACCF 
 1046      C9764B99 
ARM GAS   			page 43


 1047 0561 B2CB9E9F 	 .ascii "\262\313\236\237\233\223\356\262\027\311.s\201\313\026"
 1047      9B93EEB2 
 1047      17C92E73 
 1047      81CB16
 1048 0570 945EB74E 	 .ascii "\224^\267NZ=\327&,Z\366\241)m\376B\362Vhf\356\374\024"
 1048      5A3DD726 
 1048      2C5AF6A1 
 1048      296DFE42 
 1048      F2566866 
 1049 0587 9B65E5AA 	 .ascii "\233e\345\252\205\013H\2069\327\271V6\027\231\323\345"
 1049      850B4886 
 1049      39D7B956 
 1049      361799D3 
 1049      E5
 1050 0598 82356E67 	 .ascii "\2025ng\276\371}{\336\032\223\333i\312w9?\221m\356\002"
 1050      BEF97D7B 
 1050      DE1A93DB 
 1050      69CA7739 
 1050      3F916DEE 
 1051 05ad B3D5E62E 	 .ascii "\263\325\346.\264:L\216\320\371\325v\227\303\232'Y\347"
 1051      B43A4C8E 
 1051      D0F9D576 
 1051      97C39A27 
 1051      59E7
 1052 05bf 1415D8C8 	 .ascii "\024\025\330\310;\257a\217\274\301\327\227-\2733]r\201"
 1052      3BAF618F 
 1052      BCC1D797 
 1052      2DBB335D 
 1052      7281
 1053 05d1 CDEA905D 	 .ascii "\315\352\220]S\371\214\376\327\007X\024\004\230\346"
 1053      53F98CFE 
 1053      D7075814 
 1053      0498E6
 1054 05e0 A7ACB0E7 	 .ascii "\247\254\260\347I\316u\037Y\035\205\262Ph\317s\247X"
 1054      49CE751F 
 1054      591D85B2 
 1054      5068CF73 
 1054      A758
 1055 05f2 72DCD3FC 	 .ascii "r\334\323\374\360\240\344\024>\367^\236u\245C^\274<"
 1055      F0A0E414 
 1055      3EF75E9E 
 1055      75A5435E 
 1055      BC3C
 1056 0604 D64F4F73 	 .ascii "\326OOs\026\346\271eW\254\237\241\375\217\016B\307\373"
 1056      16E6B965 
 1056      57AC9FA1 
 1056      FD8F0E42 
 1056      C7FB
 1057 0616 73190EEB 	 .ascii "s\031\016\353\352l\267\325]X \006\036}N\323\034\262"
 1057      EA6CB7D5 
 1057      5D582006 
 1057      1E7D4ED3 
 1057      1CB2
 1058 0628 D5A54EB2 	 .ascii "\325\245N\262\264\214,\232\226E\263\263x'\322\226f/"
 1058      B48C2C9A 
 1058      9645B3B3 
 1058      7827D296 
ARM GAS   			page 44


 1058      662F
 1059 063a CEC66B0A 	 .ascii "\316\306k\012\266\265\310n\223\263\013\363\363q[\003"
 1059      B6B5C86E 
 1059      93B30BF3 
 1059      F3715B03 
 1060 064a 2D30DBF3 	 .ascii "-0\333\363\374\015Y?7\227\304\341c\016W\\\276!_N\227"
 1060      FC0D593F 
 1060      3797C4E1 
 1060      630E575C 
 1060      BE215F4E 
 1061 065f 57FD0740 	 .ascii "W\375\007@ PI"
 1061      205049
 1062              	 .text
 1063              	 .section .gnu.lto_.symtab.ea7a628f268484bf,"e",%progbits
 1064 0000 57574447 	 .ascii "WWDG_DeInit\000"
 1064      5F446549 
 1064      6E697400 
 1065 000c 00       	 .ascii "\000"
 1066 000d 00       	 .ascii "\000"
 1067 000e 00       	 .ascii "\000"
 1068 000f 00000000 	 .ascii "\000\000\000\000\000\000\000\000"
 1068      00000000 
 1069 0017 BC000000 	 .ascii "\274\000\000\000"
 1070 001b 57574447 	 .ascii "WWDG_SetPrescaler\000"
 1070      5F536574 
 1070      50726573 
 1070      63616C65 
 1070      7200
 1071 002d 00       	 .ascii "\000"
 1072 002e 00       	 .ascii "\000"
 1073 002f 00       	 .ascii "\000"
 1074 0030 00000000 	 .ascii "\000\000\000\000\000\000\000\000"
 1074      00000000 
 1075 0038 C5000000 	 .ascii "\305\000\000\000"
 1076 003c 57574447 	 .ascii "WWDG_GetPrescaler\000"
 1076      5F476574 
 1076      50726573 
 1076      63616C65 
 1076      7200
 1077 004e 00       	 .ascii "\000"
 1078 004f 00       	 .ascii "\000"
 1079 0050 00       	 .ascii "\000"
 1080 0051 00000000 	 .ascii "\000\000\000\000\000\000\000\000"
 1080      00000000 
 1081 0059 C8000000 	 .ascii "\310\000\000\000"
 1082 005d 57574447 	 .ascii "WWDG_SetWindowValue\000"
 1082      5F536574 
 1082      57696E64 
 1082      6F775661 
 1082      6C756500 
 1083 0071 00       	 .ascii "\000"
 1084 0072 00       	 .ascii "\000"
 1085 0073 00       	 .ascii "\000"
 1086 0074 00000000 	 .ascii "\000\000\000\000\000\000\000\000"
 1086      00000000 
 1087 007c D2000000 	 .ascii "\322\000\000\000"
 1088 0080 57574447 	 .ascii "WWDG_GetWindowValue\000"
ARM GAS   			page 45


 1088      5F476574 
 1088      57696E64 
 1088      6F775661 
 1088      6C756500 
 1089 0094 00       	 .ascii "\000"
 1090 0095 00       	 .ascii "\000"
 1091 0096 00       	 .ascii "\000"
 1092 0097 00000000 	 .ascii "\000\000\000\000\000\000\000\000"
 1092      00000000 
 1093 009f D5000000 	 .ascii "\325\000\000\000"
 1094 00a3 57574447 	 .ascii "WWDG_EnableIT\000"
 1094      5F456E61 
 1094      626C6549 
 1094      5400
 1095 00b1 00       	 .ascii "\000"
 1096 00b2 00       	 .ascii "\000"
 1097 00b3 00       	 .ascii "\000"
 1098 00b4 00000000 	 .ascii "\000\000\000\000\000\000\000\000"
 1098      00000000 
 1099 00bc D7000000 	 .ascii "\327\000\000\000"
 1100 00c0 57574447 	 .ascii "WWDG_SetCounter\000"
 1100      5F536574 
 1100      436F756E 
 1100      74657200 
 1101 00d0 00       	 .ascii "\000"
 1102 00d1 00       	 .ascii "\000"
 1103 00d2 00       	 .ascii "\000"
 1104 00d3 00000000 	 .ascii "\000\000\000\000\000\000\000\000"
 1104      00000000 
 1105 00db D9000000 	 .ascii "\331\000\000\000"
 1106 00df 57574447 	 .ascii "WWDG_GetCounter\000"
 1106      5F476574 
 1106      436F756E 
 1106      74657200 
 1107 00ef 00       	 .ascii "\000"
 1108 00f0 00       	 .ascii "\000"
 1109 00f1 00       	 .ascii "\000"
 1110 00f2 00000000 	 .ascii "\000\000\000\000\000\000\000\000"
 1110      00000000 
 1111 00fa DB000000 	 .ascii "\333\000\000\000"
 1112 00fe 57574447 	 .ascii "WWDG_Enable\000"
 1112      5F456E61 
 1112      626C6500 
 1113 010a 00       	 .ascii "\000"
 1114 010b 00       	 .ascii "\000"
 1115 010c 00       	 .ascii "\000"
 1116 010d 00000000 	 .ascii "\000\000\000\000\000\000\000\000"
 1116      00000000 
 1117 0115 DD000000 	 .ascii "\335\000\000\000"
 1118 0119 57574447 	 .ascii "WWDG_GetFlagStatus\000"
 1118      5F476574 
 1118      466C6167 
 1118      53746174 
 1118      757300
 1119 012c 00       	 .ascii "\000"
 1120 012d 00       	 .ascii "\000"
 1121 012e 00       	 .ascii "\000"
ARM GAS   			page 46


 1122 012f 00000000 	 .ascii "\000\000\000\000\000\000\000\000"
 1122      00000000 
 1123 0137 E5000000 	 .ascii "\345\000\000\000"
 1124 013b 57574447 	 .ascii "WWDG_ClearFlag\000"
 1124      5F436C65 
 1124      6172466C 
 1124      616700
 1125 014a 00       	 .ascii "\000"
 1126 014b 00       	 .ascii "\000"
 1127 014c 00       	 .ascii "\000"
 1128 014d 00000000 	 .ascii "\000\000\000\000\000\000\000\000"
 1128      00000000 
 1129 0155 E7000000 	 .ascii "\347\000\000\000"
 1130              	 .text
 1131              	 .section .gnu.lto_.ext_symtab.ea7a628f268484bf,"e",%progbits
 1132 0000 01       	 .ascii "\001"
 1133 0001 01       	 .ascii "\001"
 1134 0002 00       	 .ascii "\000"
 1135 0003 01       	 .ascii "\001"
 1136 0004 00       	 .ascii "\000"
 1137 0005 01       	 .ascii "\001"
 1138 0006 00       	 .ascii "\000"
 1139 0007 01       	 .ascii "\001"
 1140 0008 00       	 .ascii "\000"
 1141 0009 01       	 .ascii "\001"
 1142 000a 00       	 .ascii "\000"
 1143 000b 01       	 .ascii "\001"
 1144 000c 00       	 .ascii "\000"
 1145 000d 01       	 .ascii "\001"
 1146 000e 00       	 .ascii "\000"
 1147 000f 01       	 .ascii "\001"
 1148 0010 00       	 .ascii "\000"
 1149 0011 01       	 .ascii "\001"
 1150 0012 00       	 .ascii "\000"
 1151 0013 01       	 .ascii "\001"
 1152 0014 00       	 .ascii "\000"
 1153 0015 01       	 .ascii "\001"
 1154 0016 00       	 .ascii "\000"
 1155              	 .text
 1156              	 .section .gnu.lto_.opts,"e",%progbits
 1157 0000 272D666E 	 .ascii "'-fno-openmp' '-fno-openacc' '-fno-pie' '-fcf-prote"
 1157      6F2D6F70 
 1157      656E6D70 
 1157      2720272D 
 1157      666E6F2D 
 1158 0033 6374696F 	 .ascii "ction=none' '-g' '-mcpu=cortex-m3' '-mthumb' '-mflo"
 1158      6E3D6E6F 
 1158      6E652720 
 1158      272D6727 
 1158      20272D6D 
 1159 0066 61742D61 	 .ascii "at-abi=soft' '-mlibarch=armv7-m' '-march=armv7-m' '"
 1159      62693D73 
 1159      6F667427 
 1159      20272D6D 
 1159      6C696261 
 1160 0099 2D4F6727 	 .ascii "-Og' '-fdata-sections' '-ffunction-sections' '-flto"
 1160      20272D66 
ARM GAS   			page 47


 1160      64617461 
 1160      2D736563 
 1160      74696F6E 
 1161 00cc 2720272D 	 .ascii "' '-Xassembler' '-a' '-Xassembler' '-ad' '-Xassembl"
 1161      58617373 
 1161      656D626C 
 1161      65722720 
 1161      272D6127 
 1162 00ff 65722720 	 .ascii "er' '-alms=build/MDR32F9Qx_wwdg.lst'\000"
 1162      272D616C 
 1162      6D733D62 
 1162      75696C64 
 1162      2F4D4452 
 1163              	 .text
 1164              	 .comm __gnu_lto_slim,1,1
 1165              	 .ident "GCC: (15:10.3-2021.07-4) 10.3.1 20210621 (release)"
ARM GAS   			page 48


DEFINED SYMBOLS
                            *ABS*:0000000000000000 MDR32F9Qx_wwdg.c
    {standard input}:20     .gnu.debuglto_.debug_info:0000000000000000 MDR32F9Qx_wwdg.c.13c2bf76
                            *COM*:0000000000000001 __gnu_lto_slim

NO UNDEFINED SYMBOLS
