ARM GAS   			page 1


   1              	 .cpu cortex-m3
   2              	 .eabi_attribute 20,1
   3              	 .eabi_attribute 21,1
   4              	 .eabi_attribute 23,3
   5              	 .eabi_attribute 24,1
   6              	 .eabi_attribute 25,1
   7              	 .eabi_attribute 26,1
   8              	 .eabi_attribute 30,1
   9              	 .eabi_attribute 34,1
  10              	 .eabi_attribute 18,4
  11              	 .file "MDR32F9Qx_dac.c"
  12              	 .file 1 "/usr/lib/gcc/arm-none-eabi/10.3.1/include/stdint.h"
  13              	 .file 2 "lib/CMSIS/CM3/DeviceSupport/MDR32F9Qx/inc/MDR32Fx.h"
  14              	 .file 3 "lib/MDR32F9Qx_StdPeriph_Driver/inc/MDR32F9Qx_dac.h"
  15              	 .file 4 "lib/MDR32F9Qx_StdPeriph_Driver/src/MDR32F9Qx_dac.c"
  16              	 .section .gnu.debuglto_.debug_info,"e",%progbits
  17              	.Ldebug_info0:
  18              	 .hidden MDR32F9Qx_dac.c.07b3c96a
  19              	 .weak MDR32F9Qx_dac.c.07b3c96a
  20              	MDR32F9Qx_dac.c.07b3c96a:
  21 0000 8C020000 	 .4byte 0x28c
  22 0004 0200     	 .2byte 0x2
  23 0006 00000000 	 .4byte .Ldebug_abbrev0
  24 000a 04       	 .byte 0x4
  25 000b 01       	 .uleb128 0x1
  26 000c 62000000 	 .4byte .LASF40
  27 0010 0C       	 .byte 0xc
  28 0011 8E020000 	 .4byte .LASF41
  29 0015 25010000 	 .4byte .LASF42
  30 0019 00000000 	 .4byte .Ldebug_line0
  31 001d 02       	 .uleb128 0x2
  32 001e 01       	 .byte 0x1
  33 001f 06       	 .byte 0x6
  34 0020 F7000000 	 .4byte .LASF0
  35 0024 02       	 .uleb128 0x2
  36 0025 02       	 .byte 0x2
  37 0026 05       	 .byte 0x5
  38 0027 D1020000 	 .4byte .LASF1
  39 002b 02       	 .uleb128 0x2
  40 002c 04       	 .byte 0x4
  41 002d 05       	 .byte 0x5
  42 002e E4020000 	 .4byte .LASF2
  43 0032 02       	 .uleb128 0x2
  44 0033 08       	 .byte 0x8
  45 0034 05       	 .byte 0x5
  46 0035 61020000 	 .4byte .LASF3
  47 0039 02       	 .uleb128 0x2
  48 003a 01       	 .byte 0x1
  49 003b 08       	 .byte 0x8
  50 003c 03010000 	 .4byte .LASF4
  51 0040 02       	 .uleb128 0x2
  52 0041 02       	 .byte 0x2
  53 0042 07       	 .byte 0x7
  54 0043 78010000 	 .4byte .LASF5
  55 0047 03       	 .uleb128 0x3
  56 0048 DB020000 	 .4byte .LASF11
  57 004c 01       	 .byte 0x1
ARM GAS   			page 2


  58 004d 34       	 .byte 0x34
  59 004e 19       	 .byte 0x19
  60 004f 58000000 	 .4byte 0x58
  61 0053 04       	 .uleb128 0x4
  62 0054 47000000 	 .4byte 0x47
  63 0058 02       	 .uleb128 0x2
  64 0059 04       	 .byte 0x4
  65 005a 07       	 .byte 0x7
  66 005b B2010000 	 .4byte .LASF6
  67 005f 02       	 .uleb128 0x2
  68 0060 08       	 .byte 0x8
  69 0061 07       	 .byte 0x7
  70 0062 20020000 	 .4byte .LASF7
  71 0066 05       	 .uleb128 0x5
  72 0067 04       	 .byte 0x4
  73 0068 05       	 .byte 0x5
  74 0069 696E7400 	 .ascii "int\000"
  75 006d 02       	 .uleb128 0x2
  76 006e 04       	 .byte 0x4
  77 006f 07       	 .byte 0x7
  78 0070 DF010000 	 .4byte .LASF8
  79 0074 06       	 .uleb128 0x6
  80 0075 07       	 .byte 0x7
  81 0076 01       	 .byte 0x1
  82 0077 39000000 	 .4byte 0x39
  83 007b 02       	 .byte 0x2
  84 007c 6D       	 .byte 0x6d
  85 007d 0E       	 .byte 0xe
  86 007e 8F000000 	 .4byte 0x8f
  87 0082 07       	 .uleb128 0x7
  88 0083 ED020000 	 .4byte .LASF9
  89 0087 00       	 .byte 0
  90 0088 07       	 .uleb128 0x7
  91 0089 CA020000 	 .4byte .LASF10
  92 008d 01       	 .byte 0x1
  93 008e 00       	 .byte 0
  94 008f 03       	 .uleb128 0x3
  95 0090 3B000000 	 .4byte .LASF12
  96 0094 02       	 .byte 0x2
  97 0095 6D       	 .byte 0x6d
  98 0096 2F       	 .byte 0x2f
  99 0097 74000000 	 .4byte 0x74
 100 009b 08       	 .uleb128 0x8
 101 009c 0C       	 .byte 0xc
 102 009d 02       	 .byte 0x2
 103 009e 0509     	 .2byte 0x905
 104 00a0 09       	 .byte 0x9
 105 00a1 D6000000 	 .4byte 0xd6
 106 00a5 09       	 .uleb128 0x9
 107 00a6 43464700 	 .ascii "CFG\000"
 108 00aa 02       	 .byte 0x2
 109 00ab 0709     	 .2byte 0x907
 110 00ad 11       	 .byte 0x11
 111 00ae 53000000 	 .4byte 0x53
 112 00b2 02       	 .byte 0x2
 113 00b3 23       	 .byte 0x23
 114 00b4 00       	 .uleb128 0
ARM GAS   			page 3


 115 00b5 0A       	 .uleb128 0xa
 116 00b6 11010000 	 .4byte .LASF13
 117 00ba 02       	 .byte 0x2
 118 00bb 0809     	 .2byte 0x908
 119 00bd 11       	 .byte 0x11
 120 00be 53000000 	 .4byte 0x53
 121 00c2 02       	 .byte 0x2
 122 00c3 23       	 .byte 0x23
 123 00c4 04       	 .uleb128 0x4
 124 00c5 0A       	 .uleb128 0xa
 125 00c6 57020000 	 .4byte .LASF14
 126 00ca 02       	 .byte 0x2
 127 00cb 0909     	 .2byte 0x909
 128 00cd 11       	 .byte 0x11
 129 00ce 53000000 	 .4byte 0x53
 130 00d2 02       	 .byte 0x2
 131 00d3 23       	 .byte 0x23
 132 00d4 08       	 .uleb128 0x8
 133 00d5 00       	 .byte 0
 134 00d6 0B       	 .uleb128 0xb
 135 00d7 22000000 	 .4byte .LASF15
 136 00db 02       	 .byte 0x2
 137 00dc 0A09     	 .2byte 0x90a
 138 00de 02       	 .byte 0x2
 139 00df 9B000000 	 .4byte 0x9b
 140 00e3 06       	 .uleb128 0x6
 141 00e4 07       	 .byte 0x7
 142 00e5 01       	 .byte 0x1
 143 00e6 39000000 	 .4byte 0x39
 144 00ea 03       	 .byte 0x3
 145 00eb 32       	 .byte 0x32
 146 00ec 01       	 .byte 0x1
 147 00ed FE000000 	 .4byte 0xfe
 148 00f1 07       	 .uleb128 0x7
 149 00f2 EC010000 	 .4byte .LASF16
 150 00f6 00       	 .byte 0
 151 00f7 07       	 .uleb128 0x7
 152 00f8 06020000 	 .4byte .LASF17
 153 00fc 10       	 .byte 0x10
 154 00fd 00       	 .byte 0
 155 00fe 03       	 .uleb128 0x3
 156 00ff 54000000 	 .4byte .LASF18
 157 0103 03       	 .byte 0x3
 158 0104 35       	 .byte 0x35
 159 0105 03       	 .byte 0x3
 160 0106 E3000000 	 .4byte 0xe3
 161 010a 06       	 .uleb128 0x6
 162 010b 07       	 .byte 0x7
 163 010c 01       	 .byte 0x1
 164 010d 39000000 	 .4byte 0x39
 165 0111 03       	 .byte 0x3
 166 0112 3E       	 .byte 0x3e
 167 0113 01       	 .byte 0x1
 168 0114 25010000 	 .4byte 0x125
 169 0118 07       	 .uleb128 0x7
 170 0119 00000000 	 .4byte .LASF19
 171 011d 00       	 .byte 0
ARM GAS   			page 4


 172 011e 07       	 .uleb128 0x7
 173 011f 4B000000 	 .4byte .LASF20
 174 0123 01       	 .byte 0x1
 175 0124 00       	 .byte 0
 176 0125 03       	 .uleb128 0x3
 177 0126 F5020000 	 .4byte .LASF21
 178 012a 03       	 .byte 0x3
 179 012b 41       	 .byte 0x41
 180 012c 03       	 .byte 0x3
 181 012d 0A010000 	 .4byte 0x10a
 182 0131 06       	 .uleb128 0x6
 183 0132 07       	 .byte 0x7
 184 0133 01       	 .byte 0x1
 185 0134 39000000 	 .4byte 0x39
 186 0138 03       	 .byte 0x3
 187 0139 4A       	 .byte 0x4a
 188 013a 01       	 .byte 0x1
 189 013b 4C010000 	 .4byte 0x14c
 190 013f 07       	 .uleb128 0x7
 191 0140 4D020000 	 .4byte .LASF22
 192 0144 00       	 .byte 0
 193 0145 07       	 .uleb128 0x7
 194 0146 C9010000 	 .4byte .LASF23
 195 014a 02       	 .byte 0x2
 196 014b 00       	 .byte 0
 197 014c 03       	 .uleb128 0x3
 198 014d 6B010000 	 .4byte .LASF24
 199 0151 03       	 .byte 0x3
 200 0152 4D       	 .byte 0x4d
 201 0153 03       	 .byte 0x3
 202 0154 31010000 	 .4byte 0x131
 203 0158 0C       	 .uleb128 0xc
 204 0159 01       	 .byte 0x1
 205 015a D2010000 	 .4byte .LASF25
 206 015e 04       	 .byte 0x4
 207 015f D6       	 .byte 0xd6
 208 0160 0A       	 .byte 0xa
 209 0161 01       	 .byte 0x1
 210 0162 47000000 	 .4byte 0x47
 211 0166 0C       	 .uleb128 0xc
 212 0167 01       	 .byte 0x1
 213 0168 37020000 	 .4byte .LASF26
 214 016c 04       	 .byte 0x4
 215 016d CC       	 .byte 0xcc
 216 016e 0A       	 .byte 0xa
 217 016f 01       	 .byte 0x1
 218 0170 47000000 	 .4byte 0x47
 219 0174 0D       	 .uleb128 0xd
 220 0175 01       	 .byte 0x1
 221 0176 15000000 	 .4byte .LASF27
 222 017a 04       	 .byte 0x4
 223 017b BF       	 .byte 0xbf
 224 017c 06       	 .byte 0x6
 225 017d 01       	 .byte 0x1
 226 017e 8F010000 	 .4byte 0x18f
 227 0182 0E       	 .uleb128 0xe
 228 0183 C4010000 	 .4byte .LASF29
ARM GAS   			page 5


 229 0187 04       	 .byte 0x4
 230 0188 BF       	 .byte 0xbf
 231 0189 1C       	 .byte 0x1c
 232 018a 47000000 	 .4byte 0x47
 233 018e 00       	 .byte 0
 234 018f 0D       	 .uleb128 0xd
 235 0190 01       	 .byte 0x1
 236 0191 78020000 	 .4byte .LASF28
 237 0195 04       	 .byte 0x4
 238 0196 B2       	 .byte 0xb2
 239 0197 06       	 .byte 0x6
 240 0198 01       	 .byte 0x1
 241 0199 AA010000 	 .4byte 0x1aa
 242 019d 0E       	 .uleb128 0xe
 243 019e C4010000 	 .4byte .LASF29
 244 01a2 04       	 .byte 0x4
 245 01a3 B2       	 .byte 0xb2
 246 01a4 1C       	 .byte 0x1c
 247 01a5 47000000 	 .4byte 0x47
 248 01a9 00       	 .byte 0
 249 01aa 0D       	 .uleb128 0xd
 250 01ab 01       	 .byte 0x1
 251 01ac 44020000 	 .4byte .LASF30
 252 01b0 04       	 .byte 0x4
 253 01b1 94       	 .byte 0x94
 254 01b2 06       	 .byte 0x6
 255 01b3 01       	 .byte 0x1
 256 01b4 D1010000 	 .4byte 0x1d1
 257 01b8 0E       	 .uleb128 0xe
 258 01b9 C1020000 	 .4byte .LASF31
 259 01bd 04       	 .byte 0x4
 260 01be 94       	 .byte 0x94
 261 01bf 1F       	 .byte 0x1f
 262 01c0 8F000000 	 .4byte 0x8f
 263 01c4 0F       	 .uleb128 0xf
 264 01c5 9D010000 	 .4byte .LASF33
 265 01c9 04       	 .byte 0x4
 266 01ca 96       	 .byte 0x96
 267 01cb 0E       	 .byte 0xe
 268 01cc 47000000 	 .4byte 0x47
 269 01d0 00       	 .byte 0
 270 01d1 0D       	 .uleb128 0xd
 271 01d2 01       	 .byte 0x1
 272 01d3 94010000 	 .4byte .LASF32
 273 01d7 04       	 .byte 0x4
 274 01d8 76       	 .byte 0x76
 275 01d9 06       	 .byte 0x6
 276 01da 01       	 .byte 0x1
 277 01db F8010000 	 .4byte 0x1f8
 278 01df 0E       	 .uleb128 0xe
 279 01e0 C1020000 	 .4byte .LASF31
 280 01e4 04       	 .byte 0x4
 281 01e5 76       	 .byte 0x76
 282 01e6 1F       	 .byte 0x1f
 283 01e7 8F000000 	 .4byte 0x8f
 284 01eb 0F       	 .uleb128 0xf
 285 01ec 9D010000 	 .4byte .LASF33
ARM GAS   			page 6


 286 01f0 04       	 .byte 0x4
 287 01f1 78       	 .byte 0x78
 288 01f2 0E       	 .byte 0xe
 289 01f3 47000000 	 .4byte 0x47
 290 01f7 00       	 .byte 0
 291 01f8 0D       	 .uleb128 0xd
 292 01f9 01       	 .byte 0x1
 293 01fa 1B010000 	 .4byte .LASF34
 294 01fe 04       	 .byte 0x4
 295 01ff 63       	 .byte 0x63
 296 0200 06       	 .byte 0x6
 297 0201 01       	 .byte 0x1
 298 0202 1F020000 	 .4byte 0x21f
 299 0206 0E       	 .uleb128 0xe
 300 0207 32000000 	 .4byte .LASF35
 301 020b 04       	 .byte 0x4
 302 020c 63       	 .byte 0x63
 303 020d 1D       	 .byte 0x1d
 304 020e 4C010000 	 .4byte 0x14c
 305 0212 0F       	 .uleb128 0xf
 306 0213 9D010000 	 .4byte .LASF33
 307 0217 04       	 .byte 0x4
 308 0218 65       	 .byte 0x65
 309 0219 0E       	 .byte 0xe
 310 021a 47000000 	 .4byte 0x47
 311 021e 00       	 .byte 0
 312 021f 0D       	 .uleb128 0xd
 313 0220 01       	 .byte 0x1
 314 0221 A8010000 	 .4byte .LASF36
 315 0225 04       	 .byte 0x4
 316 0226 50       	 .byte 0x50
 317 0227 06       	 .byte 0x6
 318 0228 01       	 .byte 0x1
 319 0229 46020000 	 .4byte 0x246
 320 022d 0E       	 .uleb128 0xe
 321 022e 8B010000 	 .4byte .LASF37
 322 0232 04       	 .byte 0x4
 323 0233 50       	 .byte 0x50
 324 0234 1D       	 .byte 0x1d
 325 0235 25010000 	 .4byte 0x125
 326 0239 0F       	 .uleb128 0xf
 327 023a 9D010000 	 .4byte .LASF33
 328 023e 04       	 .byte 0x4
 329 023f 52       	 .byte 0x52
 330 0240 0E       	 .byte 0xe
 331 0241 47000000 	 .4byte 0x47
 332 0245 00       	 .byte 0
 333 0246 0D       	 .uleb128 0xd
 334 0247 01       	 .byte 0x1
 335 0248 6F020000 	 .4byte .LASF38
 336 024c 04       	 .byte 0x4
 337 024d 3B       	 .byte 0x3b
 338 024e 06       	 .byte 0x6
 339 024f 01       	 .byte 0x1
 340 0250 85020000 	 .4byte 0x285
 341 0254 0E       	 .uleb128 0xe
 342 0255 85020000 	 .4byte .LASF39
ARM GAS   			page 7


 343 0259 04       	 .byte 0x4
 344 025a 3B       	 .byte 0x3b
 345 025b 1D       	 .byte 0x1d
 346 025c FE000000 	 .4byte 0xfe
 347 0260 0E       	 .uleb128 0xe
 348 0261 8B010000 	 .4byte .LASF37
 349 0265 04       	 .byte 0x4
 350 0266 3B       	 .byte 0x3b
 351 0267 34       	 .byte 0x34
 352 0268 25010000 	 .4byte 0x125
 353 026c 0E       	 .uleb128 0xe
 354 026d 32000000 	 .4byte .LASF35
 355 0271 04       	 .byte 0x4
 356 0272 3B       	 .byte 0x3b
 357 0273 4B       	 .byte 0x4b
 358 0274 4C010000 	 .4byte 0x14c
 359 0278 0F       	 .uleb128 0xf
 360 0279 9D010000 	 .4byte .LASF33
 361 027d 04       	 .byte 0x4
 362 027e 3D       	 .byte 0x3d
 363 027f 0E       	 .byte 0xe
 364 0280 47000000 	 .4byte 0x47
 365 0284 00       	 .byte 0
 366 0285 10       	 .uleb128 0x10
 367 0286 01       	 .byte 0x1
 368 0287 0A000000 	 .4byte .LASF43
 369 028b 04       	 .byte 0x4
 370 028c 2C       	 .byte 0x2c
 371 028d 06       	 .byte 0x6
 372 028e 01       	 .byte 0x1
 373 028f 00       	 .byte 0
 374              	 .section .gnu.debuglto_.debug_abbrev,"e",%progbits
 375              	.Ldebug_abbrev0:
 376 0000 01       	 .uleb128 0x1
 377 0001 11       	 .uleb128 0x11
 378 0002 01       	 .byte 0x1
 379 0003 25       	 .uleb128 0x25
 380 0004 0E       	 .uleb128 0xe
 381 0005 13       	 .uleb128 0x13
 382 0006 0B       	 .uleb128 0xb
 383 0007 03       	 .uleb128 0x3
 384 0008 0E       	 .uleb128 0xe
 385 0009 1B       	 .uleb128 0x1b
 386 000a 0E       	 .uleb128 0xe
 387 000b 10       	 .uleb128 0x10
 388 000c 06       	 .uleb128 0x6
 389 000d 00       	 .byte 0
 390 000e 00       	 .byte 0
 391 000f 02       	 .uleb128 0x2
 392 0010 24       	 .uleb128 0x24
 393 0011 00       	 .byte 0
 394 0012 0B       	 .uleb128 0xb
 395 0013 0B       	 .uleb128 0xb
 396 0014 3E       	 .uleb128 0x3e
 397 0015 0B       	 .uleb128 0xb
 398 0016 03       	 .uleb128 0x3
 399 0017 0E       	 .uleb128 0xe
ARM GAS   			page 8


 400 0018 00       	 .byte 0
 401 0019 00       	 .byte 0
 402 001a 03       	 .uleb128 0x3
 403 001b 16       	 .uleb128 0x16
 404 001c 00       	 .byte 0
 405 001d 03       	 .uleb128 0x3
 406 001e 0E       	 .uleb128 0xe
 407 001f 3A       	 .uleb128 0x3a
 408 0020 0B       	 .uleb128 0xb
 409 0021 3B       	 .uleb128 0x3b
 410 0022 0B       	 .uleb128 0xb
 411 0023 39       	 .uleb128 0x39
 412 0024 0B       	 .uleb128 0xb
 413 0025 49       	 .uleb128 0x49
 414 0026 13       	 .uleb128 0x13
 415 0027 00       	 .byte 0
 416 0028 00       	 .byte 0
 417 0029 04       	 .uleb128 0x4
 418 002a 35       	 .uleb128 0x35
 419 002b 00       	 .byte 0
 420 002c 49       	 .uleb128 0x49
 421 002d 13       	 .uleb128 0x13
 422 002e 00       	 .byte 0
 423 002f 00       	 .byte 0
 424 0030 05       	 .uleb128 0x5
 425 0031 24       	 .uleb128 0x24
 426 0032 00       	 .byte 0
 427 0033 0B       	 .uleb128 0xb
 428 0034 0B       	 .uleb128 0xb
 429 0035 3E       	 .uleb128 0x3e
 430 0036 0B       	 .uleb128 0xb
 431 0037 03       	 .uleb128 0x3
 432 0038 08       	 .uleb128 0x8
 433 0039 00       	 .byte 0
 434 003a 00       	 .byte 0
 435 003b 06       	 .uleb128 0x6
 436 003c 04       	 .uleb128 0x4
 437 003d 01       	 .byte 0x1
 438 003e 3E       	 .uleb128 0x3e
 439 003f 0B       	 .uleb128 0xb
 440 0040 0B       	 .uleb128 0xb
 441 0041 0B       	 .uleb128 0xb
 442 0042 49       	 .uleb128 0x49
 443 0043 13       	 .uleb128 0x13
 444 0044 3A       	 .uleb128 0x3a
 445 0045 0B       	 .uleb128 0xb
 446 0046 3B       	 .uleb128 0x3b
 447 0047 0B       	 .uleb128 0xb
 448 0048 39       	 .uleb128 0x39
 449 0049 0B       	 .uleb128 0xb
 450 004a 01       	 .uleb128 0x1
 451 004b 13       	 .uleb128 0x13
 452 004c 00       	 .byte 0
 453 004d 00       	 .byte 0
 454 004e 07       	 .uleb128 0x7
 455 004f 28       	 .uleb128 0x28
 456 0050 00       	 .byte 0
ARM GAS   			page 9


 457 0051 03       	 .uleb128 0x3
 458 0052 0E       	 .uleb128 0xe
 459 0053 1C       	 .uleb128 0x1c
 460 0054 0B       	 .uleb128 0xb
 461 0055 00       	 .byte 0
 462 0056 00       	 .byte 0
 463 0057 08       	 .uleb128 0x8
 464 0058 13       	 .uleb128 0x13
 465 0059 01       	 .byte 0x1
 466 005a 0B       	 .uleb128 0xb
 467 005b 0B       	 .uleb128 0xb
 468 005c 3A       	 .uleb128 0x3a
 469 005d 0B       	 .uleb128 0xb
 470 005e 3B       	 .uleb128 0x3b
 471 005f 05       	 .uleb128 0x5
 472 0060 39       	 .uleb128 0x39
 473 0061 0B       	 .uleb128 0xb
 474 0062 01       	 .uleb128 0x1
 475 0063 13       	 .uleb128 0x13
 476 0064 00       	 .byte 0
 477 0065 00       	 .byte 0
 478 0066 09       	 .uleb128 0x9
 479 0067 0D       	 .uleb128 0xd
 480 0068 00       	 .byte 0
 481 0069 03       	 .uleb128 0x3
 482 006a 08       	 .uleb128 0x8
 483 006b 3A       	 .uleb128 0x3a
 484 006c 0B       	 .uleb128 0xb
 485 006d 3B       	 .uleb128 0x3b
 486 006e 05       	 .uleb128 0x5
 487 006f 39       	 .uleb128 0x39
 488 0070 0B       	 .uleb128 0xb
 489 0071 49       	 .uleb128 0x49
 490 0072 13       	 .uleb128 0x13
 491 0073 38       	 .uleb128 0x38
 492 0074 0A       	 .uleb128 0xa
 493 0075 00       	 .byte 0
 494 0076 00       	 .byte 0
 495 0077 0A       	 .uleb128 0xa
 496 0078 0D       	 .uleb128 0xd
 497 0079 00       	 .byte 0
 498 007a 03       	 .uleb128 0x3
 499 007b 0E       	 .uleb128 0xe
 500 007c 3A       	 .uleb128 0x3a
 501 007d 0B       	 .uleb128 0xb
 502 007e 3B       	 .uleb128 0x3b
 503 007f 05       	 .uleb128 0x5
 504 0080 39       	 .uleb128 0x39
 505 0081 0B       	 .uleb128 0xb
 506 0082 49       	 .uleb128 0x49
 507 0083 13       	 .uleb128 0x13
 508 0084 38       	 .uleb128 0x38
 509 0085 0A       	 .uleb128 0xa
 510 0086 00       	 .byte 0
 511 0087 00       	 .byte 0
 512 0088 0B       	 .uleb128 0xb
 513 0089 16       	 .uleb128 0x16
ARM GAS   			page 10


 514 008a 00       	 .byte 0
 515 008b 03       	 .uleb128 0x3
 516 008c 0E       	 .uleb128 0xe
 517 008d 3A       	 .uleb128 0x3a
 518 008e 0B       	 .uleb128 0xb
 519 008f 3B       	 .uleb128 0x3b
 520 0090 05       	 .uleb128 0x5
 521 0091 39       	 .uleb128 0x39
 522 0092 0B       	 .uleb128 0xb
 523 0093 49       	 .uleb128 0x49
 524 0094 13       	 .uleb128 0x13
 525 0095 00       	 .byte 0
 526 0096 00       	 .byte 0
 527 0097 0C       	 .uleb128 0xc
 528 0098 2E       	 .uleb128 0x2e
 529 0099 00       	 .byte 0
 530 009a 3F       	 .uleb128 0x3f
 531 009b 0C       	 .uleb128 0xc
 532 009c 03       	 .uleb128 0x3
 533 009d 0E       	 .uleb128 0xe
 534 009e 3A       	 .uleb128 0x3a
 535 009f 0B       	 .uleb128 0xb
 536 00a0 3B       	 .uleb128 0x3b
 537 00a1 0B       	 .uleb128 0xb
 538 00a2 39       	 .uleb128 0x39
 539 00a3 0B       	 .uleb128 0xb
 540 00a4 27       	 .uleb128 0x27
 541 00a5 0C       	 .uleb128 0xc
 542 00a6 49       	 .uleb128 0x49
 543 00a7 13       	 .uleb128 0x13
 544 00a8 00       	 .byte 0
 545 00a9 00       	 .byte 0
 546 00aa 0D       	 .uleb128 0xd
 547 00ab 2E       	 .uleb128 0x2e
 548 00ac 01       	 .byte 0x1
 549 00ad 3F       	 .uleb128 0x3f
 550 00ae 0C       	 .uleb128 0xc
 551 00af 03       	 .uleb128 0x3
 552 00b0 0E       	 .uleb128 0xe
 553 00b1 3A       	 .uleb128 0x3a
 554 00b2 0B       	 .uleb128 0xb
 555 00b3 3B       	 .uleb128 0x3b
 556 00b4 0B       	 .uleb128 0xb
 557 00b5 39       	 .uleb128 0x39
 558 00b6 0B       	 .uleb128 0xb
 559 00b7 27       	 .uleb128 0x27
 560 00b8 0C       	 .uleb128 0xc
 561 00b9 01       	 .uleb128 0x1
 562 00ba 13       	 .uleb128 0x13
 563 00bb 00       	 .byte 0
 564 00bc 00       	 .byte 0
 565 00bd 0E       	 .uleb128 0xe
 566 00be 05       	 .uleb128 0x5
 567 00bf 00       	 .byte 0
 568 00c0 03       	 .uleb128 0x3
 569 00c1 0E       	 .uleb128 0xe
 570 00c2 3A       	 .uleb128 0x3a
ARM GAS   			page 11


 571 00c3 0B       	 .uleb128 0xb
 572 00c4 3B       	 .uleb128 0x3b
 573 00c5 0B       	 .uleb128 0xb
 574 00c6 39       	 .uleb128 0x39
 575 00c7 0B       	 .uleb128 0xb
 576 00c8 49       	 .uleb128 0x49
 577 00c9 13       	 .uleb128 0x13
 578 00ca 00       	 .byte 0
 579 00cb 00       	 .byte 0
 580 00cc 0F       	 .uleb128 0xf
 581 00cd 34       	 .uleb128 0x34
 582 00ce 00       	 .byte 0
 583 00cf 03       	 .uleb128 0x3
 584 00d0 0E       	 .uleb128 0xe
 585 00d1 3A       	 .uleb128 0x3a
 586 00d2 0B       	 .uleb128 0xb
 587 00d3 3B       	 .uleb128 0x3b
 588 00d4 0B       	 .uleb128 0xb
 589 00d5 39       	 .uleb128 0x39
 590 00d6 0B       	 .uleb128 0xb
 591 00d7 49       	 .uleb128 0x49
 592 00d8 13       	 .uleb128 0x13
 593 00d9 00       	 .byte 0
 594 00da 00       	 .byte 0
 595 00db 10       	 .uleb128 0x10
 596 00dc 2E       	 .uleb128 0x2e
 597 00dd 00       	 .byte 0
 598 00de 3F       	 .uleb128 0x3f
 599 00df 0C       	 .uleb128 0xc
 600 00e0 03       	 .uleb128 0x3
 601 00e1 0E       	 .uleb128 0xe
 602 00e2 3A       	 .uleb128 0x3a
 603 00e3 0B       	 .uleb128 0xb
 604 00e4 3B       	 .uleb128 0x3b
 605 00e5 0B       	 .uleb128 0xb
 606 00e6 39       	 .uleb128 0x39
 607 00e7 0B       	 .uleb128 0xb
 608 00e8 27       	 .uleb128 0x27
 609 00e9 0C       	 .uleb128 0xc
 610 00ea 00       	 .byte 0
 611 00eb 00       	 .byte 0
 612 00ec 00       	 .byte 0
 613              	 .section .gnu.debuglto_.debug_line,"e",%progbits
 614              	.Ldebug_line0:
 615 0000 F2000000 	 .4byte .LELT0-.LSLT0
 616              	.LSLT0:
 617 0004 0200     	 .2byte 0x2
 618 0006 EC000000 	 .4byte .LELTP0-.LASLTP0
 619              	.LASLTP0:
 620 000a 01       	 .byte 0x1
 621 000b 01       	 .byte 0x1
 622 000c F6       	 .byte 0xf6
 623 000d F2       	 .byte 0xf2
 624 000e 0D       	 .byte 0xd
 625 000f 00       	 .byte 0
 626 0010 01       	 .byte 0x1
 627 0011 01       	 .byte 0x1
ARM GAS   			page 12


 628 0012 01       	 .byte 0x1
 629 0013 01       	 .byte 0x1
 630 0014 00       	 .byte 0
 631 0015 00       	 .byte 0
 632 0016 00       	 .byte 0
 633 0017 01       	 .byte 0x1
 634 0018 00       	 .byte 0
 635 0019 00       	 .byte 0
 636 001a 01       	 .byte 0x1
 637 001b 6C69622F 	 .ascii "lib/CMSIS/CM3/DeviceSupport/MDR32F9Qx/inc"
 637      434D5349 
 637      532F434D 
 637      332F4465 
 637      76696365 
 638 0044 00       	 .byte 0
 639 0045 6C69622F 	 .ascii "lib/MDR32F9Qx_StdPeriph_Driver/inc"
 639      4D445233 
 639      32463951 
 639      785F5374 
 639      64506572 
 640 0067 00       	 .byte 0
 641 0068 6C69622F 	 .ascii "lib/MDR32F9Qx_StdPeriph_Driver/src"
 641      4D445233 
 641      32463951 
 641      785F5374 
 641      64506572 
 642 008a 00       	 .byte 0
 643 008b 2F757372 	 .ascii "/usr/lib/gcc/arm-none-eabi/10.3.1/include"
 643      2F6C6962 
 643      2F676363 
 643      2F61726D 
 643      2D6E6F6E 
 644 00b4 00       	 .byte 0
 645 00b5 00       	 .byte 0
 646 00b6 73746469 	 .ascii "stdint.h\000"
 646      6E742E68 
 646      00
 647 00bf 04       	 .uleb128 0x4
 648 00c0 00       	 .uleb128 0
 649 00c1 00       	 .uleb128 0
 650 00c2 4D445233 	 .ascii "MDR32Fx.h\000"
 650      3246782E 
 650      6800
 651 00cc 01       	 .uleb128 0x1
 652 00cd 00       	 .uleb128 0
 653 00ce 00       	 .uleb128 0
 654 00cf 4D445233 	 .ascii "MDR32F9Qx_dac.h\000"
 654      32463951 
 654      785F6461 
 654      632E6800 
 655 00df 02       	 .uleb128 0x2
 656 00e0 00       	 .uleb128 0
 657 00e1 00       	 .uleb128 0
 658 00e2 4D445233 	 .ascii "MDR32F9Qx_dac.c\000"
 658      32463951 
 658      785F6461 
 658      632E6300 
ARM GAS   			page 13


 659 00f2 03       	 .uleb128 0x3
 660 00f3 00       	 .uleb128 0
 661 00f4 00       	 .uleb128 0
 662 00f5 00       	 .byte 0
 663              	.LELTP0:
 664              	.LELT0:
 665              	 .section .gnu.debuglto_.debug_str,"eMS",%progbits,1
 666              	.LASF19:
 667 0000 44414331 	 .ascii "DAC1_AVCC\000"
 667      5F415643 
 667      4300
 668              	.LASF43:
 669 000a 4441435F 	 .ascii "DAC_DeInit\000"
 669      4465496E 
 669      697400
 670              	.LASF27:
 671 0015 44414332 	 .ascii "DAC2_SetData\000"
 671      5F536574 
 671      44617461 
 671      00
 672              	.LASF15:
 673 0022 4D44525F 	 .ascii "MDR_DAC_TypeDef\000"
 673      4441435F 
 673      54797065 
 673      44656600 
 674              	.LASF35:
 675 0032 44414332 	 .ascii "DAC2_Ref\000"
 675      5F526566 
 675      00
 676              	.LASF12:
 677 003b 46756E63 	 .ascii "FunctionalState\000"
 677      74696F6E 
 677      616C5374 
 677      61746500 
 678              	.LASF20:
 679 004b 44414331 	 .ascii "DAC1_REF\000"
 679      5F524546 
 679      00
 680              	.LASF18:
 681 0054 4441435F 	 .ascii "DAC_Sync_Mode\000"
 681      53796E63 
 681      5F4D6F64 
 681      6500
 682              	.LASF40:
 683 0062 474E5520 	 .ascii "GNU C17 10.3.1 20210621 (release) -mcpu=cortex-m3 -"
 683      43313720 
 683      31302E33 
 683      2E312032 
 683      30323130 
 684 0095 6D746875 	 .ascii "mthumb -mfloat-abi=soft -march=armv7-m -g -gdwarf-2"
 684      6D62202D 
 684      6D666C6F 
 684      61742D61 
 684      62693D73 
 685 00c8 202D4F67 	 .ascii " -Og -fdata-sections -ffunction-sections -flto\000"
 685      202D6664 
 685      6174612D 
ARM GAS   			page 14


 685      73656374 
 685      696F6E73 
 686              	.LASF0:
 687 00f7 7369676E 	 .ascii "signed char\000"
 687      65642063 
 687      68617200 
 688              	.LASF4:
 689 0103 756E7369 	 .ascii "unsigned char\000"
 689      676E6564 
 689      20636861 
 689      7200
 690              	.LASF13:
 691 0111 44414331 	 .ascii "DAC1_DATA\000"
 691      5F444154 
 691      4100
 692              	.LASF34:
 693 011b 44414332 	 .ascii "DAC2_Init\000"
 693      5F496E69 
 693      7400
 694              	.LASF42:
 695 0125 2F686F6D 	 .ascii "/home/v/Desktop/Link to projects/actual link to pro"
 695      652F762F 
 695      4465736B 
 695      746F702F 
 695      4C696E6B 
 696 0158 6A656374 	 .ascii "jects/girlanda-vsc\000"
 696      732F6769 
 696      726C616E 
 696      64612D76 
 696      736300
 697              	.LASF24:
 698 016b 44414332 	 .ascii "DAC2_Ref_Src\000"
 698      5F526566 
 698      5F537263 
 698      00
 699              	.LASF5:
 700 0178 73686F72 	 .ascii "short unsigned int\000"
 700      7420756E 
 700      7369676E 
 700      65642069 
 700      6E7400
 701              	.LASF37:
 702 018b 44414331 	 .ascii "DAC1_Ref\000"
 702      5F526566 
 702      00
 703              	.LASF32:
 704 0194 44414331 	 .ascii "DAC1_Cmd\000"
 704      5F436D64 
 704      00
 705              	.LASF33:
 706 019d 746D7072 	 .ascii "tmpreg_CFG\000"
 706      65675F43 
 706      464700
 707              	.LASF36:
 708 01a8 44414331 	 .ascii "DAC1_Init\000"
 708      5F496E69 
 708      7400
ARM GAS   			page 15


 709              	.LASF6:
 710 01b2 6C6F6E67 	 .ascii "long unsigned int\000"
 710      20756E73 
 710      69676E65 
 710      6420696E 
 710      7400
 711              	.LASF29:
 712 01c4 44617461 	 .ascii "Data\000"
 712      00
 713              	.LASF23:
 714 01c9 44414332 	 .ascii "DAC2_REF\000"
 714      5F524546 
 714      00
 715              	.LASF25:
 716 01d2 44414332 	 .ascii "DAC2_GetData\000"
 716      5F476574 
 716      44617461 
 716      00
 717              	.LASF8:
 718 01df 756E7369 	 .ascii "unsigned int\000"
 718      676E6564 
 718      20696E74 
 718      00
 719              	.LASF16:
 720 01ec 4441435F 	 .ascii "DAC_SYNC_MODE_Independent\000"
 720      53594E43 
 720      5F4D4F44 
 720      455F496E 
 720      64657065 
 721              	.LASF17:
 722 0206 4441435F 	 .ascii "DAC_SYNC_MODE_Synchronous\000"
 722      53594E43 
 722      5F4D4F44 
 722      455F5379 
 722      6E636872 
 723              	.LASF7:
 724 0220 6C6F6E67 	 .ascii "long long unsigned int\000"
 724      206C6F6E 
 724      6720756E 
 724      7369676E 
 724      65642069 
 725              	.LASF26:
 726 0237 44414331 	 .ascii "DAC1_GetData\000"
 726      5F476574 
 726      44617461 
 726      00
 727              	.LASF30:
 728 0244 44414332 	 .ascii "DAC2_Cmd\000"
 728      5F436D64 
 728      00
 729              	.LASF22:
 730 024d 44414332 	 .ascii "DAC2_AVCC\000"
 730      5F415643 
 730      4300
 731              	.LASF14:
 732 0257 44414332 	 .ascii "DAC2_DATA\000"
 732      5F444154 
ARM GAS   			page 16


 732      4100
 733              	.LASF3:
 734 0261 6C6F6E67 	 .ascii "long long int\000"
 734      206C6F6E 
 734      6720696E 
 734      7400
 735              	.LASF38:
 736 026f 4441435F 	 .ascii "DAC_Init\000"
 736      496E6974 
 736      00
 737              	.LASF28:
 738 0278 44414331 	 .ascii "DAC1_SetData\000"
 738      5F536574 
 738      44617461 
 738      00
 739              	.LASF39:
 740 0285 53796E63 	 .ascii "SyncMode\000"
 740      4D6F6465 
 740      00
 741              	.LASF41:
 742 028e 6C69622F 	 .ascii "lib/MDR32F9Qx_StdPeriph_Driver/src/MDR32F9Qx_dac.c\000"
 742      4D445233 
 742      32463951 
 742      785F5374 
 742      64506572 
 743              	.LASF31:
 744 02c1 4E657753 	 .ascii "NewState\000"
 744      74617465 
 744      00
 745              	.LASF10:
 746 02ca 454E4142 	 .ascii "ENABLE\000"
 746      4C4500
 747              	.LASF1:
 748 02d1 73686F72 	 .ascii "short int\000"
 748      7420696E 
 748      7400
 749              	.LASF11:
 750 02db 75696E74 	 .ascii "uint32_t\000"
 750      33325F74 
 750      00
 751              	.LASF2:
 752 02e4 6C6F6E67 	 .ascii "long int\000"
 752      20696E74 
 752      00
 753              	.LASF9:
 754 02ed 44495341 	 .ascii "DISABLE\000"
 754      424C4500 
 755              	.LASF21:
 756 02f5 44414331 	 .ascii "DAC1_Ref_Src\000"
 756      5F526566 
 756      5F537263 
 756      00
 757              	 .text
 758              	 .section .gnu.lto_.profile.1efeb6685f17eed6,"e",%progbits
 759 0000 789C6362 	 .ascii "x\234cb\000\001\000\000\022\000\003"
 759      00010000 
 759      120003
ARM GAS   			page 17


 760              	 .text
 761              	 .section .gnu.lto_.inline.1efeb6685f17eed6,"e",%progbits
 762 0000 789C85CF 	 .ascii "x\234\205\317\313\015\300 \010\006\340_\264>\032\347"
 762      CB0DC020 
 762      0806E05F 
 762      B43E1AE7 
 763 0010 EB02D5CE 	 .ascii "\353\002\325\316\301h\216V\012I\017^\340\304\343K\200"
 763      C1688E56 
 763      0A490F5E 
 763      E0C4E34B 
 763      80
 764 0021 2BE08F13 	 .ascii "+\340\217\023\310\314\274h\006\320\227q\034\326b\032"
 764      C8CCBC68 
 764      06D09771 
 764      1CD6621A 
 765 0031 041212D0 	 .ascii "\004\022\022\320\264|Dt\025s\023\204b}\021U\007\273"
 765      B47C4474 
 765      15731384 
 765      627D1155 
 765      07BB
 766 0043 88AE48BA 	 .ascii "\210\256H\272e\251\350v\321&\016Wd$\373@\004\351\340"
 766      65A9E876 
 766      D1260E57 
 766      6424FB40 
 766      04E9E0
 767 0056 DE447145 	 .ascii "\336DqEuEs\005^'\244J\330"
 767      75457305 
 767      5E27A44A 
 767      D8
 768              	 .text
 769              	 .section .gnu.lto_.jmpfuncs.1efeb6685f17eed6,"e",%progbits
 770 0000 789C45C9 	 .ascii "x\234E\311\271\021\000 \014\3000\361\006\230\202\375"
 770      B9110020 
 770      0CC030F1 
 770      069882FD 
 771 0010 A7241DBE 	 .ascii "\247$\035\276S\345\353wR\241\322\350\014&\301b\347{"
 771      53E5EB77 
 771      52A1D2E8 
 771      0C26C162 
 771      E77B
 772 0022 09080058 	 .ascii "\011\010\000X"
 773              	 .text
 774              	 .section .gnu.lto_.pureconst.1efeb6685f17eed6,"e",%progbits
 775 0000 789C05C1 	 .ascii "x\234\005\301\201\001\000\020\020\304\260Cy,a\357N+"
 775      81010010 
 775      10C4B043 
 775      792C61EF 
 775      4E2B
 776 0012 79496EA4 	 .ascii "yIn\244I\227!\310\224%%[\216|g\007\006\203"
 776      499721C8 
 776      9425255B 
 776      8E7C6707 
 776      0683
 777              	 .text
 778              	 .section .gnu.lto_.lto.1efeb6685f17eed6,"e",%progbits
 779 0000 09000400 	 .ascii "\011\000\004\000\001\000\000\000"
 779      01000000 
ARM GAS   			page 18


 780              	 .text
 781              	 .section .gnu.lto_DAC_DeInit.56.1efeb6685f17eed6,"e",%progbits
 782 0000 789CD364 	 .ascii "x\234\323dd`\250a``P\006bFf\006\306I\023\273\230\030"
 782      6460A861 
 782      60605006 
 782      62466606 
 782      C64913BB 
 783 0016 1A1A1A1C 	 .ascii "\032\032\032\034\330\231\030\033'vq2ne\004\363\030\031"
 783      D899181B 
 783      27767132 
 783      6E6504F3 
 783      1819
 784 0028 EA9918EB 	 .ascii "\352\231\030\353\031'3k\002\271?\226>;p\232\261a\305"
 784      1927336B 
 784      02B93F96 
 784      3E3B709A 
 784      B161C5
 785 003b 01C625CC 	 .ascii "\001\306%\314\014\014\363\200\030\012\330`<\240\251"
 785      0C0CF380 
 785      180AD860 
 785      3CA0A9
 786 004a 0CEB2FB1 	 .ascii "\014\353/\261\036h\370\363\277\277\241\341\275\3504"
 786      1E68F8F3 
 786      BFBFA1E1 
 786      BDE834
 787 0059 5E560686 	 .ascii "^V\006\206~f\220\311\015,@\311\011\314L\020f\343\001"
 787      7E6690C9 
 787      0D2C40C9 
 787      09CC4C10 
 787      66E301
 788 006c 0686578C 	 .ascii "\006\206W\214\015\217\366\2122\274c<\364i\205\314\034"
 788      0D8FF68A 
 788      32BC633C 
 788      F46985CC 
 788      1C
 789 007d 66C649CC 	 .ascii "f\306I\314K\230\031\031\031\340\254\206\206%\015,@\336"
 789      4B981919 
 789      19E0AC86 
 789      86250D2C 
 789      40DE
 790 008f 32905356 	 .ascii "2\220SV\360-afb\334\316\310\270\215\221\301`aC\003\307"
 790      F02D6166 
 790      62DCCEC8 
 790      B88D91C1 
 790      60614303 
 791 00a4 126666C6 	 .ascii "\022ff\306\035\214sA\326\202\22433B\014\334\217d n\215"
 791      1D8C7341 
 791      D6829433 
 791      33420CDC 
 791      8F64206E 
 792 00b9 BB811A81 	 .ascii "\273\201\032\201\032\030w1\2025]$J\323^\240&&\210\246"
 792      1A187731 
 792      82355D24 
 792      4AD35EA0 
 792      262688A6 
 793 00cd 4F8C4D0F 	 .ascii "O\214M\017.\263\202\375\336\317\314\010\361R\303\001"
 793      2EB382FD 
ARM GAS   			page 19


 793      DECFCC08 
 793      F152C301 
 794 00dd 10D74D3F 	 .ascii "\020\327M?#?7U\277L\337%\2658\273$\277@\337'3/[\241"
 794      233F3755 
 794      BF4CDF25 
 794      B538BB24 
 794      BF40DF27 
 795 00f5 245FA1A0 	 .ascii "$_\241\240(?+5\271\244X?1\271\24441G!\007]<=\263('1"
 795      283F2B35 
 795      B9A4583F 
 795      31B9A434 
 795      31472107 
 796 0110 2F2551B7 	 .ascii "/%Q\267\2548\231\3018'3I\337\327%\310\330\310\3152\260"
 796      AC3899C1 
 796      38273349 
 796      DFD725C8 
 796      D8C8CD32 
 797 0125 223EB824 	 .ascii "\">\270$% \265(\263 #\336\245(\263,\265H\277\270(\031"
 797      2520B528 
 797      B32023DE 
 797      A528B32C 
 797      B548BFB8 
 798 013b 493A2531 	 .ascii "I:%1Y/\231\001\000\006\246\214\353"
 798      592F9901 
 798      0006A68C 
 798      EB
 799              	 .text
 800              	 .section .gnu.lto_DAC_Init.57.1efeb6685f17eed6,"e",%progbits
 801 0000 789C6D52 	 .ascii "x\234mRMk\023A\030\236gg\223\335\244\245z\260\210\340"
 801      4D6B1341 
 801      189E6767 
 801      93DDA4A5 
 801      7AB088E0 
 802 0014 2120221E 	 .ascii "! \"\036\354\326\006\224\336\224\206x\261`\333\037\020"
 802      ECD60694 
 802      DE948678 
 802      B160DB1F 
 802      10
 803 0025 D2CDDAC6 	 .ascii "\322\315\332\306\246M\330\254A\017\322i\205\024z\351"
 803      A64DD8AC 
 803      410FD269 
 803      85147AE9 
 804 0035 871284B6 	 .ascii "\207\022\204\266R\303*\315\311\357\357Tc%\342M\021\257"
 804      52C32ACD 
 804      C9EFEF54 
 804      6325E24D 
 804      11AF
 805 0047 85E241A5 	 .ascii "\205\342A\245D\021A(X\2113\263QKqa\336\217\347}\346"
 805      44114128 
 805      588933B3 
 805      514B7161 
 805      DE8FE77D 
 806 005c 79E79DD9 	 .ascii "y\347\235\331\222BH\231\020\262\217/P\202\331\231I\205"
 806      92424899 
 806      10B28F2F 
 806      5082D999 
 806      4985
ARM GAS   			page 20


 807 006e 30C68E69 	 .ascii "0\306\216i\012\306f&\003x\016\231\201\214*\030\305%"
 807      0AC66626 
 807      03780E99 
 807      818C2A18 
 807      C525
 808 0080 7A90A71B 	 .ascii "z\220\247\033\327?\336z\003\266T\201K\011\271\312\227"
 808      D73FDE7A 
 808      03B65481 
 808      4B09B9CA 
 808      97
 809 0091 FCE629E8 	 .ascii "\374\346)\350\005r\240\302\330\333\345{\214Q\342R\340"
 809      0572A0C2 
 809      D8DBE57B 
 809      8C51E252 
 809      E0
 810 00a2 3E781D61 	 .ascii ">x\035a\264\023\221\346\361^\025\264Ex\274Z\203\247"
 810      B41391E6 
 810      F15E15B4 
 810      4578BC5A 
 810      83A7
 811 00b4 E0E1569E 	 .ascii "\340\341V\236\222\307\232\344\225\032\274\271\227y\266"
 811      92C79AE4 
 811      951ABCB9 
 811      9779B6
 812 00c3 9377A378 	 .ascii "\223w\243x\274\225G\363\250\251\262\361,u\251\012\265"
 812      BC9547F3 
 812      A8A9B2F1 
 812      2C75A90A 
 812      B5
 813 00d4 11F91012 	 .ascii "\021\371\020\022\273\357@\224\366s\201o\277\312\231"
 813      BBEF4094 
 813      F673816F 
 813      BFCA99
 814 00e3 D74C75A9 	 .ascii "\327Lu\251\037\313R\240\014<\2058t\036\033\252\237\340"
 814      1FCB52A0 
 814      0C3C8538 
 814      741E1BAA 
 814      9FE0
 815 00f5 191A7370 	 .ascii "\031\032sp\020<\273\371\316Wa\233\365)\306>\355.\204"
 815      103CBBF9 
 815      CE57619B 
 815      F529C63E 
 815      ED2E84
 816 0108 5BC09B69 	 .ascii "[\300\233i\2120\342\264\232*\214O\030Ml\325\205\011"
 816      8A30E2B4 
 816      9A2A8C4F 
 816      184D6CD5 
 816      8509
 817 011a 000F1004 	 .ascii "\000\017\020\004\036\241\011x\202f\251I\246\250\270"
 817      1EA10978 
 817      8266A949 
 817      A6A8B8
 818 0129 4DA6F270 	 .ascii "M\246\362p\232*^8V!d\035\354\303\317V\351\246\375\322"
 818      9A2A5E38 
 818      5621641D 
 818      ECC3CF56 
 818      E9A6FDD2 
ARM GAS   			page 21


 819 013d CD7AEEB2 	 .ascii "\315z\356\262\347\256\370\311W\254\224K\273\212Tk\014"
 819      E7AEF8C9 
 819      57AC944B 
 819      BB8A546B 
 819      0C
 820 014e A583FC8D 	 .ascii "\245\203\374\215\030s\231\030\366\206x\235\317{]\032"
 820      18739918 
 820      F686789D 
 820      CF7B5D1A 
 821 015e C00BA002 	 .ascii "\300\013\240\002\322~\2151\335\245A\254`A\316\263\216"
 821      D27E8D31 
 821      DDA541AC 
 821      6041CEB3 
 821      8E
 822 016f F1C51E7E 	 .ascii "\361\305\036~\024\256#\205\347^)\\\371ba\242\252\024"
 822      14AE2385 
 822      E75E295C 
 822      F96261A2 
 822      AA14
 823 0181 A9CE5121 	 .ascii "\251\316Q!\250\241V\257\327w\010rHru\311]\220\334\361"
 823      A8A156AF 
 823      D7770872 
 823      487275C9 
 823      5D90DCF1 
 824 0195 CD8955CE 	 .ascii "\315\211U\316\345h\300\313\252\276\"\345@P\350\314\347"
 824      E568C0CB 
 824      AABE22E5 
 824      4050E8CC 
 824      E7
 825 01a6 7FA8454A 	 .ascii "\177\250EJe\271A\376\242\025)\307\232\274\362*\317|"
 825      65B941FE 
 825      A21529C7 
 825      9ABCF22A 
 825      CF7C
 826 01b8 92A17A80 	 .ascii "\222\241z\200\350\333,1\375_\277f\331\357\266\354\267"
 826      E8DB2C31 
 826      FD5FBF66 
 826      D9EFB6EC 
 826      B7
 827 01c9 5228B5FE 	 .ascii "R(\265\376\031m\251\345?\243U\275\321\304\256\357\030"
 827      196DA9E5 
 827      3FA355BD 
 827      D1C4AEEF 
 827      18
 828 01da 5FBB1B95 	 .ascii "_\273\033\225\177\337\024\205w\275\254\"\322\2501\230"
 828      7FDF1485 
 828      77BDAC22 
 828      D2A83198 
 829 01ea 1EB68C9C 	 .ascii "\036\266\214\234\021\261\262CN:c\234L\216\014\205\234"
 829      11B1B243 
 829      4E3A639C 
 829      4C8E0C85 
 829      9C
 830 01fb 742863A7 	 .ascii "t(c\247\317X\246\2235\342\246s6\236\012\245\266\343"
 830      CF58A693 
 830      35E2A673 
 830      369E0AA5 
ARM GAS   			page 22


 830      B6E3
 831 020d 03493B15 	 .ascii "\003I;\025\037I\304\017\345\262&\011\247\222\375Fw\244"
 831      1F49C40F 
 831      E5B22609 
 831      A792FD46 
 831      77A4
 832 021f 37DC11ED 	 .ascii "7\334\021\355\3549\027\353s\022\247,;\231\031\214E\354"
 832      EC3917EB 
 832      7312A72C 
 832      3B99198C 
 832      45EC
 833 0231 64CEB28D 	 .ascii "d\316\262\215\254mn)'\342f\233I\364\276\363#fw:a\355"
 833      AC6D6E29 
 833      27E2669B 
 833      49F4BEF3 
 833      2366773A 
 834 0247 D956696B 	 .ascii "\331Vik?\332\0376;\217\304\211\0369\336u8\326k\235\026"
 834      3FDA1F36 
 834      3B8FC489 
 834      1E39DE75 
 834      38D66B9D 
 835 025c 41870882 	 .ascii "A\207\010\202\316p\306\266\006b]\321\023\277\001p\342"
 835      CE70C6B6 
 835      06625DD1 
 835      13BF0170 
 835      E2
 836 026d 12BA     	 .ascii "\022\272"
 837              	 .text
 838              	 .section .gnu.lto_DAC1_Init.58.1efeb6685f17eed6,"e",%progbits
 839 0000 789C6D51 	 .ascii "x\234mQ\317k\023A\024~\337\316f\033=\324\213\202\212"
 839      CF6B1341 
 839      147EDFCE 
 839      661B3DD4 
 839      8B828A
 840 0013 870511F1 	 .ascii "\207\005\021\361`7\032PzS\032\342E\301\326? l7k\273"
 840      60371A50 
 840      7A531AE2 
 840      45C1D63F 
 840      206C376B 
 841 0028 366DC266 	 .ascii "6m\302f\015^\244\223\010\011\364\222\266BOUjY\245-\210"
 841      0D5EA493 
 841      0809F492 
 841      B6424F55 
 841      6A59A52D 
 842 003d 17AB565B 	 .ascii "\027\253V[\211\025\275*\202\027AQ\017\"=\024\255\007"
 842      8915BD2A 
 842      82174151 
 842      0F223D14 
 842      AD07
 843 004f 5B288D33 	 .ascii "[(\2153\263\361\007\305\205\331y\357{\337\367\33673"
 843      B3F107C5 
 843      85D979EF 
 843      7BDFF7DE 
 843      3733
 844 0061 6B209A23 	 .ascii "k \232#\242\203b\201\021\306\307F4\342\234\237j\323"
 844      A2836281 
 844      11C6C746 
ARM GAS   			page 23


 844      34E29C9F 
 844      6AD3
 845 0073 501E1BD9 	 .ascii "P\036\033\331\201'P\031hX\3030\256\263#\"]\277\375\205"
 845      81275019 
 845      6858C330 
 845      AEB32322 
 845      5DBFFD85 
 846 0087 CFEFE533 	 .ascii "\317\357\3453\015\204\214\350\246X\352\233d`W\351p\203"
 846      0D848CE8 
 846      A658EA9B 
 846      646057E9 
 846      7083
 847 0099 F3D74BF7 	 .ascii "\363\327K\3679g\0242`\036\242\216$\022$\323*\356\352"
 847      39671432 
 847      601EA28E 
 847      241224D3 
 847      2AEEEA
 848 00ac 8A38CE42 	 .ascii "\2128\316B\246AoE\014\246\024OA\226\016\211\006\337"
 848      A6416F45 
 848      0CA6144F 
 848      41960E89 
 848      06DF
 849 00be E69ED7DA 	 .ascii "\346\236\327\332G\313\361\220\351XP\035\036\001\017"
 849      47CBF190 
 849      E958501D 
 849      1E010F
 850 00cd 21A754B1 	 .ascii "!\247T\261\240\033\204\307h\015\026 Dv\357M\254\301"
 850      A01B84C7 
 850      680D1620 
 850      4476EF4D 
 850      ACC1
 851 00df 379B75CE 	 .ascii "7\233u\316_\355\377\264n\304!\306\305\230\344\351\362"
 851      5FEDFFB4 
 851      6EC421C6 
 851      C598E4E9 
 851      F2
 852 00f0 17031E20 	 .ascii "\027\003\036 \222Q\235\311\023r]\204\243L\213\302r\203"
 852      92519DC9 
 852      13725D84 
 852      A34C8BC2 
 852      7283
 853 0102 6805FCF3 	 .ascii "h\005\374\363\333\227\232\332\337\031j\373`\320*\226"
 853      DB979ADA 
 853      DF196AFB 
 853      60D02A96 
 854 0112 1767774F 	 .ascii "\027gwO3\326\362j\200\376D\234\207\\\236\341\216\274"
 854      33D6F26A 
 854      80FE449C 
 854      875C9EE1 
 854      8EBC
 855 0124 A4AF0742 	 .ascii "\244\257\007B\326\206%`\021\224\270\305\2710\037\307"
 855      D6862560 
 855      1194B8C5 
 855      B9301FC7 
 856 0134 53DC502E 	 .ascii "S\334P.WP\231\352\026\323E\037\325\370\273\230\263\212"
 856      575099EA 
 856      16D3451F 
ARM GAS   			page 24


 856      D5F8BB98 
 856      B38A
 857 0146 6B13B517 	 .ascii "k\023\265\027\3324\323\005*\033\306\260\325l6wI\262"
 857      DA34D305 
 857      2A1BC6B0 
 857      D56C3677 
 857      49B2
 858 0158 A9B8BAE2 	 .ascii "\251\270\272\342\376P\334\312f\355\275\340\0124&\225"
 858      FE50DCCA 
 858      66EDBDE0 
 858      0A342695 
 859 0168 9355A934 	 .ascii "\223U\2514\024\240\377UD\266\177*\305\362\304\354\236"
 859      14A0FF55 
 859      44B67F2A 
 859      C5F2C4EC 
 859      9E
 860 0179 DFE666DA 	 .ascii "\337\346f\332\377c\356YdN\252\326P\371\270\221V\317"
 860      FF63EE59 
 860      644EAAD6 
 860      50F9B891 
 860      56CF
 861 018b 586788EE 	 .ascii "Xg\210\356\2047d\232\266\372\363\203\256U\262Rnq \310"
 861      8437649A 
 861      B6FAF383 
 861      AE55B252 
 861      6E7120C8 
 862 019f 17ACB3DE 	 .ascii "\027\254\263\336\320\200\031\344\315\202\237\277\344"
 862      D08019E4 
 862      CD829FBF 
 862      E4
 863 01ac 3A41D1B2 	 .ascii ":A\321\262\235\340\262\2353s\333\361>\317\317\331CY"
 863      9DE0B29D 
 863      3373DBF1 
 863      3ECFCFD9 
 863      4359
 864 01be FB68A9E8 	 .ascii "\373h\251\350P2\347\365Z\347R=\311\343\351\316\356+"
 864      5032E7F5 
 864      5AE7523D 
 864      C9E3E9CE 
 864      EE2B
 865 01d0 990B41F6 	 .ascii "\231\013A\366\274\353{\205\376L\312\367J\256o\025}\347"
 865      BCEB7B85 
 865      FE4CCAF7 
 865      4AAE6F15 
 865      7DE7
 866 01e2 9F72D676 	 .ascii "\237r\326v:\034\212\247Nw\035\313\364\270\027\367m\253"
 866      3A1C8AA7 
 866      4E771DCB 
 866      F4B817F7 
 866      6DAB
 867 01f4 74244EF6 	 .ascii "t$N\366&\235\316\0236\355\014\006\013\276\333\227\351"
 867      269DCE13 
 867      36ED0C06 
 867      0BBEDB97 
 867      E9
 868 0205 4A9FF905 	 .ascii "J\237\371\005\333A\331l"
 868      DB41D96C 
ARM GAS   			page 25


 869              	 .text
 870              	 .section .gnu.lto_DAC2_Init.59.1efeb6685f17eed6,"e",%progbits
 871 0000 789C6D51 	 .ascii "x\234mQ\317k\023A\024~\337\316&\033=\324\213\202B\017"
 871      CF6B1341 
 871      147EDFCE 
 871      261B3DD4 
 871      8B82420F 
 872 0014 0B22E2C1 	 .ascii "\013\"\342\301nh@\351MiH/\012\266\376\001a\273Y\333"
 872      6E6840E9 
 872      4D69482F 
 872      0AB6FE01 
 872      61BB59DB 
 873 0028 D8B4099B 	 .ascii "\330\264\011\2335x\221N\"$\320K\332\010\275X\245\226"
 873      3578914E 
 873      2224D04B 
 873      DA08BD58 
 873      A596
 874 003a 555A2FF6 	 .ascii "UZ/\366P\255\321\246\256\025\361$\210wA=\250\364P\244"
 874      50ADD1A6 
 874      AE15F124 
 874      8877413D 
 874      A8F450A4 
 875 004e 270F9538 	 .ascii "'\017\22583\211?(.\314\316{\337\373\276\367\276\231"
 875      33893F28 
 875      2ECCCE7B 
 875      DFFBBEF7 
 875      BE99
 876 0060 D905D143 	 .ascii "\331\005\321C\":.\026\030\24117\243\021\347\374\234"
 876      223A2E16 
 876      18A13137 
 876      A311E7FC 
 876      9C
 877 0071 A1A13C37 	 .ascii "\241\241<7s\000\317\2412\320\264\206i\334b\247D\372"
 877      7300CFA1 
 877      32D0B486 
 877      69DC62A7 
 877      44FA
 878 0083 E3FE97D5 	 .ascii "\343\376\227\325\346Q\276\034\"`Dw\305R\337\002\003"
 878      E651BE1C 
 878      22604477 
 878      C552DF02 
 878      03
 879 0094 BB412743 	 .ascii "\273A'C\316\337\265\3268g\0240\3401D\035\011\304I\246"
 879      CEDFB5D6 
 879      38671430 
 879      E031441D 
 879      09C449A6 
 880 00a8 55547545 	 .ascii "UTuEl\260\200i\320\273\021\203)\305\213\220\245\023"
 880      6CB08069 
 880      D0BB1183 
 880      29C58B90 
 880      A513
 881 00ba A2C1F7B7 	 .ascii "\242\301\367\267\257j=\263\345X\300t4U\207\247\300:"
 881      AF6A3DB3 
 881      E558C074 
 881      345587A7 
 881      C03A
ARM GAS   			page 26


 882 00cc E4942A1A 	 .ascii "\344\224*\032z\224\360\014\335\301\002\204\310\036\275"
 882      7A94F00C 
 882      DDC10284 
 882      C81EBD
 883 00db 8F847CAF 	 .ascii "\217\204|\257]\347\374k\357\247M#\0061.\302$O\227\277"
 883      5DE7FC6B 
 883      EFA74D23 
 883      06312EC2 
 883      244F97BF 
 884 00ef 08F0041D 	 .ascii "\010\360\004\035\031\325\231<!\327E8\313\264NX\016\211"
 884      19D5993C 
 884      21D74538 
 884      CBB44E58 
 884      0E89
 885 0101 B6C13FDF 	 .ascii "\266\301?\337~\243\251}\325P\333\232A;\330\332X9\274"
 885      7EA3A97D 
 885      D550DB9A 
 885      413BD8DA 
 885      5839BC
 886 0114 C458D76B 	 .ascii "\304X\327k\024\364'\342<\340\362\014\017\344%}\353\015"
 886      14F427E2 
 886      3CE0F20C 
 886      0FE4257D 
 886      EB0D
 887 0126 988116B0 	 .ascii "\230\201\026\260\001\212\337\343\\\230\217a\023w\224"
 887      018ADFE3 
 887      5C988F61 
 887      137794
 888 0135 CB6D5416 	 .ascii "\313mT\026\207\305t\321G5^\027svps\276\366Z[b\272@e"
 888      87C574D1 
 888      47355E17 
 888      73767073 
 888      BEF65A5B 
 889 014d C3087EB6 	 .ascii "\303\010~\266\333\355C\222l*\256\256\270M\305\255\354"
 889      DBED4392 
 889      6C2AAEAE 
 889      B84DC5AD 
 889      EC
 890 015e D53E08AE 	 .ascii "\325>\010\256@#R\271P\225\312\250\002\364\277\212\250"
 890      402352B9 
 890      5095CAA8 
 890      02F4BF8A 
 890      A8
 891 016f 52B49462 	 .ascii "R\264\224bk~\345\310os\313=\3771\367\262cN\252vQ\371"
 891      6B7EE5C8 
 891      6F73CB3D 
 891      FF31F7B2 
 891      634EAA76 
 892 0185 F862483D 	 .ascii "\370bH=c\235\241s'<\224i\312\032\317O\272V\311J\272"
 892      639DA173 
 892      273C9469 
 892      CA1ACF4F 
 892      BA56C94A 
 893 019a C5093F5F 	 .ascii "\305\011?_\260.d\247&L?o\026\274\374U\327\361\213\226"
 893      B02E64A7 
 893      264C3F6F 
 893      16BCFC55 
ARM GAS   			page 27


 893      D7F18B96 
 894 01ae EDF8D7EC 	 .ascii "\355\370\327\354\234\231\333\217\217e\275\234=\225\261"
 894      9C99DB8F 
 894      8F65BD9C 
 894      3D95B1
 895 01bd 4F978A0E 	 .ascii "O\227\212\016%r\331Q\353br$\321\237\032\030\276\236"
 895      2572D951 
 895      EB627224 
 895      D19F1A18 
 895      BE9E
 896 01cf BEEC672E 	 .ascii "\276\354g.\271^\2660\236Nz\331\222\353YE\317\371\247"
 896      B95EB630 
 896      9E4E7AD9 
 896      92EB5945 
 896      CFF9A7
 897 01e2 9CB19D3E 	 .ascii "\234\261\235>\207b\311\363\203\375\351\021\367\312\261"
 897      8762C9F3 
 897      83FDE911 
 897      F7CAB1
 898 01f1 7D95BEF8 	 .ascii "}\225\276\370\331\321\2043p\306\246\203\376d\301s\307"
 898      D9D18433 
 898      70C6A683 
 898      FE64C173 
 898      C7
 899 0202 D283A9A1 	 .ascii "\322\203\251\241_\350,\327\347"
 899      5FE82CD7 
 899      E7
 900              	 .text
 901              	 .section .gnu.lto_DAC1_Cmd.60.1efeb6685f17eed6,"e",%progbits
 902 0000 789C6D52 	 .ascii "x\234mR\317k\023Q\020~\337\316n\022\203\324\213\202"
 902      CF6B1351 
 902      107EDFCE 
 902      6E1283D4 
 902      8B82
 903 0012 82482E22 	 .ascii "\202H.\"\036\354\026\003Jo\001K\004Qi\233?\240l7K\033"
 903      1EEC1603 
 903      4A6F014B 
 903      0451699B 
 903      3FA06C37 
 904 0028 9B3661B3 	 .ascii "\2336a\263V/\322\227\266\264P\017M*\326\213J\015QZ/"
 904      562FD297 
 904      B6B4500F 
 904      4D2AD68B 
 904      4A0D515A 
 905 003d 2AF8AB3F 	 .ascii "*\370\253?\015\346 \344\244\376\003VA\261\025D=H\251"
 905      0DE620E4 
 905      A4FE0356 
 905      41B11544 
 905      3D48A9
 906 0050 427CEF6D 	 .ascii "B|\357m[kq\341\355\314\274\231\357\233\371\206\327\252"
 906      5B6B71E1 
 906      EDCCBC99 
 906      EF9BF986 
 906      D7AA
 907 0062 31769F31 	 .ascii "1v\2371\326.\016\002\014\023\3051\215q\316cAM\033*^"
 907      D62E0E02 
 907      0C13C531 
ARM GAS   			page 28


 907      8D71CE63 
 907      414D1B2A 
 908 0077 D5300F11 	 .ascii "\3250\017\021E\364\341b\203\262\204\353\305\260\312"
 908      45F4E162 
 908      83B284EB 
 908      C5B0CA
 909 0086 EBC2DBAC 	 .ascii "\353\302\333\2545\220/\216\355\362kcA\260\001\215t\003"
 909      35902F8E 
 909      EDF26B63 
 909      41B0018D 
 909      7403
 910 0098 03B84647 	 .ascii "\003\270FG\305\315\332\335O\313\213\373\371t\005eb\354"
 910      C5CDDADD 
 910      4FCB8BFB 
 910      F9740565 
 910      62EC
 911 00aa B638EABB 	 .ascii "\2668\352\273I\240+\354H\205\363\327/\036sN\254L\300"
 911      49A02BEC 
 911      4885F3D7 
 911      2F1E734E 
 911      AC4CC0
 912 00bd 13883CA2 	 .ascii "\023\210<\242hb2\034\301;R\205\023T&\015\372\206G\210"
 912      6862321C 
 912      C13B5285 
 912      1354260D 
 912      FA864788 
 913 00d1 48F01464 	 .ascii "H\360\024d\352\260 \370\266V\035m(\344Ce\3221\253\030"
 913      EAB020F8 
 913      B6561D6D 
 913      28E44365 
 913      D231AB18 
 914 00e5 9E03CF20 	 .ascii "\236\003\317 \273\214\340\013\011]s\330h,.!\242\007"
 914      BB8CE00B 
 914      095D73D8 
 914      682C2E21 
 914      A207
 915 00f7 6F8D0AFF 	 .ascii "o\215\012\377]\037\347\274~\350\375\\8\004YB\362\247"
 915      5D1FE7BC 
 915      7EE8FD5C 
 915      38045942 
 915      F2A7
 916 0109 034F6148 	 .ascii "\003OaH\317\207\261q\222\"\271.\334\002i\276\233\257"
 916      CF87B171 
 916      9222B92E 
 916      DC0269BE 
 916      9BAF
 917 011b 30B60AFE 	 .ascii "0\266\012\376\341\373+M\331\237Ae\326\203\354+^.\314"
 917      E1FB2B4D 
 917      D99F4165 
 917      D683EC2B 
 917      5E2ECC
 918 012e EC2D116D 	 .ascii "\354-\021m\314j\200my\234\227\271\324pO\356\351\363"
 918      CC6A806D 
 918      799C97B9 
 918      D4704FEE 
 918      E9F3
 919 0140 C13205B0 	 .ascii "\3012\005\260\010,\2005\335\341\\\014\037\304\022n\251"
ARM GAS   			page 29


 919      082C8035 
 919      DDE15C0C 
 919      1FC4126E 
 919      A9
 920 0151 29573138 	 .ascii ")W18\325&\272\013\036E\\\254il\005\303+\325\316\022"
 920      D526BA0B 
 920      1E455CAC 
 920      696C05C3 
 920      2BD5CE12 
 921 0165 E9920CF0 	 .ascii "\351\222\014\360\227X \312\0132mk\242\033\265\335b\206"
 921      975820CA 
 921      0B326D6B 
 921      A21BB5DD 
 921      6286
 922 0177 A189D18F 	 .ascii "\241\211\321\217Z\211\002\002/\253C\320%eD1\006\024"
 922      5A890202 
 922      2FAB43D0 
 922      25654431 
 922      0614
 923 0189 4CFF17F6 	 .ascii "L\377\027\366\310\207M*\230\261\005\373U\257\327\367"
 923      C8874D2A 
 923      98B105FB 
 923      55AFD7F7 
 924 0199 FC851A0A 	 .ascii "\374\205\032\012jl\337\301`\214\251\024\024\315l-,^"
 924      6A6CDFC1 
 924      608CA914 
 924      14CD6C2D 
 924      2C5E
 925 01ab 815CC2E4 	 .ascii "\201\\\302\344\314\276M\245\323\015\377QZ\365\225J\340"
 925      CCBE4DA5 
 925      D30DFF51 
 925      5AF5954A 
 925      E0
 926 01bc 0F0C2ECF 	 .ascii "\017\014.\317\237\221j\326!\347\243\2457\017e3}$!\226"
 926      9F916AD6 
 926      21E7A3A5 
 926      370F6533 
 926      7D242196 
 927 01d0 0FBF1BAF 	 .ascii "\017\277\033\257\310\202\270\331\235\351u\314~\263\305"
 927      C882B8D9 
 927      9DE975CC 
 927      7EB3C5
 928 01df C9F57899 	 .ascii "\311\365x\231\254y6\325\327\023\3612\221\254\233\271"
 928      AC7936D5 
 928      D713F132 
 928      91AC9BB9 
 929 01ef E0D85ECE 	 .ascii "\340\330^\316\264l\357\242\225\216\244w\336w\245\334"
 929      B46CEFA2 
 929      958EA477 
 929      DE77A5DC 
 930 01ff B4D597B4 	 .ascii "\264\325\227\264\216\365\347l\026M\247:\315s-\355\321"
 930      8EF5E76C 
 930      164DA73A 
 930      CD732DED 
 930      D1
 931 0210 E3F1E6B6 	 .ascii "\343\361\346\266\313\035\011/\331\352\270\251lwG\213"
 931      CB1D092F 
ARM GAS   			page 30


 931      D9EAB8A9 
 931      6C77478B 
 932 0220 9BEA775C 	 .ascii "\233\352w\\3\347\332\333\322I\313n\264Y\350\274s)\341"
 932      33E7DADB 
 932      D249CB6E 
 932      B459E8BC 
 932      7329E1
 933 0233 599E7360 	 .ascii "Y\236s`G\246\261\351dg\324n>a\261\260\327\233u\235\256"
 933      47A6B1E9 
 933      6467D46E 
 933      3E61B1B0 
 933      D79B759D 
 934 0248 8E53F1D3 	 .ascii "\216S\361\323\177\000^F\0014"
 934      7F005E46 
 934      0134
 935              	 .text
 936              	 .section .gnu.lto_DAC2_Cmd.61.1efeb6685f17eed6,"e",%progbits
 937 0000 789C6D52 	 .ascii "x\234mRMHTQ\024\276\337;\357\315LS\330\246\240\240\305"
 937      4D485451 
 937      14BEDF3B 
 937      EFCD4C53 
 937      D8A6A0A0 
 938 0015 6C220AF2 	 .ascii "l\"\012\362I\003\205;!\261E?\370\263j5\274y>trt\206"
 938      4903853B 
 938      21B1453F 
 938      F8B36A35 
 938      BC793E74 
 939 002c 37AFA94D 	 .ascii "7\257\251MxGE\301\026\316(\271J\261a\012mQ-\362\247"
 939      784745C1 
 939      16CE28B9 
 939      4AB1610A 
 939      6D512DF2 
 940 0041 B21AB236 	 .ascii "\262\032\2626\271\211\240E\213\300\202$]T\270\250\210"
 940      B989A045 
 940      8BC08224 
 940      5D54B8A8 
 940      88
 941 0052 62BAF73E 	 .ascii "b\272\367>5\223\036\334w\316\271\347|\3379\337\3416"
 941      35931EDC 
 941      77CEB9E7 
 941      7CDF39DF 
 941      E136
 942 0064 6A8CDD66 	 .ascii "j\214\335f\2145\213\203\000\303paPc\234\363\272\240"
 942      8C358B83 
 942      00C37061 
 942      50639CF3 
 942      BAA0
 943 0076 A6F516AE 	 .ascii "\246\365\026\256jx\004\021E\364\276B\225\262\204k\205"
 943      6A780411 
 943      45F4BE42 
 943      95B2846B 
 943      85
 944 0087 B0CAEBC2 	 .ascii "\260\312\353\302\333\2505\220+\014\356\360k\353\202"
 944      DBA83590 
 944      2B0CEEF0 
 944      6BEB82
 945 0096 60DD1AE9 	 .ascii "`\335\032\351\006\2721B\207\305\315\217\233\313\345"
ARM GAS   			page 31


 945      06BA3142 
 945      87C5CD8F 
 945      9BCBE5
 946 00a5 37FBF864 	 .ascii "7\373\370d\031%bl\\\034\365]'\320\025v\250\314\371\253"
 946      1925626C 
 946      5C1CF55D 
 946      27D01576 
 946      A8CCF9AB 
 947 00b9 A7F73927 	 .ascii "\247\3679'V\"`\032\"\217(j\230\014\3731G\252p\230J\244"
 947      5622601A 
 947      228F286A 
 947      980CFB31 
 947      47AA7098 
 948 00cf 415FF708 	 .ascii "A_\367\010\021\011\236\200L\035\024\004_\357\274\030"
 948      11099E80 
 948      4C1D1404 
 948      5FEFBC18 
 949 00df A8CAE742 	 .ascii "\250\312\347B%\322\361@1\314\001\263\220]\372\361\234"
 949      25D2F140 
 949      31CC01B3 
 949      905DFAF1 
 949      9C
 950 00f0 84AE8758 	 .ascii "\204\256\207Xo,.!\242\273\257\2152\377U\031\342\374"
 950      6F2C2E21 
 950      A2BBAF8D 
 950      32FF5519 
 950      E2FC
 951 0102 CB91F733 	 .ascii "\313\221\3673;C\220%$\177:0\003Cz>\214\015\221\024\311"
 951      3B439025 
 951      247F3A30 
 951      03437A3E 
 951      8C0D9114 
 952 0117 75E1E649 	 .ascii "u\341\346I\363\335\\\231\261U\360\017\357^j\312\256"
 952      F3DD5C99 
 952      B155F00F 
 952      EF5E6ACA 
 952      AE
 953 0128 8595F916 	 .ascii "\205\225\371\026f\237\361l~jO\221h}V\003l\323\343\274"
 953      669FF16C 
 953      7E6A4F91 
 953      687D5603 
 953      6CD3E3BC 
 954 013c C4A5865B 	 .ascii "\304\245\206[rO\237\016\224(\200\307\300<X\315\015\316"
 954      724F9F0E 
 954      942880C7 
 954      C03C58CD 
 954      0DCE
 955 014e C5F0413C 	 .ascii "\305\360A<\301\230\232r\025=\023M\242\273\340Q\304\277"
 955      C1989A72 
 955      153D134D 
 955      A2BBE051 
 955      C4BF
 956 0160 459F15F4 	 .ascii "E\237\025\364\255,\304\213\244K2\300_b\236('\310\264"
 956      AD2CC48B 
 956      A44B32C0 
 956      5F629E28 
 956      27C8B4
ARM GAS   			page 32


 957 0173 CD894616 	 .ascii "\315\211F\026w\211\031z\207\007>jE\012\010\274\254\016"
 957      7789197A 
 957      87073E6A 
 957      450A08BC 
 957      AC0E
 958 0185 21242923 	 .ascii "!$)#\2121\240`\372\277\2601\0376\252`\306&\354{\245"
 958      8A31A060 
 958      FABFB031 
 958      1F36AA60 
 958      C626EC7B 
 959 019a 52D9FD17 	 .ascii "R\331\375\027j(\250\261u\007=uL\245\240h\246\027\303"
 959      6A28A8B1 
 959      75073D75 
 959      4CA5A068 
 959      A617C3
 960 01ad E215C825 	 .ascii "\342\025\310%\214N\355\335P:Y\365\037\245\013\276R\011"
 960      8C4EEDDD 
 960      503A59F5 
 960      1FA50BBE 
 960      5209
 961 01bf 5C43CFD2 	 .ascii "\\C\317\322\354i\251\346'\344|4\376\366\236l\246/\237"
 961      EC69A9E6 
 961      27E47C34 
 961      FEF69E6C 
 961      A62F9F
 962 01d2 17CB87DF 	 .ascii "\027\313\207\337\215\227eA\203\331\236\352t\314\254"
 962      8D976541 
 962      83D99EEA 
 962      74CCAC
 963 01e1 59EF643A 	 .ascii "Y\357d:\274T\332<\223\350\352\210x\251H\332M]pl/cZ\266"
 963      BC54DA3C 
 963      93E8EA88 
 963      78A948DA 
 963      4D5D706C 
 964 01f9 77D14A46 	 .ascii "w\321JF\222\333\357\333\022n\322\352j\265\216f36\213"
 964      92DBEFDB 
 964      126ED2EA 
 964      6AB58E66 
 964      33368B
 965 020c 261371F3 	 .ascii "&\023q\363l}s\364XCm\323\345X\213\327\332\350\270\211"
 965      6C7D73F4 
 965      58436DD3 
 965      E5588BD7 
 965      DAE8B889 
 966 0220 747BACDE 	 .ascii "t{\254\336Md\035\327\314\270\366\226t\253eW\333,t\316"
 966      4D641DD7 
 966      CCB8F696 
 966      74AB6557 
 966      DB2C74CE 
 967 0234 B9D4E259 	 .ascii "\271\324\342Y\236\263\177[\246\272\346D<j\327\036\267"
 967      9EB37F5B 
 967      A6BAE644 
 967      3C6AD71E 
 967      B7
 968 0245 58D8EB4C 	 .ascii "X\330\353L\273N[\354d\303\251?Xg\001\032"
 968      BB4E5BEC 
 968      64C3A93F 
ARM GAS   			page 33


 968      5867011A 
 969              	 .text
 970              	 .section .gnu.lto_DAC1_SetData.62.1efeb6685f17eed6,"e",%progbits
 971 0000 789C5D4F 	 .ascii "x\234]O\275K\002a\030\177\236{\325\022\241\271\240\341"
 971      BD4B0261 
 971      187F9E7B 
 971      D512A1B9 
 971      A0E1
 972 0012 A0211AF2 	 .ascii "\240!\032\362$\241pk\220\226\012\372\370\003\344<\217"
 972      24A1706B 
 972      90960AFA 
 972      F803E43C 
 972      8F
 973 0023 BC3495BB 	 .ascii "\2744\225\273KZ\302GG\027\323\266\276\250\270\302\246"
 973      4B5AC247 
 973      4717D3B6 
 973      BEA8B8C2 
 973      A6
 974 0034 A6CACAE1 	 .ascii "\246\312\312\341hm\211\326\350shh\210jj\010\352\365"
 974      686D89D6 
 974      E8736868 
 974      886A6A08 
 974      EAF5
 975 0046 B4085F78 	 .ascii "\264\010_xx\177\277\337\363\365{<\010\260\016\000}<"
 975      787FBFDF 
 975      F3F57B3C 
 975      08B00E00 
 975      7D3C
 976 0058 900156CA 	 .ascii "\220\001V\312E\001\210h\264C\300|\271\350\305St\030"
 976      45018868 
 976      B443C07C 
 976      B9E8C553 
 976      7418
 977 006a 424EC01C 	 .ascii "BN\300\034\256\262\001N?\367\236\267o\273\251j\243\305"
 977      AEB2014E 
 977      3FF79EB7 
 977      6FBBA96A 
 977      A3C5
 978 007c 00B67838 	 .ascii "\000\266x8o\203a\205Y\014\321\325B\002\212\034\261e"
 978      6F836185 
 978      590CD1D5 
 978      42028A1C 
 978      B165
 979 008e E8B789AE 	 .ascii "\350\267\211\256\3525\"/X\214\341\011\362\036<F<\342"
 979      EA35222F 
 979      588CE109 
 979      F21E3C46 
 979      3CE2
 980 00a0 DBB950C0 	 .ascii "\333\271P\300M>\303\363;\212\213px\355\266\351\353\273"
 980      4D3EC3F3 
 980      3B8A8B70 
 980      78EDB6E9 
 980      EBBB
 981 00b2 4474EF7F 	 .ascii "Dt\357\177|\363\271\004\304\032\327K\254a\216\\\034"
 981      7CF3B904 
 981      C41AD74B 
 981      AC618E5C 
ARM GAS   			page 34


 981      1C
 982 00c3 AE30A109 	 .ascii "\2560\241\011\3636\300\013\322\323\315\245\340\374w"
 982      F336C00B 
 982      D2D3CDA5 
 982      E0FC77
 983 00d2 3E78C58B 	 .ascii ">x\305\213\265\203\336\226\013^\374\207\210,j\270\333"
 983      B583DE96 
 983      0B5EFC87 
 983      882C6AB8 
 983      DB
 984 00e3 6F5C55ED 	 .ascii "o\\U\355\262\230\033\317\021\317\020\002;D\235\026\363"
 984      B2981BCF 
 984      11CF1002 
 984      3B449D16 
 984      F3
 985 00f4 60DDF102 	 .ascii "`\335\361\002\273L\200\017,<\274\217;\247\225\0306\227"
 985      BB4C800F 
 985      2C3CBC8F 
 985      3BA79518 
 985      3697
 986 0106 91DDA063 	 .ascii "\221\335\240cR<\275\240JY)\254\032\0113\235\221&\264"
 986      523CBDA0 
 986      4A5929AC 
 986      1A09339D 
 986      9126B4
 987 0119 544234D3 	 .ascii "TB4\323bFO\317\253\212iH\262b.\312I1\331\256\317izR"
 987      62464FCF 
 987      AB8A6948 
 987      B2622ECA 
 987      4931D9AE 
 988 0131 4EC5E4C1 	 .ascii "N\305\344\301\254\241@0\251E\245\311\360Lph,4\275\024"
 988      ACA14030 
 988      A945A5C9 
 988      F04C7068 
 988      2C34BD14 
 989 0145 99356353 	 .ascii "\2315cS\252\256e\342\221\260\256eU]2t\345_:&+~\005\\"
 989      AAAE65E2 
 989      91B0AE65 
 989      555D3274 
 989      E55F3A26 
 990 015d 61D9947B 	 .ascii "a\331\224{\332T\177`$\032TB\3032\374\000\255\243\211"
 990      DA547F60 
 990      241A5442 
 990      C332FC00 
 990      ADA389
 991 0170 0E       	 .ascii "\016"
 992              	 .text
 993              	 .section .gnu.lto_DAC2_SetData.63.1efeb6685f17eed6,"e",%progbits
 994 0000 789C5D4F 	 .ascii "x\234]O\277K\002a\030~\337\373\324rq.h\020\032\242!"
 994      BF4B0261 
 994      187EDFFB 
 994      D472712E 
 994      68101AA2 
 995 0015 4F122AB7 	 .ascii "O\022*\267\006i\252\350\307\037 \347y\344\345\345\311"
 995      0669AAE8 
 995      C71F20E7 
 995      79E4E5E5 
ARM GAS   			page 35


 995      C9
 996 0026 79494BF8 	 .ascii "yIK\370\352\350b\032Ah\005\305\02565UV\016GK[D\377@"
 996      EAE8621A 
 996      416805C5 
 996      15363555 
 996      560E474B 
 997 003e 3F868686 	 .ascii "?\206\206\206\210\246\206\240\276S\213\360\203\227\357"
 997      88A686A0 
 997      BE538BF0 
 997      8397EF
 998 004d 799EF7D7 	 .ascii "y\236\367\327\363z\020\240\006\000\203<\220\001V\312"
 998      F37A10A0 
 998      0600833C 
 998      900156CA 
 999 005d 45018868 	 .ascii "E\001\210h\262G\300|\271\350\305\013l1\204\234\2009"
 999      B247C07C 
 999      B9E8C50B 
 999      6C31849C 
 999      8039
 1000 006f DC64C39C 	 .ascii "\334d\303\234~\036\276\274?\364Q\335F\213\001\354\361"
 1000      7E1EBEBC 
 1000      3FF451DD 
 1000      468B01EC 
 1000      F1
 1001 0080 68BD1D86 	 .ascii "h\275\035\206\025f1DW\007\011\350\347\210\255\303\220"
 1001      15663144 
 1001      570709E8 
 1001      E788ADC3 
 1001      90
 1002 0091 4D74D76C 	 .ascii "Mt\327l\020y\301b\014\317\221\367\340\031\342)\337\316"
 1002      1079C162 
 1002      0CCF91F7 
 1002      E019E229 
 1002      DFCE
 1003 00a3 850216F8 	 .ascii "\205\002\026\370\014\317\357(.\302\311\275\333\246\257"
 1003      0CCFEF28 
 1003      2EC2C9BD 
 1003      DBA6AF
 1004 00b2 EF12D1CD 	 .ascii "\357\022\321\315\304S\325\347\022\020\033\\/1\307\034"
 1004      C453D5E7 
 1004      12101B5C 
 1004      2F31C71C 
 1005 00c2 B938DC60 	 .ascii "\2718\334`B\033\346m\200W\244\347\255[\241\365o\373"
 1005      421BE66D 
 1005      8057A4E7 
 1005      AD5BA1F5 
 1005      6FFB
 1006 00d4 E00DAFAB 	 .ascii "\340\015\257\253\307\003\035\027\274\370\017\021Y\344"
 1006      C7031D17 
 1006      BCF80F11 
 1006      59E4
 1007 00e2 B83B72AE 	 .ascii "\270;r\256\252\373,\346\306+\304K\204\340>Q\257\305"
 1007      AAFB2CE6 
 1007      C62BC44B 
 1007      84E03E51 
 1007      AFC5
 1008 00f4 3CD8C45D 	 .ascii "<\330\304]\307\304\001\023\340\003\013\217\265\331\326"
ARM GAS   			page 36


 1008      C7C40113 
 1008      E0030B8F 
 1008      B5D9D6
 1009 0103 692586ED 	 .ascii "i%\206\355ed;tJL\350+\212\230\025#J&i\352iqZM%\375\246"
 1009      65643B74 
 1009      4A4CE82B 
 1009      8A981523 
 1009      4A2669EA 
 1010 011e EE4F1BFA 	 .ascii "\356O\033\372\262\"\233\031Q\222\315UI\363k\335\372"
 1010      B2229B19 
 1010      5192CD55 
 1010      49F36BDD 
 1010      FA
 1011 012f 926A6852 	 .ascii "\222jhR*.\215d32\20445&\316D\026B\243S\341\371\265\350"
 1011      2A2E8D64 
 1011      33328434 
 1011      3526CE44 
 1011      1642A353 
 1012 0147 A2199F53 	 .ascii "\242\031\237S\0145\235\210F\0145\253\030b\306\220\377"
 1012      0C359D88 
 1012      460C35AB 
 1012      1862C690 
 1012      FF
 1013 0158 A5E3921C 	 .ascii "\245\343\222\034\220\301\025\221L\251\277K\015\004\307"
 1013      90C11591 
 1013      4CA9BF4B 
 1013      0D04C7
 1014 0167 6321393C 	 .ascii "c!9<&\301\017\334n\210\013"
 1014      26C10FDC 
 1014      6E880B
 1015              	 .text
 1016              	 .section .gnu.lto_DAC1_GetData.64.1efeb6685f17eed6,"e",%progbits
 1017 0000 789CBBCE 	 .ascii "x\234\273\316\300\300P\003\304j@\314\310\314\3008ib"
 1017      C0C05003 
 1017      C46A40CC 
 1017      C8CCC038 
 1017      6962
 1018 0012 17134343 	 .ascii "\027\023CCC\203\003;\023c\343\304\256\357;\257\2610"
 1018      4383033B 
 1018      1363E3C4 
 1018      AEEF3BAF 
 1018      B130
 1019 0024 6E67040B 	 .ascii "ng\004\01302\32431\3263Nf\236\303\3148\211y\011P1\013"
 1019      3032D433 
 1019      31D6334E 
 1019      669EC3CC 
 1019      38897909 
 1020 003b 94C5C8A8 	 .ascii "\224\305\310\250\240y\240\241\341\307\322g\007>k\034"
 1020      A079A0A1 
 1020      E1C7D267 
 1020      073E6B1C 
 1021 004b 6C6EF558 	 .ascii "ln\365X\302\314\3040\017\250`+#\343\026F\0060`c\000"
 1021      C2CCC430 
 1021      0FA8602B 
 1021      23E31646 
 1021      06306063 
 1022 0060 89806C01 	 .ascii "\211\200l\001\342\365\227X\0174\374\371\337\337\320"
ARM GAS   			page 37


 1022      E2F59758 
 1022      0F34FCF9 
 1022      DFDFD0
 1023 006f F0DEF2E1 	 .ascii "\360\336\362\341>>\240j\220\016\206~f\220\325\015,@"
 1023      3E3EA06A 
 1023      900E867E 
 1023      6690D50D 
 1023      2C40
 1024 0081 25139899 	 .ascii "%\023\230\231 \314\306\003\014\014\257\030\033\026q"
 1024      20CCC603 
 1024      0C0CAF18 
 1024      1B1671
 1025 0090 33BC633C 	 .ascii "3\274c<\264\347\245\350\"f&\250\255\314\214\014pVC\303"
 1025      B4E7A5E8 
 1025      226626A8 
 1025      ADCC8C0C 
 1025      705643C3 
 1026 00a4 9206906B 	 .ascii "\222\006\220k\226\201\234\312\261\204\231\205q'#\343"
 1026      96819CCA 
 1026      B1849985 
 1026      712723E3 
 1027 00b4 0E460683 	 .ascii "\016F\006\203\205`.+\343.\306\271`\333?16),\002\331"
 1027      85602E2B 
 1027      E32EC6B9 
 1027      60DB3F31 
 1027      36292C02 
 1028 00c9 05B28D11 	 .ascii "\005\262\215\021bE\303\001\020\327M?#?7U\277L\337%\265"
 1028      6245C301 
 1028      10D74D3F 
 1028      233F3755 
 1028      BF4CDF25 
 1029 00de 38BB24BF 	 .ascii "8\273$\277@\337'3/[\241$_\241\240(?+5\271\244X?1\271"
 1029      40DF2733 
 1029      2F5BA124 
 1029      5FA1A028 
 1029      3F2B35B9 
 1030 00f7 A4343147 	 .ascii "\24441G!\007]<=\263('1/%Q\267\2548\231\3018'3I\337\327"
 1030      21075D3C 
 1030      3DB32827 
 1030      312F2551 
 1030      B7AC3899 
 1031 0112 25C8D8C8 	 .ascii "%\310\330\310\3152\260\">\270$% \265(\263 #\336\245"
 1031      CD32B022 
 1031      3EB82425 
 1031      20B528B3 
 1031      2023DEA5 
 1032 0126 28B32CB5 	 .ascii "(\263,\265H\277\270(\031I:%1Y/\231\001\000O\210s@"
 1032      48BFB828 
 1032      19493A25 
 1032      31592F99 
 1032      01004F88 
 1033              	 .text
 1034              	 .section .gnu.lto_DAC2_GetData.65.1efeb6685f17eed6,"e",%progbits
 1035 0000 789CBBCE 	 .ascii "x\234\273\316\300\300P\003\304j@\314\310\314\3008ib"
 1035      C0C05003 
 1035      C46A40CC 
 1035      C8CCC038 
ARM GAS   			page 38


 1035      6962
 1036 0012 17134343 	 .ascii "\027\023CCC\203\003;\023c\343\304\256\343\273\257\261"
 1036      4383033B 
 1036      1363E3C4 
 1036      AEE3BBAF 
 1036      B1
 1037 0023 306E6704 	 .ascii "0ng\004\01302\32431\3263Nf\236\303\3148\211y\011P1\013"
 1037      0B3032D4 
 1037      3331D633 
 1037      4E669EC3 
 1037      CC388979 
 1038 003b 94C5C8A8 	 .ascii "\224\305\310\250\240y\240\241\341\307\322g\017\276j"
 1038      A079A0A1 
 1038      E1C7D267 
 1038      0FBE6A
 1039 004a 1C6C6EF5 	 .ascii "\034ln\365X\302\314\3040\017\250`+#\343\026F\0060`c"
 1039      58C2CCC4 
 1039      300FA860 
 1039      2B23E316 
 1039      46063060 
 1040 005f 0089806C 	 .ascii "\000\211\200l\001\342\365\227X\0174\374\371\337\337"
 1040      01E2F597 
 1040      580F34FC 
 1040      F9DFDF
 1041 006e D0F0DFEA 	 .ascii "\320\360\337\352\341'>\240j\220\016\206~f\220\325\015"
 1041      E1273EA0 
 1041      6A900E86 
 1041      7E6690D5 
 1041      0D
 1042 007f 2C402513 	 .ascii ",@%\023\230\231 \314\306\003\014\014\257\030\033\026"
 1042      989920CC 
 1042      C6030C0C 
 1042      AF181B16 
 1043 008f 7133BC63 	 .ascii "q3\274c<\264\347\245\350\"f&\250\255\314\214\014pVC"
 1043      3CB4E7A5 
 1043      E8226626 
 1043      A8ADCC8C 
 1043      0C705643 
 1044 00a3 C3920690 	 .ascii "\303\222\006\220k\226\201\234\312\261\204\231\205q'"
 1044      6B96819C 
 1044      CAB18499 
 1044      857127
 1045 00b2 23E30E46 	 .ascii "#\343\016F\006\203\205`.+\343.\306\271`\333?16),\002"
 1045      06838560 
 1045      2E2BE32E 
 1045      C6B960DB 
 1045      3F313629 
 1046 00c8 D905B28D 	 .ascii "\331\005\262\215\021bE\303\001\020\327M?#?7U\277L\337"
 1046      116245C3 
 1046      0110D74D 
 1046      3F233F37 
 1046      55BF4CDF 
 1047 00dc 25B538BB 	 .ascii "%\2658\273$\277@\337'3/[\241$_\241\240(?+5\271\244X"
 1047      24BF40DF 
 1047      27332F5B 
 1047      A1245FA1 
 1047      A0283F2B 
ARM GAS   			page 39


 1048 00f4 3F31B9A4 	 .ascii "?1\271\24441G!\007]<=\263('1/%Q\267\2548\231\3018'3"
 1048      34314721 
 1048      075D3C3D 
 1048      B3282731 
 1048      2F2551B7 
 1049 010f 49DFD725 	 .ascii "I\337\327%\310\330\310\3152\260\">\270$% \265(\263 "
 1049      C8D8C8CD 
 1049      32B0223E 
 1049      B8242520 
 1049      B528B320 
 1050 0123 23DEA528 	 .ascii "#\336\245(\263,\265H\277\270(\031I:%1Y/\231\001\000"
 1050      B32CB548 
 1050      BFB82819 
 1050      493A2531 
 1050      592F9901 
 1051 0138 7E187379 	 .ascii "~\030sy"
 1052              	 .text
 1053              	 .section .gnu.lto_.symbol_nodes.1efeb6685f17eed6,"e",%progbits
 1054 0000 789C75C9 	 .ascii "x\234u\311\311\001@0\000E\301\027b\353A!v\245\375\350"
 1054      C9014030 
 1054      0045C117 
 1054      62EB4121 
 1054      76A5FDE8 
 1055 0014 403D4E34 	 .ascii "@=N4\240&Q\300\237\353\364\001(\006\221\262\030\316"
 1055      A02651C0 
 1055      9FEBF401 
 1055      280691B2 
 1055      18CE
 1056 0026 1704573A 	 .ascii "\027\004W:\002\377\344\033\025\354M*\354\315*\355-\212"
 1056      02FFE41B 
 1056      15EC4D2A 
 1056      ECCD2AED 
 1056      2D8A
 1057 0038 F65655F6 	 .ascii "\366VU\3666\325\366v5\366n\324\332|P\347\222\017\277"
 1057      36D5F676 
 1057      35F66ED4 
 1057      DA7C50E7 
 1057      920FBF
 1058 004b F240E8   	 .ascii "\362@\350"
 1059              	 .text
 1060              	 .section .gnu.lto_.refs.1efeb6685f17eed6,"e",%progbits
 1061 0000 789C6364 	 .ascii "x\234cd\000\002\000\000\012\000\002"
 1061      00020000 
 1061      0A0002
 1062              	 .text
 1063              	 .section .gnu.lto_.decls.1efeb6685f17eed6,"e",%progbits
 1064 0000 789C9D55 	 .ascii "x\234\235UkLTG\024\2363\263\260\227+\272D\261\266Ic"
 1064      6B4C5447 
 1064      149E33B3 
 1064      B0972BBA 
 1064      44B1B649 
 1065 0015 B68D0DFC 	 .ascii "\266\215\015\374\321\325\245\321\370\017\003\301\030"
 1065      D1D5A5D1 
 1065      F80F03C1 
 1065      18
 1066 0022 ABB162FF 	 .ascii "\253\261b\37741\233u\357Z\266\002K\327\225\350\277["
 1066      34319B75 
ARM GAS   			page 40


 1066      EF5AB602 
 1066      4BD795E8 
 1066      BF5B
 1067 0034 9F98FAAA 	 .ascii "\237\230\372\252I[\011MK\253\215\244Z\213\215\025\352"
 1067      495B094D 
 1067      4BAB8DA4 
 1067      5A8B8D15 
 1067      EA
 1068 0045 1351717D 	 .ascii "\023Qq}\240`\201\372\006J\305E\024\225R]|\3213s\357"
 1068      A06081FA 
 1068      064AC545 
 1068      1495525D 
 1068      7CD13373 
 1069 005a DEBDAE6B 	 .ascii "\336\275\256k\243\035r\356c\316\367}\347;3w\207\235"
 1069      A31D72EE 
 1069      63CEF77D 
 1069      E73B3377 
 1069      879D
 1070 006c 1221FD40 	 .ascii "\022!\375@\310\353\214\220!\034\303\010!\315$6d\214"
 1070      C8EB8C90 
 1070      211CC308 
 1070      21CD2436 
 1070      648C
 1071 007e 03188DFA 	 .ascii "\003\030\215\372|+\306\025\214k\030a\214\233\030\267"
 1071      7C2BC615 
 1071      8C6B1861 
 1071      8C9B18B7 
 1072 008e 31EE90E7 	 .ascii "1\356\220\347\3072\324\265\340\275\000\343\011\306c"
 1072      C732D4B5 
 1072      E0BD00E3 
 1072      09C663
 1073 009d 8C7E0C2C 	 .ascii "\214~\014,E\"\030\0170\036b\200^#~T`b\230\316?\205\321"
 1073      4522180F 
 1073      301E6280 
 1073      5E237E54 
 1073      606298CE 
 1074 00b4 80518F31 	 .ascii "\200Q\2171\022#\035\343:FF\2346\2304\033\023hn\305D"
 1074      12231DE3 
 1074      3A46469C 
 1074      3698341B 
 1074      13686EC5 
 1075 00c9 8AAED9F0 	 .ascii "\212\256\331\360\012Z\315\011\264v\230\264^\305Wk\002"
 1075      0A5ACD09 
 1075      B47698B4 
 1075      5EC5576B 
 1075      02
 1076 00da ADDF4C5A 	 .ascii "\255\337LZ\027\343\264\314:\031qZW\022h\035\374\237"
 1076      17E3B4CC 
 1076      3A19715A 
 1076      5712681D 
 1076      FC9F
 1077 00ec 5AD71268 	 .ascii "Z\327\022h5c\302\252k\275H\207s#\372=\234@\243\365%"
 1077      3563C2AA 
 1077      6BBD4887 
 1077      7323FA3D 
 1077      9C40A3F5 
 1078 0101 351EE8F7 	 .ascii "5\036\350\367\233\0114.c\"\371%=\334N\300o\177\011~"
ARM GAS   			page 41


 1078      9B09342E 
 1078      6322F925 
 1078      3DDC4EC0 
 1078      6F7F097E 
 1079 0115 B47EA26F 	 .ascii "\264~\242o\271\202\321-\355\252\357:\020\376gQ\000\340"
 1079      B982D12D 
 1079      EDAAEF3A 
 1079      10FE6751 
 1079      00E0
 1080 0127 C264BCC8 	 .ascii "\302d\274\310\344CF\322U\252\322d\205Q\231\311L\221"
 1080      E44346D2 
 1080      55AAD264 
 1080      855199C9 
 1080      4C91
 1081 0139 43303673 	 .ascii "C06s\200eK4\323&KUG!MN\222(\015[\0259\363!\354\244\225"
 1081      80654B34 
 1081      D3264B55 
 1081      47214D4E 
 1081      92280D5B 
 1082 0154 C9F66CD5 	 .ascii "\311\366l\325\242\254\033\035\266\252t\323\354\364\254"
 1082      A2AC1B1D 
 1082      B6AA74D3 
 1082      ECF4AC
 1083 0163 6CBC86AD 	 .ascii "l\274\206\255!P\2205\207Ji\370\024\266\312\003\254r"
 1083      21509035 
 1083      874A69F8 
 1083      14B6CA03 
 1083      AC72
 1084 0175 7DB2D248 	 .ascii "}\262\322H\3132 \004\262\342LWU5[\222\306\332\352Y="
 1084      CB322004 
 1084      B2E24C57 
 1084      55355B92 
 1084      C6DAEA59 
 1085 018a CB234492 	 .ascii "\313#D\222\252w\215\226\303V\033Jd*\3664\305n\013A\222"
 1085      AA778D96 
 1085      C3561B4A 
 1085      642AF634 
 1085      C56E0B41 
 1086 019f A2C8E999 	 .ascii "\242\310\351\231\004M(Ng6\225Q\331\"\205\300\311 \325"
 1086      044D284E 
 1086      67369551 
 1086      D92285C0 
 1086      C920D5
 1087 01b2 A976F68E 	 .ascii "\251v\366\216\221\223\344\224\261\366LB\024\222GQ\227"
 1087      9193E494 
 1087      B1F64C42 
 1087      14924751 
 1087      97
 1088 01c3 0D450758 	 .ascii "\015E\007X\261\246\022{\005\310\224\251\223\262\231"
 1088      B1A6127B 
 1088      05C894A9 
 1088      93B299
 1089 01d2 61DC3A4A 	 .ascii "a\334:J\355\204\250\026)5\025T\274\245\270f*s\2342\011"
 1089      ED84A816 
 1089      29351554 
 1089      BCA5B866 
 1089      2A739C32 
ARM GAS   			page 42


 1090 01e7 5B29A6D2 	 .ascii "[)\246\322-\240R\2101\345d\261\212b\000\021\353\305"
 1090      2DA05288 
 1090      31E564B1 
 1090      8A620011 
 1090      EBC5
 1091 01f9 9F627712 	 .ascii "\237bw\022\303\222X\236\202N\320\331\206\206@ht \224"
 1091      C392589E 
 1091      824ED0D9 
 1091      86864068 
 1091      742094
 1092 020c F331A8A9 	 .ascii "\3631\250\251\202\031\014&q0#\204\206>\242\223`$4q\335"
 1092      82190C26 
 1092      71302384 
 1092      863EA293 
 1092      60243471 
 1093 0221 0BD56D51 	 .ascii "\013\325mQ1\025\345<k\\\250\200\0160\271\326;\024g\234"
 1093      3115E53C 
 1093      6B5CA880 
 1093      0E30B9D6 
 1093      3B14679C 
 1094 0235 F86A06D7 	 .ascii "\370j\006\327\015\234\034\321\215\313\246\206\206\303"
 1094      0D9C1CD1 
 1094      8DCBA686 
 1094      86C3
 1095 0243 E84DD904 	 .ascii "\350M\331\004\330k\204\275E\034\252\030\313\027\021"
 1095      D86B84BD 
 1095      451CAA18 
 1095      CB1711
 1096 0252 A8D1A8F3 	 .ascii "\250\321\250\363\207mf0\022(^\323!\015\251k\366o8-\217"
 1096      876D6630 
 1096      12285ED3 
 1096      210DA96B 
 1096      F66F382D 
 1097 0267 41D02D55 	 .ascii "A\320-UM\207\002\330\007\300\217\011\330\217\005\375"
 1097      4D8702D8 
 1097      07C08F09 
 1097      D88F05FD 
 1098 0277 42FCF3BE 	 .ascii "B\374\363\276{\207-oo\331\242F\332\327\014-\037\323"
 1098      7B872D6F 
 1098      6FD9A246 
 1098      DAD70C2D 
 1098      1FD3
 1099 0289 B042ADE2 	 .ascii "\260B\255\342_\011\"`/@\255\326\344^\204\377\012\260"
 1099      5F092260 
 1099      2F40ADD6 
 1099      E45E84FF 
 1099      0AB0
 1100 029b 07E6AF4A 	 .ascii "\007\346\257Jbx\326\243\376\2330\004\342\306Ej\276\177"
 1100      6278D6A3 
 1100      FE9B3004 
 1100      E2C6456A 
 1100      BE7F
 1101 02ad D4204B75 	 .ascii "\324 Ku\252\032.\353\250Cl\026LDV\035\347\303a\200C"
 1101      AA1A2EEB 
 1101      A8436C16 
 1101      4C44561D 
 1101      E7C36180 
ARM GAS   			page 43


 1102 02c2 C01E095C 	 .ascii "\300\036\011\\k\315\245A\032\207\203#`F\"jy\377g\207"
 1102      6BCDA541 
 1102      1A878323 
 1102      6046226A 
 1102      79FF6787 
 1103 02d6 193FF5A1 	 .ascii "\031?\365\241\036\300\377B\371c&\3712\312\345\3675n"
 1103      1EC0FF42 
 1103      F96326F9 
 1103      32CAE5F7 
 1103      356E
 1104 02e8 6FB1C5CB 	 .ascii "o\261\305\313\037\0073\022Q}?\264lK\022\362\015\000"
 1104      1F073312 
 1104      517D3FB4 
 1104      6C4B12F2 
 1104      0D00
 1105 02fa 47E185FA 	 .ascii "G\341\205\372!\223\376\027B\377Z\327\216\356\224x\375"
 1105      2193FE17 
 1105      42FF5AD7 
 1105      8EEE9478 
 1105      FD
 1106 030b 93604622 	 .ascii "\223`F\"\352Xm\337\011Y\350\237\0028\301g\316\251\235"
 1106      EA586DDF 
 1106      0959E89F 
 1106      0238C167 
 1106      CEA99D
 1107 031e E1E404BB 	 .ascii "\341\344\004\273p\0065N\203\330\206\203\265\025]6\276"
 1107      7006354E 
 1107      83D88683 
 1107      B5155D36 
 1107      BE
 1108 032f 0DD58F6A 	 .ascii "\015\325\217jU5\011\261\026L\303Ac\013\016\032[\320"
 1108      553509B1 
 1108      164CC341 
 1108      630B0E1A 
 1108      5BD0
 1109 0341 60615B85 	 .ascii "`a[\205\235\376\316z\026\355\203/SY\363\372\013\326"
 1109      9DFECE7A 
 1109      16ED832F 
 1109      5359F3FA 
 1109      0BD6
 1110 0353 04659A90 	 .ascii "\004e\232\220zN+S\325\331])\2132U+\326\250i\313E\235"
 1110      7A4E2B53 
 1110      D5D95D29 
 1110      8B32552B 
 1110      D6A869CB 
 1111 0369 2680B346 	 .ascii "&\200\263F\235\263F\235o-\354'Q\347\271\375\250\277"
 1111      9DB3469D 
 1111      6F2DEC27 
 1111      51E7B9FD 
 1111      A8BF
 1112 037b 74AD2E35 	 .ascii "t\255.5A\241\026\344\376\256\025\272\022\016u\245\210"
 1112      41A116E4 
 1112      FEAE15BA 
 1112      120E75A5 
 1112      88
 1113 038c 42A76385 	 .ascii "B\247c\205Z\000\316\033\205\316\033\205\"\214\325\320"
 1113      5A00CE1B 
ARM GAS   			page 44


 1113      85CE1B85 
 1113      228CD5D0 
 1114 039c 177F467F 	 .ascii "\027\177F\177\230\366\241N\303\355\276\367\325\260\370"
 1114      98F6A14E 
 1114      C3EDBEF7 
 1114      D5B0F8
 1115 03ab 7DB80066 	 .ascii "}\270\000f$\242\356\177\332\273\027\204\355\213\232"
 1115      24A2EE7F 
 1115      DABB1784 
 1115      ED8B9A
 1116 03ba ED8AF2EF 	 .ascii "\355\212\362\3576$\262\215\377\030\340\222f\373\366"
 1116      3624B28D 
 1116      FF18E092 
 1116      66FBF6
 1117 03c9 9E03DF58 	 .ascii "\236\003\337X\205\355\276\230\355\313\000m\206\3556"
 1117      85EDBE98 
 1117      EDCB006D 
 1117      86ED36
 1118 03d8 C3763363 	 .ascii "\303v3cM\302\316`\244\272Z\374\204\252w\2562\223\256"
 1118      4DC2CE60 
 1118      A4BA5AFC 
 1118      84AA77AE 
 1118      3293AE
 1119 03eb 1AA4AB06 	 .ascii "\032\244\253\006\351G\306.R\376\373\311\020\307\235"
 1119      E947C62E 
 1119      52FEFBC9 
 1119      10C79D
 1120 03fa 4D3C11D6 	 .ascii "M<\021\326-\346F\202E\374r\355(z\353x\317\231\3412\366"
 1120      2DE64682 
 1120      45FC72ED 
 1120      287AEB78 
 1120      CF99E132 
 1121 040f 7857AD5B 	 .ascii "xW\255[\231B\340/\200.T\371\023\020\217Mv\002t\360&"
 1121      9942E02F 
 1121      802E54F9 
 1121      13108F4D 
 1121      760274F0 
 1122 0424 3795B54C 	 .ascii "7\225\265L\026=^\327z\274\264\276|m\242o\340\006r\273"
 1122      163D5ED7 
 1122      7ABCB4BE 
 1122      7C6DA26F 
 1122      E00672BB 
 1123 0438 B51EAB2F 	 .ascii "\265\036\253/n?\224*\354\336\214\331\275\001\320n\330"
 1123      6E3F942A 
 1123      ECDE8CD9 
 1123      BD01D06E 
 1123      D8
 1124 0449 6D37EC6E 	 .ascii "m7\354nd\354\216\350\361f\325\323\007\032i\350\031R"
 1124      64EC8EE8 
 1124      F166D5D3 
 1124      071A69E8 
 1124      1952
 1125 045b 8F41EA31 	 .ascii "\217A\3521H\003\224=\026\244\326\315OOQ\303\014:\214"
 1125      4803943D 
 1125      16A4D6CD 
 1125      4F4F51C3 
 1125      0C3A8C
ARM GAS   			page 45


 1126 046e BAB9651C 	 .ascii "\272\271e\034?=\277\264\215\342\262w\277>\261zD\023"
 1126      3F3DBFB4 
 1126      8DE2B277 
 1126      BF3EB17A 
 1126      4413
 1127 0480 3FCE00B3 	 .ascii "?\316\000\263\320k\310\366\032\262\335\224\255e\234"
 1127      D06BC8F6 
 1127      1AB2DD94 
 1127      AD659C
 1128 048f 1359DB7A 	 .ascii "\023Y\333z\222\011/\273\326\030^\220\324g\220\372\014"
 1128      92092FBB 
 1128      D6185E90 
 1128      D46790FA 
 1128      0C
 1129 04a0 D2052AD6 	 .ascii "\322\005*\326Ub_\012\352\352\272\033M\222\334\361\237"
 1129      55625F0A 
 1129      EAEABA1B 
 1129      4D92DCF1 
 1129      9F
 1130 04b1 ABCA2A99 	 .ascii "\253\312*\231\266\031\251b3:\010\333\306\271\322\317"
 1130      B619A962 
 1130      333A08DB 
 1130      C6B9D2CF 
 1131 04c1 BD8D3549 	 .ascii "\275\2155I\343\306\215\032\327\251\252\221\003\025\345"
 1131      E3C68D1A 
 1131      D7A9AA91 
 1131      0315E5
 1132 04d0 E5EFD4AF 	 .ascii "\345\357\324\257PCxt\365\003\334\007\030\004]\215\300"
 1132      50437874 
 1132      F503DC07 
 1132      18045D8D 
 1132      C0
 1133 04e1 5D7E9944 	 .ascii "]~\231D\020W\275\245\374\023\035r\357\031\210\203\360"
 1133      1057BDA5 
 1133      FC131D72 
 1133      EF198883 
 1133      F0
 1134 04f2 E204ADAF 	 .ascii "\342\004\255\257T\325:\013\201\177\000\006xbP|\303\017"
 1134      54D53A0B 
 1134      817F0006 
 1134      7862507C 
 1134      C30F
 1135 0504 0122000F 	 .ascii "\001\"\000\017x7\\e\243\241\362\367s*\223\010\353\022"
 1135      78375C65 
 1135      A3A1F2F7 
 1135      732A9308 
 1135      EB12
 1136 0516 BD95EF3F 	 .ascii "\275\225\357?\322&\217\212W\204G\360\274&\242\273wG"
 1136      D2268F8A 
 1136      578447F0 
 1136      BC26A2BB 
 1136      7747
 1137 0528 1E4AA9E2 	 .ascii "\036J\251\342\373\252\254\267\300\343\230\350\023\216"
 1137      FBAAACB7 
 1137      C0E398E8 
 1137      138E
 1138 0536 90DC81A2 	 .ascii "\220\334\201\242\322)\343\213\210\354\361\007\202\336"
ARM GAS   			page 46


 1138      D229E38B 
 1138      88ECF107 
 1138      82DE
 1139 0544 A5E38BB2 	 .ascii "\245\343\213\262\210\234;-\307\225\353\235Q\354\013"
 1139      889C3B2D 
 1139      C795EB9D 
 1139      51EC0B
 1140 0553 3A0B7D0B 	 .ascii ":\013}\013\034\263r\347f9\363\246\276\277\324\225\037"
 1140      1CB372E7 
 1140      6639F3A6 
 1140      BEBFD495 
 1140      1F
 1141 0564 54E67803 	 .ascii "T\346x\003\276\222\002Wn\300W\352\0158\026\007<\246"
 1141      BE920257 
 1141      6EC057EA 
 1141      0D381607 
 1141      3CA6
 1142 0576 B4E2F64C 	 .ascii "\264\342\366L\360H\323g\177`\317\2314\205\274\021\227"
 1142      F048D367 
 1142      7F60CF99 
 1142      3485BC11 
 1142      97
 1143 0587 983071CA 	 .ascii "\2300q\312\202,\317\324\311n\222\347(\360\027y\035\245"
 1143      822CCFD4 
 1143      C96E92E7 
 1143      28F01779 
 1143      1DA5
 1144 0599 8E5CEFE2 	 .ascii "\216\\\357\342EA\177\211\343=_\361\"{\320o/\011\370"
 1144      45417F89 
 1144      E33D5FF1 
 1144      227BD06F 
 1144      2F09F8
 1145 05ac 3FF67A82 	 .ascii "?\366z\202\213\035nOp\211\273\320^\030?\377\221/P\350"
 1145      8B1D6E4F 
 1145      7089BBD0 
 1145      5E183FFF 
 1145      912F50E8 
 1146 05c0 2E56DCE3 	 .ascii ".V\334\343K\027{H\326\253\233#\022\357\215w\226\212"
 1146      4B177B48 
 1146      D6AB9B23 
 1146      12EF8D77 
 1146      968A
 1147 05d2 0F4ED75C 	 .ascii "\017N\327\\\357BW~\300\303_&E_\206sH\376\262b\217k\226"
 1147      EF42577E 
 1147      C0C35F26 
 1147      455F8673 
 1147      48FEB262 
 1148 05e9 5FF1A688 	 .ascii "_\361\246\210\024g\244\010\006\177\222\304\\N\221b\313"
 1148      1467A408 
 1148      067F92C4 
 1148      5C4E9162 
 1148      CB
 1149 05fa 5B52EC09 	 .ascii "[R\354\011\372\374\305\356\302\374\240;\350\225\004"
 1149      FAFCC5EE 
 1149      C2FCA03B 
 1149      E89504
 1150 0609 04139A60 	 .ascii "\004\023\232`\2767\230\353\016\272\245%\276\342`\226"
ARM GAS   			page 47


 1150      BE3798EB 
 1150      0EBAA525 
 1150      BEE26096 
 1151 0619 D3A5D7D4 	 .ascii "\323\245\327\324g5\310\364\330\2133\372\242\225\314"
 1151      6735C8F4 
 1151      D88B33FA 
 1151      A295CC
 1152 0628 9D366F1A 	 .ascii "\2356o\032\313\311\233\256\225\345o\357\362~sf\345\317"
 1152      CBC99BAE 
 1152      95E56FEF 
 1152      F27E7366 
 1152      E5CF
 1153 063a C8C76B16 	 .ascii "\310\307k\026.^\251\317\343\315_RR\202;\027k\324\341"
 1153      2E5EA9CF 
 1153      E3CD5F52 
 1153      52823B17 
 1153      6BD4E1
 1154 064d 2B8EB6BD 	 .ascii "+\216\266\275tB\001\261\341\243\213w4oY\2117\327\273"
 1154      744201B1 
 1154      E1A38B77 
 1154      346F5989 
 1154      37D7BB
 1155 0660 F05FC985 	 .ascii "\360_\311\205v\326"
 1155      76D6
 1156              	 .text
 1157              	 .section .gnu.lto_.symtab.1efeb6685f17eed6,"e",%progbits
 1158 0000 4441435F 	 .ascii "DAC_DeInit\000"
 1158      4465496E 
 1158      697400
 1159 000b 00       	 .ascii "\000"
 1160 000c 00       	 .ascii "\000"
 1161 000d 00       	 .ascii "\000"
 1162 000e 00000000 	 .ascii "\000\000\000\000\000\000\000\000"
 1162      00000000 
 1163 0016 BC000000 	 .ascii "\274\000\000\000"
 1164 001a 4441435F 	 .ascii "DAC_Init\000"
 1164      496E6974 
 1164      00
 1165 0023 00       	 .ascii "\000"
 1166 0024 00       	 .ascii "\000"
 1167 0025 00       	 .ascii "\000"
 1168 0026 00000000 	 .ascii "\000\000\000\000\000\000\000\000"
 1168      00000000 
 1169 002e CD000000 	 .ascii "\315\000\000\000"
 1170 0032 44414331 	 .ascii "DAC1_Init\000"
 1170      5F496E69 
 1170      7400
 1171 003c 00       	 .ascii "\000"
 1172 003d 00       	 .ascii "\000"
 1173 003e 00       	 .ascii "\000"
 1174 003f 00000000 	 .ascii "\000\000\000\000\000\000\000\000"
 1174      00000000 
 1175 0047 D1000000 	 .ascii "\321\000\000\000"
 1176 004b 44414332 	 .ascii "DAC2_Init\000"
 1176      5F496E69 
 1176      7400
 1177 0055 00       	 .ascii "\000"
ARM GAS   			page 48


 1178 0056 00       	 .ascii "\000"
 1179 0057 00       	 .ascii "\000"
 1180 0058 00000000 	 .ascii "\000\000\000\000\000\000\000\000"
 1180      00000000 
 1181 0060 D5000000 	 .ascii "\325\000\000\000"
 1182 0064 44414331 	 .ascii "DAC1_Cmd\000"
 1182      5F436D64 
 1182      00
 1183 006d 00       	 .ascii "\000"
 1184 006e 00       	 .ascii "\000"
 1185 006f 00       	 .ascii "\000"
 1186 0070 00000000 	 .ascii "\000\000\000\000\000\000\000\000"
 1186      00000000 
 1187 0078 DC000000 	 .ascii "\334\000\000\000"
 1188 007c 44414332 	 .ascii "DAC2_Cmd\000"
 1188      5F436D64 
 1188      00
 1189 0085 00       	 .ascii "\000"
 1190 0086 00       	 .ascii "\000"
 1191 0087 00       	 .ascii "\000"
 1192 0088 00000000 	 .ascii "\000\000\000\000\000\000\000\000"
 1192      00000000 
 1193 0090 DE000000 	 .ascii "\336\000\000\000"
 1194 0094 44414331 	 .ascii "DAC1_SetData\000"
 1194      5F536574 
 1194      44617461 
 1194      00
 1195 00a1 00       	 .ascii "\000"
 1196 00a2 00       	 .ascii "\000"
 1197 00a3 00       	 .ascii "\000"
 1198 00a4 00000000 	 .ascii "\000\000\000\000\000\000\000\000"
 1198      00000000 
 1199 00ac E8000000 	 .ascii "\350\000\000\000"
 1200 00b0 44414332 	 .ascii "DAC2_SetData\000"
 1200      5F536574 
 1200      44617461 
 1200      00
 1201 00bd 00       	 .ascii "\000"
 1202 00be 00       	 .ascii "\000"
 1203 00bf 00       	 .ascii "\000"
 1204 00c0 00000000 	 .ascii "\000\000\000\000\000\000\000\000"
 1204      00000000 
 1205 00c8 EA000000 	 .ascii "\352\000\000\000"
 1206 00cc 44414331 	 .ascii "DAC1_GetData\000"
 1206      5F476574 
 1206      44617461 
 1206      00
 1207 00d9 00       	 .ascii "\000"
 1208 00da 00       	 .ascii "\000"
 1209 00db 00       	 .ascii "\000"
 1210 00dc 00000000 	 .ascii "\000\000\000\000\000\000\000\000"
 1210      00000000 
 1211 00e4 ED000000 	 .ascii "\355\000\000\000"
 1212 00e8 44414332 	 .ascii "DAC2_GetData\000"
 1212      5F476574 
 1212      44617461 
 1212      00
ARM GAS   			page 49


 1213 00f5 00       	 .ascii "\000"
 1214 00f6 00       	 .ascii "\000"
 1215 00f7 00       	 .ascii "\000"
 1216 00f8 00000000 	 .ascii "\000\000\000\000\000\000\000\000"
 1216      00000000 
 1217 0100 EF000000 	 .ascii "\357\000\000\000"
 1218              	 .text
 1219              	 .section .gnu.lto_.ext_symtab.1efeb6685f17eed6,"e",%progbits
 1220 0000 01       	 .ascii "\001"
 1221 0001 01       	 .ascii "\001"
 1222 0002 00       	 .ascii "\000"
 1223 0003 01       	 .ascii "\001"
 1224 0004 00       	 .ascii "\000"
 1225 0005 01       	 .ascii "\001"
 1226 0006 00       	 .ascii "\000"
 1227 0007 01       	 .ascii "\001"
 1228 0008 00       	 .ascii "\000"
 1229 0009 01       	 .ascii "\001"
 1230 000a 00       	 .ascii "\000"
 1231 000b 01       	 .ascii "\001"
 1232 000c 00       	 .ascii "\000"
 1233 000d 01       	 .ascii "\001"
 1234 000e 00       	 .ascii "\000"
 1235 000f 01       	 .ascii "\001"
 1236 0010 00       	 .ascii "\000"
 1237 0011 01       	 .ascii "\001"
 1238 0012 00       	 .ascii "\000"
 1239 0013 01       	 .ascii "\001"
 1240 0014 00       	 .ascii "\000"
 1241              	 .text
 1242              	 .section .gnu.lto_.opts,"e",%progbits
 1243 0000 272D666E 	 .ascii "'-fno-openmp' '-fno-openacc' '-fno-pie' '-fcf-prote"
 1243      6F2D6F70 
 1243      656E6D70 
 1243      2720272D 
 1243      666E6F2D 
 1244 0033 6374696F 	 .ascii "ction=none' '-g' '-mcpu=cortex-m3' '-mthumb' '-mflo"
 1244      6E3D6E6F 
 1244      6E652720 
 1244      272D6727 
 1244      20272D6D 
 1245 0066 61742D61 	 .ascii "at-abi=soft' '-mlibarch=armv7-m' '-march=armv7-m' '"
 1245      62693D73 
 1245      6F667427 
 1245      20272D6D 
 1245      6C696261 
 1246 0099 2D4F6727 	 .ascii "-Og' '-fdata-sections' '-ffunction-sections' '-flto"
 1246      20272D66 
 1246      64617461 
 1246      2D736563 
 1246      74696F6E 
 1247 00cc 2720272D 	 .ascii "' '-Xassembler' '-a' '-Xassembler' '-ad' '-Xassembl"
 1247      58617373 
 1247      656D626C 
 1247      65722720 
 1247      272D6127 
 1248 00ff 65722720 	 .ascii "er' '-alms=build/MDR32F9Qx_dac.lst'\000"
ARM GAS   			page 50


 1248      272D616C 
 1248      6D733D62 
 1248      75696C64 
 1248      2F4D4452 
 1249              	 .text
 1250              	 .comm __gnu_lto_slim,1,1
 1251              	 .ident "GCC: (15:10.3-2021.07-4) 10.3.1 20210621 (release)"
ARM GAS   			page 51


DEFINED SYMBOLS
                            *ABS*:0000000000000000 MDR32F9Qx_dac.c
    {standard input}:20     .gnu.debuglto_.debug_info:0000000000000000 MDR32F9Qx_dac.c.07b3c96a
                            *COM*:0000000000000001 __gnu_lto_slim

NO UNDEFINED SYMBOLS
