ARM GAS   			page 1


   1              	 .cpu cortex-m3
   2              	 .eabi_attribute 20,1
   3              	 .eabi_attribute 21,1
   4              	 .eabi_attribute 23,3
   5              	 .eabi_attribute 24,1
   6              	 .eabi_attribute 25,1
   7              	 .eabi_attribute 26,1
   8              	 .eabi_attribute 30,1
   9              	 .eabi_attribute 34,1
  10              	 .eabi_attribute 18,4
  11              	 .file "system_MDR32F9Qx.c"
  12              	 .file 1 "/usr/lib/gcc/arm-none-eabi/10.3.1/include/stdint.h"
  13              	 .file 2 "lib/CMSIS/CM3/CoreSupport/core_cm3.h"
  14              	 .file 3 "lib/CMSIS/CM3/DeviceSupport/MDR32F9Qx/inc/MDR32Fx.h"
  15              	 .file 4 "lib/CMSIS/CM3/DeviceSupport/MDR32F9Qx/startup/gcc/system_MDR32F9Qx.c"
  16              	 .file 5 "lib/CMSIS/CM3/DeviceSupport/MDR32F9Qx/startup/gcc/system_MDR32F9Qx.h"
  17              	 .section .gnu.debuglto_.debug_info,"e",%progbits
  18              	.Ldebug_info0:
  19              	 .hidden system_MDR32F9Qx.c.6647a2ac
  20              	 .weak system_MDR32F9Qx.c.6647a2ac
  21              	system_MDR32F9Qx.c.6647a2ac:
  22 0000 96030000 	 .4byte 0x396
  23 0004 0200     	 .2byte 0x2
  24 0006 00000000 	 .4byte .Ldebug_abbrev0
  25 000a 04       	 .byte 0x4
  26 000b 01       	 .uleb128 0x1
  27 000c D6000000 	 .4byte .LASF44
  28 0010 0C       	 .byte 0xc
  29 0011 C2020000 	 .4byte .LASF45
  30 0015 90000000 	 .4byte .LASF46
  31 0019 00000000 	 .4byte .Ldebug_line0
  32 001d 02       	 .uleb128 0x2
  33 001e 01       	 .byte 0x1
  34 001f 06       	 .byte 0x6
  35 0020 6B010000 	 .4byte .LASF0
  36 0024 02       	 .uleb128 0x2
  37 0025 02       	 .byte 0x2
  38 0026 05       	 .byte 0x5
  39 0027 B7010000 	 .4byte .LASF1
  40 002b 02       	 .uleb128 0x2
  41 002c 04       	 .byte 0x4
  42 002d 05       	 .byte 0x5
  43 002e 8B020000 	 .4byte .LASF2
  44 0032 02       	 .uleb128 0x2
  45 0033 08       	 .byte 0x8
  46 0034 05       	 .byte 0x5
  47 0035 20020000 	 .4byte .LASF3
  48 0039 03       	 .uleb128 0x3
  49 003a 18020000 	 .4byte .LASF6
  50 003e 01       	 .byte 0x1
  51 003f 2E       	 .byte 0x2e
  52 0040 18       	 .byte 0x18
  53 0041 4A000000 	 .4byte 0x4a
  54 0045 04       	 .uleb128 0x4
  55 0046 39000000 	 .4byte 0x39
  56 004a 02       	 .uleb128 0x2
  57 004b 01       	 .byte 0x1
ARM GAS   			page 2


  58 004c 08       	 .byte 0x8
  59 004d 77010000 	 .4byte .LASF4
  60 0051 02       	 .uleb128 0x2
  61 0052 02       	 .byte 0x2
  62 0053 07       	 .byte 0x7
  63 0054 40000000 	 .4byte .LASF5
  64 0058 03       	 .uleb128 0x3
  65 0059 82020000 	 .4byte .LASF7
  66 005d 01       	 .byte 0x1
  67 005e 34       	 .byte 0x34
  68 005f 19       	 .byte 0x19
  69 0060 6E000000 	 .4byte 0x6e
  70 0064 04       	 .uleb128 0x4
  71 0065 58000000 	 .4byte 0x58
  72 0069 05       	 .uleb128 0x5
  73 006a 64000000 	 .4byte 0x64
  74 006e 02       	 .uleb128 0x2
  75 006f 04       	 .byte 0x4
  76 0070 07       	 .byte 0x7
  77 0071 85010000 	 .4byte .LASF8
  78 0075 02       	 .uleb128 0x2
  79 0076 08       	 .byte 0x8
  80 0077 07       	 .byte 0x7
  81 0078 E6010000 	 .4byte .LASF9
  82 007c 06       	 .uleb128 0x6
  83 007d 04       	 .byte 0x4
  84 007e 05       	 .byte 0x5
  85 007f 696E7400 	 .ascii "int\000"
  86 0083 02       	 .uleb128 0x2
  87 0084 04       	 .byte 0x4
  88 0085 07       	 .byte 0x7
  89 0086 D4010000 	 .4byte .LASF10
  90 008a 07       	 .uleb128 0x7
  91 008b 8C       	 .byte 0x8c
  92 008c 02       	 .byte 0x2
  93 008d 4C01     	 .2byte 0x14c
  94 008f 09       	 .byte 0x9
  95 0090 E6010000 	 .4byte 0x1e6
  96 0094 08       	 .uleb128 0x8
  97 0095 2E020000 	 .4byte .LASF11
  98 0099 02       	 .byte 0x2
  99 009a 4E01     	 .2byte 0x14e
 100 009c 11       	 .byte 0x11
 101 009d 69000000 	 .4byte 0x69
 102 00a1 02       	 .byte 0x2
 103 00a2 23       	 .byte 0x23
 104 00a3 00       	 .uleb128 0
 105 00a4 08       	 .uleb128 0x8
 106 00a5 B2010000 	 .4byte .LASF12
 107 00a9 02       	 .byte 0x2
 108 00aa 4F01     	 .2byte 0x14f
 109 00ac 11       	 .byte 0x11
 110 00ad 64000000 	 .4byte 0x64
 111 00b1 02       	 .byte 0x2
 112 00b2 23       	 .byte 0x23
 113 00b3 04       	 .uleb128 0x4
 114 00b4 08       	 .uleb128 0x8
ARM GAS   			page 3


 115 00b5 A8010000 	 .4byte .LASF13
 116 00b9 02       	 .byte 0x2
 117 00ba 5001     	 .2byte 0x150
 118 00bc 11       	 .byte 0x11
 119 00bd 64000000 	 .4byte 0x64
 120 00c1 02       	 .byte 0x2
 121 00c2 23       	 .byte 0x23
 122 00c3 08       	 .uleb128 0x8
 123 00c4 08       	 .uleb128 0x8
 124 00c5 08020000 	 .4byte .LASF14
 125 00c9 02       	 .byte 0x2
 126 00ca 5101     	 .2byte 0x151
 127 00cc 11       	 .byte 0x11
 128 00cd 64000000 	 .4byte 0x64
 129 00d1 02       	 .byte 0x2
 130 00d2 23       	 .byte 0x23
 131 00d3 0C       	 .uleb128 0xc
 132 00d4 09       	 .uleb128 0x9
 133 00d5 53435200 	 .ascii "SCR\000"
 134 00d9 02       	 .byte 0x2
 135 00da 5201     	 .2byte 0x152
 136 00dc 11       	 .byte 0x11
 137 00dd 64000000 	 .4byte 0x64
 138 00e1 02       	 .byte 0x2
 139 00e2 23       	 .byte 0x23
 140 00e3 10       	 .uleb128 0x10
 141 00e4 09       	 .uleb128 0x9
 142 00e5 43435200 	 .ascii "CCR\000"
 143 00e9 02       	 .byte 0x2
 144 00ea 5301     	 .2byte 0x153
 145 00ec 11       	 .byte 0x11
 146 00ed 64000000 	 .4byte 0x64
 147 00f1 02       	 .byte 0x2
 148 00f2 23       	 .byte 0x23
 149 00f3 14       	 .uleb128 0x14
 150 00f4 09       	 .uleb128 0x9
 151 00f5 53485000 	 .ascii "SHP\000"
 152 00f9 02       	 .byte 0x2
 153 00fa 5401     	 .2byte 0x154
 154 00fc 11       	 .byte 0x11
 155 00fd F6010000 	 .4byte 0x1f6
 156 0101 02       	 .byte 0x2
 157 0102 23       	 .byte 0x23
 158 0103 18       	 .uleb128 0x18
 159 0104 08       	 .uleb128 0x8
 160 0105 2F000000 	 .4byte .LASF15
 161 0109 02       	 .byte 0x2
 162 010a 5501     	 .2byte 0x155
 163 010c 11       	 .byte 0x11
 164 010d 64000000 	 .4byte 0x64
 165 0111 02       	 .byte 0x2
 166 0112 23       	 .byte 0x23
 167 0113 24       	 .uleb128 0x24
 168 0114 08       	 .uleb128 0x8
 169 0115 A3010000 	 .4byte .LASF16
 170 0119 02       	 .byte 0x2
 171 011a 5601     	 .2byte 0x156
ARM GAS   			page 4


 172 011c 11       	 .byte 0x11
 173 011d 64000000 	 .4byte 0x64
 174 0121 02       	 .byte 0x2
 175 0122 23       	 .byte 0x23
 176 0123 28       	 .uleb128 0x28
 177 0124 08       	 .uleb128 0x8
 178 0125 AD010000 	 .4byte .LASF17
 179 0129 02       	 .byte 0x2
 180 012a 5701     	 .2byte 0x157
 181 012c 11       	 .byte 0x11
 182 012d 64000000 	 .4byte 0x64
 183 0131 02       	 .byte 0x2
 184 0132 23       	 .byte 0x23
 185 0133 2C       	 .uleb128 0x2c
 186 0134 08       	 .uleb128 0x8
 187 0135 E1010000 	 .4byte .LASF18
 188 0139 02       	 .byte 0x2
 189 013a 5801     	 .2byte 0x158
 190 013c 11       	 .byte 0x11
 191 013d 64000000 	 .4byte 0x64
 192 0141 02       	 .byte 0x2
 193 0142 23       	 .byte 0x23
 194 0143 30       	 .uleb128 0x30
 195 0144 08       	 .uleb128 0x8
 196 0145 6F020000 	 .4byte .LASF19
 197 0149 02       	 .byte 0x2
 198 014a 5901     	 .2byte 0x159
 199 014c 11       	 .byte 0x11
 200 014d 64000000 	 .4byte 0x64
 201 0151 02       	 .byte 0x2
 202 0152 23       	 .byte 0x23
 203 0153 34       	 .uleb128 0x34
 204 0154 08       	 .uleb128 0x8
 205 0155 13020000 	 .4byte .LASF20
 206 0159 02       	 .byte 0x2
 207 015a 5A01     	 .2byte 0x15a
 208 015c 11       	 .byte 0x11
 209 015d 64000000 	 .4byte 0x64
 210 0161 02       	 .byte 0x2
 211 0162 23       	 .byte 0x23
 212 0163 38       	 .uleb128 0x38
 213 0164 08       	 .uleb128 0x8
 214 0165 6A020000 	 .4byte .LASF21
 215 0169 02       	 .byte 0x2
 216 016a 5B01     	 .2byte 0x15b
 217 016c 11       	 .byte 0x11
 218 016d 64000000 	 .4byte 0x64
 219 0171 02       	 .byte 0x2
 220 0172 23       	 .byte 0x23
 221 0173 3C       	 .uleb128 0x3c
 222 0174 09       	 .uleb128 0x9
 223 0175 50465200 	 .ascii "PFR\000"
 224 0179 02       	 .byte 0x2
 225 017a 5C01     	 .2byte 0x15c
 226 017c 11       	 .byte 0x11
 227 017d 10020000 	 .4byte 0x210
 228 0181 02       	 .byte 0x2
ARM GAS   			page 5


 229 0182 23       	 .byte 0x23
 230 0183 40       	 .uleb128 0x40
 231 0184 09       	 .uleb128 0x9
 232 0185 44465200 	 .ascii "DFR\000"
 233 0189 02       	 .byte 0x2
 234 018a 5D01     	 .2byte 0x15d
 235 018c 11       	 .byte 0x11
 236 018d 69000000 	 .4byte 0x69
 237 0191 02       	 .byte 0x2
 238 0192 23       	 .byte 0x23
 239 0193 48       	 .uleb128 0x48
 240 0194 09       	 .uleb128 0x9
 241 0195 41445200 	 .ascii "ADR\000"
 242 0199 02       	 .byte 0x2
 243 019a 5E01     	 .2byte 0x15e
 244 019c 11       	 .byte 0x11
 245 019d 69000000 	 .4byte 0x69
 246 01a1 02       	 .byte 0x2
 247 01a2 23       	 .byte 0x23
 248 01a3 4C       	 .uleb128 0x4c
 249 01a4 08       	 .uleb128 0x8
 250 01a5 2A000000 	 .4byte .LASF22
 251 01a9 02       	 .byte 0x2
 252 01aa 5F01     	 .2byte 0x15f
 253 01ac 11       	 .byte 0x11
 254 01ad 2A020000 	 .4byte 0x22a
 255 01b1 02       	 .byte 0x2
 256 01b2 23       	 .byte 0x23
 257 01b3 50       	 .uleb128 0x50
 258 01b4 08       	 .uleb128 0x8
 259 01b5 0E020000 	 .4byte .LASF23
 260 01b9 02       	 .byte 0x2
 261 01ba 6001     	 .2byte 0x160
 262 01bc 11       	 .byte 0x11
 263 01bd 44020000 	 .4byte 0x244
 264 01c1 02       	 .byte 0x2
 265 01c2 23       	 .byte 0x23
 266 01c3 60       	 .uleb128 0x60
 267 01c4 08       	 .uleb128 0x8
 268 01c5 A2020000 	 .4byte .LASF24
 269 01c9 02       	 .byte 0x2
 270 01ca 6101     	 .2byte 0x161
 271 01cc 11       	 .byte 0x11
 272 01cd 49020000 	 .4byte 0x249
 273 01d1 02       	 .byte 0x2
 274 01d2 23       	 .byte 0x23
 275 01d3 74       	 .uleb128 0x74
 276 01d4 08       	 .uleb128 0x8
 277 01d5 34020000 	 .4byte .LASF25
 278 01d9 02       	 .byte 0x2
 279 01da 6201     	 .2byte 0x162
 280 01dc 11       	 .byte 0x11
 281 01dd 64000000 	 .4byte 0x64
 282 01e1 03       	 .byte 0x3
 283 01e2 23       	 .byte 0x23
 284 01e3 8801     	 .uleb128 0x88
 285 01e5 00       	 .byte 0
ARM GAS   			page 6


 286 01e6 0A       	 .uleb128 0xa
 287 01e7 45000000 	 .4byte 0x45
 288 01eb F6010000 	 .4byte 0x1f6
 289 01ef 0B       	 .uleb128 0xb
 290 01f0 83000000 	 .4byte 0x83
 291 01f4 0B       	 .byte 0xb
 292 01f5 00       	 .byte 0
 293 01f6 04       	 .uleb128 0x4
 294 01f7 E6010000 	 .4byte 0x1e6
 295 01fb 0A       	 .uleb128 0xa
 296 01fc 69000000 	 .4byte 0x69
 297 0200 0B020000 	 .4byte 0x20b
 298 0204 0B       	 .uleb128 0xb
 299 0205 83000000 	 .4byte 0x83
 300 0209 01       	 .byte 0x1
 301 020a 00       	 .byte 0
 302 020b 05       	 .uleb128 0x5
 303 020c FB010000 	 .4byte 0x1fb
 304 0210 04       	 .uleb128 0x4
 305 0211 0B020000 	 .4byte 0x20b
 306 0215 0A       	 .uleb128 0xa
 307 0216 69000000 	 .4byte 0x69
 308 021a 25020000 	 .4byte 0x225
 309 021e 0B       	 .uleb128 0xb
 310 021f 83000000 	 .4byte 0x83
 311 0223 03       	 .byte 0x3
 312 0224 00       	 .byte 0
 313 0225 05       	 .uleb128 0x5
 314 0226 15020000 	 .4byte 0x215
 315 022a 04       	 .uleb128 0x4
 316 022b 25020000 	 .4byte 0x225
 317 022f 0A       	 .uleb128 0xa
 318 0230 69000000 	 .4byte 0x69
 319 0234 3F020000 	 .4byte 0x23f
 320 0238 0B       	 .uleb128 0xb
 321 0239 83000000 	 .4byte 0x83
 322 023d 04       	 .byte 0x4
 323 023e 00       	 .byte 0
 324 023f 05       	 .uleb128 0x5
 325 0240 2F020000 	 .4byte 0x22f
 326 0244 04       	 .uleb128 0x4
 327 0245 3F020000 	 .4byte 0x23f
 328 0249 0A       	 .uleb128 0xa
 329 024a 58000000 	 .4byte 0x58
 330 024e 59020000 	 .4byte 0x259
 331 0252 0B       	 .uleb128 0xb
 332 0253 83000000 	 .4byte 0x83
 333 0257 04       	 .byte 0x4
 334 0258 00       	 .byte 0
 335 0259 0C       	 .uleb128 0xc
 336 025a CB010000 	 .4byte .LASF26
 337 025e 02       	 .byte 0x2
 338 025f 6301     	 .2byte 0x163
 339 0261 03       	 .byte 0x3
 340 0262 8A000000 	 .4byte 0x8a
 341 0266 0D       	 .uleb128 0xd
 342 0267 3A020000 	 .4byte .LASF47
ARM GAS   			page 7


 343 026b 05       	 .byte 0x5
 344 026c 2B       	 .byte 0x2b
 345 026d 11       	 .byte 0x11
 346 026e 58000000 	 .4byte 0x58
 347 0272 01       	 .byte 0x1
 348 0273 01       	 .byte 0x1
 349 0274 07       	 .uleb128 0x7
 350 0275 30       	 .byte 0x30
 351 0276 03       	 .byte 0x3
 352 0277 2C03     	 .2byte 0x32c
 353 0279 09       	 .byte 0x9
 354 027a 3F030000 	 .4byte 0x33f
 355 027e 08       	 .uleb128 0x8
 356 027f 75020000 	 .4byte .LASF27
 357 0283 03       	 .byte 0x3
 358 0284 2E03     	 .2byte 0x32e
 359 0286 11       	 .byte 0x11
 360 0287 64000000 	 .4byte 0x64
 361 028b 02       	 .byte 0x2
 362 028c 23       	 .byte 0x23
 363 028d 00       	 .uleb128 0
 364 028e 08       	 .uleb128 0x8
 365 028f 1E000000 	 .4byte .LASF28
 366 0293 03       	 .byte 0x3
 367 0294 2F03     	 .2byte 0x32f
 368 0296 11       	 .byte 0x11
 369 0297 64000000 	 .4byte 0x64
 370 029b 02       	 .byte 0x2
 371 029c 23       	 .byte 0x23
 372 029d 04       	 .uleb128 0x4
 373 029e 08       	 .uleb128 0x8
 374 029f 85000000 	 .4byte .LASF29
 375 02a3 03       	 .byte 0x3
 376 02a4 3003     	 .2byte 0x330
 377 02a6 11       	 .byte 0x11
 378 02a7 64000000 	 .4byte 0x64
 379 02ab 02       	 .byte 0x2
 380 02ac 23       	 .byte 0x23
 381 02ad 08       	 .uleb128 0x8
 382 02ae 08       	 .uleb128 0x8
 383 02af 0C000000 	 .4byte .LASF30
 384 02b3 03       	 .byte 0x3
 385 02b4 3103     	 .2byte 0x331
 386 02b6 11       	 .byte 0x11
 387 02b7 64000000 	 .4byte 0x64
 388 02bb 02       	 .byte 0x2
 389 02bc 23       	 .byte 0x23
 390 02bd 0C       	 .uleb128 0xc
 391 02be 08       	 .uleb128 0x8
 392 02bf 60020000 	 .4byte .LASF31
 393 02c3 03       	 .byte 0x3
 394 02c4 3203     	 .2byte 0x332
 395 02c6 11       	 .byte 0x11
 396 02c7 64000000 	 .4byte 0x64
 397 02cb 02       	 .byte 0x2
 398 02cc 23       	 .byte 0x23
 399 02cd 10       	 .uleb128 0x10
ARM GAS   			page 8


 400 02ce 08       	 .uleb128 0x8
 401 02cf 94020000 	 .4byte .LASF32
 402 02d3 03       	 .byte 0x3
 403 02d4 3303     	 .2byte 0x333
 404 02d6 11       	 .byte 0x11
 405 02d7 64000000 	 .4byte 0x64
 406 02db 02       	 .byte 0x2
 407 02dc 23       	 .byte 0x23
 408 02dd 14       	 .uleb128 0x14
 409 02de 08       	 .uleb128 0x8
 410 02df C1010000 	 .4byte .LASF33
 411 02e3 03       	 .byte 0x3
 412 02e4 3403     	 .2byte 0x334
 413 02e6 11       	 .byte 0x11
 414 02e7 64000000 	 .4byte 0x64
 415 02eb 02       	 .byte 0x2
 416 02ec 23       	 .byte 0x23
 417 02ed 18       	 .uleb128 0x18
 418 02ee 08       	 .uleb128 0x8
 419 02ef AC020000 	 .4byte .LASF34
 420 02f3 03       	 .byte 0x3
 421 02f4 3503     	 .2byte 0x335
 422 02f6 11       	 .byte 0x11
 423 02f7 64000000 	 .4byte 0x64
 424 02fb 02       	 .byte 0x2
 425 02fc 23       	 .byte 0x23
 426 02fd 1C       	 .uleb128 0x1c
 427 02fe 08       	 .uleb128 0x8
 428 02ff 7B000000 	 .4byte .LASF35
 429 0303 03       	 .byte 0x3
 430 0304 3603     	 .2byte 0x336
 431 0306 11       	 .byte 0x11
 432 0307 64000000 	 .4byte 0x64
 433 030b 02       	 .byte 0x2
 434 030c 23       	 .byte 0x23
 435 030d 20       	 .uleb128 0x20
 436 030e 08       	 .uleb128 0x8
 437 030f 53000000 	 .4byte .LASF36
 438 0313 03       	 .byte 0x3
 439 0314 3703     	 .2byte 0x337
 440 0316 11       	 .byte 0x11
 441 0317 64000000 	 .4byte 0x64
 442 031b 02       	 .byte 0x2
 443 031c 23       	 .byte 0x23
 444 031d 24       	 .uleb128 0x24
 445 031e 08       	 .uleb128 0x8
 446 031f FD010000 	 .4byte .LASF37
 447 0323 03       	 .byte 0x3
 448 0324 3803     	 .2byte 0x338
 449 0326 11       	 .byte 0x11
 450 0327 64000000 	 .4byte 0x64
 451 032b 02       	 .byte 0x2
 452 032c 23       	 .byte 0x23
 453 032d 28       	 .uleb128 0x28
 454 032e 08       	 .uleb128 0x8
 455 032f 71000000 	 .4byte .LASF38
 456 0333 03       	 .byte 0x3
ARM GAS   			page 9


 457 0334 3903     	 .2byte 0x339
 458 0336 11       	 .byte 0x11
 459 0337 64000000 	 .4byte 0x64
 460 033b 02       	 .byte 0x2
 461 033c 23       	 .byte 0x23
 462 033d 2C       	 .uleb128 0x2c
 463 033e 00       	 .byte 0
 464 033f 0C       	 .uleb128 0xc
 465 0340 5D000000 	 .4byte .LASF39
 466 0344 03       	 .byte 0x3
 467 0345 3A03     	 .2byte 0x33a
 468 0347 02       	 .byte 0x2
 469 0348 74020000 	 .4byte 0x274
 470 034c 0E       	 .uleb128 0xe
 471 034d 66020000 	 .4byte 0x266
 472 0351 04       	 .byte 0x4
 473 0352 34       	 .byte 0x34
 474 0353 0C       	 .byte 0xc
 475 0354 0F       	 .uleb128 0xf
 476 0355 01       	 .byte 0x1
 477 0356 35000000 	 .4byte .LASF48
 478 035a 04       	 .byte 0x4
 479 035b 83       	 .byte 0x83
 480 035c 06       	 .byte 0x6
 481 035d 01       	 .byte 0x1
 482 035e 10       	 .uleb128 0x10
 483 035f 01       	 .byte 0x1
 484 0360 4A020000 	 .4byte .LASF49
 485 0364 04       	 .byte 0x4
 486 0365 43       	 .byte 0x43
 487 0366 06       	 .byte 0x6
 488 0367 01       	 .byte 0x1
 489 0368 11       	 .uleb128 0x11
 490 0369 97010000 	 .4byte .LASF40
 491 036d 04       	 .byte 0x4
 492 036e 45       	 .byte 0x45
 493 036f 0C       	 .byte 0xc
 494 0370 58000000 	 .4byte 0x58
 495 0374 11       	 .uleb128 0x11
 496 0375 00000000 	 .4byte .LASF41
 497 0379 04       	 .byte 0x4
 498 037a 45       	 .byte 0x45
 499 037b 19       	 .byte 0x19
 500 037c 58000000 	 .4byte 0x58
 501 0380 11       	 .uleb128 0x11
 502 0381 B6020000 	 .4byte .LASF42
 503 0385 04       	 .byte 0x4
 504 0386 45       	 .byte 0x45
 505 0387 26       	 .byte 0x26
 506 0388 58000000 	 .4byte 0x58
 507 038c 11       	 .uleb128 0x11
 508 038d 16000000 	 .4byte .LASF43
 509 0391 04       	 .byte 0x4
 510 0392 46       	 .byte 0x46
 511 0393 0C       	 .byte 0xc
 512 0394 58000000 	 .4byte 0x58
 513 0398 00       	 .byte 0
ARM GAS   			page 10


 514 0399 00       	 .byte 0
 515              	 .section .gnu.debuglto_.debug_abbrev,"e",%progbits
 516              	.Ldebug_abbrev0:
 517 0000 01       	 .uleb128 0x1
 518 0001 11       	 .uleb128 0x11
 519 0002 01       	 .byte 0x1
 520 0003 25       	 .uleb128 0x25
 521 0004 0E       	 .uleb128 0xe
 522 0005 13       	 .uleb128 0x13
 523 0006 0B       	 .uleb128 0xb
 524 0007 03       	 .uleb128 0x3
 525 0008 0E       	 .uleb128 0xe
 526 0009 1B       	 .uleb128 0x1b
 527 000a 0E       	 .uleb128 0xe
 528 000b 10       	 .uleb128 0x10
 529 000c 06       	 .uleb128 0x6
 530 000d 00       	 .byte 0
 531 000e 00       	 .byte 0
 532 000f 02       	 .uleb128 0x2
 533 0010 24       	 .uleb128 0x24
 534 0011 00       	 .byte 0
 535 0012 0B       	 .uleb128 0xb
 536 0013 0B       	 .uleb128 0xb
 537 0014 3E       	 .uleb128 0x3e
 538 0015 0B       	 .uleb128 0xb
 539 0016 03       	 .uleb128 0x3
 540 0017 0E       	 .uleb128 0xe
 541 0018 00       	 .byte 0
 542 0019 00       	 .byte 0
 543 001a 03       	 .uleb128 0x3
 544 001b 16       	 .uleb128 0x16
 545 001c 00       	 .byte 0
 546 001d 03       	 .uleb128 0x3
 547 001e 0E       	 .uleb128 0xe
 548 001f 3A       	 .uleb128 0x3a
 549 0020 0B       	 .uleb128 0xb
 550 0021 3B       	 .uleb128 0x3b
 551 0022 0B       	 .uleb128 0xb
 552 0023 39       	 .uleb128 0x39
 553 0024 0B       	 .uleb128 0xb
 554 0025 49       	 .uleb128 0x49
 555 0026 13       	 .uleb128 0x13
 556 0027 00       	 .byte 0
 557 0028 00       	 .byte 0
 558 0029 04       	 .uleb128 0x4
 559 002a 35       	 .uleb128 0x35
 560 002b 00       	 .byte 0
 561 002c 49       	 .uleb128 0x49
 562 002d 13       	 .uleb128 0x13
 563 002e 00       	 .byte 0
 564 002f 00       	 .byte 0
 565 0030 05       	 .uleb128 0x5
 566 0031 26       	 .uleb128 0x26
 567 0032 00       	 .byte 0
 568 0033 49       	 .uleb128 0x49
 569 0034 13       	 .uleb128 0x13
 570 0035 00       	 .byte 0
ARM GAS   			page 11


 571 0036 00       	 .byte 0
 572 0037 06       	 .uleb128 0x6
 573 0038 24       	 .uleb128 0x24
 574 0039 00       	 .byte 0
 575 003a 0B       	 .uleb128 0xb
 576 003b 0B       	 .uleb128 0xb
 577 003c 3E       	 .uleb128 0x3e
 578 003d 0B       	 .uleb128 0xb
 579 003e 03       	 .uleb128 0x3
 580 003f 08       	 .uleb128 0x8
 581 0040 00       	 .byte 0
 582 0041 00       	 .byte 0
 583 0042 07       	 .uleb128 0x7
 584 0043 13       	 .uleb128 0x13
 585 0044 01       	 .byte 0x1
 586 0045 0B       	 .uleb128 0xb
 587 0046 0B       	 .uleb128 0xb
 588 0047 3A       	 .uleb128 0x3a
 589 0048 0B       	 .uleb128 0xb
 590 0049 3B       	 .uleb128 0x3b
 591 004a 05       	 .uleb128 0x5
 592 004b 39       	 .uleb128 0x39
 593 004c 0B       	 .uleb128 0xb
 594 004d 01       	 .uleb128 0x1
 595 004e 13       	 .uleb128 0x13
 596 004f 00       	 .byte 0
 597 0050 00       	 .byte 0
 598 0051 08       	 .uleb128 0x8
 599 0052 0D       	 .uleb128 0xd
 600 0053 00       	 .byte 0
 601 0054 03       	 .uleb128 0x3
 602 0055 0E       	 .uleb128 0xe
 603 0056 3A       	 .uleb128 0x3a
 604 0057 0B       	 .uleb128 0xb
 605 0058 3B       	 .uleb128 0x3b
 606 0059 05       	 .uleb128 0x5
 607 005a 39       	 .uleb128 0x39
 608 005b 0B       	 .uleb128 0xb
 609 005c 49       	 .uleb128 0x49
 610 005d 13       	 .uleb128 0x13
 611 005e 38       	 .uleb128 0x38
 612 005f 0A       	 .uleb128 0xa
 613 0060 00       	 .byte 0
 614 0061 00       	 .byte 0
 615 0062 09       	 .uleb128 0x9
 616 0063 0D       	 .uleb128 0xd
 617 0064 00       	 .byte 0
 618 0065 03       	 .uleb128 0x3
 619 0066 08       	 .uleb128 0x8
 620 0067 3A       	 .uleb128 0x3a
 621 0068 0B       	 .uleb128 0xb
 622 0069 3B       	 .uleb128 0x3b
 623 006a 05       	 .uleb128 0x5
 624 006b 39       	 .uleb128 0x39
 625 006c 0B       	 .uleb128 0xb
 626 006d 49       	 .uleb128 0x49
 627 006e 13       	 .uleb128 0x13
ARM GAS   			page 12


 628 006f 38       	 .uleb128 0x38
 629 0070 0A       	 .uleb128 0xa
 630 0071 00       	 .byte 0
 631 0072 00       	 .byte 0
 632 0073 0A       	 .uleb128 0xa
 633 0074 01       	 .uleb128 0x1
 634 0075 01       	 .byte 0x1
 635 0076 49       	 .uleb128 0x49
 636 0077 13       	 .uleb128 0x13
 637 0078 01       	 .uleb128 0x1
 638 0079 13       	 .uleb128 0x13
 639 007a 00       	 .byte 0
 640 007b 00       	 .byte 0
 641 007c 0B       	 .uleb128 0xb
 642 007d 21       	 .uleb128 0x21
 643 007e 00       	 .byte 0
 644 007f 49       	 .uleb128 0x49
 645 0080 13       	 .uleb128 0x13
 646 0081 2F       	 .uleb128 0x2f
 647 0082 0B       	 .uleb128 0xb
 648 0083 00       	 .byte 0
 649 0084 00       	 .byte 0
 650 0085 0C       	 .uleb128 0xc
 651 0086 16       	 .uleb128 0x16
 652 0087 00       	 .byte 0
 653 0088 03       	 .uleb128 0x3
 654 0089 0E       	 .uleb128 0xe
 655 008a 3A       	 .uleb128 0x3a
 656 008b 0B       	 .uleb128 0xb
 657 008c 3B       	 .uleb128 0x3b
 658 008d 05       	 .uleb128 0x5
 659 008e 39       	 .uleb128 0x39
 660 008f 0B       	 .uleb128 0xb
 661 0090 49       	 .uleb128 0x49
 662 0091 13       	 .uleb128 0x13
 663 0092 00       	 .byte 0
 664 0093 00       	 .byte 0
 665 0094 0D       	 .uleb128 0xd
 666 0095 34       	 .uleb128 0x34
 667 0096 00       	 .byte 0
 668 0097 03       	 .uleb128 0x3
 669 0098 0E       	 .uleb128 0xe
 670 0099 3A       	 .uleb128 0x3a
 671 009a 0B       	 .uleb128 0xb
 672 009b 3B       	 .uleb128 0x3b
 673 009c 0B       	 .uleb128 0xb
 674 009d 39       	 .uleb128 0x39
 675 009e 0B       	 .uleb128 0xb
 676 009f 49       	 .uleb128 0x49
 677 00a0 13       	 .uleb128 0x13
 678 00a1 3F       	 .uleb128 0x3f
 679 00a2 0C       	 .uleb128 0xc
 680 00a3 3C       	 .uleb128 0x3c
 681 00a4 0C       	 .uleb128 0xc
 682 00a5 00       	 .byte 0
 683 00a6 00       	 .byte 0
 684 00a7 0E       	 .uleb128 0xe
ARM GAS   			page 13


 685 00a8 34       	 .uleb128 0x34
 686 00a9 00       	 .byte 0
 687 00aa 47       	 .uleb128 0x47
 688 00ab 13       	 .uleb128 0x13
 689 00ac 3A       	 .uleb128 0x3a
 690 00ad 0B       	 .uleb128 0xb
 691 00ae 3B       	 .uleb128 0x3b
 692 00af 0B       	 .uleb128 0xb
 693 00b0 39       	 .uleb128 0x39
 694 00b1 0B       	 .uleb128 0xb
 695 00b2 00       	 .byte 0
 696 00b3 00       	 .byte 0
 697 00b4 0F       	 .uleb128 0xf
 698 00b5 2E       	 .uleb128 0x2e
 699 00b6 00       	 .byte 0
 700 00b7 3F       	 .uleb128 0x3f
 701 00b8 0C       	 .uleb128 0xc
 702 00b9 03       	 .uleb128 0x3
 703 00ba 0E       	 .uleb128 0xe
 704 00bb 3A       	 .uleb128 0x3a
 705 00bc 0B       	 .uleb128 0xb
 706 00bd 3B       	 .uleb128 0x3b
 707 00be 0B       	 .uleb128 0xb
 708 00bf 39       	 .uleb128 0x39
 709 00c0 0B       	 .uleb128 0xb
 710 00c1 27       	 .uleb128 0x27
 711 00c2 0C       	 .uleb128 0xc
 712 00c3 00       	 .byte 0
 713 00c4 00       	 .byte 0
 714 00c5 10       	 .uleb128 0x10
 715 00c6 2E       	 .uleb128 0x2e
 716 00c7 01       	 .byte 0x1
 717 00c8 3F       	 .uleb128 0x3f
 718 00c9 0C       	 .uleb128 0xc
 719 00ca 03       	 .uleb128 0x3
 720 00cb 0E       	 .uleb128 0xe
 721 00cc 3A       	 .uleb128 0x3a
 722 00cd 0B       	 .uleb128 0xb
 723 00ce 3B       	 .uleb128 0x3b
 724 00cf 0B       	 .uleb128 0xb
 725 00d0 39       	 .uleb128 0x39
 726 00d1 0B       	 .uleb128 0xb
 727 00d2 27       	 .uleb128 0x27
 728 00d3 0C       	 .uleb128 0xc
 729 00d4 00       	 .byte 0
 730 00d5 00       	 .byte 0
 731 00d6 11       	 .uleb128 0x11
 732 00d7 34       	 .uleb128 0x34
 733 00d8 00       	 .byte 0
 734 00d9 03       	 .uleb128 0x3
 735 00da 0E       	 .uleb128 0xe
 736 00db 3A       	 .uleb128 0x3a
 737 00dc 0B       	 .uleb128 0xb
 738 00dd 3B       	 .uleb128 0x3b
 739 00de 0B       	 .uleb128 0xb
 740 00df 39       	 .uleb128 0x39
 741 00e0 0B       	 .uleb128 0xb
ARM GAS   			page 14


 742 00e1 49       	 .uleb128 0x49
 743 00e2 13       	 .uleb128 0x13
 744 00e3 00       	 .byte 0
 745 00e4 00       	 .byte 0
 746 00e5 00       	 .byte 0
 747              	 .section .gnu.debuglto_.debug_line,"e",%progbits
 748              	.Ldebug_line0:
 749 0000 0C010000 	 .4byte .LELT0-.LSLT0
 750              	.LSLT0:
 751 0004 0200     	 .2byte 0x2
 752 0006 06010000 	 .4byte .LELTP0-.LASLTP0
 753              	.LASLTP0:
 754 000a 01       	 .byte 0x1
 755 000b 01       	 .byte 0x1
 756 000c F6       	 .byte 0xf6
 757 000d F2       	 .byte 0xf2
 758 000e 0D       	 .byte 0xd
 759 000f 00       	 .byte 0
 760 0010 01       	 .byte 0x1
 761 0011 01       	 .byte 0x1
 762 0012 01       	 .byte 0x1
 763 0013 01       	 .byte 0x1
 764 0014 00       	 .byte 0
 765 0015 00       	 .byte 0
 766 0016 00       	 .byte 0
 767 0017 01       	 .byte 0x1
 768 0018 00       	 .byte 0
 769 0019 00       	 .byte 0
 770 001a 01       	 .byte 0x1
 771 001b 6C69622F 	 .ascii "lib/CMSIS/CM3/CoreSupport"
 771      434D5349 
 771      532F434D 
 771      332F436F 
 771      72655375 
 772 0034 00       	 .byte 0
 773 0035 6C69622F 	 .ascii "lib/CMSIS/CM3/DeviceSupport/MDR32F9Qx/inc"
 773      434D5349 
 773      532F434D 
 773      332F4465 
 773      76696365 
 774 005e 00       	 .byte 0
 775 005f 6C69622F 	 .ascii "lib/CMSIS/CM3/DeviceSupport/MDR32F9Qx/startup/gcc"
 775      434D5349 
 775      532F434D 
 775      332F4465 
 775      76696365 
 776 0090 00       	 .byte 0
 777 0091 2F757372 	 .ascii "/usr/lib/gcc/arm-none-eabi/10.3.1/include"
 777      2F6C6962 
 777      2F676363 
 777      2F61726D 
 777      2D6E6F6E 
 778 00ba 00       	 .byte 0
 779 00bb 00       	 .byte 0
 780 00bc 73746469 	 .ascii "stdint.h\000"
 780      6E742E68 
 780      00
ARM GAS   			page 15


 781 00c5 04       	 .uleb128 0x4
 782 00c6 00       	 .uleb128 0
 783 00c7 00       	 .uleb128 0
 784 00c8 636F7265 	 .ascii "core_cm3.h\000"
 784      5F636D33 
 784      2E6800
 785 00d3 01       	 .uleb128 0x1
 786 00d4 00       	 .uleb128 0
 787 00d5 00       	 .uleb128 0
 788 00d6 4D445233 	 .ascii "MDR32Fx.h\000"
 788      3246782E 
 788      6800
 789 00e0 02       	 .uleb128 0x2
 790 00e1 00       	 .uleb128 0
 791 00e2 00       	 .uleb128 0
 792 00e3 73797374 	 .ascii "system_MDR32F9Qx.c\000"
 792      656D5F4D 
 792      44523332 
 792      46395178 
 792      2E6300
 793 00f6 03       	 .uleb128 0x3
 794 00f7 00       	 .uleb128 0
 795 00f8 00       	 .uleb128 0
 796 00f9 73797374 	 .ascii "system_MDR32F9Qx.h\000"
 796      656D5F4D 
 796      44523332 
 796      46395178 
 796      2E6800
 797 010c 03       	 .uleb128 0x3
 798 010d 00       	 .uleb128 0
 799 010e 00       	 .uleb128 0
 800 010f 00       	 .byte 0
 801              	.LELTP0:
 802              	.LELT0:
 803              	 .section .gnu.debuglto_.debug_str,"eMS",%progbits,1
 804              	.LASF41:
 805 0000 6370755F 	 .ascii "cpu_c2_freq\000"
 805      63325F66 
 805      72657100 
 806              	.LASF30:
 807 000c 4350555F 	 .ascii "CPU_CLOCK\000"
 807      434C4F43 
 807      4B00
 808              	.LASF43:
 809 0016 706C6C5F 	 .ascii "pll_mul\000"
 809      6D756C00 
 810              	.LASF28:
 811 001e 504C4C5F 	 .ascii "PLL_CONTROL\000"
 811      434F4E54 
 811      524F4C00 
 812              	.LASF22:
 813 002a 4D4D4652 	 .ascii "MMFR\000"
 813      00
 814              	.LASF15:
 815 002f 53484353 	 .ascii "SHCSR\000"
 815      5200
 816              	.LASF48:
ARM GAS   			page 16


 817 0035 53797374 	 .ascii "SystemInit\000"
 817      656D496E 
 817      697400
 818              	.LASF5:
 819 0040 73686F72 	 .ascii "short unsigned int\000"
 819      7420756E 
 819      7369676E 
 819      65642069 
 819      6E7400
 820              	.LASF36:
 821 0053 54494D5F 	 .ascii "TIM_CLOCK\000"
 821      434C4F43 
 821      4B00
 822              	.LASF39:
 823 005d 4D44525F 	 .ascii "MDR_RST_CLK_TypeDef\000"
 823      5253545F 
 823      434C4B5F 
 823      54797065 
 823      44656600 
 824              	.LASF38:
 825 0071 5353505F 	 .ascii "SSP_CLOCK\000"
 825      434C4F43 
 825      4B00
 826              	.LASF35:
 827 007b 43414E5F 	 .ascii "CAN_CLOCK\000"
 827      434C4F43 
 827      4B00
 828              	.LASF29:
 829 0085 48535F43 	 .ascii "HS_CONTROL\000"
 829      4F4E5452 
 829      4F4C00
 830              	.LASF46:
 831 0090 2F686F6D 	 .ascii "/home/v/Desktop/Link to projects/actual link to pro"
 831      652F762F 
 831      4465736B 
 831      746F702F 
 831      4C696E6B 
 832 00c3 6A656374 	 .ascii "jects/girlanda-vsc\000"
 832      732F6769 
 832      726C616E 
 832      64612D76 
 832      736300
 833              	.LASF44:
 834 00d6 474E5520 	 .ascii "GNU C17 10.3.1 20210621 (release) -mcpu=cortex-m3 -"
 834      43313720 
 834      31302E33 
 834      2E312032 
 834      30323130 
 835 0109 6D746875 	 .ascii "mthumb -mfloat-abi=soft -march=armv7-m -g -gdwarf-2"
 835      6D62202D 
 835      6D666C6F 
 835      61742D61 
 835      62693D73 
 836 013c 202D4F67 	 .ascii " -Og -fdata-sections -ffunction-sections -flto\000"
 836      202D6664 
 836      6174612D 
 836      73656374 
ARM GAS   			page 17


 836      696F6E73 
 837              	.LASF0:
 838 016b 7369676E 	 .ascii "signed char\000"
 838      65642063 
 838      68617200 
 839              	.LASF4:
 840 0177 756E7369 	 .ascii "unsigned char\000"
 840      676E6564 
 840      20636861 
 840      7200
 841              	.LASF8:
 842 0185 6C6F6E67 	 .ascii "long unsigned int\000"
 842      20756E73 
 842      69676E65 
 842      6420696E 
 842      7400
 843              	.LASF40:
 844 0197 6370755F 	 .ascii "cpu_c1_freq\000"
 844      63315F66 
 844      72657100 
 845              	.LASF16:
 846 01a3 43465352 	 .ascii "CFSR\000"
 846      00
 847              	.LASF13:
 848 01a8 56544F52 	 .ascii "VTOR\000"
 848      00
 849              	.LASF17:
 850 01ad 48465352 	 .ascii "HFSR\000"
 850      00
 851              	.LASF12:
 852 01b2 49435352 	 .ascii "ICSR\000"
 852      00
 853              	.LASF1:
 854 01b7 73686F72 	 .ascii "short int\000"
 854      7420696E 
 854      7400
 855              	.LASF33:
 856 01c1 5254435F 	 .ascii "RTC_CLOCK\000"
 856      434C4F43 
 856      4B00
 857              	.LASF26:
 858 01cb 5343425F 	 .ascii "SCB_Type\000"
 858      54797065 
 858      00
 859              	.LASF10:
 860 01d4 756E7369 	 .ascii "unsigned int\000"
 860      676E6564 
 860      20696E74 
 860      00
 861              	.LASF18:
 862 01e1 44465352 	 .ascii "DFSR\000"
 862      00
 863              	.LASF9:
 864 01e6 6C6F6E67 	 .ascii "long long unsigned int\000"
 864      206C6F6E 
 864      6720756E 
 864      7369676E 
ARM GAS   			page 18


 864      65642069 
 865              	.LASF37:
 866 01fd 55415254 	 .ascii "UART_CLOCK\000"
 866      5F434C4F 
 866      434B00
 867              	.LASF14:
 868 0208 41495243 	 .ascii "AIRCR\000"
 868      5200
 869              	.LASF23:
 870 020e 49534152 	 .ascii "ISAR\000"
 870      00
 871              	.LASF20:
 872 0213 42464152 	 .ascii "BFAR\000"
 872      00
 873              	.LASF6:
 874 0218 75696E74 	 .ascii "uint8_t\000"
 874      385F7400 
 875              	.LASF3:
 876 0220 6C6F6E67 	 .ascii "long long int\000"
 876      206C6F6E 
 876      6720696E 
 876      7400
 877              	.LASF11:
 878 022e 43505549 	 .ascii "CPUID\000"
 878      4400
 879              	.LASF25:
 880 0234 43504143 	 .ascii "CPACR\000"
 880      5200
 881              	.LASF47:
 882 023a 53797374 	 .ascii "SystemCoreClock\000"
 882      656D436F 
 882      7265436C 
 882      6F636B00 
 883              	.LASF49:
 884 024a 53797374 	 .ascii "SystemCoreClockUpdate\000"
 884      656D436F 
 884      7265436C 
 884      6F636B55 
 884      70646174 
 885              	.LASF31:
 886 0260 5553425F 	 .ascii "USB_CLOCK\000"
 886      434C4F43 
 886      4B00
 887              	.LASF21:
 888 026a 41465352 	 .ascii "AFSR\000"
 888      00
 889              	.LASF19:
 890 026f 4D4D4641 	 .ascii "MMFAR\000"
 890      5200
 891              	.LASF27:
 892 0275 434C4F43 	 .ascii "CLOCK_STATUS\000"
 892      4B5F5354 
 892      41545553 
 892      00
 893              	.LASF7:
 894 0282 75696E74 	 .ascii "uint32_t\000"
 894      33325F74 
ARM GAS   			page 19


 894      00
 895              	.LASF2:
 896 028b 6C6F6E67 	 .ascii "long int\000"
 896      20696E74 
 896      00
 897              	.LASF32:
 898 0294 4144435F 	 .ascii "ADC_MCO_CLOCK\000"
 898      4D434F5F 
 898      434C4F43 
 898      4B00
 899              	.LASF24:
 900 02a2 52455345 	 .ascii "RESERVED0\000"
 900      52564544 
 900      3000
 901              	.LASF34:
 902 02ac 5045525F 	 .ascii "PER_CLOCK\000"
 902      434C4F43 
 902      4B00
 903              	.LASF42:
 904 02b6 6370755F 	 .ascii "cpu_c3_freq\000"
 904      63335F66 
 904      72657100 
 905              	.LASF45:
 906 02c2 6C69622F 	 .ascii "lib/CMSIS/CM3/DeviceSupport/MDR32F9Qx/startup/gcc/s"
 906      434D5349 
 906      532F434D 
 906      332F4465 
 906      76696365 
 907 02f5 79737465 	 .ascii "ystem_MDR32F9Qx.c\000"
 907      6D5F4D44 
 907      52333246 
 907      3951782E 
 907      6300
 908              	 .text
 909              	 .section .gnu.lto_.profile.1a782b51535f80b2,"e",%progbits
 910 0000 789C6362 	 .ascii "x\234cb\000\001\000\000\022\000\003"
 910      00010000 
 910      120003
 911              	 .text
 912              	 .section .gnu.lto_.inline.1a782b51535f80b2,"e",%progbits
 913 0000 789CF361 	 .ascii "x\234\363a@\000&\006\006\325\206\206\206\011\314\351"
 913      40002606 
 913      06D58686 
 913      8609CCE9 
 914 0010 8C0C4C2E 	 .ascii "\214\014L.@\326\007\246t\006\0066 \243\201)\205\011"
 914      40D607A6 
 914      74060636 
 914      20A38129 
 914      8509
 915 0022 240DC402 	 .ascii "$\015\304\002 .X\205\004\230\225\206\246\202\221\013"
 915      202E5885 
 915      04989586 
 915      A682910B 
 916 0032 6C1600CF 	 .ascii "l\026\000\317\021\017\371"
 916      110FF9
 917              	 .text
 918              	 .section .gnu.lto_.jmpfuncs.1a782b51535f80b2,"e",%progbits
ARM GAS   			page 20


 919 0000 789CE364 	 .ascii "x\234\343d@\000&(f\000\000\000\356\000\016"
 919      40002628 
 919      66000000 
 919      EE000E
 920              	 .text
 921              	 .section .gnu.lto_.pureconst.1a782b51535f80b2,"e",%progbits
 922 0000 789C6367 	 .ascii "x\234cg```b\230\305\3024\213\005\000\004\266\001H"
 922      60606062 
 922      98C5C234 
 922      8B050004 
 922      B60148
 923              	 .text
 924              	 .section .gnu.lto_.lto.1a782b51535f80b2,"e",%progbits
 925 0000 09000400 	 .ascii "\011\000\004\000\001\000\000\000"
 925      01000000 
 926              	 .text
 927              	 .section .gnu.lto_SystemCoreClockUpdate.57.1a782b51535f80b2,"e",%progbits
 928 0000 789C7D54 	 .ascii "x\234}T\353O\034U\024\277g\356\354\314>(\217\244\004"
 928      EB4F1C55 
 928      14BF67EE 
 928      ECCC3E28 
 928      8FA404
 929 0013 A2C66CD2 	 .ascii "\242\306l\322\370\301\030\273\012M\215\237$\261\326"
 929      F8C118BB 
 929      0A4D8D9F 
 929      24B1D6
 930 0022 98D80FCA 	 .ascii "\230\330\017\312\037@\326u\255\330\245\254\354B41\351"
 930      1F40D675 
 930      ADD8A5AC 
 930      EC423431 
 930      E9
 931 0033 5DA08B41 	 .ascii "]\240\213A-,5\330Z\2528\256M\375\242\020\245\205>\354"
 931      2D2C35D8 
 931      5AAA38AE 
 931      4DFDA210 
 931      A5853EEC 
 932 0047 DA07ABA6 	 .ascii "\332\007\253\246\330\326\264\266`\326\242M\025j\213"
 932      D8D6B4B6 
 932      60D6A24D 
 932      156A8B
 933 0056 156BA206 	 .ascii "\025k\242\006S\317\271w\366\301\322,a\317\234{\356\357"
 933      53CFB977 
 933      F6C1D22C 
 933      61CF9C7B 
 933      EEEF
 934 0068 FCCE73E6 	 .ascii "\374\316s\346\001\223\261\213\214\261\323\370\2032\006"
 934      0193B18B 
 934      8CB1D3F8 
 934      833206
 935 0077 03895E8D 	 .ascii "\003\211^\215\011!\032LM\353J\274\241\3011\300\223W"
 935      09211A4C 
 935      4DEB4ABC 
 935      A1C131C0 
 935      9357
 936 0089 EF4E94CB 	 .ascii "\357N\224\313'\207\267s\010]\333^\200\210\333\010\007"
 936      2787B773 
 936      085DDB5E 
ARM GAS   			page 21


 936      8088DB08 
 936      07
 937 009a 0CE61086 	 .ascii "\014\346\020\206\376n\277E\327\225FO\302-\237\273\262"
 937      FE6EBF45 
 937      D795464F 
 937      C22D9FBB 
 937      B2
 938 00ab 86DD59C5 	 .ascii "\206\335Y\305\204=\003\326\037\323W\034\212\251\301"
 938      843D03D6 
 938      1FD3571C 
 938      8AA9C1
 939 00ba 749261F4 	 .ascii "t\222a\3642\227\007\227<\374\246\016ny\370]\035<\020"
 939      32970797 
 939      3CFCA60E 
 939      6E79F85D 
 939      1D3C10
 940 00cd 4BF49E79 	 .ascii "K\364\236y_\223\007`\3334\256;\014\323\351r{`\033\354"
 940      5F930760 
 940      DB34AE3B 
 940      0CD3E972 
 940      7B601BEC 
 941 00e1 E4F7A3FD 	 .ascii "\344\367\243\375\357\217~\031\031\255\025\373S\220\344"
 941      EF8F7E19 
 941      19AD15FB 
 941      5390E4
 942 00f0 8CBD873F 	 .ascii "\214\275\207?\373o\210\303\000Or\000\335\3264\360\242"
 942      FB6F88C3 
 942      004F7200 
 942      DDD634F0 
 942      A2
 943 0101 C6FB80AE 	 .ascii "\306\373\200\256\356K\011qsGWOy\177\314\231\344\034"
 943      EE4B0971 
 943      7347574F 
 943      797FCC99 
 943      E41C
 944 0113 0E02BAC2 	 .ascii "\016\002\272\302\001\2001 \347w\340M\223\300\237\347"
 944      01803120 
 944      E777E04D 
 944      93C09FE7 
 945 0123 C16F9DD8 	 .ascii "\301o\235\330\231\005O\024\203\205\004\247r\340\263"
 945      99054F14 
 945      838504A7 
 945      72E0B3
 946 0132 13E342B8 	 .ascii "\023\343B\270\274\204=\\\214\275e\020\366t\036;\224"
 946      BC843D5C 
 946      8CBD6510 
 946      F6741E3B 
 946      94
 947 0143 C31E2DC6 	 .ascii "\303\036-\306\316\031\006\203/\000\216\000\034\002\030"
 947      CE190683 
 947      2F008E00 
 947      1C0218
 948 0152 07BB3EBC 	 .ascii "\007\273>\274\325\013\315\237~\347H\211\245\333}B\374"
 948      D50BCD9F 
 948      7EE74889 
 948      A5DB7D42 
 948      FC
ARM GAS   			page 22


 949 0163 5AFBD3A2 	 .ascii "Z\373\323\242y7\260$\3275\022\234\204N\302A\302 a\222"
 949      7937B024 
 949      D735129C 
 949      844EC241 
 949      C2206192 
 950 0177 70927091 	 .ascii "p\222p\221p\223\360\220(#\261\212D9\211\012\022\225"
 950      7093F090 
 950      2823B18A 
 950      4439890A 
 950      1295
 951 0189 14BF8A61 	 .ascii "\024\277\212a\250\325\014#U\223V\3030,c}\2346@\350\250"
 951      A8D50C23 
 951      559356C3 
 951      302C637D 
 951      9C3640E8 
 952 019e F6734DA9 	 .ascii "\366sM\251\261\024c\327@\374\274g\022\344s\310\220\217"
 952      B11463D7 
 952      40FCBC67 
 952      12E473C8 
 952      908F
 953 01b0 03065B80 	 .ascii "\003\006[\200\343G\346\253-\016\3664\034\300r\232\020"
 953      E347E6AB 
 953      2D0EF634 
 953      1CC0729A 
 953      10
 954 01c1 AF0B9AD2 	 .ascii "\257\013\232\322>Z\016\354\260\001_\002`7\037\372@\036"
 954      3E5A0EEC 
 954      B0015F02 
 954      60371FFA 
 954      401E
 955 01d3 4D380E7B 	 .ascii "M8\016{e\341\327\240\263\201\022\"7\035Dr\216K\372\351"
 955      65E1D7A0 
 955      B3811222 
 955      371D4472 
 955      8E4BFAE9 
 956 01e7 49172E56 	 .ascii "I\027.V.\204V\212\352\224M\265\000]\203=\377q\213\343"
 956      2E84568A 
 956      EA944DB5 
 956      005D833D 
 956      FF718BE3 
 957 01fb BFA6F880 	 .ascii "\277\246\370\200\315C\367\374\211\273\320\246\014j\221"
 957      CD43F7FC 
 957      89BBD0A6 
 957      0C6A91
 958 020a FA398F21 	 .ascii "\3729\217!\231\226+.3\251Q&\303\215\371L\006n\201D\352"
 958      99962B2E 
 958      33A95126 
 958      C38DF94C 
 958      066E8144 
 959 021f 856D50B9 	 .ascii "\205mP\271Z\274Rz\375\245\222$\307\307\260\211Y\363"
 959      5ABC527A 
 959      FDA59224 
 959      C7C7B089 
 959      59F3
 960 0231 3F93F9C4 	 .ascii "?\223\371\304K\366\340\233\342\304\035\350\240\302\353"
 960      4BF6E09B 
 960      E2C41DE8 
ARM GAS   			page 23


 960      A0C2EB
 961 0240 B9C41DF0 	 .ascii "\271\304\035\360\225\314\372_\250\204\223\240\351\014"
 961      95CCFA5F 
 961      A88493A0 
 961      E90C
 962 024e BE06BE30 	 .ascii "\276\006\2760\226\224\241\373\271cy!\267\261\020\212"
 962      9694A1FB 
 962      B9637921 
 962      B7B1108A 
 963 025e FDF1BD16 	 .ascii "\375\361\275\0267J\305\236\302\330\240b/\305/``\023"
 963      374AC59E 
 963      C2D8A062 
 963      2FC52F60 
 963      6013
 964 0270 1D28B613 	 .ascii "\035(\266\023\234*\241S\206\305\235hW\011U\220q(~\003"
 964      9C2AA153 
 964      86C59D68 
 964      57095590 
 964      71287E03 
 965 0284 AB5C8D76 	 .ascii "\253\\\215vH\313\272\275\270@h\220\241\023i\012\335"
 965      48CBBABD 
 965      B8406890 
 965      A113690A 
 965      DD
 966 0295 35129FD2 	 .ascii "5\022\237\322,\216\245W\252\013\304Pk\252e3\215\342"
 966      2C8EA557 
 966      AA0BC450 
 966      6BAA6533 
 966      8DE2
 967 02a7 66D25595 	 .ascii "f\322U\225t\337\235\316O\274\306\342\256R\311\237\313"
 967      74DF9DCE 
 967      4FBCC6E2 
 967      AE52C99F 
 967      CB
 968 02b8 376E299E 	 .ascii "7n)\236\321-\356F\0078\003*\361)\254\306\2036\2258g"
 968      D12DEE46 
 968      0738032A 
 968      F129ACC6 
 968      83369538 
 969 02cd 3760FB30 	 .ascii "7`\3730V\347A\3065bX\334\274\376al\030\226\177[vALR"
 969      56E741C6 
 969      356258DC 
 969      BCFE616C 
 969      18967F5B 
 970 02e5 D39B781E 	 .ascii "\323\233x\036\344\227f\015\306\036\371\266K\364\322"
 970      E497660D 
 970      C61EF9B6 
 970      4BF4D2
 971 02f4 5B772728 	 .ascii "[w'(\315\005\276\317\202\207\305\310L)0\366\013.\025"
 971      CD05BECF 
 971      8287C5C8 
 971      4C2930F6 
 971      0B2E15
 972 0307 80E75682 	 .ascii "\200\347V\202\355\227G\007-\357\366\003\272\315\330"
 972      ED974707 
 972      2DEFF603 
 972      BACDD8
ARM GAS   			page 24


 973 0316 F3AFC29E 	 .ascii "\363\257\302\236\352\237\034|\015\233\351\3301\221\244"
 973      EA9F1C7C 
 973      0D9BE9D8 
 973      3191A4
 974 0325 E99BD44F 	 .ascii "\351\233\324O\220\375\274\016\261\331\275i\2152\242"
 974      90FDBC0E 
 974      B1D9BD69 
 974      8D32A2
 975 0334 768EA639 	 .ascii "v\216\2469v\243sq\256\306\246u\311\267\263\0334T\367"
 975      76A37371 
 975      AEC6A675 
 975      C9B7B31B 
 975      3454F7
 976 0347 63C87DF4 	 .ascii "c\310}\364I\341\360#@\006c\234T^\237\245\271\234\223"
 976      49E1F023 
 976      4006639C 
 976      545E9FA5 
 976      B99C93
 977 035a 7339EF18 	 .ascii "s9\357\030\362^R\210\303\222\027\027l\235\305\313J\315"
 977      F25E5288 
 977      C3921717 
 977      6C9DC5CB 
 977      4ACD
 978 036c 68B67046 	 .ascii "h\266pFW\261\377\253\320A-\230n\317\251\326\342\345"
 978      57B1FFAB 
 978      D0412D98 
 978      6ECFA9D6 
 978      E2E5
 979 037e 6887B3A0 	 .ascii "h\207\263\240\226+\203\353^\2016j\026\032\306\343\031"
 979      962B83EB 
 979      5E81366A 
 979      161AC6E3 
 979      19
 980 038f DC24DC05 	 .ascii "\334$\334\005,\274Bm\322!\\\227\032\231\307QU\337\340"
 980      2CBC426D 
 980      D2215C97 
 980      1A99C751 
 980      55DFE0
 981 03a2 7CCD9DAA 	 .ascii "|\315\235\252\272\"\253\312b\217\331U\271\226Wu\016"
 981      BA22ABCA 
 981      628FD955 
 981      B9965775 
 981      0E
 982 03b3 AB9A5155 	 .ascii "\253\232QU](\354\326\012\266\253\222\315\376.\010Mz"
 982      5D28ECD6 
 982      0AB6AB92 
 982      CDFE2E08 
 982      4D7A
 983 03c5 5CB439DD 	 .ascii "\\\2649\335\3139\247\221\363\274\342\314\224\344\234"
 983      CB39A791 
 983      F3BCE2CC 
 983      94E49C
 984 03d4 2BE04C8D 	 .ascii "+\340L\215+\316\3136\247'\377\226,B\347\354\237O\312"
 984      2BCECB36 
 984      A727FF96 
 984      2C42E7EC 
 984      9F4FCA
ARM GAS   			page 25


 985 03e7 F5E8E3A0 	 .ascii "\365\350\343\240\354\"E\307\215\276\027[[\202\276\016"
 985      EC2245C7 
 985      8DBE175B 
 985      5B82BE0E 
 986 03f7 DF866064 	 .ascii "\337\206`dK\2645\354{\272y\353\026o\264\325\033nk})"
 986      4BB435EC 
 986      7BBA79EB 
 986      166FB4D5 
 986      1B6E6B7D 
 987 040c 1888467C 	 .ascii "\030\210F|\376@\264\335\037\362\206\212\355\233\233"
 987      FE40B4DD 
 987      1FF2868A 
 987      ED9B9B
 988 041b DB42FEAD 	 .ascii "\333B\376\255\317\373\037\354\210\004\330\023\241\346"
 988      CFFB1FEC 
 988      8804D813 
 988      A1E6
 989 0429 E77C8F6F 	 .ascii "\347|\217oj|\252\021e=\222u4\007\202\215\355\341pk["
 989      6A7CAA11 
 989      653D9275 
 989      3407828D 
 989      EDE1706B 
 990 043e D4B769C3 	 .ascii "\324\267i\303\263\365u\033\037}\346\025_$\352o\213\266"
 990      B3F5751B 
 990      1F7DE615 
 990      5F24EA6F 
 990      8BB6
 991 0450 877D9B03 	 .ascii "\207}\233\003\001_\344\325H4\330\322\224\273\\\033`"
 991      015FE4D5 
 991      4834D8D2 
 991      94BB5C1B 
 991      60
 992 0461 6638146A 	 .ascii "f8\024jji\017\335\263\362n\355\372\365\353\036\361\327"
 992      6A690FDD 
 992      B3F26EED 
 992      FAF5EB1E 
 992      F1D7
 993 0473 F903CC13 	 .ascii "\371\003\314\023\010\2677\005\352\233^h\013\276\254"
 993      08B73705 
 993      EA9B5E68 
 993      0BBEAC
 994 0482 F4BA02FD 	 .ascii "\364\272\002\375a\251\377\017\027Y\245\270"
 994      61A9FF0F 
 994      1759A5B8 
 995              	 .text
 996              	 .section .gnu.lto_SystemInit.58.1a782b51535f80b2,"e",%progbits
 997 0000 789C8592 	 .ascii "x\234\205\222\317k\324P\020\307g2\3314.\305^\005\241"
 997      CF6BD450 
 997      10C76732 
 997      D9342EC5 
 997      5E05A1
 998 0013 ACE8410F 	 .ascii "\254\350A\017\372\304\236\274\011\326\202b\017\272\177"
 998      FAC49EBC 
 998      09D68262 
 998      0FBA7F
 999 0022 80C418EA 	 .ascii "\200\304\030\352\332m\0236\331\245\236\372j{\220\036"
 999      DA6D1336 
ARM GAS   			page 26


 999      D9A59EFA 
 999      6A7B901E 
 1000 0032 DCB65E6D 	 .ascii "\334\266^m\301\022e=\251\007\255`\013KQDE\244\366\244"
 1000      C112653D 
 1000      A907AD60 
 1000      0B4B5144 
 1000      45A4F6A4 
 1001 0046 177F1C54 	 .ascii "\027\177\034T<\210T\005\017\202\316\333\267\011K!l`"
 1001      3C885405 
 1001      0F82CEDB 
 1001      B7094B21 
 1001      6C60
 1002 0058 869997EF 	 .ascii "\206\231\227\357\3673\003\357\355&\200k\000\260\227"
 1002      F73303EF 
 1002      ED26806B 
 1002      00B097
 1003 0067 03097061 	 .ascii "\003\011pa~\326\000)\345\261\036\003\247\346gw\340\003"
 1003      7ED60029 
 1003      E5B11E03 
 1003      A7E66777 
 1003      E003
 1004 0079 6C750893 	 .ascii "lu\010\223\006N\342u:\300\355\237[\237\357m\354\222"
 1004      064EE275 
 1004      3AC0ED9F 
 1004      5B9FEF6D 
 1004      EC92
 1005 008b 8D26C66C 	 .ascii "\215&\306l_\342h\177V\322!\307\3357\271\246\374\373"
 1005      5FE2687F 
 1005      56D221C7 
 1005      DD37B9A6 
 1005      FCFB
 1006 009d AF2EE597 	 .ascii "\257.\345\227\375\037\177\345\373L\210\011-\225l\225"
 1006      FD1F7FE5 
 1006      FB4C8809 
 1006      2D956C95 
 1007 00ad F22AF5AA 	 .ascii "\362*\365\252\004P'5S\232\\\316\221\241\313\251&\300"
 1007      04502735 
 1007      539A5CCE 
 1007      91A1CBA9 
 1007      26C0
 1008 00bf 37949F16 	 .ascii "7\224\237\026_ |\307\365\255\257;o\020.PL\006BZ\311"
 1008      5F207CC7 
 1008      F5ADAF3B 
 1008      6F102E50 
 1008      4C06425A 
 1009 00d4 77D3529D 	 .ascii "w\323R\235\337V[6\370\210p\005\361!\302\341\233R\332"
 1009      DF565B36 
 1009      F8887005 
 1009      F121C2E1 
 1009      9B52DA
 1010 00e7 3199F808 	 .ascii "1\231\370\010\027\325FJn*Q\233z\277Mm\364\267Y\271\224"
 1010      17D5464A 
 1010      6E2A519B 
 1010      7ABF4D6D 
 1010      F4B759B9 
 1011 00fc 9A63D955 	 .ascii "\232c\331Ui\246\324\276\230,\\E|\334A]c*j*\342\\J]\321"
 1011      69A6D4BE 
ARM GAS   			page 27


 1011      982C5C45 
 1011      7CDC415D 
 1011      632A6A2A 
 1012 0115 D4D53BFD 	 .ascii "\324\325;\375\313\224\002\354\016\377\036en\262\331"
 1012      CB9402EC 
 1012      0EFF1E65 
 1012      6EB2D9
 1013 0124 E09DD47C 	 .ascii "\340\235\324|;S\265\256Uz\204\306\257u\340\255L\343"
 1013      3B53B5AE 
 1013      557A84C6 
 1013      AF75E0AD 
 1013      4CE3
 1014 0136 53365257 	 .ascii "S6RW\3743\255\302'\330Bov\240\263M\317\331dvE\277\324"
 1014      FC33ADC2 
 1014      27D8426F 
 1014      76A0B34D 
 1014      CFD96476 
 1015 014d AA04FDB6 	 .ascii "\252\004\375\266\003\235\3174\275bS\256+\372\265V%\350"
 1015      039DCF34 
 1015      BD6253AE 
 1015      2BFAB556 
 1015      25E8
 1016 015f F7097ADF 	 .ascii "\367\011z\3372\365f\2326\330duEojU\202\376\311\350\037"
 1016      32F5669A 
 1016      36D86475 
 1016      456F6A55 
 1016      82FEC9E8 
 1017 0174 385D8019 	 .ascii "8]\200\0314b\352YR\327\035\223\015[x\345\303\357S\255"
 1017      3462EA59 
 1017      52D71D93 
 1017      0D5B78E5 
 1017      C3EF53AD 
 1018 0188 D75E27D4 	 .ascii "\327^'\324OU]?\300\220\270\350\217y\242&\006\275p4\362"
 1018      4F555D3F 
 1018      C090B8E8 
 1018      8F79A226 
 1018      06BD7034 
 1019 019d 0371BA34 	 .ascii "\003q\2724>Z\210\374BP\361/yn\024\012\307\215\252N\271"
 1019      3E5A88FC 
 1019      4250F12F 
 1019      796E140A 
 1019      C78DAA4E 
 1020 01b2 50DE7E3E 	 .ascii "P\336~>R\252\224\235\361\013\316\301Z\350\302\211r\351"
 1020      52AA949D 
 1020      F10BCEC1 
 1020      5AE8C289 
 1020      72E9
 1021 01c4 BC383E5C 	 .ascii "\2748>\\<Y\344<\300\260Z\311\365\212\325 \360+\221\030"
 1021      3C59E43C 
 1021      C0B05AC9 
 1021      F58AD520 
 1021      F02B9118 
 1022 01d8 1E3C3B70 	 .ascii "\036<;pd\350\350\231\011\021FN%\252\006b\304uEx9\214"
 1022      64E8E899 
 1022      0911464E 
 1022      25AA0662 
 1022      C4754578 
ARM GAS   			page 28


 1023 01ee BCB173E9 	 .ascii "\274\261s\351\317C.\374\007\032\231\036\254"
 1023      CF432EFC 
 1023      071A991E 
 1023      AC
 1024              	 .text
 1025              	 .section .gnu.lto_.symbol_nodes.1a782b51535f80b2,"e",%progbits
 1026 0000 789CF365 	 .ascii "x\234\363e\000\002&\313z\206\006 `a\234p\216\201\241"
 1026      000226CB 
 1026      7A860620 
 1026      60619C70 
 1026      8E81A1
 1027 0013 9E816157 	 .ascii "\236\201aWC##\003#H\212\201\325\202\241\321\011\244"
 1027      43232303 
 1027      23488A81 
 1027      D582A1D1 
 1027      09A4
 1028 0025 C6AA9E11 	 .ascii "\306\252\236\021\227\032f&\250\366E\334\014\000\266"
 1028      971A6626 
 1028      A8F645DC 
 1028      0C00B6
 1029 0034 3110B9   	 .ascii "1\020\271"
 1030              	 .text
 1031              	 .section .gnu.lto_.refs.1a782b51535f80b2,"e",%progbits
 1032 0000 789C1366 	 .ascii "x\234\023f```a`dT\003bC 6\005bK\006\006\000\010\337"
 1032      60606061 
 1032      60645403 
 1032      62432036 
 1032      05624B06 
 1033 0018 00E5     	 .ascii "\000\345"
 1034              	 .text
 1035              	 .section .gnu.lto_.decls.1a782b51535f80b2,"e",%progbits
 1036 0000 789CAD56 	 .ascii "x\234\255VmPT\327\031>\3579\013\273\\\2600\202M\247"
 1036      6D5054D7 
 1036      193EEF39 
 1036      0BBB5CB0 
 1036      30824DA7 
 1037 0014 93717632 	 .ascii "\223qv2f\344Gte\311h:\323vXw\2410\202\220\273\220\037"
 1037      66E44774 
 1037      65C9683A 
 1037      D3765877 
 1037      A1308290 
 1038 002b F9B321BB 	 .ascii "\371\263!\273\333H\345k`u\324\231\316\\TD#\246T\223"
 1038      DB48E56B 
 1038      6075D499 
 1038      CE5C5444 
 1038      23A65493 
 1039 003f 94C66888 	 .ascii "\224\306h\210\230\224\250\021jPA\004\011&tQ\214\237"
 1039      9894A811 
 1039      6A504104 
 1039      09267451 
 1039      8C9F
 1040 0051 69B45110 	 .ascii "i\264Q\020\011\272\002*F\333\342W\355{\317\275\273w"
 1040      09BA022A 
 1040      46DBE257 
 1040      ED7BCFBD 
 1040      BB77
 1041 0063 2F6B9C76 	 .ascii "/k\234v&w\347=\367|<\357\363>\347\234\367\234\273\273"
ARM GAS   			page 29


 1041      2677E73D 
 1041      F77C3CEF 
 1041      F33EE79C 
 1041      F79CBBBB 
 1042 0077 A6117290 	 .ascii "\246\021r\220\0222A\010y\214\017\303\367i\242=8D\016"
 1042      12324108 
 1042      798C0FC3 
 1042      F769A23D 
 1042      38440E
 1043 008a A375A101 	 .ascii "\243u\241\001\332\337\210\376Y\211\235\002\276\227\240"
 1043      DADF88FE 
 1043      59899D02 
 1043      BE97A0
 1044 0099 4D474B42 	 .ascii "MGKB\353E\233\2156\2066\212v\014\355U\264q\225\357\""
 1044      EB459B8D 
 1044      3686368A 
 1044      760CED55 
 1044      B47195EF 
 1045 00ae DA2595EF 	 .ascii "\332%\225\357\360\017\360\376\036;cT^\231\353W\330\376"
 1045      F00FF0FE 
 1045      1E3B6354 
 1045      5E99EB57 
 1045      D8FE
 1046 00c0 25285C41 	 .ascii "%(\\A\336_c\273\003\337F\264T\254_\011\343\016\240]"
 1046      DE5F63BB 
 1046      03DF46B4 
 1046      54AC5F09 
 1046      E30EA05D 
 1047 00d4 451B5063 	 .ascii "E\033Pcv\251\261\246>[\031\255\037\224\212F\200\310"
 1047      76A9B1A6 
 1047      3E5B19AD 
 1047      1F948A46 
 1047      80C8
 1048 00e6 3F830700 	 .ascii "?\203\007\000\316\317\307B \2572\222$Q\211F{\030\025"
 1048      CECFC742 
 1048      20AF3292 
 1048      24518946 
 1048      7B1815
 1049 00f9 98C03C82 	 .ascii "\230\300<\202\037f&\337ei&\232\034/\230\232\216B\202"
 1049      1F6626DF 
 1049      6569269A 
 1049      1C2F989A 
 1049      8E4282
 1050 010c 1065A234 	 .ascii "\020e\2424`\364\010\311\367a\017m\2106\247I\006O\355"
 1050      60F408C9 
 1050      F7610F6D 
 1050      8836A749 
 1050      064FED
 1051 011f 8C8051A2 	 .ascii "\214\200Q\242u\213\223R\323\260\014\030\375\340A\257"
 1051      758B9352 
 1051      D3B00C18 
 1051      FDE041AF 
 1052 012f 3C6A4AC0 	 .ascii "<jJ\300Z\300(\334e\015\233\242='\350\372\331\340\007"
 1052      5AC028DC 
 1052      650D9BA2 
 1052      3D27E8FA 
 1052      D9E007
ARM GAS   			page 30


 1053 0142 C1634D92 	 .ascii "\301cM\222$)\315d\232\031\337\303zX\006!&S\313\336\031"
 1053      2429CD64 
 1053      9A19DFC3 
 1053      7A580621 
 1053      2653CBDE 
 1054 0157 42C0188F 	 .ascii "B\300\030\217\024\311\036s\202\307\034\357\207(\217"
 1054      14C91E73 
 1054      82C71CEF 
 1054      87288F
 1055 0166 47484A26 	 .ascii "GHJ&(\302c\265\246Q\001\231\015&?X\031\304Y\245\241"
 1055      28C263B5 
 1055      A6510199 
 1055      0D263F58 
 1055      19C459A5 
 1056 017b B1678428 	 .ascii "\261g\204(!f\2469\231\020\017\311\240\310\313\036\007"
 1056      2166A639 
 1056      99100FC9 
 1056      A0C8CB1E 
 1056      07
 1057 018c 1F30624C 	 .ascii "\0370bL\217\326\004H\026\250\225\262E\001\\6J\315\204"
 1057      8FD60448 
 1057      16A895B2 
 1057      45015C36 
 1057      4ACD84
 1058 019f 4806535C 	 .ascii "H\006S\\\034H\370\212q-\362\344Y\005\0220R\034J2\200"
 1058      1C48F88A 
 1058      712DF2E4 
 1058      59051230 
 1058      521C4A32 
 1059 01b4 4441F314 	 .ascii "DA\363\024\242\371N\361\007\010_/\271\246\275\211\206"
 1059      A2F94EF1 
 1059      07085F2F 
 1059      B9A6BD89 
 1059      86
 1060 01c5 25DA3805 	 .ascii "%\3328\005\325A\365\016qp\204\342\016\204\312\376h4"
 1060      D541F50E 
 1060      717084E2 
 1060      0E84CAFE 
 1060      6834
 1061 01d7 2C423818 	 .ascii ",B8\030\302\310!\034\3019\324'\330\011\241\001\205\\"
 1061      C2C8211C 
 1061      C139D427 
 1061      D809A101 
 1061      855C
 1062 01e9 D5425559 	 .ascii "\325BUY\224w\005}\364\3029\013\250\2000\325\352\014"
 1062      9477057D 
 1062      F4C2390B 
 1062      A88030D5 
 1062      EA0C
 1063 01fb 090B66CD 	 .ascii "\011\013f\315\275\332\273}?\271\212\313&\371\247\301"
 1063      BDDABB7D 
 1063      3FB98ACB 
 1063      26F9A7C1 
 1064 020b 8CBA3402 	 .ascii "\214\2724\002\354\247\204\275@,\022\177v\254\"pPq]\025"
 1064      ECA784BD 
 1064      402C127F 
 1064      76AC2270 
ARM GAS   			page 31


 1064      50715D15 
 1065 021f BB99C174 	 .ascii "\273\231\301t\240X&A\002\272\326t\274u\\x\006A\343\222"
 1065      A0582641 
 1065      02BAD674 
 1065      BC755C78 
 1065      0641E392 
 1066 0233 94044BE0 	 .ascii "\224\004K\340\020@\273\034\260\003\003\226q\362\306"
 1066      1040BB1C 
 1066      B0030396 
 1066      71F2C6
 1067 0242 E640233C 	 .ascii "\346@#<W_/M\016\27698\374\334P\233$U#\336$c\340\000"
 1067      575F2F4D 
 1067      0EBE3938 
 1067      FCDC509B 
 1067      245523DE 
 1068 025a 409B32CD 	 .ascii "@\2332\315\003\350\260\037\240\025V\015D\263\235T\366"
 1068      03E8B01F 
 1068      A015560D 
 1068      44B39D54 
 1068      F6
 1069 026b FCE0E289 	 .ascii "\374\340\342\211A&{\266l\254\256\221\022V\243\227Av"
 1069      41267BB6 
 1069      6CACAE91 
 1069      1256A397 
 1069      4176
 1070 027d EA0C3975 	 .ascii "\352\0149u\206\234\316E\243\244\331 \355\0140\326L\011"
 1070      869CCE45 
 1070      A3A4D920 
 1070      ED0C30D6 
 1070      4C09
 1071 028f 5769E02A 	 .ascii "Wi\340*\315|@^\220x^#\354\010g\037\377\362z\3774\241"
 1071      CD7C405E 
 1071      90785E23 
 1071      EC08671F 
 1071      FFF27AFF 
 1072 02a5 5B9226A4 	 .ascii "[\222&\244\356\2651\004z\000>G\272/\0011m\000_\000\034"
 1072      EEB53104 
 1072      7A003E47 
 1072      BA2F0131 
 1072      6D005F00 
 1073 02ba 0584ADFE 	 .ascii "\005\204\255\376\270\276'\366\371\363u\322\304x[y&\364"
 1073      B8BE27F6 
 1073      F9F375D2 
 1073      C4785B79 
 1073      26F4
 1074 02cc 0274CBE1 	 .ascii "\002t\313\341U8\221[G`U\1774\217\230\314\374\234{]\367"
 1074      5538915B 
 1074      4760557F 
 1074      348F98CC 
 1074      FC9C7B5D 
 1075 02e1 B55326E1 	 .ascii "\265S&\341\362S\271\271\203\231\235\245\204]R\005\377"
 1075      F253B9B9 
 1075      83999DA5 
 1075      845D5205 
 1075      FF
 1076 02f2 8C5DC3D6 	 .ascii "\214]\303\326m\265\225\300\036`k\003SZ&\266\205\021"
 1076      6DB595C0 
ARM GAS   			page 32


 1076      1E606B03 
 1076      535A26B6 
 1076      8511
 1077 0304 B60DAD09 	 .ascii "\266\015\255\011\255U\355\235\307\247(1\3669\303\270"
 1077      AD55ED9D 
 1077      C7A72831 
 1077      F639C3B8 
 1078 0314 3F3F7962 	 .ascii "??yb\274\3250Ky\022y9$I\223\007\266_o\237\325\263F\362"
 1078      BCD5304B 
 1078      79127939 
 1078      24499307 
 1078      B65F6F9F 
 1079 032c A3D66300 	 .ascii "\243\326c\000_\003\014k\372\317\311E\017\020\004\266"
 1079      5F030C6B 
 1079      FACFC945 
 1079      0F1004B6 
 1080 033c 0CB697AB 	 .ascii "\014\266\227\253\230ot\030\213\006\031\013A\316\350"
 1080      986F7418 
 1080      8B06190B 
 1080      41CEE8
 1081 034b 20A7C368 	 .ascii " \247\303hn\2050\375:\314\3610\314x\010sJ\207\371J."
 1081      6E8530FD 
 1081      3ACCF130 
 1081      CC780873 
 1081      4A87F94A 
 1082 0360 5238E45E 	 .ascii "R8\344^\010\362\255\016\342\017\243\271\021\302\234"
 1082      08F2AD0E 
 1082      E20FA3B9 
 1082      11C29C
 1083 036f 8CA4410C 	 .ascii "\214\244A\014\246\314ZI\3526\020\370\007\300\005\271"
 1083      A6CC5A49 
 1083      EA3610F8 
 1083      07C005B9 
 1084 037f 7398EFDE 	 .ascii "s\230\357\3365\200K\000\001\200\213\000W\001\006\000"
 1084      35804B00 
 1084      01808B00 
 1084      57010600 
 1085 038f 2E035C01 	 .ascii ".\003\\\001\030\001\030\004\370\016`HN09\302d(B_\244"
 1085      18011804 
 1085      F80E6048 
 1085      4E3039C2 
 1085      6428425F 
 1086 03a4 0A45E8CD 	 .ascii "\012E\350\315\020\344D\344|\025\310h\010r6r\331\024"
 1086      10E444E4 
 1086      7C15C868 
 1086      08723672 
 1086      D914
 1087 03b6 C8400872 	 .ascii "\310@\010r>b\361\025D \204\370{\344\026\246\020&\031"
 1087      3E62F115 
 1087      442084F8 
 1087      7BE416A6 
 1087      102619
 1088 03c9 785EF7EF 	 .ascii "x^\367\357\250\206\304\251\023\207\353\360\177M\035"
 1088      A886C4A9 
 1088      1387EBF0 
 1088      7F4D1D
 1089 03d8 89AA6E77 	 .ascii "\211\252nwn\245q\374\2004\364\030`T\0138\006\034p\350"
ARM GAS   			page 33


 1089      6EA571FC 
 1089      8034F418 
 1089      60540B38 
 1089      061C70E8 
 1090 03ec E1C9EFA3 	 .ascii "\341\311\357\2435@\257\006\030\307\202\347\347z%\315"
 1090      3540AF06 
 1090      18C782E7 
 1090      E77A25CD 
 1091 03fc 27945612 	 .ascii "'\224V\022\317\326\006`os\245\201\255\247{\343\004I"
 1091      CFD60660 
 1091      6F73A581 
 1091      ADA77BE3 
 1091      0449
 1092 040e 3D25381E 	 .ascii "=%8\036t\377\036\365Z\260\212\230\243\227\3275\010\323"
 1092      74FF1EF5 
 1092      5AB08A98 
 1092      A397D735 
 1092      08D3
 1093 0420 95D93450 	 .ascii "\225\3314P9\306\004\300-\031t\0078Pa\276L\330v\316y"
 1093      39C604C0 
 1093      2D197407 
 1093      385061BE 
 1093      4CD876CE 
 1094 0435 AFF1FE18 	 .ascii "\257\361\376\030\343'\257\373i\247z\370\341\310\221"
 1094      E327AFFB 
 1094      69A77AF8 
 1094      E1C891
 1095 0444 588DF65F 	 .ascii "X\215\366_?@{\212(\347\013X\243A\351a\350\274e\364A"
 1095      3F407B8A 
 1095      28E70B58 
 1095      A341E961 
 1095      E8BC65F4 
 1096 0459 F313753F 	 .ascii "\363\023u?\344\272\037\310\001\366\276\367\355\006\320"
 1096      E4BA1FC8 
 1096      01F6BEF7 
 1096      ED06D0
 1097 0468 E9BE07CA 	 .ascii "\351\276\007\312n?\002\016\224\305\016o\373\246\332"
 1097      6E3F020E 
 1097      94C50E6F 
 1097      FBA6DA
 1098 0477 A8533115 	 .ascii "\250S1\025\304c\372\361\314\033\010\333\243J\350VDu"
 1098      C463FAF1 
 1098      CC1B08DB 
 1098      A34AE856 
 1098      4475
 1099 0489 13D6C2A7 	 .ascii "\023\326\302\247\274\377\346\303\226\250'\311\251\246"
 1099      BCFFE6C3 
 1099      96A827C9 
 1099      A9A6
 1100 0497 B29C7908 	 .ascii "\262\234y\010i\3558\336Duj\326P%m\326Q\216\223y\256"
 1100      69ED38DE 
 1100      44756AD6 
 1100      50256DD6 
 1100      518E9379 
 1101 04ac 9C99BC05 	 .ascii "\234\231\274\005:5SA<\374K\254\025\305\264\243u\241"
 1101      3A355341 
 1101      3CFC4BAC 
ARM GAS   			page 34


 1101      15C5B4A3 
 1101      75A1
 1102 04be 7D81D687 	 .ascii "}\201\326\207\366\025\332YU`\034\327\207[rA\355\210"
 1102      F615DA59 
 1102      55601CD7 
 1102      875B7241 
 1102      ED88
 1103 04d0 45F6735F 	 .ascii "E\366s_\237\375\356\211*\337\346*\267\310\237\224g\341"
 1103      9FFDEE89 
 1103      2ADFE62A 
 1103      B7C89F94 
 1103      67E1
 1104 04e2 31F0175E 	 .ascii "1\360\027^\211|j\375\275\233\360\177\005fX@\352\251"
 1104      897C6AFD 
 1104      BD9BF07F 
 1104      05665840 
 1104      EAA9
 1105 04f4 62045261 	 .ascii "b\004Ra\036\201?QD\340^\276K\341\035\212\240\3335\373"
 1105      1E813F51 
 1105      44E05EBE 
 1105      4BE11D8A 
 1105      A0DB35FB 
 1106 0508 AA8229F2 	 .ascii "\252\202)\362\032\324S\370#\205:T\013\177\246\234]&"
 1106      1AD453F8 
 1106      23853A54 
 1106      0B7FA69C 
 1106      5D26
 1107 051a AA1D18BA 	 .ascii "\252\035\030\272\037/\247\305\323\210\316\364\325\255"
 1107      1F2FA7C5 
 1107      D388CEF4 
 1107      D5AD
 1108 0528 8D0911BD 	 .ascii "\215\011\021\275\027I\304Fp\226\327\321n\240\335A\233"
 1108      1749C446 
 1108      7096D7D1 
 1108      6EA0DD41 
 1108      9B
 1109 0539 447BA44E 	 .ascii "D{\244N\262\026\224i\233\330\232(\014\371\302\236\236"
 1109      B2169469 
 1109      9BD89A28 
 1109      0CF9C29E 
 1109      9E
 1110 054a CD55F1B3 	 .ascii "\315U\361\263\302\237\304`\005\017s\333\276\321\211"
 1110      C29FC460 
 1110      050F73DB 
 1110      BED189
 1111 0559 CFE07D5C 	 .ascii "\317\340}\\\2138\371@\343z\357\243S\357\333\217\360"
 1111      8B38F940 
 1111      E37AEFA3 
 1111      53EFDB8F 
 1111      F0
 1112 056a CCFB774B 	 .ascii "\314\373wKR\002b\376\015\360O\2201\301<\275\253\335"
 1112      520262FE 
 1112      0DF04F90 
 1112      31C13CBD 
 1112      ABDD
 1113 057c 1C9F6EAC 	 .ascii "\034\237n\254\341\030\344\371\203\216'x\341\216 \250"
 1113      E118E4F9 
ARM GAS   			page 35


 1113      838E2778 
 1113      E18E20A8 
 1114 058c 4B05E1B6 	 .ascii "K\005\341\266J:\320\343\260\353\264Mc\252\325\201.("
 1114      4A3AD0E3 
 1114      B0EBB44D 
 1114      63AAD581 
 1114      2E28
 1115 059e D164A2ED 	 .ascii "\321d\242\355\032\321\207\021\252\025A{5\232\267t\220"
 1115      1AD18711 
 1115      AA15417B 
 1115      359AB774 
 1115      90
 1116 05af B04BB359 	 .ascii "\260K\263Y\303l\212\304\250z>\321@\333u\240\360\257"
 1116      C36C8AC4 
 1116      A87A3ED1 
 1116      40DB75A0 
 1116      F0AF
 1117 05c1 D6310DB4 	 .ascii "\3261\015\264S\007\272\241E;\244a\336\324a\326\323\020"
 1117      5307BAA1 
 1117      453BA461 
 1117      DED461D6 
 1117      D310
 1118 05d3 66B78679 	 .ascii "f\267\206y_\2079\035\266\214\235\332\354\253\"\2271"
 1118      5F87391D 
 1118      B68C9DDA 
 1118      ECAB2297 
 1118      31
 1119 05e4 25EC83D3 	 .ascii "%\354\203\323Ha\207L\216\030\314\261]\024>\242\360\031"
 1119      4861874C 
 1119      8E18CCB1 
 1119      5D143EA2 
 1119      F019
 1120 05f6 854F29B4 	 .ascii "\205O)\264Sh\241\320J\341/\024vS\374\267\015\237P\330"
 1120      5368A1D0 
 1120      4AE12F14 
 1120      7653FCB7 
 1120      0D9F50D8 
 1121 060a 4FA199C2 	 .ascii "O\241\231\302!\012\007)\374\225B\023zQ\370\230\302\001"
 1121      210A0729 
 1121      FC954213 
 1121      7A51F898 
 1121      C201
 1122 061c 0A7BA9FA 	 .ascii "\012{\251\372-j\322\024~\020\271\034)\344C\304\354\221"
 1122      2D6AD214 
 1122      7E10B91C 
 1122      29E443C4 
 1122      EC91
 1123 062e 13A62A0E 	 .ascii "\023\246*\016\266R\330\3141\301$\016\373\262\266k<\033"
 1123      B652D8CC 
 1123      31C1240E 
 1123      FBB2B66B 
 1123      3C1B
 1124 0640 23B759F9 	 .ascii "#\267Y\371l\266\364\251\231w\007\340\266.\363n\202\226"
 1124      6CB6F4A9 
 1124      997707E0 
 1124      B62EF36E 
 1124      8296
ARM GAS   			page 36


 1125 0652 9E875550 	 .ascii "\236\207UP\015\205\265\234)xe\254V\326U\306\034Q1\377"
 1125      0D85B59C 
 1125      297865AC 
 1125      56D655C6 
 1125      1C5131FF 
 1126 0666 01B8CF89 	 .ascii "\001\270\317\211\202\227\334\244\246h\227\246h[\344"
 1126      8297DCA4 
 1126      A66897A6 
 1126      685BE4
 1127 0675 DA2B980E 	 .ascii "\332+\230\016\015\263!r\017Q\020k\226\017\036\255{\347"
 1127      0DB32172 
 1127      0F51106B 
 1127      960F1EAD 
 1127      7BE7
 1128 0687 D1159A38 	 .ascii "\321\025\2328u#\240\203\376X[!\3379\357Vw\033\265O\337"
 1128      7523A083 
 1128      FE585B21 
 1128      DF39EF56 
 1128      771BB54F 
 1129 069c 614D4CA7 	 .ascii "aML\247r\341\034\273\330\362\300\244\001:\264oc\227"
 1129      72E11CBB 
 1129      D8F2C0A4 
 1129      013AB46F 
 1129      6397
 1130 06ae 4C612AAC 	 .ascii "La*\254(Y\276`N\011\021\334e\025>\357\2129%\251d\206"
 1130      2859BE60 
 1130      4E0911DC 
 1130      65153EEF 
 1130      8A3925A9 
 1131 06c4 7365A5CF 	 .ascii "se\245\317[b/\253\360\332\213\313\334K\013\312=\205"
 1131      5B622FAB 
 1131      F0DA8BCB 
 1131      DC4B0BCA 
 1131      3D85
 1132 06d6 3EAFA3B8 	 .ascii ">\257\243\270\350u\213=\307\231\345\3042\325\342\360"
 1132      E8758B3D 
 1132      C799E5C4 
 1132      32D5E2F0 
 1133 06e6 2E2F727B 	 .ascii "./r{\235\313\312\313\321\317\222\343\020S\255\031\277"
 1133      9DCBCACB 
 1133      D1CF92E3 
 1133      1053AD19 
 1133      BF
 1134 06f7 787985A5 	 .ascii "xy\205\245\322WX\341[Vny\303\355\266Tr\036Whp\256\333"
 1134      D25758E1 
 1134      5B566E79 
 1134      C3EDB654 
 1134      721E5768 
 1135 070e F49BC505 	 .ascii "\364\233\305\005f{\312\002\362l\344\330\334\371\363"
 1135      667BCA02 
 1135      F26CE4D8 
 1135      DCF9F3
 1136 071d 5F5C5068 	 .ascii "_\\Ph-t\223\014\313\222\262\022\257e9\006\251\\\352"
 1136      2D74930C 
 1136      CB92B212 
 1136      AF653906 
 1136      A95CEA
ARM GAS   			page 37


 1137 0730 2B2BB764 	 .ascii "++\267d\027\225.5\373\312\314\345\025e\277\363\272}"
 1137      17952E35 
 1137      FBCACCE5 
 1137      1565BFF3 
 1137      BA7D
 1138 0742 959642B7 	 .ascii "\225\226B\267oYa\261\271xj\377\033E\025\305\205\245"
 1138      6F5961B1 
 1138      B9786AFF 
 1138      1B4515C5 
 1138      85A5
 1139 0754 9EC239CB 	 .ascii "\236\3029\313+\335$\375\307PL\004e5\262J\213|\361S\026"
 1139      2BDD24FD 
 1139      C7504C04 
 1139      6535B24A 
 1139      8B7CF153 
 1140 0769 C6B4ACA8 	 .ascii "\306\264\254\250\324\227ju\371\204\002\233\230\357\262"
 1140      D4976A75 
 1140      F984029B 
 1140      98EFB2
 1141 0778 67E7DA17 	 .ascii "g\347\332\027\305\344g\345\2505\273m\261Z\313K\027\325"
 1141      C5E467E5 
 1141      A835BB6D 
 1141      B15ACB4B 
 1141      17D5
 1142 078a 9A986F57 	 .ascii "\232\230oWj\323l\016\273+\307\236\253\366\0278\027\006"
 1142      6AD36C0E 
 1142      BB2BC79E 
 1142      ABF61738 
 1142      1706
 1143 079c BDF20A94 	 .ascii "\275\362\012\224\232\220\351t\331s\027\347\213\271\331"
 1143      9A90E974 
 1143      D97317E7 
 1143      8BB9D9
 1144 07ab B179D9D9 	 .ascii "\261y\331\331\301z\034\037t9\363m\371\005\316\030\247"
 1144      C17A1C1F 
 1144      7439F36D 
 1144      F905CE18 
 1144      A7
 1145 07bc 334F41BF 	 .ascii "3OA\277\370\277M\266\250\324\255\266V\314]B\022\261"
 1145      F8BF4DB6 
 1145      A8D4ADB6 
 1145      56CC5D42 
 1145      12B1
 1146 07ce EA12     	 .ascii "\352\022"
 1147 07d0 9DB2F445 	 .ascii "\235\262\364E\256\374\225\345^\207\367\2671b\2723]|"
 1147      AEFC95E5 
 1147      5E87F7B7 
 1147      3162BA33 
 1147      5D7C
 1148 07e2 25DD31CF 	 .ascii "%\3351\317\220\345\264\211\206\234\234\014\221\331\034"
 1148      90E5B489 
 1148      869C9C0C 
 1148      91D91C
 1149 07f1 2273E03B 	 .ascii "\"s\340;/C4\3302\234\242aa\206M\214\302!\0048\344v\246"
 1149      2F4334D8 
 1149      329CA261 
 1149      61864D8C 
ARM GAS   			page 38


 1149      C2210438 
 1150 0808 5CD8B188 	 .ascii "\\\330\261\210rf\332\235\"sf\346\031\345\325y\311\345"
 1150      7266DA9D 
 1150      227366E6 
 1150      19E5D579 
 1150      C9E5
 1151 081a 63763BB6 	 .ascii "cv;\266\355b\224-K\264\213\206W\362sEC\026b\242p\246"
 1151      ED62942D 
 1151      4BB48B86 
 1151      57F27345 
 1151      431662A2 
 1152 0830 590E2C6D 	 .ascii "Y\016,mv\361y\275zy\205\203\3321/\275.wI*\31259\355"
 1152      76F179BD 
 1152      7A798583 
 1152      DA312FBD 
 1152      2E77492A 
 1153 0848 0BB9CCFF 	 .ascii "\013\271\314\377\002\365r\267L"
 1153      02F572B7 
 1153      4C
 1154              	 .text
 1155              	 .section .gnu.lto_.symtab.1a782b51535f80b2,"e",%progbits
 1156 0000 53797374 	 .ascii "SystemCoreClockUpdate\000"
 1156      656D436F 
 1156      7265436C 
 1156      6F636B55 
 1156      70646174 
 1157 0016 00       	 .ascii "\000"
 1158 0017 00       	 .ascii "\000"
 1159 0018 00       	 .ascii "\000"
 1160 0019 00000000 	 .ascii "\000\000\000\000\000\000\000\000"
 1160      00000000 
 1161 0021 BC000000 	 .ascii "\274\000\000\000"
 1162 0025 53797374 	 .ascii "SystemCoreClock\000"
 1162      656D436F 
 1162      7265436C 
 1162      6F636B00 
 1163 0035 00       	 .ascii "\000"
 1164 0036 00       	 .ascii "\000"
 1165 0037 00       	 .ascii "\000"
 1166 0038 00000000 	 .ascii "\000\000\000\000\000\000\000\000"
 1166      00000000 
 1167 0040 C7000000 	 .ascii "\307\000\000\000"
 1168 0044 53797374 	 .ascii "SystemInit\000"
 1168      656D496E 
 1168      697400
 1169 004f 00       	 .ascii "\000"
 1170 0050 00       	 .ascii "\000"
 1171 0051 00       	 .ascii "\000"
 1172 0052 00000000 	 .ascii "\000\000\000\000\000\000\000\000"
 1172      00000000 
 1173 005a BE000000 	 .ascii "\276\000\000\000"
 1174              	 .text
 1175              	 .section .gnu.lto_.ext_symtab.1a782b51535f80b2,"e",%progbits
 1176 0000 01       	 .ascii "\001"
 1177 0001 01       	 .ascii "\001"
 1178 0002 00       	 .ascii "\000"
 1179 0003 02       	 .ascii "\002"
ARM GAS   			page 39


 1180 0004 00       	 .ascii "\000"
 1181 0005 01       	 .ascii "\001"
 1182 0006 00       	 .ascii "\000"
 1183              	 .text
 1184              	 .section .gnu.lto_.opts,"e",%progbits
 1185 0000 272D666E 	 .ascii "'-fno-openmp' '-fno-openacc' '-fno-pie' '-fcf-prote"
 1185      6F2D6F70 
 1185      656E6D70 
 1185      2720272D 
 1185      666E6F2D 
 1186 0033 6374696F 	 .ascii "ction=none' '-g' '-mcpu=cortex-m3' '-mthumb' '-mflo"
 1186      6E3D6E6F 
 1186      6E652720 
 1186      272D6727 
 1186      20272D6D 
 1187 0066 61742D61 	 .ascii "at-abi=soft' '-mlibarch=armv7-m' '-march=armv7-m' '"
 1187      62693D73 
 1187      6F667427 
 1187      20272D6D 
 1187      6C696261 
 1188 0099 2D4F6727 	 .ascii "-Og' '-fdata-sections' '-ffunction-sections' '-flto"
 1188      20272D66 
 1188      64617461 
 1188      2D736563 
 1188      74696F6E 
 1189 00cc 2720272D 	 .ascii "' '-Xassembler' '-a' '-Xassembler' '-ad' '-Xassembl"
 1189      58617373 
 1189      656D626C 
 1189      65722720 
 1189      272D6127 
 1190 00ff 65722720 	 .ascii "er' '-alms=build/system_MDR32F9Qx.lst'\000"
 1190      272D616C 
 1190      6D733D62 
 1190      75696C64 
 1190      2F737973 
 1191              	 .text
 1192              	 .comm __gnu_lto_slim,1,1
 1193              	 .ident "GCC: (15:10.3-2021.07-4) 10.3.1 20210621 (release)"
ARM GAS   			page 40


DEFINED SYMBOLS
                            *ABS*:0000000000000000 system_MDR32F9Qx.c
    {standard input}:21     .gnu.debuglto_.debug_info:0000000000000000 system_MDR32F9Qx.c.6647a2ac
                            *COM*:0000000000000001 __gnu_lto_slim

NO UNDEFINED SYMBOLS
